start searching...
Using transition based mode...
start adding constraints...
Trying maximal depth = 1...
Show UNSAT core
[time__11 + 1 <= 1,
 time__9 + 1 <= 1,
 time__10 + 1 <= 1,
 time__8 + 1 <= 1,
 time__6 + 1 <= 1,
 time__7 + 1 <= 1,
 time__5 + 1 <= 1,
 time__3 + 1 <= 1,
 time__4 + 1 <= 1,
 time__2 + 1 <= 1,
 time__0 + 1 <= 1,
 time__1 + 1 <= 1]
Trying maximal depth = 2...
Show UNSAT core
[time__7 + 1 <= 2,
 time__8 + 1 <= 2,
 time__6 + 1 <= 2,
 time__10 + 1 <= 2,
 time__11 + 1 <= 2,
 time__9 + 1 <= 2]
Trying maximal depth = 3...
Show UNSAT core
[time__11 + 1 <= 3,
 time__10 + 1 <= 3,
 time__9 + 1 <= 3,
 time__8 + 1 <= 3,
 time__7 + 1 <= 3,
 time__5 + 1 <= 3,
 time__2 + 1 <= 3,
 time__1 + 1 <= 3]
Trying maximal depth = 4...
Show UNSAT core
[time__1 + 1 <= 4,
 time__11 + 1 <= 4,
 time__10 + 1 <= 4,
 time__9 + 1 <= 4,
 time__2 + 1 <= 4,
 time__8 + 1 <= 4,
 time__7 + 1 <= 4]
Trying maximal depth = 5...
Bound of Trying min swap = 8...
Bound of Trying min swap = 6...
[num_swap <= 6]
Bound of Trying min swap = 7...
SWAP on physical edge (2,3) at time 1
SWAP on physical edge (3,4) at time 0
SWAP on physical edge (3,4) at time 3
SWAP on physical edge (4,5) at time 2
SWAP on physical edge (5,6) at time 1
SWAP on physical edge (6,9) at time 2
SWAP on physical edge (6,7) at time 0
Gate 0: ZZ 4, 6 on qubits 4 and 5 at time 0
Gate 1: ZZ 4, 1 on qubits 4 and 0 at time 0
Gate 2: ZZ 4, 7 on qubits 2 and 3 at time 2
Gate 3: ZZ 6, 0 on qubits 5 and 6 at time 0
Gate 4: ZZ 6, 5 on qubits 5 and 4 at time 1
Gate 5: ZZ 0, 3 on qubits 6 and 7 at time 0
Gate 6: ZZ 0, 2 on qubits 6 and 9 at time 0
Gate 7: ZZ 3, 2 on qubits 6 and 9 at time 1
Gate 8: ZZ 3, 1 on qubits 4 and 0 at time 3
Gate 9: ZZ 1, 7 on qubits 0 and 4 at time 4
Gate 10: ZZ 5, 7 on qubits 5 and 4 at time 4
Gate 11: ZZ 5, 2 on qubits 5 and 6 at time 4
result- additional SWAP count = 7.
result- circuit depth = 13.
Compilation time = 0:07:23.331264.
layer 0---------------------------------
gate ( ZZ) on qubits (4 5)
layer 1---------------------------------
gate ( ZZ) on qubits (5 6)
gate ( ZZ) on qubits (0 4)
layer 2---------------------------------
gate ( swap) on qubits (3 4)
gate ( ZZ) on qubits (6 7)
layer 3---------------------------------
gate ( ZZ) on qubits (6 9)
gate ( ZZ) on qubits (4 5)
gate ( swap ZZ) on qubits (2 3)
layer 4---------------------------------
gate ( swap) on qubits (6 7)
layer 5---------------------------------
gate ( ZZ) on qubits (6 9)
layer 6---------------------------------
gate ( swap) on qubits (5 6)
layer 7---------------------------------
gate ( swap) on qubits (4 5)
gate ( swap) on qubits (6 9)
layer 8---------------------------------
gate ( ZZ) on qubits (0 4)
layer 9---------------------------------
gate ( swap) on qubits (3 4)
layer 10---------------------------------
gate ( ZZ) on qubits (0 4)
layer 11---------------------------------
gate ( ZZ) on qubits (4 5)
layer 12---------------------------------
gate ( ZZ) on qubits (5 6)
metric-----------------------------------
depth 13
#swap 6
optimizing circuit with swap range (0,7) 
Trying maximal depth = 1...
Show UNSAT core
[time__11 + 1 <= 1,
 time__0 + 1 <= 1,
 time__1 + 1 <= 1,
 time__2 + 1 <= 1,
 time__3 + 1 <= 1,
 time__4 + 1 <= 1,
 time__6 + 1 <= 1,
 time__7 + 1 <= 1,
 time__5 + 1 <= 1,
 time__8 + 1 <= 1,
 time__9 + 1 <= 1,
 time__10 + 1 <= 1]
Trying maximal depth = 2...
Bound of Trying min swap = 4...
Bound of Trying min swap = 2...
[num_swap <= 2]
Bound of Trying min swap = 3...
SWAP on physical edge (4,5) at time 0
SWAP on physical edge (13,14) at time 0
SWAP on physical edge (15,16) at time 0
Gate 0: ZZ 4, 6 on qubits 5 and 14 at time 0
Gate 1: ZZ 4, 1 on qubits 5 and 6 at time 0
Gate 2: ZZ 4, 7 on qubits 5 and 4 at time 0
Gate 3: ZZ 6, 0 on qubits 14 and 15 at time 0
Gate 4: ZZ 6, 5 on qubits 14 and 13 at time 0
Gate 5: ZZ 0, 3 on qubits 15 and 9 at time 0
Gate 6: ZZ 0, 2 on qubits 16 and 15 at time 1
Gate 7: ZZ 3, 2 on qubits 9 and 15 at time 1
Gate 8: ZZ 3, 1 on qubits 9 and 6 at time 1
Gate 9: ZZ 1, 7 on qubits 6 and 5 at time 1
Gate 10: ZZ 5, 7 on qubits 14 and 5 at time 1
Gate 11: ZZ 5, 2 on qubits 14 and 15 at time 1
result- additional SWAP count = 3.
result- circuit depth = 10.
Compilation time = 0:00:14.028447.
layer 0---------------------------------
gate ( ZZ) on qubits (5 14)
layer 1---------------------------------
gate ( ZZ) on qubits (5 6)
gate ( ZZ) on qubits (14 15)
layer 2---------------------------------
gate ( ZZ) on qubits (9 15)
gate ( ZZ swap) on qubits (4 5)
gate ( ZZ swap) on qubits (13 14)
layer 3---------------------------------
gate ( swap ZZ) on qubits (15 16)
layer 4---------------------------------
gate ( ZZ) on qubits (9 15)
layer 5---------------------------------
gate ( ZZ) on qubits (6 9)
layer 6---------------------------------
gate ( ZZ) on qubits (5 6)
layer 7---------------------------------
gate ( ZZ) on qubits (5 14)
layer 8---------------------------------
gate ( ZZ) on qubits (14 15)
metric-----------------------------------
depth 9
#swap 0
optimizing circuit with swap range (0,3) 
Trying maximal depth = 1...
Show UNSAT core
[time__11 + 1 <= 1,
 time__9 + 1 <= 1,
 time__8 + 1 <= 1,
 time__3 + 1 <= 1,
 time__6 + 1 <= 1,
 time__2 + 1 <= 1,
 time__5 + 1 <= 1,
 time__0 + 1 <= 1,
 time__1 + 1 <= 1,
 time__4 + 1 <= 1,
 time__10 + 1 <= 1,
 time__7 + 1 <= 1]
Trying maximal depth = 2...
Bound of Trying min swap = 2...
[num_swap <= 2]
SWAP on physical edge (0,4) at time 0
SWAP on physical edge (2,3) at time 0
SWAP on physical edge (5,6) at time 0
Gate 0: ZZ 4, 6 on qubits 5 and 4 at time 0
Gate 1: ZZ 4, 1 on qubits 5 and 14 at time 0
Gate 2: ZZ 4, 7 on qubits 5 and 6 at time 0
Gate 3: ZZ 6, 0 on qubits 4 and 3 at time 0
Gate 4: ZZ 6, 5 on qubits 4 and 0 at time 0
Gate 5: ZZ 0, 3 on qubits 3 and 13 at time 0
Gate 6: ZZ 0, 2 on qubits 2 and 3 at time 1
Gate 7: ZZ 3, 2 on qubits 13 and 3 at time 1
Gate 8: ZZ 3, 1 on qubits 13 and 14 at time 1
Gate 9: ZZ 1, 7 on qubits 14 and 5 at time 1
Gate 10: ZZ 5, 7 on qubits 4 and 5 at time 1
Gate 11: ZZ 5, 2 on qubits 4 and 3 at time 1
result- additional SWAP count = 3.
result- circuit depth = 10.
Compilation time = 0:01:39.727990.
layer 0---------------------------------
gate ( ZZ) on qubits (4 5)
layer 1---------------------------------
gate ( ZZ) on qubits (5 14)
gate ( ZZ) on qubits (3 4)
layer 2---------------------------------
gate ( ZZ) on qubits (3 13)
gate ( ZZ swap) on qubits (5 6)
gate ( ZZ swap) on qubits (0 4)
layer 3---------------------------------
gate ( swap ZZ) on qubits (2 3)
layer 4---------------------------------
gate ( ZZ) on qubits (3 13)
layer 5---------------------------------
gate ( ZZ) on qubits (13 14)
layer 6---------------------------------
gate ( ZZ) on qubits (5 14)
layer 7---------------------------------
gate ( ZZ) on qubits (4 5)
layer 8---------------------------------
gate ( ZZ) on qubits (3 4)
metric-----------------------------------
depth 9
#swap 0
optimizing circuit with swap range (0,3) 
Trying maximal depth = 1...
Show UNSAT core
[time__3 + 1 <= 1,
 time__0 + 1 <= 1,
 time__4 + 1 <= 1,
 time__7 + 1 <= 1,
 time__1 + 1 <= 1,
 time__10 + 1 <= 1,
 time__8 + 1 <= 1,
 time__11 + 1 <= 1,
 time__6 + 1 <= 1,
 time__9 + 1 <= 1,
 time__5 + 1 <= 1,
 time__2 + 1 <= 1]
Trying maximal depth = 2...
Bound of Trying min swap = 2...
Bound of Trying min swap = 1...
[num_swap <= 1]
SWAP on physical edge (0,4) at time 0
SWAP on physical edge (13,14) at time 0
Gate 0: ZZ 4, 6 on qubits 5 and 6 at time 0
Gate 1: ZZ 4, 1 on qubits 5 and 4 at time 0
Gate 2: ZZ 4, 7 on qubits 5 and 4 at time 1
Gate 3: ZZ 6, 0 on qubits 6 and 9 at time 0
Gate 4: ZZ 6, 5 on qubits 6 and 14 at time 1
Gate 5: ZZ 0, 3 on qubits 9 and 14 at time 0
Gate 6: ZZ 0, 2 on qubits 9 and 15 at time 0
Gate 7: ZZ 3, 2 on qubits 14 and 15 at time 0
Gate 8: ZZ 3, 1 on qubits 14 and 4 at time 0
Gate 9: ZZ 1, 7 on qubits 0 and 4 at time 1
Gate 10: ZZ 5, 7 on qubits 14 and 4 at time 1
Gate 11: ZZ 5, 2 on qubits 14 and 15 at time 1
result- additional SWAP count = 2.
result- circuit depth = 11.
Compilation time = 0:03:42.792565.
layer 0---------------------------------
gate ( ZZ) on qubits (5 6)
layer 1---------------------------------
gate ( ZZ) on qubits (6 9)
gate ( ZZ) on qubits (4 5)
layer 2---------------------------------
gate ( ZZ) on qubits (9 14)
layer 3---------------------------------
gate ( ZZ) on qubits (9 15)
layer 4---------------------------------
gate ( ZZ) on qubits (14 15)
layer 5---------------------------------
gate ( ZZ) on qubits (4 14)
layer 6---------------------------------
gate ( swap) on qubits (0 4)
gate ( swap) on qubits (13 14)
layer 7---------------------------------
gate ( ZZ) on qubits (4 5)
gate ( ZZ) on qubits (6 14)
layer 8---------------------------------
gate ( ZZ) on qubits (0 4)
layer 9---------------------------------
gate ( ZZ) on qubits (4 14)
layer 10---------------------------------
gate ( ZZ) on qubits (14 15)
metric-----------------------------------
depth 11
#swap 2
optimizing circuit with swap range (0,2) 
Trying maximal depth = 1...
Show UNSAT core
[time__5 + 1 <= 1,
 time__11 + 1 <= 1,
 time__2 + 1 <= 1,
 time__7 + 1 <= 1,
 time__1 + 1 <= 1,
 time__0 + 1 <= 1,
 time__3 + 1 <= 1,
 time__4 + 1 <= 1,
 time__8 + 1 <= 1,
 time__9 + 1 <= 1,
 time__6 + 1 <= 1,
 time__10 + 1 <= 1]
Trying maximal depth = 2...
Bound of Trying min swap = 1...
[num_swap <= 1]
SWAP on physical edge (2,3) at time 0
SWAP on physical edge (11,12) at time 0
Gate 0: ZZ 4, 6 on qubits 3 and 12 at time 0
Gate 1: ZZ 4, 1 on qubits 3 and 4 at time 0
Gate 2: ZZ 4, 7 on qubits 2 and 3 at time 1
Gate 3: ZZ 6, 0 on qubits 12 and 17 at time 0
Gate 4: ZZ 6, 5 on qubits 12 and 11 at time 0
Gate 5: ZZ 0, 3 on qubits 17 and 14 at time 1
Gate 6: ZZ 0, 2 on qubits 17 and 13 at time 1
Gate 7: ZZ 3, 2 on qubits 14 and 13 at time 1
Gate 8: ZZ 3, 1 on qubits 14 and 4 at time 1
Gate 9: ZZ 1, 7 on qubits 4 and 3 at time 1
Gate 10: ZZ 5, 7 on qubits 12 and 3 at time 1
Gate 11: ZZ 5, 2 on qubits 12 and 13 at time 1
result- additional SWAP count = 2.
result- circuit depth = 9.
Compilation time = 0:08:52.676710.
layer 0---------------------------------
gate ( ZZ) on qubits (3 12)
layer 1---------------------------------
gate ( ZZ) on qubits (12 17)
gate ( ZZ) on qubits (3 4)
layer 2---------------------------------
gate ( ZZ) on qubits (14 17)
gate ( swap ZZ) on qubits (2 3)
gate ( ZZ swap) on qubits (11 12)
layer 3---------------------------------
gate ( ZZ) on qubits (13 17)
layer 4---------------------------------
gate ( ZZ) on qubits (13 14)
layer 5---------------------------------
gate ( ZZ) on qubits (4 14)
layer 6---------------------------------
gate ( ZZ) on qubits (3 4)
layer 7---------------------------------
gate ( ZZ) on qubits (3 12)
layer 8---------------------------------
gate ( ZZ) on qubits (12 13)
metric-----------------------------------
depth 9
#swap 0
optimizing circuit with swap range (0,2) 
Trying maximal depth = 1...
Show UNSAT core
[time__11 + 1 <= 1,
 time__2 + 1 <= 1,
 time__4 + 1 <= 1,
 time__6 + 1 <= 1,
 time__5 + 1 <= 1,
 time__1 + 1 <= 1,
 time__3 + 1 <= 1,
 time__8 + 1 <= 1,
 time__7 + 1 <= 1,
 time__0 + 1 <= 1,
 time__10 + 1 <= 1,
 time__9 + 1 <= 1]
Trying maximal depth = 2...
Bound of Trying min swap = 1...
[num_swap <= 1]
SWAP on physical edge (3,4) at time 0
SWAP on physical edge (8,10) at time 0
Gate 0: ZZ 4, 6 on qubits 11 and 8 at time 0
Gate 1: ZZ 4, 1 on qubits 11 and 12 at time 1
Gate 2: ZZ 4, 7 on qubits 11 and 8 at time 1
Gate 3: ZZ 6, 0 on qubits 8 and 3 at time 0
Gate 4: ZZ 6, 5 on qubits 8 and 1 at time 0
Gate 5: ZZ 0, 3 on qubits 3 and 4 at time 0
Gate 6: ZZ 0, 2 on qubits 3 and 2 at time 0
Gate 7: ZZ 3, 2 on qubits 3 and 2 at time 1
Gate 8: ZZ 3, 1 on qubits 3 and 12 at time 1
Gate 9: ZZ 1, 7 on qubits 12 and 8 at time 1
Gate 10: ZZ 5, 7 on qubits 1 and 8 at time 1
Gate 11: ZZ 5, 2 on qubits 1 and 2 at time 1
result- additional SWAP count = 2.
result- circuit depth = 10.
Compilation time = 0:09:18.585217.
layer 0---------------------------------
gate ( ZZ) on qubits (8 11)
layer 1---------------------------------
gate ( ZZ) on qubits (3 8)
gate ( ZZ) on qubits (11 12)
layer 2---------------------------------
gate ( ZZ) on qubits (3 4)
gate ( ZZ) on qubits (1 8)
layer 3---------------------------------
gate ( swap) on qubits (8 10)
gate ( ZZ) on qubits (2 3)
layer 4---------------------------------
gate ( swap) on qubits (3 4)
gate ( ZZ) on qubits (8 11)
layer 5---------------------------------
gate ( ZZ) on qubits (2 3)
layer 6---------------------------------
gate ( ZZ) on qubits (3 12)
layer 7---------------------------------
gate ( ZZ) on qubits (8 12)
layer 8---------------------------------
gate ( ZZ) on qubits (1 8)
layer 9---------------------------------
gate ( ZZ) on qubits (1 2)
metric-----------------------------------
depth 10
#swap 2
optimizing circuit with swap range (0,2) 
Trying maximal depth = 1...
Show UNSAT core
[time__11 + 1 <= 1,
 time__4 + 1 <= 1,
 time__0 + 1 <= 1,
 time__3 + 1 <= 1,
 time__6 + 1 <= 1,
 time__5 + 1 <= 1,
 time__7 + 1 <= 1,
 time__8 + 1 <= 1,
 time__10 + 1 <= 1,
 time__2 + 1 <= 1,
 time__9 + 1 <= 1,
 time__1 + 1 <= 1]
Trying maximal depth = 2...
Bound of Trying min swap = 1...
SWAP on physical edge (12,13) at time 0
Gate 0: ZZ 4, 6 on qubits 13 and 3 at time 0
Gate 1: ZZ 4, 1 on qubits 13 and 14 at time 0
Gate 2: ZZ 4, 7 on qubits 13 and 17 at time 0
Gate 3: ZZ 6, 0 on qubits 3 and 0 at time 0
Gate 4: ZZ 6, 5 on qubits 3 and 13 at time 1
Gate 5: ZZ 0, 3 on qubits 0 and 5 at time 0
Gate 6: ZZ 0, 2 on qubits 0 and 4 at time 0
Gate 7: ZZ 3, 2 on qubits 5 and 4 at time 0
Gate 8: ZZ 3, 1 on qubits 5 and 14 at time 0
Gate 9: ZZ 1, 7 on qubits 14 and 17 at time 0
Gate 10: ZZ 5, 7 on qubits 13 and 17 at time 1
Gate 11: ZZ 5, 2 on qubits 13 and 4 at time 1
result- additional SWAP count = 1.
result- circuit depth = 9.
Compilation time = 0:00:12.089542.
layer 0---------------------------------
gate ( ZZ) on qubits (3 13)
layer 1---------------------------------
gate ( ZZ) on qubits (13 14)
gate ( ZZ) on qubits (0 3)
layer 2---------------------------------
gate ( ZZ) on qubits (0 5)
gate ( ZZ) on qubits (13 17)
layer 3---------------------------------
gate ( swap) on qubits (12 13)
gate ( ZZ) on qubits (0 4)
layer 4---------------------------------
gate ( ZZ) on qubits (4 5)
gate ( ZZ) on qubits (3 13)
layer 5---------------------------------
gate ( ZZ) on qubits (5 14)
layer 6---------------------------------
gate ( ZZ) on qubits (14 17)
layer 7---------------------------------
gate ( ZZ) on qubits (13 17)
layer 8---------------------------------
gate ( ZZ) on qubits (4 13)
metric-----------------------------------
depth 9
#swap 1
optimizing circuit with swap range (0,1) 
Trying maximal depth = 1...
Show UNSAT core
[time__4 + 1 <= 1,
 time__7 + 1 <= 1,
 time__1 + 1 <= 1,
 time__5 + 1 <= 1,
 time__0 + 1 <= 1,
 time__8 + 1 <= 1,
 time__3 + 1 <= 1,
 time__10 + 1 <= 1,
 time__2 + 1 <= 1,
 time__11 + 1 <= 1,
 time__9 + 1 <= 1,
 time__6 + 1 <= 1]
Trying maximal depth = 2...
Bound of Trying min swap = 1...
SWAP on physical edge (0,5) at time 0
Gate 0: ZZ 4, 6 on qubits 13 and 5 at time 0
Gate 1: ZZ 4, 1 on qubits 13 and 12 at time 0
Gate 2: ZZ 4, 7 on qubits 13 and 17 at time 0
Gate 3: ZZ 6, 0 on qubits 5 and 4 at time 0
Gate 4: ZZ 6, 5 on qubits 5 and 14 at time 0
Gate 5: ZZ 0, 3 on qubits 4 and 3 at time 0
Gate 6: ZZ 0, 2 on qubits 4 and 0 at time 0
Gate 7: ZZ 3, 2 on qubits 3 and 0 at time 0
Gate 8: ZZ 3, 1 on qubits 3 and 12 at time 0
Gate 9: ZZ 1, 7 on qubits 12 and 17 at time 0
Gate 10: ZZ 5, 7 on qubits 14 and 17 at time 0
Gate 11: ZZ 5, 2 on qubits 14 and 5 at time 1
result- additional SWAP count = 1.
result- circuit depth = 9.
Compilation time = 0:00:07.813300.
layer 0---------------------------------
gate ( ZZ) on qubits (5 13)
layer 1---------------------------------
gate ( ZZ) on qubits (12 13)
gate ( ZZ) on qubits (4 5)
layer 2---------------------------------
gate ( ZZ) on qubits (3 4)
gate ( ZZ) on qubits (5 14)
gate ( ZZ) on qubits (13 17)
layer 3---------------------------------
gate ( ZZ) on qubits (0 4)
layer 4---------------------------------
gate ( ZZ) on qubits (0 3)
layer 5---------------------------------
gate ( ZZ) on qubits (3 12)
gate ( swap) on qubits (0 5)
layer 6---------------------------------
gate ( ZZ) on qubits (12 17)
layer 7---------------------------------
gate ( ZZ) on qubits (14 17)
layer 8---------------------------------
gate ( ZZ) on qubits (5 14)
metric-----------------------------------
depth 9
#swap 1
optimizing circuit with swap range (0,1) 
Trying maximal depth = 1...
Show UNSAT core
[time__7 + 1 <= 1,
 time__4 + 1 <= 1,
 time__10 + 1 <= 1,
 time__3 + 1 <= 1,
 time__2 + 1 <= 1,
 time__1 + 1 <= 1,
 time__9 + 1 <= 1,
 time__11 + 1 <= 1,
 time__5 + 1 <= 1,
 time__0 + 1 <= 1,
 time__8 + 1 <= 1,
 time__6 + 1 <= 1]
Trying maximal depth = 2...
Bound of Trying min swap = 1...
SWAP on physical edge (0,5) at time 0
Gate 0: ZZ 4, 6 on qubits 12 and 4 at time 0
Gate 1: ZZ 4, 1 on qubits 12 and 17 at time 0
Gate 2: ZZ 4, 7 on qubits 12 and 13 at time 1
Gate 3: ZZ 6, 0 on qubits 4 and 5 at time 0
Gate 4: ZZ 6, 5 on qubits 4 and 0 at time 0
Gate 5: ZZ 0, 3 on qubits 5 and 14 at time 0
Gate 6: ZZ 0, 2 on qubits 5 and 15 at time 0
Gate 7: ZZ 3, 2 on qubits 14 and 15 at time 0
Gate 8: ZZ 3, 1 on qubits 14 and 17 at time 0
Gate 9: ZZ 1, 7 on qubits 17 and 13 at time 1
Gate 10: ZZ 5, 7 on qubits 5 and 13 at time 1
Gate 11: ZZ 5, 2 on qubits 5 and 15 at time 1
result- additional SWAP count = 1.
result- circuit depth = 9.
Compilation time = 0:00:08.368589.
layer 0---------------------------------
gate ( ZZ) on qubits (4 12)
layer 1---------------------------------
gate ( ZZ) on qubits (12 17)
gate ( ZZ) on qubits (4 5)
layer 2---------------------------------
gate ( ZZ) on qubits (5 14)
gate ( ZZ) on qubits (0 4)
gate ( ZZ) on qubits (12 13)
layer 3---------------------------------
gate ( ZZ) on qubits (5 15)
layer 4---------------------------------
gate ( ZZ) on qubits (14 15)
gate ( swap) on qubits (0 5)
layer 5---------------------------------
gate ( ZZ) on qubits (14 17)
layer 6---------------------------------
gate ( ZZ) on qubits (13 17)
layer 7---------------------------------
gate ( ZZ) on qubits (5 13)
layer 8---------------------------------
gate ( ZZ) on qubits (5 15)
metric-----------------------------------
depth 9
#swap 1
Total compilation time = 0:31:50.352093.
