start searching...
start adding constraints...
Trying maximal depth = 7...
Show UNSAT core
[time__22 + 1 <= 7]
Trying maximal depth = 9...
Bound of Trying min swap = 35...
Bound of Trying min swap = 17...
Bound of Trying min swap = 8...
Bound of Trying min swap = 4...
[num_swap <= 4]
Bound of Trying min swap = 6...
Bound of Trying min swap = 5...
SWAP on physical edge (1,2) at time 3
SWAP on physical edge (4,5) at time 1
SWAP on physical edge (10,11) at time 2
SWAP on physical edge (8,12) at time 4
SWAP on physical edge (6,10) at time 6
Gate 0: u4 0, 1 on qubits 4 and 0 at time 0
Gate 1: u4 2, 3 on qubits 1 and 2 at time 0
Gate 2: u4 4, 5 on qubits 6 and 7 at time 0
Gate 3: u4 6, 7 on qubits 11 and 10 at time 0
Gate 4: u4 8, 9 on qubits 9 and 5 at time 0
Gate 5: u4 10, 11 on qubits 8 and 12 at time 0
Gate 6: u4 12, 13 on qubits 13 and 14 at time 0
Gate 7: u4 1, 2 on qubits 0 and 1 at time 1
Gate 8: u4 3, 4 on qubits 2 and 6 at time 1
Gate 9: u4 5, 6 on qubits 7 and 11 at time 1
Gate 10: u4 7, 8 on qubits 10 and 9 at time 1
Gate 11: u4 9, 10 on qubits 4 and 8 at time 2
Gate 12: u4 11, 12 on qubits 12 and 13 at time 1
Gate 13: u4 0, 2 on qubits 5 and 1 at time 2
Gate 14: u4 4, 6 on qubits 6 and 10 at time 3
Gate 15: u4 8, 10 on qubits 9 and 8 at time 3
Gate 16: u4 2, 4 on qubits 2 and 6 at time 4
Gate 17: u4 6, 8 on qubits 10 and 9 at time 4
Gate 18: u4 10, 12 on qubits 12 and 13 at time 5
Gate 19: u4 0, 4 on qubits 5 and 6 at time 5
Gate 20: u4 8, 12 on qubits 9 and 13 at time 6
Gate 21: u4 4, 8 on qubits 10 and 9 at time 7
Gate 22: u4 0, 8 on qubits 5 and 9 at time 8
result- additional SWAP count = 5.
result- circuit depth = 9.
[(0, 1), (1, 2), (2, 3), (4, 5), (5, 6), (6, 7), (8, 9), (9, 10), (10, 11), (12, 13), (13, 14), (14, 15), (0, 4), (4, 8), (8, 12), (1, 5), (5, 9), (9, 13), (2, 6), (6, 10), (10, 14), (3, 7), (7, 11), (11, 15)]
layer 0---------------------------------
gate ( U4) on qubits (0 4)
gate ( U4) on qubits (1 2)
gate ( U4) on qubits (6 7)
gate ( U4) on qubits (10 11)
gate ( U4) on qubits (5 9)
gate ( U4) on qubits (8 12)
gate ( U4) on qubits (13 14)
layer 1---------------------------------
gate ( swap) on qubits (4 5)
gate ( U4) on qubits (0 1)
gate ( U4) on qubits (9 10)
gate ( U4) on qubits (7 11)
gate ( U4) on qubits (2 6)
gate ( U4) on qubits (12 13)
layer 2---------------------------------
gate ( swap) on qubits (10 11)
gate ( U4) on qubits (4 8)
gate ( U4) on qubits (1 5)
layer 3---------------------------------
gate ( swap) on qubits (1 2)
gate ( U4) on qubits (6 10)
gate ( U4) on qubits (8 9)
layer 4---------------------------------
gate ( swap) on qubits (8 12)
gate ( U4) on qubits (2 6)
gate ( U4) on qubits (9 10)
layer 5---------------------------------
gate ( U4) on qubits (12 13)
gate ( U4) on qubits (5 6)
layer 6---------------------------------
gate ( U4) on qubits (9 13)
gate ( swap) on qubits (6 10)
layer 7---------------------------------
gate ( U4) on qubits (9 10)
layer 8---------------------------------
gate ( U4) on qubits (5 9)
metric-----------------------------------
depth 9
#swap 5
Compilation time = 2:31:03.680342.
Trying maximal depth = 9...
Bound of Trying min swap = 2...
[num_swap <= 2]
Bound of Trying min swap = 4...
