start searching...
Using transition based mode...
start adding constraints...
Trying maximal depth = 1...
Show UNSAT core
[time__14 + 1 <= 1,
 time__12 + 1 <= 1,
 time__13 + 1 <= 1,
 time__11 + 1 <= 1,
 time__9 + 1 <= 1,
 time__10 + 1 <= 1,
 time__8 + 1 <= 1,
 time__6 + 1 <= 1,
 time__7 + 1 <= 1,
 time__5 + 1 <= 1,
 time__3 + 1 <= 1,
 time__4 + 1 <= 1,
 time__2 + 1 <= 1,
 time__0 + 1 <= 1,
 time__1 + 1 <= 1]
Trying maximal depth = 2...
Show UNSAT core
[time__11 + 1 <= 2,
 time__13 + 1 <= 2,
 time__14 + 1 <= 2,
 time__12 + 1 <= 2]
Trying maximal depth = 3...
Show UNSAT core
[time__14 + 1 <= 3,
 time__13 + 1 <= 3,
 time__12 + 1 <= 3,
 time__11 + 1 <= 3,
 time__10 + 1 <= 3,
 time__8 + 1 <= 3,
 time__6 + 1 <= 3]
Trying maximal depth = 4...
Show UNSAT core
[time__13 + 1 <= 4,
 time__14 + 1 <= 4,
 time__12 + 1 <= 4,
 time__10 + 1 <= 4,
 time__11 + 1 <= 4,
 time__9 + 1 <= 4,
 time__7 + 1 <= 4,
 time__8 + 1 <= 4,
 time__5 + 1 <= 4,
 time__4 + 1 <= 4,
 time__3 + 1 <= 4,
 time__2 + 1 <= 4]
Trying maximal depth = 5...
Bound of Trying min swap = 9...
Bound of Trying min swap = 6...
[num_swap <= 6]
Bound of Trying min swap = 8...
[num_swap <= 8]
SWAP on physical edge (3,4) at time 3
SWAP on physical edge (4,5) at time 1
SWAP on physical edge (4,5) at time 2
SWAP on physical edge (5,6) at time 0
SWAP on physical edge (5,6) at time 3
SWAP on physical edge (6,9) at time 2
SWAP on physical edge (14,15) at time 0
SWAP on physical edge (15,16) at time 2
SWAP on physical edge (9,15) at time 1
Gate 0: ZZ 5, 8 on qubits 9 and 15 at time 0
Gate 1: ZZ 5, 4 on qubits 9 and 6 at time 0
Gate 2: ZZ 5, 2 on qubits 16 and 15 at time 4
Gate 3: ZZ 8, 7 on qubits 15 and 14 at time 0
Gate 4: ZZ 8, 2 on qubits 14 and 15 at time 4
Gate 5: ZZ 4, 9 on qubits 6 and 7 at time 0
Gate 6: ZZ 4, 6 on qubits 4 and 0 at time 2
Gate 7: ZZ 9, 0 on qubits 7 and 6 at time 1
Gate 8: ZZ 9, 7 on qubits 7 and 6 at time 3
Gate 9: ZZ 0, 3 on qubits 6 and 5 at time 2
Gate 10: ZZ 0, 2 on qubits 9 and 15 at time 4
Gate 11: ZZ 3, 6 on qubits 4 and 0 at time 3
Gate 12: ZZ 3, 1 on qubits 3 and 4 at time 4
Gate 13: ZZ 6, 1 on qubits 0 and 4 at time 4
Gate 14: ZZ 7, 1 on qubits 5 and 4 at time 4
result- additional SWAP count = 9.
result- circuit depth = 12.
Compilation time = 0:30:16.666774.
layer 0---------------------------------
gate ( ZZ) on qubits (9 15)
layer 1---------------------------------
gate ( ZZ) on qubits (6 9)
gate ( ZZ swap) on qubits (14 15)
layer 2---------------------------------
gate ( ZZ) on qubits (6 7)
gate ( swap) on qubits (9 15)
layer 3---------------------------------
gate ( swap) on qubits (5 6)
gate ( swap ZZ) on qubits (15 16)
layer 4---------------------------------
gate ( swap) on qubits (4 5)
gate ( ZZ) on qubits (6 7)
gate ( ZZ) on qubits (14 15)
layer 5---------------------------------
gate ( ZZ) on qubits (0 4)
gate ( ZZ) on qubits (5 6)
layer 6---------------------------------
gate ( swap) on qubits (6 9)
gate ( swap) on qubits (4 5)
layer 7---------------------------------
gate ( ZZ) on qubits (0 4)
gate ( ZZ) on qubits (6 7)
gate ( ZZ) on qubits (9 15)
layer 8---------------------------------
gate ( swap ZZ) on qubits (3 4)
gate ( swap) on qubits (5 6)
layer 9---------------------------------
gate ( ZZ) on qubits (0 4)
layer 10---------------------------------
gate ( ZZ) on qubits (4 5)
metric-----------------------------------
depth 11
#swap 6
optimizing circuit with swap range (0,9) 
Trying maximal depth = 1...
Show UNSAT core
[time__14 + 1 <= 1,
 time__12 + 1 <= 1,
 time__11 + 1 <= 1,
 time__13 + 1 <= 1,
 time__0 + 1 <= 1,
 time__1 + 1 <= 1,
 time__2 + 1 <= 1,
 time__3 + 1 <= 1,
 time__4 + 1 <= 1,
 time__6 + 1 <= 1,
 time__7 + 1 <= 1,
 time__5 + 1 <= 1,
 time__8 + 1 <= 1,
 time__9 + 1 <= 1,
 time__10 + 1 <= 1]
Trying maximal depth = 2...
Show UNSAT core
[time__4 + 1 <= 2,
 time__8 + 1 <= 2,
 time__7 + 1 <= 2,
 time__2 + 1 <= 2,
 time__1 + 1 <= 2,
 time__3 + 1 <= 2,
 time__11 + 1 <= 2,
 time__14 + 1 <= 2,
 time__6 + 1 <= 2,
 time__13 + 1 <= 2,
 time__9 + 1 <= 2,
 time__12 + 1 <= 2,
 time__5 + 1 <= 2,
 time__10 + 1 <= 2]
Trying maximal depth = 3...
Bound of Trying min swap = 5...
[num_swap <= 5]
Bound of Trying min swap = 7...
Bound of Trying min swap = 6...
SWAP on physical edge (4,5) at time 0
SWAP on physical edge (12,13) at time 0
SWAP on physical edge (14,15) at time 0
SWAP on physical edge (13,17) at time 1
SWAP on physical edge (5,14) at time 1
SWAP on physical edge (6,7) at time 1
Gate 0: ZZ 5, 8 on qubits 13 and 12 at time 0
Gate 1: ZZ 5, 4 on qubits 13 and 14 at time 0
Gate 2: ZZ 5, 2 on qubits 13 and 17 at time 0
Gate 3: ZZ 8, 7 on qubits 13 and 14 at time 1
Gate 4: ZZ 8, 2 on qubits 13 and 17 at time 1
Gate 5: ZZ 4, 9 on qubits 14 and 5 at time 0
Gate 6: ZZ 4, 6 on qubits 15 and 9 at time 1
Gate 7: ZZ 9, 0 on qubits 4 and 5 at time 1
Gate 8: ZZ 9, 7 on qubits 4 and 5 at time 2
Gate 9: ZZ 0, 3 on qubits 5 and 6 at time 1
Gate 10: ZZ 0, 2 on qubits 14 and 13 at time 2
Gate 11: ZZ 3, 6 on qubits 6 and 9 at time 1
Gate 12: ZZ 3, 1 on qubits 6 and 7 at time 1
Gate 13: ZZ 6, 1 on qubits 9 and 6 at time 2
Gate 14: ZZ 7, 1 on qubits 5 and 6 at time 2
result- additional SWAP count = 6.
result- circuit depth = 11.
Compilation time = 0:04:59.960555.
layer 0---------------------------------
gate ( ZZ) on qubits (12 13)
layer 1---------------------------------
gate ( ZZ) on qubits (13 14)
layer 2---------------------------------
gate ( ZZ) on qubits (5 14)
gate ( ZZ) on qubits (13 17)
layer 3---------------------------------
gate ( swap) on qubits (12 13)
gate ( swap) on qubits (14 15)
gate ( swap ZZ) on qubits (4 5)
layer 4---------------------------------
gate ( ZZ) on qubits (13 14)
gate ( ZZ) on qubits (5 6)
gate ( ZZ) on qubits (9 15)
layer 5---------------------------------
gate ( swap) on qubits (5 14)
gate ( ZZ swap) on qubits (13 17)
gate ( ZZ) on qubits (6 9)
layer 6---------------------------------
gate ( ZZ swap) on qubits (6 7)
gate ( ZZ) on qubits (4 5)
gate ( ZZ) on qubits (13 14)
layer 7---------------------------------
gate ( ZZ) on qubits (6 9)
layer 8---------------------------------
gate ( ZZ) on qubits (5 6)
metric-----------------------------------
depth 9
#swap 3
optimizing circuit with swap range (0,6) 
Trying maximal depth = 1...
Show UNSAT core
[time__5 + 1 <= 1,
 time__4 + 1 <= 1,
 time__6 + 1 <= 1,
 time__2 + 1 <= 1,
 time__0 + 1 <= 1,
 time__12 + 1 <= 1,
 time__1 + 1 <= 1,
 time__13 + 1 <= 1,
 time__14 + 1 <= 1,
 time__9 + 1 <= 1,
 time__10 + 1 <= 1,
 time__7 + 1 <= 1,
 time__3 + 1 <= 1,
 time__11 + 1 <= 1,
 time__8 + 1 <= 1]
Trying maximal depth = 2...
Show UNSAT core
[time__4 + 1 <= 2,
 time__5 + 1 <= 2,
 time__8 + 1 <= 2,
 time__0 + 1 <= 2,
 time__14 + 1 <= 2,
 time__3 + 1 <= 2,
 time__12 + 1 <= 2,
 time__10 + 1 <= 2,
 time__6 + 1 <= 2,
 time__1 + 1 <= 2,
 time__11 + 1 <= 2,
 time__7 + 1 <= 2,
 time__9 + 1 <= 2,
 time__13 + 1 <= 2,
 time__2 + 1 <= 2]
Trying maximal depth = 3...
Bound of Trying min swap = 4...
Bound of Trying min swap = 3...
[num_swap <= 3]
SWAP on physical edge (0,4) at time 0
SWAP on physical edge (13,14) at time 1
SWAP on physical edge (15,16) at time 1
SWAP on physical edge (6,7) at time 0
Gate 0: ZZ 5, 8 on qubits 5 and 4 at time 0
Gate 1: ZZ 5, 4 on qubits 5 and 6 at time 0
Gate 2: ZZ 5, 2 on qubits 5 and 4 at time 1
Gate 3: ZZ 8, 7 on qubits 4 and 13 at time 0
Gate 4: ZZ 8, 2 on qubits 0 and 4 at time 1
Gate 5: ZZ 4, 9 on qubits 6 and 7 at time 0
Gate 6: ZZ 4, 6 on qubits 6 and 9 at time 0
Gate 7: ZZ 9, 0 on qubits 6 and 14 at time 1
Gate 8: ZZ 9, 7 on qubits 6 and 14 at time 2
Gate 9: ZZ 0, 3 on qubits 14 and 15 at time 1
Gate 10: ZZ 0, 2 on qubits 13 and 4 at time 2
Gate 11: ZZ 3, 6 on qubits 15 and 9 at time 1
Gate 12: ZZ 3, 1 on qubits 15 and 16 at time 1
Gate 13: ZZ 6, 1 on qubits 9 and 15 at time 2
Gate 14: ZZ 7, 1 on qubits 14 and 15 at time 2
result- additional SWAP count = 4.
result- circuit depth = 12.
Compilation time = 3:58:13.439582.
layer 0---------------------------------
gate ( ZZ) on qubits (4 5)
layer 1---------------------------------
gate ( ZZ) on qubits (5 6)
gate ( ZZ) on qubits (4 13)
layer 2---------------------------------
gate ( swap) on qubits (0 4)
gate ( ZZ) on qubits (6 7)
layer 3---------------------------------
gate ( ZZ) on qubits (4 5)
gate ( ZZ) on qubits (6 9)
layer 4---------------------------------
gate ( swap) on qubits (6 7)
gate ( ZZ) on qubits (0 4)
layer 5---------------------------------
gate ( ZZ) on qubits (6 14)
layer 6---------------------------------
gate ( ZZ) on qubits (14 15)
layer 7---------------------------------
gate ( swap) on qubits (13 14)
gate ( ZZ) on qubits (9 15)
layer 8---------------------------------
gate ( ZZ swap) on qubits (15 16)
gate ( ZZ) on qubits (6 14)
gate ( ZZ) on qubits (4 13)
layer 9---------------------------------
gate ( ZZ) on qubits (9 15)
layer 10---------------------------------
gate ( ZZ) on qubits (14 15)
metric-----------------------------------
depth 11
#swap 3
optimizing circuit with swap range (0,4) 
Trying maximal depth = 1...
Show UNSAT core
[time__5 + 1 <= 1,
 time__12 + 1 <= 1,
 time__1 + 1 <= 1,
 time__3 + 1 <= 1,
 time__4 + 1 <= 1,
 time__14 + 1 <= 1,
 time__11 + 1 <= 1,
 time__13 + 1 <= 1,
 time__10 + 1 <= 1,
 time__7 + 1 <= 1,
 time__2 + 1 <= 1,
 time__6 + 1 <= 1,
 time__9 + 1 <= 1,
 time__0 + 1 <= 1,
 time__8 + 1 <= 1]
Trying maximal depth = 2...
Bound of Trying min swap = 2...
[num_swap <= 2]
Bound of Trying min swap = 3...
[num_swap <= 3]
SWAP on physical edge (3,4) at time 0
SWAP on physical edge (5,6) at time 0
SWAP on physical edge (13,14) at time 0
SWAP on physical edge (15,16) at time 0
Gate 0: ZZ 5, 8 on qubits 9 and 6 at time 0
Gate 1: ZZ 5, 4 on qubits 9 and 15 at time 0
Gate 2: ZZ 5, 2 on qubits 9 and 15 at time 1
Gate 3: ZZ 8, 7 on qubits 5 and 4 at time 1
Gate 4: ZZ 8, 2 on qubits 5 and 15 at time 1
Gate 5: ZZ 4, 9 on qubits 15 and 14 at time 0
Gate 6: ZZ 4, 6 on qubits 15 and 5 at time 0
Gate 7: ZZ 9, 0 on qubits 14 and 13 at time 0
Gate 8: ZZ 9, 7 on qubits 13 and 4 at time 1
Gate 9: ZZ 0, 3 on qubits 13 and 4 at time 0
Gate 10: ZZ 0, 2 on qubits 14 and 15 at time 1
Gate 11: ZZ 3, 6 on qubits 4 and 5 at time 0
Gate 12: ZZ 3, 1 on qubits 4 and 0 at time 0
Gate 13: ZZ 6, 1 on qubits 5 and 0 at time 0
Gate 14: ZZ 7, 1 on qubits 4 and 0 at time 1
result- additional SWAP count = 4.
result- circuit depth = 12.
Compilation time = 0:11:19.324746.
layer 0---------------------------------
gate ( ZZ) on qubits (6 9)
layer 1---------------------------------
gate ( ZZ) on qubits (9 15)
layer 2---------------------------------
gate ( ZZ) on qubits (14 15)
layer 3---------------------------------
gate ( ZZ) on qubits (13 14)
gate ( ZZ) on qubits (5 15)
layer 4---------------------------------
gate ( swap) on qubits (15 16)
gate ( ZZ) on qubits (4 13)
layer 5---------------------------------
gate ( ZZ) on qubits (4 5)
gate ( ZZ) on qubits (9 15)
gate ( swap) on qubits (13 14)
layer 6---------------------------------
gate ( ZZ) on qubits (0 4)
layer 7---------------------------------
gate ( ZZ) on qubits (0 5)
gate ( swap) on qubits (3 4)
layer 8---------------------------------
gate ( swap) on qubits (5 6)
layer 9---------------------------------
gate ( ZZ) on qubits (4 5)
layer 10---------------------------------
gate ( ZZ) on qubits (5 15)
gate ( ZZ) on qubits (4 13)
layer 11---------------------------------
gate ( ZZ) on qubits (0 4)
gate ( ZZ) on qubits (14 15)
metric-----------------------------------
depth 12
#swap 4
optimizing circuit with swap range (0,4) 
Trying maximal depth = 1...
Show UNSAT core
[time__11 + 1 <= 1,
 time__7 + 1 <= 1,
 time__2 + 1 <= 1,
 time__10 + 1 <= 1,
 time__5 + 1 <= 1,
 time__0 + 1 <= 1,
 time__8 + 1 <= 1,
 time__4 + 1 <= 1,
 time__6 + 1 <= 1,
 time__3 + 1 <= 1,
 time__12 + 1 <= 1,
 time__14 + 1 <= 1,
 time__1 + 1 <= 1,
 time__13 + 1 <= 1,
 time__9 + 1 <= 1]
Trying maximal depth = 2...
Bound of Trying min swap = 2...
[num_swap <= 2]
Bound of Trying min swap = 3...
