bound_depth:  1
Using transition based mode...
start adding constraints...
Trying maximal depth = 1...
Show UNSAT core
[time__15 + 1 <= 1, time__13 + 1 <= 1, time__14 + 1 <= 1]
Trying maximal depth = 2...
Show UNSAT core
[time__14 + 1 <= 2, time__15 + 1 <= 2, time__13 + 1 <= 2]
Trying maximal depth = 3...
Show UNSAT core
[time__14 + 1 <= 3, time__15 + 1 <= 3, time__13 + 1 <= 3]
Trying maximal depth = 4...
Bound of Trying min swap = 9...
Bound of Trying min swap = 6...
Bound of Trying min swap = 4...
Bound of Trying min swap = 3...
Compilation time = 0:01:21.504180.
SWAP on physical edge (10,11) at time 0
SWAP on physical edge (5,9) at time 2
SWAP on physical edge (9,13) at time 1
Gate 0: u4 0, 1 on qubits 9 and 10 at time 0
Gate 1: u4 2, 3 on qubits 10 and 14 at time 1
Gate 2: u4 4, 5 on qubits 13 and 12 at time 1
Gate 3: u4 6, 7 on qubits 8 and 4 at time 0
Gate 4: u4 8, 9 on qubits 5 and 1 at time 0
Gate 5: u4 1, 2 on qubits 11 and 10 at time 1
Gate 6: u4 3, 4 on qubits 14 and 13 at time 1
Gate 7: u4 5, 6 on qubits 12 and 8 at time 2
Gate 8: u4 7, 8 on qubits 4 and 5 at time 0
Gate 9: u4 0, 2 on qubits 9 and 10 at time 1
Gate 10: u4 4, 6 on qubits 9 and 8 at time 2
Gate 11: u4 2, 4 on qubits 10 and 9 at time 2
Gate 12: u4 6, 8 on qubits 8 and 9 at time 3
Gate 13: u4 0, 4 on qubits 13 and 9 at time 2
Gate 14: u4 4, 8 on qubits 5 and 9 at time 3
Gate 15: u4 0, 8 on qubits 13 and 9 at time 3
result- additional SWAP count = 3.
result- circuit depth = 13.
Total compilation time = 0:01:21.530404.
[[(9, 10), (13, 12), (8, 4), (5, 1)], [(12, 8), (4, 5), (10, 11)], [(10, 14)], [(11, 10), (14, 13)], [(9, 10)], [(9, 13)], [(9, 8)], [(10, 9)], [(13, 9)], [(5, 9)], [(8, 9)], [(5, 9)], [(13, 9)]]
[['u4', 'u4', 'u4', 'u4'], ['u4', 'u4', 'SWAP'], ['u4'], ['u4', 'u4'], ['u4'], ['SWAP'], ['u4'], ['u4'], ['u4'], ['SWAP'], ['u4'], ['u4'], ['u4']]
layer 0---------------------------------
gate ( U4) on qubits (4 8)
gate ( U4) on qubits (12 13)
gate ( U4) on qubits (1 5)
gate ( U4) on qubits (9 10)
layer 1---------------------------------
gate ( swap) on qubits (10 11)
gate ( U4) on qubits (8 12)
gate ( U4) on qubits (4 5)
layer 2---------------------------------
gate ( U4) on qubits (10 14)
layer 3---------------------------------
gate ( U4) on qubits (10 11)
gate ( U4) on qubits (13 14)
layer 4---------------------------------
gate ( U4) on qubits (9 10)
layer 5---------------------------------
gate ( swap) on qubits (9 13)
layer 6---------------------------------
gate ( U4) on qubits (8 9)
layer 7---------------------------------
gate ( U4) on qubits (9 10)
layer 8---------------------------------
gate ( U4) on qubits (9 13)
layer 9---------------------------------
gate ( swap) on qubits (5 9)
layer 10---------------------------------
gate ( U4) on qubits (8 9)
layer 11---------------------------------
gate ( U4) on qubits (5 9)
layer 12---------------------------------
gate ( U4) on qubits (9 13)
metric-----------------------------------
depth 13
#swap 3
bound_depth:  7
Using normal mode...
start adding constraints...
Trying maximal depth = 7...
Bound of Trying min swap = 8...
Bound of Trying min swap = 4...
Bound of Trying min swap = 2...
[num_swap <= 2]
Bound of Trying min swap = 3...
[num_swap <= 3]
Compilation time = 2:46:03.328922.
SWAP on physical edge (1,2) at time 0
SWAP on physical edge (4,5) at time 1
SWAP on physical edge (5,6) at time 4
SWAP on physical edge (5,9) at time 3
Gate 0: u4 0, 1 on qubits 9 and 8 at time 0
Gate 1: u4 2, 3 on qubits 4 and 0 at time 0
Gate 2: u4 4, 5 on qubits 2 and 3 at time 0
Gate 3: u4 6, 7 on qubits 1 and 5 at time 0
Gate 4: u4 8, 9 on qubits 6 and 10 at time 0
Gate 5: u4 1, 2 on qubits 8 and 4 at time 1
Gate 6: u4 3, 4 on qubits 0 and 1 at time 1
Gate 7: u4 5, 6 on qubits 3 and 2 at time 1
Gate 8: u4 7, 8 on qubits 5 and 6 at time 1
Gate 9: u4 0, 2 on qubits 9 and 5 at time 2
Gate 10: u4 4, 6 on qubits 1 and 2 at time 2
Gate 11: u4 2, 4 on qubits 5 and 1 at time 3
Gate 12: u4 6, 8 on qubits 2 and 6 at time 3
Gate 13: u4 0, 4 on qubits 5 and 1 at time 4
Gate 14: u4 4, 8 on qubits 1 and 5 at time 5
Gate 15: u4 0, 8 on qubits 6 and 5 at time 6
result- additional SWAP count = 4.
result- circuit depth = 7.
Total compilation time = 2:46:03.358920.
[[(9, 8), (4, 0), (2, 3), (1, 5), (6, 10), (1, 2)], [(8, 4), (0, 1), (3, 2), (5, 6), (4, 5)], [(9, 5), (1, 2)], [(5, 1), (2, 6), (5, 9)], [(5, 1), (5, 6)], [(1, 5)], [(6, 5)]]
[['u4', 'u4', 'u4', 'u4', 'u4', 'SWAP'], ['u4', 'u4', 'u4', 'u4', 'SWAP'], ['u4', 'u4'], ['u4', 'u4', 'SWAP'], ['u4', 'SWAP'], ['u4'], ['u4']]
layer 0---------------------------------
gate ( U4) on qubits (1 5)
gate ( U4) on qubits (2 3)
gate ( U4) on qubits (0 4)
gate ( U4) on qubits (8 9)
gate ( U4) on qubits (6 10)
layer 1---------------------------------
gate ( swap) on qubits (1 2)
gate ( U4) on qubits (4 8)
gate ( U4) on qubits (5 6)
layer 2---------------------------------
gate ( swap) on qubits (4 5)
gate ( U4) on qubits (0 1)
gate ( U4) on qubits (2 3)
layer 3---------------------------------
gate ( U4) on qubits (1 2)
gate ( U4) on qubits (5 9)
layer 4---------------------------------
gate ( U4) on qubits (1 5)
gate ( U4) on qubits (2 6)
layer 5---------------------------------
gate ( swap) on qubits (5 9)
layer 6---------------------------------
gate ( U4) on qubits (1 5)
layer 7---------------------------------
gate ( swap) on qubits (5 6)
layer 8---------------------------------
gate ( U4) on qubits (1 5)
layer 9---------------------------------
gate ( U4) on qubits (5 6)
metric-----------------------------------
depth 10
#swap 4
bound_depth:  1
Using transition based mode...
start adding constraints...
Trying maximal depth = 1...
Show UNSAT core
[time__15 + 1 <= 1,
 time__13 + 1 <= 1,
 time__14 + 1 <= 1,
 time__12 + 1 <= 1,
 time__11 + 1 <= 1,
 time__10 + 1 <= 1,
 time__7 + 1 <= 1,
 time__8 + 1 <= 1,
 time__4 + 1 <= 1,
 time__3 + 1 <= 1,
 time__2 + 1 <= 1,
 time__0 + 1 <= 1]
Trying maximal depth = 2...
Bound of Trying min swap = 8...
Bound of Trying min swap = 4...
Bound of Trying min swap = 2...
Bound of Trying min swap = 1...
[num_swap <= 1]
Compilation time = 0:00:20.358291.
SWAP on physical edge (8,9) at time 0
SWAP on physical edge (2,6) at time 0
Gate 0: u4 0, 1 on qubits 10 and 6 at time 0
Gate 1: u4 2, 3 on qubits 9 and 13 at time 0
Gate 2: u4 4, 5 on qubits 8 and 4 at time 0
Gate 3: u4 6, 7 on qubits 5 and 1 at time 0
Gate 4: u4 8, 9 on qubits 2 and 3 at time 0
Gate 5: u4 1, 2 on qubits 6 and 9 at time 0
Gate 6: u4 3, 4 on qubits 13 and 9 at time 1
Gate 7: u4 5, 6 on qubits 4 and 5 at time 1
Gate 8: u4 7, 8 on qubits 1 and 2 at time 0
Gate 9: u4 0, 2 on qubits 10 and 9 at time 0
Gate 10: u4 4, 6 on qubits 9 and 5 at time 1
Gate 11: u4 2, 4 on qubits 8 and 9 at time 1
Gate 12: u4 6, 8 on qubits 5 and 6 at time 1
Gate 13: u4 0, 4 on qubits 10 and 9 at time 1
Gate 14: u4 4, 8 on qubits 9 and 6 at time 1
Gate 15: u4 0, 8 on qubits 10 and 6 at time 1
result- additional SWAP count = 2.
result- circuit depth = 10.
Total compilation time = 0:00:20.379279.
[[(10, 6), (9, 13), (8, 4), (5, 1), (2, 3)], [(6, 9), (4, 5), (1, 2)], [(10, 9), (2, 6)], [(8, 9)], [(13, 9)], [(9, 5)], [(8, 9), (5, 6)], [(10, 9)], [(9, 6)], [(10, 6)]]
[['u4', 'u4', 'u4', 'u4', 'u4'], ['u4', 'u4', 'u4'], ['u4', 'SWAP'], ['SWAP'], ['u4'], ['u4'], ['u4', 'u4'], ['u4'], ['u4'], ['u4']]
layer 0---------------------------------
gate ( U4) on qubits (6 10)
gate ( U4) on qubits (9 13)
gate ( U4) on qubits (4 8)
gate ( U4) on qubits (1 5)
gate ( U4) on qubits (2 3)
layer 1---------------------------------
gate ( U4) on qubits (6 9)
gate ( U4) on qubits (1 2)
gate ( U4) on qubits (4 5)
layer 2---------------------------------
gate ( U4) on qubits (9 10)
gate ( swap) on qubits (2 6)
layer 3---------------------------------
gate ( swap) on qubits (8 9)
layer 4---------------------------------
gate ( U4) on qubits (9 13)
layer 5---------------------------------
gate ( U4) on qubits (5 9)
layer 6---------------------------------
gate ( U4) on qubits (8 9)
gate ( U4) on qubits (5 6)
layer 7---------------------------------
gate ( U4) on qubits (9 10)
layer 8---------------------------------
gate ( U4) on qubits (6 9)
layer 9---------------------------------
gate ( U4) on qubits (6 10)
metric-----------------------------------
depth 10
#swap 2
bound_depth:  7
Using normal mode...
start adding constraints...
Trying maximal depth = 7...
Bound of Trying min swap = 8...
Bound of Trying min swap = 4...
Bound of Trying min swap = 2...
Bound of Trying min swap = 1...
[num_swap <= 1]
Compilation time = 0:08:32.377564.
SWAP on physical edge (8,9) at time 1
SWAP on physical edge (13,14) at time 2
Gate 0: u4 0, 1 on qubits 6 and 9 at time 0
Gate 1: u4 2, 3 on qubits 5 and 4 at time 0
Gate 2: u4 4, 5 on qubits 8 and 12 at time 0
Gate 3: u4 6, 7 on qubits 13 and 14 at time 0
Gate 4: u4 8, 9 on qubits 10 and 11 at time 0
Gate 5: u4 1, 2 on qubits 9 and 5 at time 1
Gate 6: u4 3, 4 on qubits 4 and 8 at time 1
Gate 7: u4 5, 6 on qubits 12 and 13 at time 1
Gate 8: u4 7, 8 on qubits 14 and 10 at time 1
Gate 9: u4 0, 2 on qubits 6 and 5 at time 2
Gate 10: u4 4, 6 on qubits 9 and 13 at time 2
Gate 11: u4 2, 4 on qubits 5 and 9 at time 3
Gate 12: u4 6, 8 on qubits 14 and 10 at time 4
Gate 13: u4 0, 4 on qubits 6 and 9 at time 4
Gate 14: u4 4, 8 on qubits 9 and 10 at time 5
Gate 15: u4 0, 8 on qubits 6 and 10 at time 6
result- additional SWAP count = 2.
result- circuit depth = 7.
Total compilation time = 0:08:32.408796.
[[(6, 9), (5, 4), (8, 12), (13, 14), (10, 11)], [(9, 5), (4, 8), (12, 13), (14, 10), (8, 9)], [(6, 5), (9, 13), (13, 14)], [(5, 9)], [(14, 10), (6, 9)], [(9, 10)], [(6, 10)]]
[['u4', 'u4', 'u4', 'u4', 'u4'], ['u4', 'u4', 'u4', 'u4', 'SWAP'], ['u4', 'u4', 'SWAP'], ['u4'], ['u4', 'u4'], ['u4'], ['u4']]
layer 0---------------------------------
gate ( U4) on qubits (4 5)
gate ( U4) on qubits (6 9)
gate ( U4) on qubits (8 12)
gate ( U4) on qubits (13 14)
gate ( U4) on qubits (10 11)
layer 1---------------------------------
gate ( U4) on qubits (4 8)
gate ( U4) on qubits (5 9)
gate ( U4) on qubits (12 13)
gate ( U4) on qubits (10 14)
layer 2---------------------------------
gate ( swap) on qubits (8 9)
gate ( U4) on qubits (5 6)
layer 3---------------------------------
gate ( U4) on qubits (9 13)
layer 4---------------------------------
gate ( swap) on qubits (13 14)
gate ( U4) on qubits (5 9)
layer 5---------------------------------
gate ( U4) on qubits (6 9)
gate ( U4) on qubits (10 14)
layer 6---------------------------------
gate ( U4) on qubits (9 10)
layer 7---------------------------------
gate ( U4) on qubits (6 10)
metric-----------------------------------
depth 8
#swap 2
bound_depth:  1
Using transition based mode...
start adding constraints...
Trying maximal depth = 1...
Show UNSAT core
[time__11 + 1 <= 1,
 time__9 + 1 <= 1,
 time__8 + 1 <= 1,
 time__1 + 1 <= 1,
 time__2 + 1 <= 1,
 time__0 + 1 <= 1,
 time__5 + 1 <= 1,
 time__13 + 1 <= 1,
 time__15 + 1 <= 1,
 time__10 + 1 <= 1,
 time__12 + 1 <= 1,
 time__14 + 1 <= 1,
 time__6 + 1 <= 1]
Trying maximal depth = 2...
Bound of Trying min swap = 8...
Bound of Trying min swap = 4...
Bound of Trying min swap = 2...
Bound of Trying min swap = 1...
Compilation time = 0:00:23.491280.
SWAP on physical edge (10,14) at time 0
Gate 0: u4 0, 1 on qubits 6 and 5 at time 0
Gate 1: u4 2, 3 on qubits 9 and 13 at time 0
Gate 2: u4 4, 5 on qubits 14 and 15 at time 0
Gate 3: u4 6, 7 on qubits 11 and 10 at time 0
Gate 4: u4 8, 9 on qubits 7 and 3 at time 0
Gate 5: u4 1, 2 on qubits 5 and 9 at time 0
Gate 6: u4 3, 4 on qubits 13 and 14 at time 0
Gate 7: u4 5, 6 on qubits 15 and 11 at time 1
Gate 8: u4 7, 8 on qubits 10 and 7 at time 0
Gate 9: u4 0, 2 on qubits 6 and 9 at time 0
Gate 10: u4 4, 6 on qubits 10 and 11 at time 1
Gate 11: u4 2, 4 on qubits 9 and 10 at time 1
Gate 12: u4 6, 8 on qubits 11 and 7 at time 1
Gate 13: u4 0, 4 on qubits 6 and 10 at time 1
Gate 14: u4 4, 8 on qubits 10 and 7 at time 1
Gate 15: u4 0, 8 on qubits 6 and 7 at time 1
result- additional SWAP count = 1.
result- circuit depth = 8.
Total compilation time = 0:00:23.511937.
[[(6, 5), (9, 13), (14, 15), (11, 10), (7, 3)], [(5, 9), (13, 14), (15, 11), (10, 7)], [(6, 9), (10, 14)], [(10, 11)], [(9, 10), (11, 7)], [(6, 10)], [(10, 7)], [(6, 7)]]
[['u4', 'u4', 'u4', 'u4', 'u4'], ['u4', 'u4', 'u4', 'u4'], ['u4', 'SWAP'], ['u4'], ['u4', 'u4'], ['u4'], ['u4'], ['u4']]
layer 0---------------------------------
gate ( U4) on qubits (5 6)
gate ( U4) on qubits (9 13)
gate ( U4) on qubits (14 15)
gate ( U4) on qubits (10 11)
gate ( U4) on qubits (3 7)
layer 1---------------------------------
gate ( U4) on qubits (5 9)
gate ( U4) on qubits (7 10)
gate ( U4) on qubits (13 14)
gate ( U4) on qubits (11 15)
layer 2---------------------------------
gate ( swap) on qubits (10 14)
gate ( U4) on qubits (6 9)
layer 3---------------------------------
gate ( U4) on qubits (10 11)
layer 4---------------------------------
gate ( U4) on qubits (9 10)
gate ( U4) on qubits (7 11)
layer 5---------------------------------
gate ( U4) on qubits (6 10)
layer 6---------------------------------
gate ( U4) on qubits (7 10)
layer 7---------------------------------
gate ( U4) on qubits (6 7)
metric-----------------------------------
depth 8
#swap 1
bound_depth:  7
Using normal mode...
start adding constraints...
Trying maximal depth = 7...
Bound of Trying min swap = 8...
Bound of Trying min swap = 4...
Bound of Trying min swap = 2...
Bound of Trying min swap = 1...
Bound of Trying min swap = 0...
[num_swap <= 0]
Compilation time = 0:01:35.964370.
SWAP on physical edge (10,14) at time 1
Gate 0: u4 0, 1 on qubits 7 and 10 at time 0
Gate 1: u4 2, 3 on qubits 11 and 15 at time 0
Gate 2: u4 4, 5 on qubits 14 and 13 at time 0
Gate 3: u4 6, 7 on qubits 9 and 5 at time 0
Gate 4: u4 8, 9 on qubits 6 and 2 at time 0
Gate 5: u4 1, 2 on qubits 10 and 11 at time 1
Gate 6: u4 3, 4 on qubits 15 and 14 at time 1
Gate 7: u4 5, 6 on qubits 13 and 9 at time 1
Gate 8: u4 7, 8 on qubits 5 and 6 at time 2
Gate 9: u4 0, 2 on qubits 7 and 11 at time 2
Gate 10: u4 4, 6 on qubits 10 and 9 at time 2
Gate 11: u4 2, 4 on qubits 11 and 10 at time 3
Gate 12: u4 6, 8 on qubits 9 and 6 at time 3
Gate 13: u4 0, 4 on qubits 7 and 10 at time 4
Gate 14: u4 4, 8 on qubits 10 and 6 at time 5
Gate 15: u4 0, 8 on qubits 7 and 6 at time 6
result- additional SWAP count = 1.
result- circuit depth = 7.
Total compilation time = 0:01:35.996595.
[[(7, 10), (11, 15), (14, 13), (9, 5), (6, 2)], [(10, 11), (15, 14), (13, 9), (10, 14)], [(5, 6), (7, 11), (10, 9)], [(11, 10), (9, 6)], [(7, 10)], [(10, 6)], [(7, 6)]]
[['u4', 'u4', 'u4', 'u4', 'u4'], ['u4', 'u4', 'u4', 'SWAP'], ['u4', 'u4', 'u4'], ['u4', 'u4'], ['u4'], ['u4'], ['u4']]
layer 0---------------------------------
gate ( U4) on qubits (7 10)
gate ( U4) on qubits (11 15)
gate ( U4) on qubits (13 14)
gate ( U4) on qubits (5 9)
gate ( U4) on qubits (2 6)
layer 1---------------------------------
gate ( U4) on qubits (10 11)
gate ( U4) on qubits (14 15)
gate ( U4) on qubits (9 13)
gate ( U4) on qubits (5 6)
layer 2---------------------------------
gate ( swap) on qubits (10 14)
gate ( U4) on qubits (7 11)
layer 3---------------------------------
gate ( U4) on qubits (9 10)
layer 4---------------------------------
gate ( U4) on qubits (10 11)
gate ( U4) on qubits (6 9)
layer 5---------------------------------
gate ( U4) on qubits (7 10)
layer 6---------------------------------
gate ( U4) on qubits (6 10)
layer 7---------------------------------
gate ( U4) on qubits (6 7)
metric-----------------------------------
depth 8
#swap 1
bound_depth:  1
Using transition based mode...
start adding constraints...
Trying maximal depth = 1...
Show UNSAT core
[time__1 + 1 <= 1,
 time__7 + 1 <= 1,
 time__15 + 1 <= 1,
 time__12 + 1 <= 1,
 time__6 + 1 <= 1,
 time__0 + 1 <= 1,
 time__4 + 1 <= 1,
 time__3 + 1 <= 1,
 time__2 + 1 <= 1,
 time__9 + 1 <= 1,
 time__8 + 1 <= 1,
 time__10 + 1 <= 1,
 time__13 + 1 <= 1,
 time__11 + 1 <= 1,
 time__14 + 1 <= 1]
Trying maximal depth = 2...
Bound of Trying min swap = 8...
Bound of Trying min swap = 4...
Bound of Trying min swap = 2...
Bound of Trying min swap = 1...
Compilation time = 0:00:24.851058.
SWAP on physical edge (4,5) at time 0
Gate 0: u4 0, 1 on qubits 6 and 3 at time 0
Gate 1: u4 2, 3 on qubits 7 and 11 at time 0
Gate 2: u4 4, 5 on qubits 10 and 9 at time 0
Gate 3: u4 6, 7 on qubits 5 and 1 at time 0
Gate 4: u4 8, 9 on qubits 4 and 8 at time 0
Gate 5: u4 1, 2 on qubits 3 and 7 at time 0
Gate 6: u4 3, 4 on qubits 11 and 10 at time 0
Gate 7: u4 5, 6 on qubits 9 and 5 at time 0
Gate 8: u4 7, 8 on qubits 1 and 5 at time 1
Gate 9: u4 0, 2 on qubits 6 and 7 at time 0
Gate 10: u4 4, 6 on qubits 10 and 5 at time 0
Gate 11: u4 2, 4 on qubits 7 and 10 at time 0
Gate 12: u4 6, 8 on qubits 4 and 5 at time 1
Gate 13: u4 0, 4 on qubits 6 and 10 at time 0
Gate 14: u4 4, 8 on qubits 10 and 5 at time 1
Gate 15: u4 0, 8 on qubits 6 and 5 at time 1
result- additional SWAP count = 1.
result- circuit depth = 8.
Total compilation time = 0:00:24.872043.
[[(6, 3), (7, 11), (10, 9), (5, 1), (4, 8)], [(3, 7), (11, 10), (9, 5)], [(6, 7), (10, 5)], [(7, 10), (4, 5)], [(1, 5), (6, 10)], [(4, 5)], [(10, 5)], [(6, 5)]]
[['u4', 'u4', 'u4', 'u4', 'u4'], ['u4', 'u4', 'u4'], ['u4', 'u4'], ['u4', 'SWAP'], ['u4', 'u4'], ['u4'], ['u4'], ['u4']]
layer 0---------------------------------
gate ( U4) on qubits (3 6)
gate ( U4) on qubits (7 11)
gate ( U4) on qubits (9 10)
gate ( U4) on qubits (1 5)
gate ( U4) on qubits (4 8)
layer 1---------------------------------
gate ( U4) on qubits (3 7)
gate ( U4) on qubits (5 9)
gate ( U4) on qubits (10 11)
layer 2---------------------------------
gate ( U4) on qubits (6 7)
gate ( U4) on qubits (5 10)
layer 3---------------------------------
gate ( swap) on qubits (4 5)
gate ( U4) on qubits (7 10)
layer 4---------------------------------
gate ( U4) on qubits (1 5)
gate ( U4) on qubits (6 10)
layer 5---------------------------------
gate ( U4) on qubits (4 5)
layer 6---------------------------------
gate ( U4) on qubits (5 10)
layer 7---------------------------------
gate ( U4) on qubits (5 6)
metric-----------------------------------
depth 8
#swap 1
bound_depth:  7
Using normal mode...
start adding constraints...
Trying maximal depth = 7...
Bound of Trying min swap = 8...
Bound of Trying min swap = 4...
Bound of Trying min swap = 2...
Bound of Trying min swap = 1...
Bound of Trying min swap = 0...
[num_swap <= 0]
Compilation time = 0:03:14.234801.
SWAP on physical edge (1,5) at time 2
Gate 0: u4 0, 1 on qubits 6 and 3 at time 0
Gate 1: u4 2, 3 on qubits 7 and 11 at time 0
Gate 2: u4 4, 5 on qubits 10 and 9 at time 0
Gate 3: u4 6, 7 on qubits 5 and 4 at time 0
Gate 4: u4 8, 9 on qubits 1 and 0 at time 0
Gate 5: u4 1, 2 on qubits 3 and 7 at time 1
Gate 6: u4 3, 4 on qubits 11 and 10 at time 1
Gate 7: u4 5, 6 on qubits 9 and 5 at time 1
Gate 8: u4 7, 8 on qubits 4 and 5 at time 3
Gate 9: u4 0, 2 on qubits 6 and 7 at time 2
Gate 10: u4 4, 6 on qubits 10 and 5 at time 2
Gate 11: u4 2, 4 on qubits 7 and 10 at time 3
Gate 12: u4 6, 8 on qubits 1 and 5 at time 4
Gate 13: u4 0, 4 on qubits 6 and 10 at time 4
Gate 14: u4 4, 8 on qubits 10 and 5 at time 5
Gate 15: u4 0, 8 on qubits 6 and 5 at time 6
result- additional SWAP count = 1.
result- circuit depth = 7.
Total compilation time = 0:03:14.271463.
[[(6, 3), (7, 11), (10, 9), (5, 4), (1, 0)], [(3, 7), (11, 10), (9, 5)], [(6, 7), (10, 5), (1, 5)], [(4, 5), (7, 10)], [(1, 5), (6, 10)], [(10, 5)], [(6, 5)]]
[['u4', 'u4', 'u4', 'u4', 'u4'], ['u4', 'u4', 'u4'], ['u4', 'u4', 'SWAP'], ['u4', 'u4'], ['u4', 'u4'], ['u4'], ['u4']]
layer 0---------------------------------
gate ( U4) on qubits (3 6)
gate ( U4) on qubits (7 11)
gate ( U4) on qubits (9 10)
gate ( U4) on qubits (4 5)
gate ( U4) on qubits (0 1)
layer 1---------------------------------
gate ( U4) on qubits (3 7)
gate ( U4) on qubits (5 9)
gate ( U4) on qubits (10 11)
layer 2---------------------------------
gate ( U4) on qubits (5 10)
gate ( U4) on qubits (6 7)
layer 3---------------------------------
gate ( swap) on qubits (1 5)
gate ( U4) on qubits (7 10)
layer 4---------------------------------
gate ( U4) on qubits (4 5)
gate ( U4) on qubits (6 10)
layer 5---------------------------------
gate ( U4) on qubits (1 5)
layer 6---------------------------------
gate ( U4) on qubits (5 10)
layer 7---------------------------------
gate ( U4) on qubits (5 6)
metric-----------------------------------
depth 8
#swap 1
bound_depth:  1
Using transition based mode...
start adding constraints...
Trying maximal depth = 1...
Show UNSAT core
[time__6 + 1 <= 1,
 time__0 + 1 <= 1,
 time__3 + 1 <= 1,
 time__1 + 1 <= 1,
 time__4 + 1 <= 1,
 time__5 + 1 <= 1,
 time__8 + 1 <= 1,
 time__9 + 1 <= 1,
 time__10 + 1 <= 1,
 time__11 + 1 <= 1,
 time__13 + 1 <= 1,
 time__12 + 1 <= 1,
 time__14 + 1 <= 1,
 time__15 + 1 <= 1,
 time__2 + 1 <= 1,
 time__7 + 1 <= 1]
Trying maximal depth = 2...
Bound of Trying min swap = 8...
Bound of Trying min swap = 4...
Bound of Trying min swap = 2...
Bound of Trying min swap = 1...
Compilation time = 0:00:15.047208.
SWAP on physical edge (8,9) at time 0
Gate 0: u4 0, 1 on qubits 14 and 15 at time 1
Gate 1: u4 2, 3 on qubits 11 and 7 at time 0
Gate 2: u4 4, 5 on qubits 10 and 9 at time 0
Gate 3: u4 6, 7 on qubits 5 and 4 at time 0
Gate 4: u4 8, 9 on qubits 8 and 12 at time 0
Gate 5: u4 1, 2 on qubits 15 and 11 at time 1
Gate 6: u4 3, 4 on qubits 7 and 10 at time 0
Gate 7: u4 5, 6 on qubits 9 and 5 at time 0
Gate 8: u4 7, 8 on qubits 4 and 8 at time 0
Gate 9: u4 0, 2 on qubits 14 and 11 at time 1
Gate 10: u4 4, 6 on qubits 10 and 5 at time 0
Gate 11: u4 2, 4 on qubits 11 and 10 at time 1
Gate 12: u4 6, 8 on qubits 5 and 9 at time 1
Gate 13: u4 0, 4 on qubits 14 and 10 at time 1
Gate 14: u4 4, 8 on qubits 10 and 9 at time 1
Gate 15: u4 0, 8 on qubits 14 and 9 at time 1
result- additional SWAP count = 1.
result- circuit depth = 7.
Total compilation time = 0:00:15.068637.
[[(14, 15), (11, 7), (10, 9), (5, 4), (8, 12)], [(15, 11), (7, 10), (9, 5), (4, 8)], [(14, 11), (10, 5), (8, 9)], [(11, 10), (5, 9)], [(14, 10)], [(10, 9)], [(14, 9)]]
[['u4', 'u4', 'u4', 'u4', 'u4'], ['u4', 'u4', 'u4', 'u4'], ['u4', 'u4', 'SWAP'], ['u4', 'u4'], ['u4'], ['u4'], ['u4']]
layer 0---------------------------------
gate ( U4) on qubits (7 11)
gate ( U4) on qubits (14 15)
gate ( U4) on qubits (9 10)
gate ( U4) on qubits (4 5)
gate ( U4) on qubits (8 12)
layer 1---------------------------------
gate ( U4) on qubits (11 15)
gate ( U4) on qubits (5 9)
gate ( U4) on qubits (7 10)
gate ( U4) on qubits (4 8)
layer 2---------------------------------
gate ( U4) on qubits (5 10)
gate ( U4) on qubits (11 14)
gate ( swap) on qubits (8 9)
layer 3---------------------------------
gate ( U4) on qubits (10 11)
gate ( U4) on qubits (5 9)
layer 4---------------------------------
gate ( U4) on qubits (10 14)
layer 5---------------------------------
gate ( U4) on qubits (9 10)
layer 6---------------------------------
gate ( U4) on qubits (9 14)
metric-----------------------------------
depth 7
#swap 1
bound_depth:  7
Using normal mode...
start adding constraints...
Trying maximal depth = 7...
Bound of Trying min swap = 8...
Bound of Trying min swap = 4...
Bound of Trying min swap = 2...
Bound of Trying min swap = 1...
Bound of Trying min swap = 0...
[num_swap <= 0]
Compilation time = 0:02:08.972285.
SWAP on physical edge (8,9) at time 2
Gate 0: u4 0, 1 on qubits 10 and 7 at time 0
Gate 1: u4 2, 3 on qubits 11 and 15 at time 0
Gate 2: u4 4, 5 on qubits 14 and 13 at time 0
Gate 3: u4 6, 7 on qubits 9 and 5 at time 0
Gate 4: u4 8, 9 on qubits 8 and 4 at time 0
Gate 5: u4 1, 2 on qubits 7 and 11 at time 1
Gate 6: u4 3, 4 on qubits 15 and 14 at time 1
Gate 7: u4 5, 6 on qubits 13 and 9 at time 1
Gate 8: u4 7, 8 on qubits 5 and 9 at time 3
Gate 9: u4 0, 2 on qubits 10 and 11 at time 2
Gate 10: u4 4, 6 on qubits 14 and 9 at time 2
Gate 11: u4 2, 4 on qubits 11 and 14 at time 3
Gate 12: u4 6, 8 on qubits 8 and 9 at time 4
Gate 13: u4 0, 4 on qubits 10 and 14 at time 4
Gate 14: u4 4, 8 on qubits 14 and 9 at time 5
Gate 15: u4 0, 8 on qubits 10 and 9 at time 6
result- additional SWAP count = 1.
result- circuit depth = 7.
Total compilation time = 0:02:09.006031.
[[(10, 7), (11, 15), (14, 13), (9, 5), (8, 4)], [(7, 11), (15, 14), (13, 9)], [(10, 11), (14, 9), (8, 9)], [(5, 9), (11, 14)], [(8, 9), (10, 14)], [(14, 9)], [(10, 9)]]
[['u4', 'u4', 'u4', 'u4', 'u4'], ['u4', 'u4', 'u4'], ['u4', 'u4', 'SWAP'], ['u4', 'u4'], ['u4', 'u4'], ['u4'], ['u4']]
layer 0---------------------------------
gate ( U4) on qubits (7 10)
gate ( U4) on qubits (11 15)
gate ( U4) on qubits (13 14)
gate ( U4) on qubits (5 9)
gate ( U4) on qubits (4 8)
layer 1---------------------------------
gate ( U4) on qubits (7 11)
gate ( U4) on qubits (9 13)
gate ( U4) on qubits (14 15)
layer 2---------------------------------
gate ( U4) on qubits (9 14)
gate ( U4) on qubits (10 11)
layer 3---------------------------------
gate ( swap) on qubits (8 9)
gate ( U4) on qubits (11 14)
layer 4---------------------------------
gate ( U4) on qubits (5 9)
gate ( U4) on qubits (10 14)
layer 5---------------------------------
gate ( U4) on qubits (8 9)
layer 6---------------------------------
gate ( U4) on qubits (9 14)
layer 7---------------------------------
gate ( U4) on qubits (9 10)
metric-----------------------------------
depth 8
#swap 1
bound_depth:  1
Using transition based mode...
start adding constraints...
Trying maximal depth = 1...
Bound of Trying min swap = 8...
Bound of Trying min swap = 4...
Bound of Trying min swap = 2...
Bound of Trying min swap = 1...
Bound of Trying min swap = 0...
Compilation time = 0:00:15.155600.
Gate 0: u4 0, 1 on qubits 10 and 11 at time 0
Gate 1: u4 2, 3 on qubits 6 and 5 at time 0
Gate 2: u4 4, 5 on qubits 9 and 4 at time 0
Gate 3: u4 6, 7 on qubits 8 and 12 at time 0
Gate 4: u4 8, 9 on qubits 13 and 14 at time 0
Gate 5: u4 1, 2 on qubits 11 and 6 at time 0
Gate 6: u4 3, 4 on qubits 5 and 9 at time 0
Gate 7: u4 5, 6 on qubits 4 and 8 at time 0
Gate 8: u4 7, 8 on qubits 12 and 13 at time 0
Gate 9: u4 0, 2 on qubits 10 and 6 at time 0
Gate 10: u4 4, 6 on qubits 9 and 8 at time 0
Gate 11: u4 2, 4 on qubits 6 and 9 at time 0
Gate 12: u4 6, 8 on qubits 8 and 13 at time 0
Gate 13: u4 0, 4 on qubits 10 and 9 at time 0
Gate 14: u4 4, 8 on qubits 9 and 13 at time 0
Gate 15: u4 0, 8 on qubits 10 and 13 at time 0
result- additional SWAP count = 0.
result- circuit depth = 7.
Total compilation time = 0:00:15.173402.
[[(10, 11), (6, 5), (9, 4), (8, 12), (13, 14)], [(11, 6), (5, 9), (4, 8), (12, 13)], [(10, 6), (9, 8)], [(6, 9), (8, 13)], [(10, 9)], [(9, 13)], [(10, 13)]]
[['u4', 'u4', 'u4', 'u4', 'u4'], ['u4', 'u4', 'u4', 'u4'], ['u4', 'u4'], ['u4', 'u4'], ['u4'], ['u4'], ['u4']]
layer 0---------------------------------
gate ( U4) on qubits (5 6)
gate ( U4) on qubits (10 11)
gate ( U4) on qubits (4 9)
gate ( U4) on qubits (8 12)
gate ( U4) on qubits (13 14)
layer 1---------------------------------
gate ( U4) on qubits (6 11)
gate ( U4) on qubits (4 8)
gate ( U4) on qubits (5 9)
gate ( U4) on qubits (12 13)
layer 2---------------------------------
gate ( U4) on qubits (6 10)
gate ( U4) on qubits (8 9)
layer 3---------------------------------
gate ( U4) on qubits (6 9)
gate ( U4) on qubits (8 13)
layer 4---------------------------------
gate ( U4) on qubits (9 10)
layer 5---------------------------------
gate ( U4) on qubits (9 13)
layer 6---------------------------------
gate ( U4) on qubits (10 13)
metric-----------------------------------
depth 7
#swap 0
bound_depth:  7
Using normal mode...
start adding constraints...
Trying maximal depth = 7...
Bound of Trying min swap = 8...
Bound of Trying min swap = 4...
Bound of Trying min swap = 2...
Bound of Trying min swap = 1...
Bound of Trying min swap = 0...
Compilation time = 0:01:22.258261.
Gate 0: u4 0, 1 on qubits 10 and 11 at time 0
Gate 1: u4 2, 3 on qubits 6 and 5 at time 0
Gate 2: u4 4, 5 on qubits 9 and 4 at time 0
Gate 3: u4 6, 7 on qubits 8 and 12 at time 0
Gate 4: u4 8, 9 on qubits 13 and 14 at time 1
Gate 5: u4 1, 2 on qubits 11 and 6 at time 1
Gate 6: u4 3, 4 on qubits 5 and 9 at time 1
Gate 7: u4 5, 6 on qubits 4 and 8 at time 1
Gate 8: u4 7, 8 on qubits 12 and 13 at time 2
Gate 9: u4 0, 2 on qubits 10 and 6 at time 2
Gate 10: u4 4, 6 on qubits 9 and 8 at time 2
Gate 11: u4 2, 4 on qubits 6 and 9 at time 3
Gate 12: u4 6, 8 on qubits 8 and 13 at time 3
Gate 13: u4 0, 4 on qubits 10 and 9 at time 4
Gate 14: u4 4, 8 on qubits 9 and 13 at time 5
Gate 15: u4 0, 8 on qubits 10 and 13 at time 6
result- additional SWAP count = 0.
result- circuit depth = 7.
Total compilation time = 0:01:22.293094.
[[(10, 11), (6, 5), (9, 4), (8, 12)], [(13, 14), (11, 6), (5, 9), (4, 8)], [(12, 13), (10, 6), (9, 8)], [(6, 9), (8, 13)], [(10, 9)], [(9, 13)], [(10, 13)]]
[['u4', 'u4', 'u4', 'u4'], ['u4', 'u4', 'u4', 'u4'], ['u4', 'u4', 'u4'], ['u4', 'u4'], ['u4'], ['u4'], ['u4']]
layer 0---------------------------------
gate ( U4) on qubits (5 6)
gate ( U4) on qubits (10 11)
gate ( U4) on qubits (4 9)
gate ( U4) on qubits (8 12)
gate ( U4) on qubits (13 14)
layer 1---------------------------------
gate ( U4) on qubits (6 11)
gate ( U4) on qubits (4 8)
gate ( U4) on qubits (5 9)
gate ( U4) on qubits (12 13)
layer 2---------------------------------
gate ( U4) on qubits (6 10)
gate ( U4) on qubits (8 9)
layer 3---------------------------------
gate ( U4) on qubits (6 9)
gate ( U4) on qubits (8 13)
layer 4---------------------------------
gate ( U4) on qubits (9 10)
layer 5---------------------------------
gate ( U4) on qubits (9 13)
layer 6---------------------------------
gate ( U4) on qubits (10 13)
metric-----------------------------------
depth 7
#swap 0
