bound_depth:  1
Using transition based mode...
start adding constraints...
Trying maximal depth = 1...
Show UNSAT core
[time__5 + 1 <= 1, time__2 + 1 <= 1, time__1 + 1 <= 1]
Trying maximal depth = 2...
Show UNSAT core
[time__14 + 1 <= 2,
 time__13 + 1 <= 2,
 time__12 + 1 <= 2,
 time__5 + 1 <= 2,
 time__1 + 1 <= 2,
 time__2 + 1 <= 2]
Trying maximal depth = 3...
Bound of Trying min swap = 8...
Bound of Trying min swap = 5...
Bound of Trying min swap = 3...
Bound of Trying min swap = 2...
[num_swap <= 2]
Compilation time = 0:00:25.010376.
SWAP on physical edge (14,15) at time 0
SWAP on physical edge (4,8) at time 1
SWAP on physical edge (6,10) at time 0
Gate 0: ZZ 0, 1 on qubits 14 and 10 at time 0
Gate 1: ZZ 0, 3 on qubits 14 and 15 at time 0
Gate 2: ZZ 0, 8 on qubits 14 and 13 at time 0
Gate 3: ZZ 1, 2 on qubits 6 and 5 at time 1
Gate 4: ZZ 1, 5 on qubits 6 and 10 at time 1
Gate 5: ZZ 3, 8 on qubits 14 and 13 at time 1
Gate 6: ZZ 3, 5 on qubits 14 and 10 at time 1
Gate 7: ZZ 8, 9 on qubits 13 and 12 at time 1
Gate 8: ZZ 2, 7 on qubits 5 and 9 at time 1
Gate 9: ZZ 2, 6 on qubits 5 and 4 at time 1
Gate 10: ZZ 7, 5 on qubits 9 and 10 at time 1
Gate 11: ZZ 7, 4 on qubits 9 and 8 at time 1
Gate 12: ZZ 4, 9 on qubits 8 and 12 at time 1
Gate 13: ZZ 4, 6 on qubits 8 and 4 at time 1
Gate 14: ZZ 9, 6 on qubits 12 and 8 at time 2
result- additional SWAP count = 3.
result- circuit depth = 12.
Total compilation time = 0:00:25.032679.
[[(14, 10)], [(14, 15), (6, 10)], [(14, 13), (6, 5)], [(6, 10), (5, 9), (14, 15)], [(14, 13), (5, 4)], [(14, 10), (13, 12)], [(9, 10)], [(9, 8)], [(8, 12)], [(8, 4)], [(4, 8)], [(12, 8)]]
[['ZZ'], ['ZZ', 'SWAP'], ['ZZ', 'ZZ'], ['ZZ', 'ZZ', 'SWAP'], ['ZZ', 'ZZ'], ['ZZ', 'ZZ'], ['ZZ'], ['ZZ'], ['ZZ'], ['ZZ'], ['SWAP'], ['ZZ']]
layer 0---------------------------------
gate ( ZZ) on qubits (10 14)
layer 1---------------------------------
gate ( ZZ) on qubits (14 15)
gate ( swap) on qubits (6 10)
layer 2---------------------------------
gate ( ZZ) on qubits (5 6)
gate ( ZZ) on qubits (13 14)
layer 3---------------------------------
gate ( swap) on qubits (14 15)
gate ( ZZ) on qubits (5 9)
gate ( ZZ) on qubits (6 10)
layer 4---------------------------------
gate ( ZZ) on qubits (13 14)
gate ( ZZ) on qubits (4 5)
layer 5---------------------------------
gate ( ZZ) on qubits (10 14)
gate ( ZZ) on qubits (12 13)
layer 6---------------------------------
gate ( ZZ) on qubits (9 10)
layer 7---------------------------------
gate ( ZZ) on qubits (8 9)
layer 8---------------------------------
gate ( ZZ) on qubits (8 12)
layer 9---------------------------------
gate ( ZZ swap) on qubits (4 8)
layer 10---------------------------------
gate ( ZZ) on qubits (8 12)
metric-----------------------------------
depth 11
#swap 2
bound_depth:  10
Using normal mode...
start adding constraints...
Trying maximal depth = 10...
Bound of Trying min swap = 7...
Bound of Trying min swap = 3...
Bound of Trying min swap = 1...
[num_swap <= 1]
Bound of Trying min swap = 2...
[num_swap <= 2]
Compilation time = 3:00:02.659240.
SWAP on physical edge (6,7) at time 2
SWAP on physical edge (4,8) at time 7
SWAP on physical edge (1,5) at time 2
Gate 0: ZZ 0, 1 on qubits 6 and 10 at time 0
Gate 1: ZZ 0, 3 on qubits 6 and 2 at time 1
Gate 2: ZZ 0, 8 on qubits 6 and 5 at time 2
Gate 3: ZZ 1, 2 on qubits 10 and 9 at time 2
Gate 4: ZZ 1, 5 on qubits 10 and 6 at time 3
Gate 5: ZZ 3, 8 on qubits 2 and 1 at time 3
Gate 6: ZZ 3, 5 on qubits 2 and 6 at time 4
Gate 7: ZZ 8, 9 on qubits 1 and 0 at time 4
Gate 8: ZZ 2, 7 on qubits 9 and 5 at time 4
Gate 9: ZZ 2, 6 on qubits 9 and 8 at time 7
Gate 10: ZZ 7, 5 on qubits 5 and 6 at time 5
Gate 11: ZZ 7, 4 on qubits 5 and 4 at time 6
Gate 12: ZZ 4, 9 on qubits 4 and 0 at time 7
Gate 13: ZZ 4, 6 on qubits 8 and 4 at time 8
Gate 14: ZZ 9, 6 on qubits 0 and 4 at time 9
result- additional SWAP count = 3.
result- circuit depth = 10.
Total compilation time = 3:00:02.697578.
[[(6, 10)], [(6, 2)], [(6, 5), (10, 9), (6, 7), (1, 5)], [(10, 6), (2, 1)], [(2, 6), (1, 0), (9, 5)], [(5, 6)], [(5, 4)], [(9, 8), (4, 0), (4, 8)], [(8, 4)], [(0, 4)]]
[['ZZ'], ['ZZ'], ['ZZ', 'ZZ', 'SWAP', 'SWAP'], ['ZZ', 'ZZ'], ['ZZ', 'ZZ', 'ZZ'], ['ZZ'], ['ZZ'], ['ZZ', 'ZZ', 'SWAP'], ['ZZ'], ['ZZ']]
layer 0---------------------------------
gate ( ZZ) on qubits (6 10)
layer 1---------------------------------
gate ( ZZ) on qubits (2 6)
gate ( ZZ) on qubits (9 10)
layer 2---------------------------------
gate ( ZZ) on qubits (5 6)
layer 3---------------------------------
gate ( swap) on qubits (6 7)
gate ( swap) on qubits (1 5)
layer 4---------------------------------
gate ( ZZ) on qubits (1 2)
gate ( ZZ) on qubits (6 10)
gate ( ZZ) on qubits (5 9)
layer 5---------------------------------
gate ( ZZ) on qubits (2 6)
gate ( ZZ) on qubits (0 1)
gate ( ZZ) on qubits (8 9)
layer 6---------------------------------
gate ( ZZ) on qubits (5 6)
layer 7---------------------------------
gate ( ZZ) on qubits (4 5)
layer 8---------------------------------
gate ( ZZ) on qubits (0 4)
layer 9---------------------------------
gate ( swap ZZ) on qubits (4 8)
layer 10---------------------------------
gate ( ZZ) on qubits (0 4)
metric-----------------------------------
depth 11
#swap 2
bound_depth:  1
Using transition based mode...
start adding constraints...
Trying maximal depth = 1...
Show UNSAT core
[time__14 + 1 <= 1,
 time__12 + 1 <= 1,
 time__10 + 1 <= 1,
 time__3 + 1 <= 1,
 time__7 + 1 <= 1,
 time__5 + 1 <= 1,
 time__4 + 1 <= 1,
 time__6 + 1 <= 1,
 time__2 + 1 <= 1,
 time__1 + 1 <= 1,
 time__0 + 1 <= 1]
Trying maximal depth = 2...
Bound of Trying min swap = 8...
Bound of Trying min swap = 4...
Bound of Trying min swap = 2...
[num_swap <= 2]
Bound of Trying min swap = 3...
Compilation time = 0:00:19.842116.
SWAP on physical edge (8,9) at time 0
SWAP on physical edge (12,13) at time 0
SWAP on physical edge (14,15) at time 0
Gate 0: ZZ 0, 1 on qubits 9 and 13 at time 0
Gate 1: ZZ 0, 3 on qubits 9 and 8 at time 0
Gate 2: ZZ 0, 8 on qubits 9 and 5 at time 0
Gate 3: ZZ 1, 2 on qubits 13 and 14 at time 0
Gate 4: ZZ 1, 5 on qubits 13 and 12 at time 0
Gate 5: ZZ 3, 8 on qubits 9 and 5 at time 1
Gate 6: ZZ 3, 5 on qubits 9 and 13 at time 1
Gate 7: ZZ 8, 9 on qubits 5 and 6 at time 1
Gate 8: ZZ 2, 7 on qubits 14 and 15 at time 0
Gate 9: ZZ 2, 6 on qubits 15 and 11 at time 1
Gate 10: ZZ 7, 5 on qubits 14 and 13 at time 1
Gate 11: ZZ 7, 4 on qubits 14 and 10 at time 1
Gate 12: ZZ 4, 9 on qubits 10 and 6 at time 1
Gate 13: ZZ 4, 6 on qubits 10 and 11 at time 1
Gate 14: ZZ 9, 6 on qubits 6 and 11 at time 1
result- additional SWAP count = 3.
result- circuit depth = 11.
Total compilation time = 0:00:19.861916.
[[(9, 13)], [(9, 8), (13, 14)], [(9, 5), (13, 12), (14, 15)], [(8, 9), (12, 13), (14, 15)], [(9, 5), (15, 11)], [(9, 13), (5, 6)], [(14, 13)], [(14, 10)], [(10, 6)], [(10, 11)], [(6, 11)]]
[['ZZ'], ['ZZ', 'ZZ'], ['ZZ', 'ZZ', 'ZZ'], ['SWAP', 'SWAP', 'SWAP'], ['ZZ', 'ZZ'], ['ZZ', 'ZZ'], ['ZZ'], ['ZZ'], ['ZZ'], ['ZZ'], ['ZZ']]
layer 0---------------------------------
gate ( ZZ) on qubits (9 13)
layer 1---------------------------------
gate ( ZZ) on qubits (8 9)
gate ( ZZ) on qubits (13 14)
layer 2---------------------------------
gate ( ZZ) on qubits (5 9)
gate ( ZZ swap) on qubits (14 15)
gate ( ZZ swap) on qubits (12 13)
layer 3---------------------------------
gate ( swap) on qubits (8 9)
gate ( ZZ) on qubits (11 15)
layer 4---------------------------------
gate ( ZZ) on qubits (5 9)
layer 5---------------------------------
gate ( ZZ) on qubits (9 13)
gate ( ZZ) on qubits (5 6)
layer 6---------------------------------
gate ( ZZ) on qubits (13 14)
layer 7---------------------------------
gate ( ZZ) on qubits (10 14)
layer 8---------------------------------
gate ( ZZ) on qubits (6 10)
layer 9---------------------------------
gate ( ZZ) on qubits (10 11)
layer 10---------------------------------
gate ( ZZ) on qubits (6 11)
metric-----------------------------------
depth 11
#swap 1
bound_depth:  10
Using normal mode...
start adding constraints...
Trying maximal depth = 10...
Bound of Trying min swap = 7...
Bound of Trying min swap = 3...
Bound of Trying min swap = 1...
[num_swap <= 1]
Bound of Trying min swap = 2...
Compilation time = 0:56:10.105879.
SWAP on physical edge (13,14) at time 8
SWAP on physical edge (2,6) at time 2
Gate 0: ZZ 0, 1 on qubits 6 and 5 at time 0
Gate 1: ZZ 0, 3 on qubits 6 and 7 at time 1
Gate 2: ZZ 0, 8 on qubits 6 and 11 at time 2
Gate 3: ZZ 1, 2 on qubits 5 and 9 at time 2
Gate 4: ZZ 1, 5 on qubits 5 and 6 at time 3
Gate 5: ZZ 3, 8 on qubits 7 and 11 at time 3
Gate 6: ZZ 3, 5 on qubits 7 and 6 at time 4
Gate 7: ZZ 8, 9 on qubits 11 and 15 at time 5
Gate 8: ZZ 2, 7 on qubits 9 and 10 at time 4
Gate 9: ZZ 2, 6 on qubits 9 and 13 at time 5
Gate 10: ZZ 7, 5 on qubits 10 and 6 at time 5
Gate 11: ZZ 7, 4 on qubits 10 and 14 at time 6
Gate 12: ZZ 4, 9 on qubits 14 and 15 at time 7
Gate 13: ZZ 4, 6 on qubits 14 and 13 at time 8
Gate 14: ZZ 9, 6 on qubits 15 and 14 at time 9
result- additional SWAP count = 2.
result- circuit depth = 10.
Total compilation time = 0:56:10.159111.
[[(6, 5)], [(6, 7)], [(6, 11), (5, 9), (2, 6)], [(5, 6), (7, 11)], [(7, 6), (9, 10)], [(11, 15), (9, 13), (10, 6)], [(10, 14)], [(14, 15)], [(14, 13), (13, 14)], [(15, 14)]]
[['ZZ'], ['ZZ'], ['ZZ', 'ZZ', 'SWAP'], ['ZZ', 'ZZ'], ['ZZ', 'ZZ'], ['ZZ', 'ZZ', 'ZZ'], ['ZZ'], ['ZZ'], ['ZZ', 'SWAP'], ['ZZ']]
layer 0---------------------------------
gate ( ZZ) on qubits (5 6)
layer 1---------------------------------
gate ( ZZ) on qubits (6 7)
gate ( ZZ) on qubits (5 9)
layer 2---------------------------------
gate ( ZZ) on qubits (6 11)
gate ( ZZ) on qubits (9 10)
layer 3---------------------------------
gate ( swap) on qubits (2 6)
gate ( ZZ) on qubits (7 11)
gate ( ZZ) on qubits (9 13)
layer 4---------------------------------
gate ( ZZ) on qubits (5 6)
gate ( ZZ) on qubits (11 15)
layer 5---------------------------------
gate ( ZZ) on qubits (6 7)
layer 6---------------------------------
gate ( ZZ) on qubits (6 10)
layer 7---------------------------------
gate ( ZZ) on qubits (10 14)
layer 8---------------------------------
gate ( ZZ) on qubits (14 15)
layer 9---------------------------------
gate ( ZZ swap) on qubits (13 14)
layer 10---------------------------------
gate ( ZZ) on qubits (14 15)
metric-----------------------------------
depth 11
#swap 1
bound_depth:  1
Using transition based mode...
start adding constraints...
Trying maximal depth = 1...
Show UNSAT core
[time__1 + 1 <= 1,
 time__0 + 1 <= 1,
 time__13 + 1 <= 1,
 time__4 + 1 <= 1,
 time__14 + 1 <= 1,
 time__12 + 1 <= 1,
 time__10 + 1 <= 1,
 time__7 + 1 <= 1,
 time__6 + 1 <= 1,
 time__3 + 1 <= 1,
 time__2 + 1 <= 1,
 time__5 + 1 <= 1]
Trying maximal depth = 2...
Bound of Trying min swap = 8...
Bound of Trying min swap = 4...
Bound of Trying min swap = 2...
Bound of Trying min swap = 1...
[num_swap <= 1]
Compilation time = 0:01:30.064108.
SWAP on physical edge (1,5) at time 0
SWAP on physical edge (2,6) at time 0
Gate 0: ZZ 0, 1 on qubits 4 and 5 at time 0
Gate 1: ZZ 0, 3 on qubits 4 and 8 at time 1
Gate 2: ZZ 0, 8 on qubits 4 and 5 at time 1
Gate 3: ZZ 1, 2 on qubits 5 and 6 at time 0
Gate 4: ZZ 1, 5 on qubits 5 and 9 at time 0
Gate 5: ZZ 3, 8 on qubits 8 and 5 at time 1
Gate 6: ZZ 3, 5 on qubits 8 and 9 at time 1
Gate 7: ZZ 8, 9 on qubits 5 and 6 at time 1
Gate 8: ZZ 2, 7 on qubits 6 and 10 at time 0
Gate 9: ZZ 2, 6 on qubits 6 and 7 at time 0
Gate 10: ZZ 7, 5 on qubits 10 and 9 at time 1
Gate 11: ZZ 7, 4 on qubits 10 and 11 at time 1
Gate 12: ZZ 4, 9 on qubits 11 and 6 at time 1
Gate 13: ZZ 4, 6 on qubits 11 and 7 at time 1
Gate 14: ZZ 9, 6 on qubits 6 and 7 at time 1
result- additional SWAP count = 2.
result- circuit depth = 12.
Total compilation time = 0:01:30.084348.
[[(4, 5)], [(4, 8), (5, 6)], [(5, 9), (6, 10)], [(6, 7), (1, 5)], [(4, 5), (2, 6)], [(8, 5)], [(8, 9), (5, 6)], [(10, 9)], [(10, 11)], [(11, 6)], [(11, 7)], [(6, 7)]]
[['ZZ'], ['ZZ', 'ZZ'], ['ZZ', 'ZZ'], ['ZZ', 'SWAP'], ['ZZ', 'SWAP'], ['ZZ'], ['ZZ', 'ZZ'], ['ZZ'], ['ZZ'], ['ZZ'], ['ZZ'], ['ZZ']]
layer 0---------------------------------
gate ( ZZ) on qubits (4 5)
layer 1---------------------------------
gate ( ZZ) on qubits (5 6)
gate ( ZZ) on qubits (4 8)
layer 2---------------------------------
gate ( ZZ) on qubits (6 10)
gate ( ZZ) on qubits (5 9)
layer 3---------------------------------
gate ( swap) on qubits (1 5)
gate ( ZZ) on qubits (6 7)
layer 4---------------------------------
gate ( ZZ) on qubits (4 5)
gate ( swap) on qubits (2 6)
layer 5---------------------------------
gate ( ZZ) on qubits (5 8)
layer 6---------------------------------
gate ( ZZ) on qubits (8 9)
gate ( ZZ) on qubits (5 6)
layer 7---------------------------------
gate ( ZZ) on qubits (9 10)
layer 8---------------------------------
gate ( ZZ) on qubits (10 11)
layer 9---------------------------------
gate ( ZZ) on qubits (6 11)
layer 10---------------------------------
gate ( ZZ) on qubits (7 11)
layer 11---------------------------------
gate ( ZZ) on qubits (6 7)
metric-----------------------------------
depth 12
#swap 2
bound_depth:  10
Using normal mode...
start adding constraints...
Trying maximal depth = 10...
Bound of Trying min swap = 7...
Bound of Trying min swap = 3...
Bound of Trying min swap = 1...
[num_swap <= 1]
Bound of Trying min swap = 2...
Compilation time = 0:54:42.664206.
SWAP on physical edge (13,14) at time 7
SWAP on physical edge (2,6) at time 2
Gate 0: ZZ 0, 1 on qubits 6 and 5 at time 0
Gate 1: ZZ 0, 3 on qubits 6 and 7 at time 1
Gate 2: ZZ 0, 8 on qubits 6 and 11 at time 2
Gate 3: ZZ 1, 2 on qubits 5 and 9 at time 1
Gate 4: ZZ 1, 5 on qubits 5 and 6 at time 3
Gate 5: ZZ 3, 8 on qubits 7 and 11 at time 3
Gate 6: ZZ 3, 5 on qubits 7 and 6 at time 4
Gate 7: ZZ 8, 9 on qubits 11 and 15 at time 5
Gate 8: ZZ 2, 7 on qubits 9 and 10 at time 2
Gate 9: ZZ 2, 6 on qubits 9 and 13 at time 3
Gate 10: ZZ 7, 5 on qubits 10 and 6 at time 5
Gate 11: ZZ 7, 4 on qubits 10 and 14 at time 6
Gate 12: ZZ 4, 9 on qubits 14 and 15 at time 7
Gate 13: ZZ 4, 6 on qubits 13 and 14 at time 8
Gate 14: ZZ 9, 6 on qubits 15 and 14 at time 9
result- additional SWAP count = 2.
result- circuit depth = 10.
Total compilation time = 0:54:42.717590.
[[(6, 5)], [(6, 7), (5, 9)], [(6, 11), (9, 10), (2, 6)], [(5, 6), (7, 11), (9, 13)], [(7, 6)], [(11, 15), (10, 6)], [(10, 14)], [(14, 15), (13, 14)], [(13, 14)], [(15, 14)]]
[['ZZ'], ['ZZ', 'ZZ'], ['ZZ', 'ZZ', 'SWAP'], ['ZZ', 'ZZ', 'ZZ'], ['ZZ'], ['ZZ', 'ZZ'], ['ZZ'], ['ZZ', 'SWAP'], ['ZZ'], ['ZZ']]
layer 0---------------------------------
gate ( ZZ) on qubits (5 6)
layer 1---------------------------------
gate ( ZZ) on qubits (6 7)
gate ( ZZ) on qubits (5 9)
layer 2---------------------------------
gate ( ZZ) on qubits (6 11)
gate ( ZZ) on qubits (9 10)
layer 3---------------------------------
gate ( swap) on qubits (2 6)
gate ( ZZ) on qubits (7 11)
gate ( ZZ) on qubits (9 13)
layer 4---------------------------------
gate ( ZZ) on qubits (5 6)
gate ( ZZ) on qubits (11 15)
layer 5---------------------------------
gate ( ZZ) on qubits (6 7)
layer 6---------------------------------
gate ( ZZ) on qubits (6 10)
layer 7---------------------------------
gate ( ZZ) on qubits (10 14)
layer 8---------------------------------
gate ( ZZ) on qubits (14 15)
layer 9---------------------------------
gate ( swap ZZ) on qubits (13 14)
layer 10---------------------------------
gate ( ZZ) on qubits (14 15)
metric-----------------------------------
depth 11
#swap 1
bound_depth:  1
Using transition based mode...
start adding constraints...
Trying maximal depth = 1...
Show UNSAT core
[time__2 + 1 <= 1,
 time__4 + 1 <= 1,
 time__0 + 1 <= 1,
 time__3 + 1 <= 1,
 time__10 + 1 <= 1,
 time__9 + 1 <= 1,
 time__12 + 1 <= 1,
 time__1 + 1 <= 1,
 time__5 + 1 <= 1,
 time__6 + 1 <= 1,
 time__8 + 1 <= 1,
 time__7 + 1 <= 1,
 time__11 + 1 <= 1,
 time__14 + 1 <= 1,
 time__13 + 1 <= 1]
Trying maximal depth = 2...
Bound of Trying min swap = 8...
Bound of Trying min swap = 4...
Bound of Trying min swap = 2...
Bound of Trying min swap = 1...
[num_swap <= 1]
Compilation time = 0:02:51.186410.
SWAP on physical edge (2,3) at time 0
SWAP on physical edge (4,5) at time 0
Gate 0: ZZ 0, 1 on qubits 2 and 1 at time 0
Gate 1: ZZ 0, 3 on qubits 2 and 3 at time 0
Gate 2: ZZ 0, 8 on qubits 2 and 7 at time 0
Gate 3: ZZ 1, 2 on qubits 1 and 5 at time 0
Gate 4: ZZ 1, 5 on qubits 1 and 5 at time 1
Gate 5: ZZ 3, 8 on qubits 3 and 7 at time 0
Gate 6: ZZ 3, 5 on qubits 2 and 5 at time 1
Gate 7: ZZ 8, 9 on qubits 7 and 11 at time 0
Gate 8: ZZ 2, 7 on qubits 5 and 9 at time 0
Gate 9: ZZ 2, 6 on qubits 5 and 6 at time 0
Gate 10: ZZ 7, 5 on qubits 9 and 5 at time 1
Gate 11: ZZ 7, 4 on qubits 9 and 10 at time 1
Gate 12: ZZ 4, 9 on qubits 10 and 11 at time 1
Gate 13: ZZ 4, 6 on qubits 10 and 6 at time 1
Gate 14: ZZ 9, 6 on qubits 11 and 6 at time 1
result- additional SWAP count = 2.
result- circuit depth = 12.
Total compilation time = 0:02:51.208675.
[[(2, 1)], [(2, 3), (1, 5)], [(2, 7), (5, 9)], [(3, 7), (5, 6)], [(7, 11), (2, 3), (4, 5)], [(1, 5)], [(2, 5)], [(9, 5)], [(9, 10)], [(10, 11)], [(10, 6)], [(11, 6)]]
[['ZZ'], ['ZZ', 'ZZ'], ['ZZ', 'ZZ'], ['ZZ', 'ZZ'], ['ZZ', 'SWAP', 'SWAP'], ['ZZ'], ['ZZ'], ['ZZ'], ['ZZ'], ['ZZ'], ['ZZ'], ['ZZ']]
layer 0---------------------------------
gate ( ZZ) on qubits (1 2)
layer 1---------------------------------
gate ( ZZ) on qubits (2 3)
gate ( ZZ) on qubits (1 5)
layer 2---------------------------------
gate ( ZZ) on qubits (2 7)
gate ( ZZ) on qubits (5 9)
layer 3---------------------------------
gate ( ZZ) on qubits (3 7)
gate ( ZZ) on qubits (5 6)
layer 4---------------------------------
gate ( swap) on qubits (4 5)
gate ( swap) on qubits (2 3)
gate ( ZZ) on qubits (7 11)
layer 5---------------------------------
gate ( ZZ) on qubits (1 5)
layer 6---------------------------------
gate ( ZZ) on qubits (2 5)
layer 7---------------------------------
gate ( ZZ) on qubits (5 9)
layer 8---------------------------------
gate ( ZZ) on qubits (9 10)
layer 9---------------------------------
gate ( ZZ) on qubits (10 11)
layer 10---------------------------------
gate ( ZZ) on qubits (6 10)
layer 11---------------------------------
gate ( ZZ) on qubits (6 11)
metric-----------------------------------
depth 12
#swap 2
bound_depth:  10
Using normal mode...
start adding constraints...
Trying maximal depth = 10...
Bound of Trying min swap = 7...
Bound of Trying min swap = 3...
Bound of Trying min swap = 1...
[num_swap <= 1]
Bound of Trying min swap = 2...
Compilation time = 0:48:34.057817.
SWAP on physical edge (4,5) at time 3
SWAP on physical edge (11,15) at time 2
Gate 0: ZZ 0, 1 on qubits 11 and 6 at time 0
Gate 1: ZZ 0, 3 on qubits 11 and 15 at time 1
Gate 2: ZZ 0, 8 on qubits 11 and 7 at time 2
Gate 3: ZZ 1, 2 on qubits 6 and 5 at time 1
Gate 4: ZZ 1, 5 on qubits 6 and 10 at time 2
Gate 5: ZZ 3, 8 on qubits 11 and 7 at time 3
Gate 6: ZZ 3, 5 on qubits 11 and 10 at time 4
Gate 7: ZZ 8, 9 on qubits 7 and 2 at time 5
Gate 8: ZZ 2, 7 on qubits 5 and 9 at time 2
Gate 9: ZZ 2, 6 on qubits 5 and 1 at time 3
Gate 10: ZZ 7, 5 on qubits 9 and 10 at time 5
Gate 11: ZZ 7, 4 on qubits 9 and 5 at time 6
Gate 12: ZZ 4, 9 on qubits 5 and 2 at time 7
Gate 13: ZZ 4, 6 on qubits 5 and 1 at time 8
Gate 14: ZZ 9, 6 on qubits 2 and 1 at time 9
result- additional SWAP count = 2.
result- circuit depth = 10.
Total compilation time = 0:48:34.107637.
[[(11, 6)], [(11, 15), (6, 5)], [(11, 7), (6, 10), (5, 9), (11, 15)], [(11, 7), (5, 1), (4, 5)], [(11, 10)], [(7, 2), (9, 10)], [(9, 5)], [(5, 2)], [(5, 1)], [(2, 1)]]
[['ZZ'], ['ZZ', 'ZZ'], ['ZZ', 'ZZ', 'ZZ', 'SWAP'], ['ZZ', 'ZZ', 'SWAP'], ['ZZ'], ['ZZ', 'ZZ'], ['ZZ'], ['ZZ'], ['ZZ'], ['ZZ']]
layer 0---------------------------------
gate ( ZZ) on qubits (6 11)
layer 1---------------------------------
gate ( ZZ) on qubits (11 15)
gate ( ZZ) on qubits (5 6)
layer 2---------------------------------
gate ( ZZ) on qubits (7 11)
gate ( ZZ) on qubits (5 9)
gate ( ZZ) on qubits (6 10)
layer 3---------------------------------
gate ( swap) on qubits (11 15)
gate ( ZZ) on qubits (1 5)
layer 4---------------------------------
gate ( ZZ) on qubits (7 11)
gate ( swap) on qubits (4 5)
layer 5---------------------------------
gate ( ZZ) on qubits (10 11)
gate ( ZZ) on qubits (2 7)
layer 6---------------------------------
gate ( ZZ) on qubits (9 10)
layer 7---------------------------------
gate ( ZZ) on qubits (5 9)
layer 8---------------------------------
gate ( ZZ) on qubits (2 5)
layer 9---------------------------------
gate ( ZZ) on qubits (1 5)
layer 10---------------------------------
gate ( ZZ) on qubits (1 2)
metric-----------------------------------
depth 11
#swap 2
bound_depth:  1
Using transition based mode...
start adding constraints...
Trying maximal depth = 1...
Show UNSAT core
[time__4 + 1 <= 1,
 time__14 + 1 <= 1,
 time__9 + 1 <= 1,
 time__6 + 1 <= 1,
 time__1 + 1 <= 1,
 time__3 + 1 <= 1,
 time__2 + 1 <= 1,
 time__5 + 1 <= 1,
 time__12 + 1 <= 1,
 time__0 + 1 <= 1,
 time__7 + 1 <= 1,
 time__8 + 1 <= 1,
 time__11 + 1 <= 1,
 time__10 + 1 <= 1,
 time__13 + 1 <= 1]
Trying maximal depth = 2...
Bound of Trying min swap = 8...
Bound of Trying min swap = 4...
Bound of Trying min swap = 2...
Bound of Trying min swap = 1...
Compilation time = 0:00:44.026447.
SWAP on physical edge (8,9) at time 0
Gate 0: ZZ 0, 1 on qubits 10 and 9 at time 0
Gate 1: ZZ 0, 3 on qubits 10 and 14 at time 1
Gate 2: ZZ 0, 8 on qubits 10 and 11 at time 1
Gate 3: ZZ 1, 2 on qubits 9 and 5 at time 0
Gate 4: ZZ 1, 5 on qubits 9 and 13 at time 0
Gate 5: ZZ 3, 8 on qubits 14 and 11 at time 1
Gate 6: ZZ 3, 5 on qubits 14 and 13 at time 1
Gate 7: ZZ 8, 9 on qubits 11 and 7 at time 1
Gate 8: ZZ 2, 7 on qubits 5 and 9 at time 1
Gate 9: ZZ 2, 6 on qubits 5 and 2 at time 1
Gate 10: ZZ 7, 5 on qubits 9 and 13 at time 1
Gate 11: ZZ 7, 4 on qubits 9 and 6 at time 1
Gate 12: ZZ 4, 9 on qubits 6 and 7 at time 1
Gate 13: ZZ 4, 6 on qubits 6 and 2 at time 1
Gate 14: ZZ 9, 6 on qubits 7 and 2 at time 1
result- additional SWAP count = 1.
result- circuit depth = 10.
Total compilation time = 0:00:44.050499.
[[(10, 9)], [(10, 14), (9, 5)], [(10, 11), (9, 13)], [(14, 11), (8, 9)], [(14, 13), (11, 7), (5, 9)], [(5, 2), (9, 13)], [(9, 6)], [(6, 7)], [(6, 2)], [(7, 2)]]
[['ZZ'], ['ZZ', 'ZZ'], ['ZZ', 'ZZ'], ['ZZ', 'SWAP'], ['ZZ', 'ZZ', 'ZZ'], ['ZZ', 'ZZ'], ['ZZ'], ['ZZ'], ['ZZ'], ['ZZ']]
layer 0---------------------------------
gate ( ZZ) on qubits (9 10)
layer 1---------------------------------
gate ( ZZ) on qubits (10 14)
gate ( ZZ) on qubits (5 9)
layer 2---------------------------------
gate ( ZZ) on qubits (10 11)
gate ( ZZ) on qubits (9 13)
layer 3---------------------------------
gate ( ZZ) on qubits (11 14)
gate ( swap) on qubits (8 9)
layer 4---------------------------------
gate ( ZZ) on qubits (5 9)
gate ( ZZ) on qubits (13 14)
gate ( ZZ) on qubits (7 11)
layer 5---------------------------------
gate ( ZZ) on qubits (9 13)
gate ( ZZ) on qubits (2 5)
layer 6---------------------------------
gate ( ZZ) on qubits (6 9)
layer 7---------------------------------
gate ( ZZ) on qubits (6 7)
layer 8---------------------------------
gate ( ZZ) on qubits (2 6)
layer 9---------------------------------
gate ( ZZ) on qubits (2 7)
metric-----------------------------------
depth 10
#swap 1
bound_depth:  10
Using normal mode...
start adding constraints...
Trying maximal depth = 10...
Bound of Trying min swap = 7...
Bound of Trying min swap = 3...
Bound of Trying min swap = 1...
Bound of Trying min swap = 0...
[num_swap <= 0]
Compilation time = 0:41:25.022090.
SWAP on physical edge (8,9) at time 2
Gate 0: ZZ 0, 1 on qubits 10 and 9 at time 0
Gate 1: ZZ 0, 3 on qubits 10 and 14 at time 1
Gate 2: ZZ 0, 8 on qubits 10 and 11 at time 2
Gate 3: ZZ 1, 2 on qubits 9 and 5 at time 1
Gate 4: ZZ 1, 5 on qubits 9 and 13 at time 2
Gate 5: ZZ 3, 8 on qubits 14 and 11 at time 3
Gate 6: ZZ 3, 5 on qubits 14 and 13 at time 4
Gate 7: ZZ 8, 9 on qubits 11 and 7 at time 6
Gate 8: ZZ 2, 7 on qubits 5 and 9 at time 3
Gate 9: ZZ 2, 6 on qubits 5 and 2 at time 7
Gate 10: ZZ 7, 5 on qubits 9 and 13 at time 5
Gate 11: ZZ 7, 4 on qubits 9 and 6 at time 6
Gate 12: ZZ 4, 9 on qubits 6 and 7 at time 7
Gate 13: ZZ 4, 6 on qubits 6 and 2 at time 8
Gate 14: ZZ 9, 6 on qubits 7 and 2 at time 9
result- additional SWAP count = 1.
result- circuit depth = 10.
Total compilation time = 0:41:25.065884.
[[(10, 9)], [(10, 14), (9, 5)], [(10, 11), (9, 13), (8, 9)], [(14, 11), (5, 9)], [(14, 13)], [(9, 13)], [(11, 7), (9, 6)], [(5, 2), (6, 7)], [(6, 2)], [(7, 2)]]
[['ZZ'], ['ZZ', 'ZZ'], ['ZZ', 'ZZ', 'SWAP'], ['ZZ', 'ZZ'], ['ZZ'], ['ZZ'], ['ZZ', 'ZZ'], ['ZZ', 'ZZ'], ['ZZ'], ['ZZ']]
layer 0---------------------------------
gate ( ZZ) on qubits (9 10)
layer 1---------------------------------
gate ( ZZ) on qubits (10 14)
gate ( ZZ) on qubits (5 9)
layer 2---------------------------------
gate ( ZZ) on qubits (9 13)
gate ( ZZ) on qubits (10 11)
layer 3---------------------------------
gate ( swap) on qubits (8 9)
gate ( ZZ) on qubits (11 14)
layer 4---------------------------------
gate ( ZZ) on qubits (5 9)
gate ( ZZ) on qubits (13 14)
gate ( ZZ) on qubits (7 11)
layer 5---------------------------------
gate ( ZZ) on qubits (9 13)
gate ( ZZ) on qubits (2 5)
layer 6---------------------------------
gate ( ZZ) on qubits (6 9)
layer 7---------------------------------
gate ( ZZ) on qubits (6 7)
layer 8---------------------------------
gate ( ZZ) on qubits (2 6)
layer 9---------------------------------
gate ( ZZ) on qubits (2 7)
metric-----------------------------------
depth 10
#swap 1
bound_depth:  1
Using transition based mode...
start adding constraints...
Trying maximal depth = 1...
Show UNSAT core
[time__7 + 1 <= 1,
 time__3 + 1 <= 1,
 time__11 + 1 <= 1,
 time__1 + 1 <= 1,
 time__14 + 1 <= 1,
 time__13 + 1 <= 1,
 time__8 + 1 <= 1,
 time__9 + 1 <= 1,
 time__0 + 1 <= 1,
 time__2 + 1 <= 1,
 time__5 + 1 <= 1,
 time__6 + 1 <= 1,
 time__4 + 1 <= 1,
 time__12 + 1 <= 1,
 time__10 + 1 <= 1]
Trying maximal depth = 2...
Bound of Trying min swap = 8...
Bound of Trying min swap = 4...
Bound of Trying min swap = 2...
Bound of Trying min swap = 1...
Compilation time = 0:01:49.752153.
SWAP on physical edge (14,15) at time 0
Gate 0: ZZ 0, 1 on qubits 13 and 14 at time 0
Gate 1: ZZ 0, 3 on qubits 13 and 14 at time 1
Gate 2: ZZ 0, 8 on qubits 13 and 9 at time 1
Gate 3: ZZ 1, 2 on qubits 14 and 10 at time 0
Gate 4: ZZ 1, 5 on qubits 14 and 11 at time 0
Gate 5: ZZ 3, 8 on qubits 14 and 9 at time 1
Gate 6: ZZ 3, 5 on qubits 14 and 11 at time 1
Gate 7: ZZ 8, 9 on qubits 9 and 5 at time 1
Gate 8: ZZ 2, 7 on qubits 10 and 7 at time 0
Gate 9: ZZ 2, 6 on qubits 10 and 6 at time 0
Gate 10: ZZ 7, 5 on qubits 7 and 11 at time 1
Gate 11: ZZ 7, 4 on qubits 7 and 2 at time 1
Gate 12: ZZ 4, 9 on qubits 2 and 5 at time 1
Gate 13: ZZ 4, 6 on qubits 2 and 6 at time 1
Gate 14: ZZ 9, 6 on qubits 5 and 6 at time 1
result- additional SWAP count = 1.
result- circuit depth = 13.
Total compilation time = 0:01:49.772987.
[[(13, 14)], [(14, 10)], [(14, 11), (10, 7)], [(10, 6), (14, 15)], [(13, 14)], [(13, 9)], [(14, 9)], [(14, 11), (9, 5)], [(7, 11)], [(7, 2)], [(2, 5)], [(2, 6)], [(5, 6)]]
[['ZZ'], ['ZZ'], ['ZZ', 'ZZ'], ['ZZ', 'SWAP'], ['ZZ'], ['ZZ'], ['ZZ'], ['ZZ', 'ZZ'], ['ZZ'], ['ZZ'], ['ZZ'], ['ZZ'], ['ZZ']]
layer 0---------------------------------
gate ( ZZ) on qubits (13 14)
layer 1---------------------------------
gate ( ZZ) on qubits (10 14)
layer 2---------------------------------
gate ( ZZ) on qubits (7 10)
gate ( ZZ) on qubits (11 14)
layer 3---------------------------------
gate ( swap) on qubits (14 15)
gate ( ZZ) on qubits (6 10)
layer 4---------------------------------
gate ( ZZ) on qubits (13 14)
layer 5---------------------------------
gate ( ZZ) on qubits (9 13)
layer 6---------------------------------
gate ( ZZ) on qubits (9 14)
layer 7---------------------------------
gate ( ZZ) on qubits (11 14)
gate ( ZZ) on qubits (5 9)
layer 8---------------------------------
gate ( ZZ) on qubits (7 11)
layer 9---------------------------------
gate ( ZZ) on qubits (2 7)
layer 10---------------------------------
gate ( ZZ) on qubits (2 5)
layer 11---------------------------------
gate ( ZZ) on qubits (2 6)
layer 12---------------------------------
gate ( ZZ) on qubits (5 6)
metric-----------------------------------
depth 13
#swap 1
bound_depth:  10
Using normal mode...
start adding constraints...
Trying maximal depth = 10...
Bound of Trying min swap = 7...
Bound of Trying min swap = 3...
Bound of Trying min swap = 1...
Bound of Trying min swap = 0...
[num_swap <= 0]
Compilation time = 0:13:05.537509.
SWAP on physical edge (14,15) at time 7
Gate 0: ZZ 0, 1 on qubits 2 and 7 at time 0
Gate 1: ZZ 0, 3 on qubits 2 and 6 at time 1
Gate 2: ZZ 0, 8 on qubits 2 and 5 at time 2
Gate 3: ZZ 1, 2 on qubits 7 and 11 at time 2
Gate 4: ZZ 1, 5 on qubits 7 and 10 at time 3
Gate 5: ZZ 3, 8 on qubits 6 and 5 at time 3
Gate 6: ZZ 3, 5 on qubits 6 and 10 at time 4
Gate 7: ZZ 8, 9 on qubits 5 and 9 at time 5
Gate 8: ZZ 2, 7 on qubits 11 and 14 at time 3
Gate 9: ZZ 2, 6 on qubits 11 and 15 at time 4
Gate 10: ZZ 7, 5 on qubits 14 and 10 at time 5
Gate 11: ZZ 7, 4 on qubits 14 and 13 at time 6
Gate 12: ZZ 4, 9 on qubits 13 and 9 at time 7
Gate 13: ZZ 4, 6 on qubits 13 and 14 at time 8
Gate 14: ZZ 9, 6 on qubits 9 and 14 at time 9
result- additional SWAP count = 1.
result- circuit depth = 10.
Total compilation time = 0:13:05.594941.
[[(2, 7)], [(2, 6)], [(2, 5), (7, 11)], [(7, 10), (6, 5), (11, 14)], [(6, 10), (11, 15)], [(5, 9), (14, 10)], [(14, 13)], [(13, 9), (14, 15)], [(13, 14)], [(9, 14)]]
[['ZZ'], ['ZZ'], ['ZZ', 'ZZ'], ['ZZ', 'ZZ', 'ZZ'], ['ZZ', 'ZZ'], ['ZZ', 'ZZ'], ['ZZ'], ['ZZ', 'SWAP'], ['ZZ'], ['ZZ']]
layer 0---------------------------------
gate ( ZZ) on qubits (2 7)
layer 1---------------------------------
gate ( ZZ) on qubits (2 6)
gate ( ZZ) on qubits (7 11)
layer 2---------------------------------
gate ( ZZ) on qubits (2 5)
gate ( ZZ) on qubits (7 10)
gate ( ZZ) on qubits (11 14)
layer 3---------------------------------
gate ( ZZ) on qubits (5 6)
gate ( ZZ) on qubits (11 15)
layer 4---------------------------------
gate ( ZZ) on qubits (6 10)
gate ( ZZ) on qubits (5 9)
layer 5---------------------------------
gate ( ZZ) on qubits (10 14)
layer 6---------------------------------
gate ( ZZ) on qubits (13 14)
layer 7---------------------------------
gate ( ZZ) on qubits (9 13)
gate ( swap) on qubits (14 15)
layer 8---------------------------------
gate ( ZZ) on qubits (13 14)
layer 9---------------------------------
gate ( ZZ) on qubits (9 14)
metric-----------------------------------
depth 10
#swap 1
bound_depth:  1
Using transition based mode...
start adding constraints...
Trying maximal depth = 1...
Show UNSAT core
[time__10 + 1 <= 1,
 time__2 + 1 <= 1,
 time__14 + 1 <= 1,
 time__9 + 1 <= 1,
 time__12 + 1 <= 1,
 time__8 + 1 <= 1,
 time__5 + 1 <= 1,
 time__4 + 1 <= 1,
 time__6 + 1 <= 1,
 time__1 + 1 <= 1,
 time__3 + 1 <= 1,
 time__0 + 1 <= 1,
 time__13 + 1 <= 1,
 time__11 + 1 <= 1,
 time__7 + 1 <= 1]
Trying maximal depth = 2...
Bound of Trying min swap = 8...
Bound of Trying min swap = 4...
Bound of Trying min swap = 2...
Bound of Trying min swap = 1...
Compilation time = 0:00:40.276378.
SWAP on physical edge (13,14) at time 0
Gate 0: ZZ 0, 1 on qubits 9 and 14 at time 0
Gate 1: ZZ 0, 3 on qubits 9 and 8 at time 0
Gate 2: ZZ 0, 8 on qubits 9 and 5 at time 0
Gate 3: ZZ 1, 2 on qubits 14 and 11 at time 0
Gate 4: ZZ 1, 5 on qubits 14 and 13 at time 0
Gate 5: ZZ 3, 8 on qubits 8 and 5 at time 0
Gate 6: ZZ 3, 5 on qubits 8 and 13 at time 0
Gate 7: ZZ 8, 9 on qubits 5 and 2 at time 0
Gate 8: ZZ 2, 7 on qubits 11 and 10 at time 0
Gate 9: ZZ 2, 6 on qubits 11 and 7 at time 0
Gate 10: ZZ 7, 5 on qubits 10 and 14 at time 1
Gate 11: ZZ 7, 4 on qubits 10 and 6 at time 1
Gate 12: ZZ 4, 9 on qubits 6 and 2 at time 1
Gate 13: ZZ 4, 6 on qubits 6 and 7 at time 1
Gate 14: ZZ 9, 6 on qubits 2 and 7 at time 1
result- additional SWAP count = 1.
result- circuit depth = 11.
Total compilation time = 0:00:40.302936.
[[(9, 14)], [(9, 8), (14, 11)], [(9, 5), (14, 13), (11, 10)], [(8, 5), (11, 7)], [(8, 13), (5, 2)], [(13, 14)], [(10, 14)], [(10, 6)], [(6, 2)], [(6, 7)], [(2, 7)]]
[['ZZ'], ['ZZ', 'ZZ'], ['ZZ', 'ZZ', 'ZZ'], ['ZZ', 'ZZ'], ['ZZ', 'ZZ'], ['SWAP'], ['ZZ'], ['ZZ'], ['ZZ'], ['ZZ'], ['ZZ']]
layer 0---------------------------------
gate ( ZZ) on qubits (9 14)
layer 1---------------------------------
gate ( ZZ) on qubits (8 9)
gate ( ZZ) on qubits (11 14)
layer 2---------------------------------
gate ( ZZ) on qubits (5 9)
gate ( ZZ) on qubits (10 11)
gate ( ZZ) on qubits (13 14)
layer 3---------------------------------
gate ( ZZ) on qubits (5 8)
gate ( ZZ) on qubits (7 11)
layer 4---------------------------------
gate ( ZZ) on qubits (8 13)
gate ( ZZ) on qubits (2 5)
layer 5---------------------------------
gate ( swap) on qubits (13 14)
layer 6---------------------------------
gate ( ZZ) on qubits (10 14)
layer 7---------------------------------
gate ( ZZ) on qubits (6 10)
layer 8---------------------------------
gate ( ZZ) on qubits (2 6)
layer 9---------------------------------
gate ( ZZ) on qubits (6 7)
layer 10---------------------------------
gate ( ZZ) on qubits (2 7)
metric-----------------------------------
depth 11
#swap 1
bound_depth:  10
Using normal mode...
start adding constraints...
Trying maximal depth = 10...
Bound of Trying min swap = 7...
Bound of Trying min swap = 3...
Bound of Trying min swap = 1...
Bound of Trying min swap = 0...
[num_swap <= 0]
Compilation time = 0:15:49.239280.
SWAP on physical edge (5,6) at time 0
Gate 0: ZZ 0, 1 on qubits 5 and 8 at time 0
Gate 1: ZZ 0, 3 on qubits 6 and 2 at time 1
Gate 2: ZZ 0, 8 on qubits 6 and 7 at time 2
Gate 3: ZZ 1, 2 on qubits 8 and 13 at time 1
Gate 4: ZZ 1, 5 on qubits 8 and 5 at time 3
Gate 5: ZZ 3, 8 on qubits 2 and 7 at time 3
Gate 6: ZZ 3, 5 on qubits 2 and 5 at time 4
Gate 7: ZZ 8, 9 on qubits 7 and 11 at time 4
Gate 8: ZZ 2, 7 on qubits 13 and 9 at time 2
Gate 9: ZZ 2, 6 on qubits 13 and 14 at time 3
Gate 10: ZZ 7, 5 on qubits 9 and 5 at time 5
Gate 11: ZZ 7, 4 on qubits 9 and 10 at time 6
Gate 12: ZZ 4, 9 on qubits 10 and 11 at time 7
Gate 13: ZZ 4, 6 on qubits 10 and 14 at time 8
Gate 14: ZZ 9, 6 on qubits 11 and 14 at time 9
result- additional SWAP count = 1.
result- circuit depth = 10.
Total compilation time = 0:15:49.285095.
[[(5, 8), (5, 6)], [(6, 2), (8, 13)], [(6, 7), (13, 9)], [(8, 5), (2, 7), (13, 14)], [(2, 5), (7, 11)], [(9, 5)], [(9, 10)], [(10, 11)], [(10, 14)], [(11, 14)]]
[['ZZ', 'SWAP'], ['ZZ', 'ZZ'], ['ZZ', 'ZZ'], ['ZZ', 'ZZ', 'ZZ'], ['ZZ', 'ZZ'], ['ZZ'], ['ZZ'], ['ZZ'], ['ZZ'], ['ZZ']]
layer 0---------------------------------
gate ( ZZ) on qubits (5 8)
layer 1---------------------------------
gate ( swap) on qubits (5 6)
gate ( ZZ) on qubits (8 13)
layer 2---------------------------------
gate ( ZZ) on qubits (2 6)
gate ( ZZ) on qubits (9 13)
gate ( ZZ) on qubits (5 8)
layer 3---------------------------------
gate ( ZZ) on qubits (6 7)
gate ( ZZ) on qubits (13 14)
layer 4---------------------------------
gate ( ZZ) on qubits (2 7)
layer 5---------------------------------
gate ( ZZ) on qubits (2 5)
gate ( ZZ) on qubits (7 11)
layer 6---------------------------------
gate ( ZZ) on qubits (5 9)
layer 7---------------------------------
gate ( ZZ) on qubits (9 10)
layer 8---------------------------------
gate ( ZZ) on qubits (10 11)
layer 9---------------------------------
gate ( ZZ) on qubits (10 14)
layer 10---------------------------------
gate ( ZZ) on qubits (11 14)
metric-----------------------------------
depth 11
#swap 1
