[[(5, 1)], [(1, 0)], [(5, 4)], [(1, 2)], [(8, 4)], [(5, 6)], [(0, 4)], [(2, 1)], [(0, 1)], [(8, 4)], [(4, 8)], [(8, 9)], [(9, 5)], [(1, 5)], [(6, 5)], [(4, 5)], [(5, 6)]]
[['ZZ'], ['ZZ'], ['ZZ'], ['ZZ'], ['ZZ'], ['ZZ'], ['SWAP'], ['SWAP'], ['ZZ'], ['ZZ'], ['SWAP'], ['ZZ'], ['SWAP'], ['ZZ'], ['SWAP'], ['ZZ'], ['ZZ']]
layer 0---------------------------------
gate ( ZZ) on qubits (1 5)
layer 1---------------------------------
gate ( ZZ) on qubits (0 1)
gate ( ZZ) on qubits (4 5)
layer 2---------------------------------
gate ( ZZ) on qubits (4 8)
gate ( ZZ swap) on qubits (1 2)
gate ( ZZ) on qubits (5 6)
layer 3---------------------------------
gate ( swap) on qubits (0 4)
layer 4---------------------------------
gate ( ZZ swap) on qubits (4 8)
gate ( ZZ) on qubits (0 1)
layer 5---------------------------------
gate ( ZZ) on qubits (8 9)
layer 6---------------------------------
gate ( swap) on qubits (5 9)
layer 7---------------------------------
gate ( ZZ) on qubits (1 5)
layer 8---------------------------------
gate ( swap) on qubits (5 6)
layer 9---------------------------------
gate ( ZZ) on qubits (4 5)
layer 10---------------------------------
gate ( ZZ) on qubits (5 6)
metric-----------------------------------
depth 11
#swap 3
[[(10, 7)], [(7, 6)], [(10, 11)], [(7, 3)], [(10, 9)], [(15, 11)], [(11, 7)], [(15, 14)], [(7, 3)], [(14, 10)], [(10, 6)], [(6, 2)], [(10, 9)], [(3, 2)], [(9, 10)], [(10, 6)], [(6, 2)]]
[['ZZ'], ['ZZ'], ['ZZ'], ['ZZ'], ['ZZ'], ['ZZ'], ['SWAP'], ['SWAP'], ['ZZ'], ['SWAP'], ['ZZ'], ['ZZ'], ['ZZ'], ['ZZ'], ['SWAP'], ['SWAP'], ['ZZ']]
layer 0---------------------------------
gate ( ZZ) on qubits (7 10)
layer 1---------------------------------
gate ( ZZ) on qubits (6 7)
gate ( ZZ) on qubits (10 11)
layer 2---------------------------------
gate ( ZZ) on qubits (3 7)
gate ( ZZ) on qubits (11 15)
gate ( ZZ) on qubits (9 10)
layer 3---------------------------------
gate ( swap) on qubits (7 11)
gate ( swap) on qubits (14 15)
layer 4---------------------------------
gate ( swap) on qubits (10 14)
gate ( ZZ) on qubits (3 7)
layer 5---------------------------------
gate ( ZZ) on qubits (6 10)
layer 6---------------------------------
gate ( ZZ) on qubits (2 6)
gate ( ZZ swap) on qubits (9 10)
layer 7---------------------------------
gate ( ZZ) on qubits (2 3)
gate ( swap) on qubits (6 10)
layer 8---------------------------------
gate ( ZZ) on qubits (2 6)
metric-----------------------------------
depth 9
#swap 4
[[(6, 11)], [(6, 10)], [(11, 7)], [(6, 9)], [(14, 10)], [(11, 15)], [(14, 10)], [(10, 6)], [(14, 15)], [(6, 7)], [(15, 11)], [(7, 3)], [(6, 9)], [(3, 7)], [(9, 6)], [(11, 7)], [(6, 7)]]
[['ZZ'], ['ZZ'], ['ZZ'], ['ZZ'], ['ZZ'], ['ZZ'], ['SWAP'], ['SWAP'], ['ZZ'], ['ZZ'], ['SWAP'], ['ZZ'], ['ZZ'], ['SWAP'], ['SWAP'], ['ZZ'], ['ZZ']]
layer 0---------------------------------
gate ( ZZ) on qubits (6 11)
layer 1---------------------------------
gate ( ZZ) on qubits (6 10)
gate ( ZZ) on qubits (7 11)
layer 2---------------------------------
gate ( ZZ) on qubits (6 9)
gate ( ZZ swap) on qubits (10 14)
gate ( ZZ) on qubits (11 15)
layer 3---------------------------------
gate ( swap) on qubits (6 10)
gate ( ZZ) on qubits (14 15)
layer 4---------------------------------
gate ( ZZ) on qubits (6 7)
gate ( swap) on qubits (11 15)
layer 5---------------------------------
gate ( ZZ swap) on qubits (3 7)
gate ( ZZ swap) on qubits (6 9)
layer 6---------------------------------
gate ( ZZ) on qubits (7 11)
layer 7---------------------------------
gate ( ZZ) on qubits (6 7)
metric-----------------------------------
depth 8
#swap 2
[[(10, 13)], [(10, 9)], [(13, 14)], [(5, 9)], [(10, 6)], [(13, 12)], [(14, 10)], [(12, 13)], [(5, 10)], [(9, 13)], [(5, 6)], [(10, 11)], [(11, 10)], [(13, 10)], [(6, 10)]]
[['ZZ'], ['ZZ'], ['ZZ'], ['ZZ'], ['ZZ'], ['ZZ'], ['SWAP'], ['SWAP'], ['ZZ'], ['ZZ'], ['ZZ'], ['ZZ'], ['SWAP'], ['ZZ'], ['ZZ']]
layer 0---------------------------------
gate ( ZZ) on qubits (10 13)
layer 1---------------------------------
gate ( ZZ) on qubits (9 10)
gate ( ZZ) on qubits (13 14)
layer 2---------------------------------
gate ( ZZ) on qubits (6 10)
gate ( ZZ) on qubits (5 9)
gate ( ZZ swap) on qubits (12 13)
layer 3---------------------------------
gate ( swap) on qubits (10 14)
gate ( ZZ) on qubits (9 13)
layer 4---------------------------------
gate ( ZZ) on qubits (5 10)
layer 5---------------------------------
gate ( ZZ swap) on qubits (10 11)
gate ( ZZ) on qubits (5 6)
layer 6---------------------------------
gate ( ZZ) on qubits (10 13)
layer 7---------------------------------
gate ( ZZ) on qubits (6 10)
metric-----------------------------------
depth 8
#swap 1
