start searching...
Using transition based mode...
start adding constraints...
Trying maximal depth = 1...
Show UNSAT core
[time__14 + 1 <= 1,
 time__12 + 1 <= 1,
 time__13 + 1 <= 1,
 time__11 + 1 <= 1,
 time__9 + 1 <= 1,
 time__10 + 1 <= 1,
 time__8 + 1 <= 1,
 time__6 + 1 <= 1,
 time__7 + 1 <= 1,
 time__5 + 1 <= 1,
 time__3 + 1 <= 1,
 time__4 + 1 <= 1,
 time__2 + 1 <= 1,
 time__0 + 1 <= 1,
 time__1 + 1 <= 1]
Trying maximal depth = 2...
Show UNSAT core
[time__13 + 1 <= 2, time__14 + 1 <= 2, time__12 + 1 <= 2]
Trying maximal depth = 3...
Show UNSAT core
[time__14 + 1 <= 3,
 time__13 + 1 <= 3,
 time__12 + 1 <= 3,
 time__10 + 1 <= 3]
Trying maximal depth = 4...
Show UNSAT core
[time__14 + 1 <= 4, time__12 + 1 <= 4, time__13 + 1 <= 4]
Trying maximal depth = 5...
Show UNSAT core
[time__14 + 1 <= 5, time__12 + 1 <= 5, time__13 + 1 <= 5]
Trying maximal depth = 6...
Bound of Trying min swap = 10...
Bound of Trying min swap = 8...
[num_swap <= 8]
Bound of Trying min swap = 9...
[num_swap <= 9]
SWAP on physical edge (0,4) at time 0
SWAP on physical edge (2,3) at time 1
SWAP on physical edge (3,4) at time 2
SWAP on physical edge (4,5) at time 1
SWAP on physical edge (5,6) at time 2
SWAP on physical edge (6,7) at time 3
SWAP on physical edge (6,9) at time 1
SWAP on physical edge (15,16) at time 3
SWAP on physical edge (9,15) at time 2
SWAP on physical edge (9,15) at time 4
Gate 0: ZZ 0, 1 on qubits 4 and 5 at time 0
Gate 1: ZZ 0, 3 on qubits 4 and 3 at time 0
Gate 2: ZZ 0, 8 on qubits 4 and 0 at time 0
Gate 3: ZZ 1, 2 on qubits 5 and 6 at time 0
Gate 4: ZZ 1, 5 on qubits 4 and 3 at time 2
Gate 5: ZZ 3, 8 on qubits 3 and 4 at time 1
Gate 6: ZZ 3, 5 on qubits 2 and 3 at time 2
Gate 7: ZZ 8, 9 on qubits 6 and 9 at time 3
Gate 8: ZZ 2, 7 on qubits 6 and 9 at time 0
Gate 9: ZZ 2, 6 on qubits 16 and 15 at time 4
Gate 10: ZZ 7, 5 on qubits 5 and 4 at time 4
Gate 11: ZZ 7, 4 on qubits 5 and 6 at time 4
Gate 12: ZZ 4, 9 on qubits 6 and 9 at time 4
Gate 13: ZZ 4, 6 on qubits 6 and 9 at time 5
Gate 14: ZZ 9, 6 on qubits 15 and 9 at time 5
result- additional SWAP count = 10.
result- circuit depth = 15.
[(0, 4), (1, 2), (2, 3), (3, 4), (4, 5), (5, 6), (6, 7), (2, 8), (6, 9), (10, 11), (8, 11), (11, 12), (12, 13), (13, 14), (14, 15), (15, 16), (9, 15), (13, 17)]
layer 0---------------------------------
gate ( ZZ) on qubits (4 5)
layer 1---------------------------------
gate ( ZZ) on qubits (3 4)
gate ( ZZ) on qubits (5 6)
layer 2---------------------------------
gate ( ZZ swap) on qubits (0 4)
gate ( ZZ swap) on qubits (6 9)
layer 3---------------------------------
gate ( ZZ) on qubits (3 4)
gate ( swap) on qubits (9 15)
layer 4---------------------------------
gate ( swap) on qubits (2 3)
gate ( swap) on qubits (4 5)
gate ( swap ZZ) on qubits (15 16)
layer 5---------------------------------
gate ( ZZ) on qubits (3 4)
gate ( swap) on qubits (5 6)
layer 6---------------------------------
gate ( ZZ) on qubits (2 3)
gate ( ZZ) on qubits (6 9)
layer 7---------------------------------
gate ( swap) on qubits (3 4)
gate ( swap) on qubits (6 7)
layer 8---------------------------------
gate ( ZZ) on qubits (4 5)
layer 9---------------------------------
gate ( ZZ) on qubits (5 6)
layer 10---------------------------------
gate ( ZZ) on qubits (6 9)
layer 11---------------------------------
gate ( swap) on qubits (9 15)
layer 12---------------------------------
gate ( ZZ) on qubits (6 9)
layer 13---------------------------------
gate ( ZZ) on qubits (9 15)
metric-----------------------------------
depth 14
#swap 7
Compilation time = 0:13:27.077630.
optimizing circuit with swap range (0,10) 
Trying maximal depth = 1...
Show UNSAT core
[time__11 + 1 <= 1,
 time__10 + 1 <= 1,
 time__6 + 1 <= 1,
 time__9 + 1 <= 1,
 time__8 + 1 <= 1,
 time__1 + 1 <= 1,
 time__2 + 1 <= 1,
 time__3 + 1 <= 1,
 time__4 + 1 <= 1,
 time__5 + 1 <= 1,
 time__14 + 1 <= 1,
 time__7 + 1 <= 1,
 time__13 + 1 <= 1,
 time__12 + 1 <= 1,
 time__0 + 1 <= 1]
Trying maximal depth = 2...
Show UNSAT core
[time__8 + 1 <= 2,
 time__1 + 1 <= 2,
 time__5 + 1 <= 2,
 time__7 + 1 <= 2,
 time__4 + 1 <= 2,
 time__2 + 1 <= 2,
 time__12 + 1 <= 2,
 time__10 + 1 <= 2,
 time__11 + 1 <= 2,
 time__6 + 1 <= 2,
 time__14 + 1 <= 2,
 time__13 + 1 <= 2,
 time__9 + 1 <= 2]
Trying maximal depth = 3...
Show UNSAT core
[time__14 + 1 <= 3,
 time__13 + 1 <= 3,
 time__12 + 1 <= 3,
 time__11 + 1 <= 3,
 time__10 + 1 <= 3,
 time__9 + 1 <= 3,
 time__8 + 1 <= 3,
 time__6 + 1 <= 3,
 time__7 + 1 <= 3,
 time__5 + 1 <= 3,
 time__4 + 1 <= 3,
 time__3 + 1 <= 3,
 time__2 + 1 <= 3]
Trying maximal depth = 4...
Bound of Trying min swap = 7...
Bound of Trying min swap = 5...
Bound of Trying min swap = 4...
[num_swap <= 4]
SWAP on physical edge (4,5) at time 2
SWAP on physical edge (12,13) at time 1
SWAP on physical edge (13,14) at time 0
SWAP on physical edge (15,16) at time 0
SWAP on physical edge (13,17) at time 2
Gate 0: ZZ 0, 1 on qubits 15 and 14 at time 0
Gate 1: ZZ 0, 3 on qubits 15 and 16 at time 0
Gate 2: ZZ 0, 8 on qubits 15 and 9 at time 0
Gate 3: ZZ 1, 2 on qubits 13 and 17 at time 1
Gate 4: ZZ 1, 5 on qubits 13 and 14 at time 1
Gate 5: ZZ 3, 8 on qubits 15 and 9 at time 1
Gate 6: ZZ 3, 5 on qubits 15 and 14 at time 2
Gate 7: ZZ 8, 9 on qubits 9 and 6 at time 1
Gate 8: ZZ 2, 7 on qubits 17 and 13 at time 2
Gate 9: ZZ 2, 6 on qubits 13 and 5 at time 3
Gate 10: ZZ 7, 5 on qubits 13 and 14 at time 2
Gate 11: ZZ 7, 4 on qubits 13 and 5 at time 2
Gate 12: ZZ 4, 9 on qubits 5 and 6 at time 2
Gate 13: ZZ 4, 6 on qubits 4 and 5 at time 3
Gate 14: ZZ 9, 6 on qubits 6 and 5 at time 3
result- additional SWAP count = 5.
result- circuit depth = 13.
[(5, 13), (0, 4), (1, 2), (2, 3), (3, 4), (4, 5), (5, 6), (6, 7), (2, 8), (6, 9), (10, 11), (8, 11), (11, 12), (12, 13), (13, 14), (14, 15), (15, 16), (9, 15), (13, 17)]
layer 0---------------------------------
gate ( ZZ) on qubits (14 15)
layer 1---------------------------------
gate ( ZZ) on qubits (15 16)
gate ( swap) on qubits (13 14)
layer 2---------------------------------
gate ( ZZ) on qubits (13 17)
gate ( ZZ) on qubits (9 15)
layer 3---------------------------------
gate ( swap) on qubits (15 16)
gate ( ZZ) on qubits (13 14)
layer 4---------------------------------
gate ( ZZ) on qubits (9 15)
gate ( swap) on qubits (12 13)
layer 5---------------------------------
gate ( ZZ) on qubits (13 17)
gate ( ZZ) on qubits (14 15)
gate ( ZZ) on qubits (6 9)
layer 6---------------------------------
gate ( ZZ) on qubits (13 14)
layer 7---------------------------------
gate ( ZZ) on qubits (5 13)
layer 8---------------------------------
gate ( ZZ) on qubits (5 6)
gate ( swap) on qubits (13 17)
layer 9---------------------------------
gate ( swap) on qubits (4 5)
layer 10---------------------------------
gate ( ZZ) on qubits (5 13)
layer 11---------------------------------
gate ( ZZ) on qubits (4 5)
layer 12---------------------------------
gate ( ZZ) on qubits (5 6)
metric-----------------------------------
depth 13
#swap 5
Compilation time = 0:04:04.603618.
optimizing circuit with swap range (0,5) 
Trying maximal depth = 1...
Show UNSAT core
[time__11 + 1 <= 1,
 time__8 + 1 <= 1,
 time__14 + 1 <= 1,
 time__1 + 1 <= 1,
 time__3 + 1 <= 1,
 time__4 + 1 <= 1,
 time__7 + 1 <= 1,
 time__6 + 1 <= 1,
 time__9 + 1 <= 1,
 time__13 + 1 <= 1,
 time__2 + 1 <= 1,
 time__5 + 1 <= 1,
 time__0 + 1 <= 1,
 time__10 + 1 <= 1,
 time__12 + 1 <= 1]
Trying maximal depth = 2...
Show UNSAT core
[time__7 + 1 <= 2,
 time__4 + 1 <= 2,
 time__5 + 1 <= 2,
 time__12 + 1 <= 2,
 time__8 + 1 <= 2,
 time__1 + 1 <= 2,
 time__2 + 1 <= 2,
 time__13 + 1 <= 2,
 time__3 + 1 <= 2,
 time__9 + 1 <= 2,
 time__11 + 1 <= 2,
 time__14 + 1 <= 2,
 time__6 + 1 <= 2,
 time__10 + 1 <= 2]
Trying maximal depth = 3...
Bound of Trying min swap = 4...
Bound of Trying min swap = 3...
[num_swap <= 3]
SWAP on physical edge (5,6) at time 1
SWAP on physical edge (11,12) at time 0
SWAP on physical edge (14,15) at time 0
SWAP on physical edge (13,17) at time 0
Gate 0: ZZ 0, 1 on qubits 12 and 13 at time 0
Gate 1: ZZ 0, 3 on qubits 12 and 11 at time 0
Gate 2: ZZ 0, 8 on qubits 12 and 4 at time 0
Gate 3: ZZ 1, 2 on qubits 13 and 14 at time 0
Gate 4: ZZ 1, 5 on qubits 13 and 17 at time 0
Gate 5: ZZ 3, 8 on qubits 12 and 4 at time 1
Gate 6: ZZ 3, 5 on qubits 12 and 13 at time 1
Gate 7: ZZ 8, 9 on qubits 4 and 5 at time 1
Gate 8: ZZ 2, 7 on qubits 14 and 15 at time 0
Gate 9: ZZ 2, 6 on qubits 15 and 9 at time 1
Gate 10: ZZ 7, 5 on qubits 14 and 13 at time 1
Gate 11: ZZ 7, 4 on qubits 14 and 6 at time 1
Gate 12: ZZ 4, 9 on qubits 6 and 5 at time 1
Gate 13: ZZ 4, 6 on qubits 6 and 9 at time 1
Gate 14: ZZ 9, 6 on qubits 6 and 9 at time 2
result- additional SWAP count = 4.
result- circuit depth = 12.
[(4, 12), (6, 14), (0, 4), (1, 2), (2, 3), (3, 4), (4, 5), (5, 6), (6, 7), (2, 8), (6, 9), (10, 11), (8, 11), (11, 12), (12, 13), (13, 14), (14, 15), (15, 16), (9, 15), (13, 17)]
layer 0---------------------------------
gate ( ZZ) on qubits (12 13)
layer 1---------------------------------
gate ( ZZ) on qubits (11 12)
gate ( ZZ) on qubits (13 14)
layer 2---------------------------------
gate ( ZZ) on qubits (4 12)
gate ( ZZ swap) on qubits (14 15)
gate ( ZZ swap) on qubits (13 17)
layer 3---------------------------------
gate ( swap) on qubits (11 12)
gate ( ZZ) on qubits (9 15)
layer 4---------------------------------
gate ( ZZ) on qubits (4 12)
layer 5---------------------------------
gate ( ZZ) on qubits (12 13)
gate ( ZZ) on qubits (4 5)
layer 6---------------------------------
gate ( ZZ) on qubits (13 14)
layer 7---------------------------------
gate ( ZZ) on qubits (6 14)
layer 8---------------------------------
gate ( ZZ) on qubits (5 6)
layer 9---------------------------------
gate ( ZZ) on qubits (6 9)
layer 10---------------------------------
gate ( swap) on qubits (5 6)
layer 11---------------------------------
gate ( ZZ) on qubits (6 9)
metric-----------------------------------
depth 12
#swap 2
Compilation time = 0:23:15.951692.
optimizing circuit with swap range (0,4) 
Trying maximal depth = 1...
Show UNSAT core
[time__0 + 1 <= 1,
 time__5 + 1 <= 1,
 time__13 + 1 <= 1,
 time__4 + 1 <= 1,
 time__3 + 1 <= 1,
 time__10 + 1 <= 1,
 time__8 + 1 <= 1,
 time__6 + 1 <= 1,
 time__1 + 1 <= 1,
 time__14 + 1 <= 1,
 time__9 + 1 <= 1,
 time__12 + 1 <= 1,
 time__11 + 1 <= 1,
 time__2 + 1 <= 1,
 time__7 + 1 <= 1]
Trying maximal depth = 2...
Bound of Trying min swap = 3...
[num_swap <= 3]
SWAP on physical edge (6,9) at time 0
SWAP on physical edge (14,15) at time 0
SWAP on physical edge (13,17) at time 0
SWAP on physical edge (3,12) at time 0
Gate 0: ZZ 0, 1 on qubits 6 and 14 at time 0
Gate 1: ZZ 0, 3 on qubits 6 and 9 at time 0
Gate 2: ZZ 0, 8 on qubits 6 and 5 at time 0
Gate 3: ZZ 1, 2 on qubits 14 and 13 at time 0
Gate 4: ZZ 1, 5 on qubits 14 and 15 at time 0
Gate 5: ZZ 3, 8 on qubits 6 and 5 at time 1
Gate 6: ZZ 3, 5 on qubits 6 and 14 at time 1
Gate 7: ZZ 8, 9 on qubits 5 and 4 at time 1
Gate 8: ZZ 2, 7 on qubits 13 and 17 at time 0
Gate 9: ZZ 2, 6 on qubits 13 and 12 at time 0
Gate 10: ZZ 7, 5 on qubits 13 and 14 at time 1
Gate 11: ZZ 7, 4 on qubits 13 and 12 at time 1
Gate 12: ZZ 4, 9 on qubits 12 and 4 at time 1
Gate 13: ZZ 4, 6 on qubits 12 and 3 at time 1
Gate 14: ZZ 9, 6 on qubits 4 and 3 at time 1
result- additional SWAP count = 4.
result- circuit depth = 11.
[(3, 12), (4, 12), (6, 14), (0, 4), (1, 2), (2, 3), (3, 4), (4, 5), (5, 6), (6, 7), (2, 8), (6, 9), (10, 11), (8, 11), (11, 12), (12, 13), (13, 14), (14, 15), (15, 16), (9, 15), (13, 17)]
layer 0---------------------------------
gate ( ZZ) on qubits (6 14)
layer 1---------------------------------
gate ( ZZ) on qubits (6 9)
gate ( ZZ) on qubits (13 14)
layer 2---------------------------------
gate ( ZZ) on qubits (13 17)
gate ( ZZ) on qubits (5 6)
gate ( ZZ swap) on qubits (14 15)
layer 3---------------------------------
gate ( swap) on qubits (6 9)
gate ( ZZ) on qubits (12 13)
layer 4---------------------------------
gate ( ZZ) on qubits (5 6)
gate ( swap) on qubits (13 17)
gate ( swap) on qubits (3 12)
layer 5---------------------------------
gate ( ZZ) on qubits (6 14)
gate ( ZZ) on qubits (4 5)
layer 6---------------------------------
gate ( ZZ) on qubits (13 14)
layer 7---------------------------------
gate ( ZZ) on qubits (12 13)
layer 8---------------------------------
gate ( ZZ) on qubits (4 12)
layer 9---------------------------------
gate ( ZZ) on qubits (3 12)
layer 10---------------------------------
gate ( ZZ) on qubits (3 4)
metric-----------------------------------
depth 11
#swap 3
Compilation time = 0:00:25.770585.
optimizing circuit with swap range (0,4) 
Trying maximal depth = 1...
Show UNSAT core
[time__6 + 1 <= 1,
 time__5 + 1 <= 1,
 time__8 + 1 <= 1,
 time__4 + 1 <= 1,
 time__10 + 1 <= 1,
 time__12 + 1 <= 1,
 time__13 + 1 <= 1,
 time__3 + 1 <= 1,
 time__0 + 1 <= 1,
 time__1 + 1 <= 1,
 time__9 + 1 <= 1,
 time__11 + 1 <= 1,
 time__14 + 1 <= 1,
 time__2 + 1 <= 1,
 time__7 + 1 <= 1]
Trying maximal depth = 2...
Bound of Trying min swap = 3...
Bound of Trying min swap = 2...
[num_swap <= 2]
SWAP on physical edge (0,4) at time 0
SWAP on physical edge (5,6) at time 0
SWAP on physical edge (11,12) at time 0
Gate 0: ZZ 0, 1 on qubits 5 and 4 at time 0
Gate 1: ZZ 0, 3 on qubits 5 and 15 at time 0
Gate 2: ZZ 0, 8 on qubits 6 and 5 at time 1
Gate 3: ZZ 1, 2 on qubits 4 and 12 at time 0
Gate 4: ZZ 1, 5 on qubits 4 and 14 at time 0
Gate 5: ZZ 3, 8 on qubits 15 and 5 at time 1
Gate 6: ZZ 3, 5 on qubits 15 and 14 at time 1
Gate 7: ZZ 8, 9 on qubits 5 and 4 at time 1
Gate 8: ZZ 2, 7 on qubits 12 and 13 at time 0
Gate 9: ZZ 2, 6 on qubits 12 and 3 at time 0
Gate 10: ZZ 7, 5 on qubits 13 and 14 at time 1
Gate 11: ZZ 7, 4 on qubits 13 and 12 at time 1
Gate 12: ZZ 4, 9 on qubits 12 and 4 at time 1
Gate 13: ZZ 4, 6 on qubits 12 and 3 at time 1
Gate 14: ZZ 9, 6 on qubits 4 and 3 at time 1
result- additional SWAP count = 3.
result- circuit depth = 11.
[(3, 12), (4, 12), (4, 14), (5, 15), (0, 4), (1, 2), (2, 3), (3, 4), (4, 5), (5, 6), (6, 7), (2, 8), (6, 9), (10, 11), (8, 11), (11, 12), (12, 13), (13, 14), (14, 15), (15, 16), (9, 15), (13, 17)]
layer 0---------------------------------
gate ( ZZ) on qubits (4 5)
layer 1---------------------------------
gate ( ZZ) on qubits (4 12)
gate ( ZZ) on qubits (5 15)
layer 2---------------------------------
gate ( ZZ) on qubits (12 13)
gate ( ZZ) on qubits (4 14)
gate ( swap ZZ) on qubits (5 6)
layer 3---------------------------------
gate ( ZZ) on qubits (3 12)
gate ( ZZ) on qubits (5 15)
gate ( swap) on qubits (0 4)
layer 4---------------------------------
gate ( ZZ) on qubits (14 15)
gate ( swap) on qubits (11 12)
gate ( ZZ) on qubits (4 5)
layer 5---------------------------------
gate ( ZZ) on qubits (13 14)
layer 6---------------------------------
gate ( ZZ) on qubits (12 13)
layer 7---------------------------------
gate ( ZZ) on qubits (4 12)
layer 8---------------------------------
gate ( ZZ) on qubits (3 12)
layer 9---------------------------------
gate ( ZZ) on qubits (3 4)
metric-----------------------------------
depth 10
#swap 2
Compilation time = 0:02:21.275870.
optimizing circuit with swap range (0,3) 
Trying maximal depth = 1...
Show UNSAT core
[time__6 + 1 <= 1,
 time__14 + 1 <= 1,
 time__7 + 1 <= 1,
 time__12 + 1 <= 1,
 time__3 + 1 <= 1,
 time__8 + 1 <= 1,
 time__10 + 1 <= 1,
 time__1 + 1 <= 1,
 time__4 + 1 <= 1,
 time__5 + 1 <= 1,
 time__9 + 1 <= 1,
 time__13 + 1 <= 1,
 time__11 + 1 <= 1,
 time__0 + 1 <= 1,
 time__2 + 1 <= 1]
Trying maximal depth = 2...
Bound of Trying min swap = 2...
[num_swap <= 2]
SWAP on physical edge (0,4) at time 0
SWAP on physical edge (5,6) at time 0
SWAP on physical edge (13,17) at time 0
Gate 0: ZZ 0, 1 on qubits 12 and 13 at time 0
Gate 1: ZZ 0, 3 on qubits 12 and 4 at time 0
Gate 2: ZZ 0, 8 on qubits 12 and 3 at time 0
Gate 3: ZZ 1, 2 on qubits 13 and 14 at time 0
Gate 4: ZZ 1, 5 on qubits 13 and 5 at time 0
Gate 5: ZZ 3, 8 on qubits 4 and 3 at time 0
Gate 6: ZZ 3, 5 on qubits 4 and 5 at time 0
Gate 7: ZZ 8, 9 on qubits 3 and 4 at time 1
Gate 8: ZZ 2, 7 on qubits 14 and 15 at time 0
Gate 9: ZZ 2, 6 on qubits 14 and 13 at time 1
Gate 10: ZZ 7, 5 on qubits 15 and 5 at time 0
Gate 11: ZZ 7, 4 on qubits 15 and 5 at time 1
Gate 12: ZZ 4, 9 on qubits 5 and 4 at time 1
Gate 13: ZZ 4, 6 on qubits 5 and 13 at time 1
Gate 14: ZZ 9, 6 on qubits 4 and 13 at time 1
result- additional SWAP count = 3.
result- circuit depth = 11.
[(3, 12), (4, 12), (4, 13), (5, 13), (5, 15), (0, 4), (1, 2), (2, 3), (3, 4), (4, 5), (5, 6), (6, 7), (2, 8), (6, 9), (10, 11), (8, 11), (11, 12), (12, 13), (13, 14), (14, 15), (15, 16), (9, 15), (13, 17)]
layer 0---------------------------------
gate ( ZZ) on qubits (12 13)
layer 1---------------------------------
gate ( ZZ) on qubits (4 12)
gate ( ZZ) on qubits (13 14)
layer 2---------------------------------
gate ( ZZ) on qubits (3 12)
gate ( ZZ) on qubits (5 13)
gate ( ZZ) on qubits (14 15)
layer 3---------------------------------
gate ( ZZ) on qubits (3 4)
gate ( swap) on qubits (13 17)
layer 4---------------------------------
gate ( ZZ) on qubits (4 5)
gate ( ZZ) on qubits (13 14)
layer 5---------------------------------
gate ( swap) on qubits (0 4)
gate ( ZZ) on qubits (5 15)
layer 6---------------------------------
gate ( swap) on qubits (5 6)
gate ( ZZ) on qubits (3 4)
layer 7---------------------------------
gate ( ZZ) on qubits (5 15)
layer 8---------------------------------
gate ( ZZ) on qubits (4 5)
layer 9---------------------------------
gate ( ZZ) on qubits (5 13)
layer 10---------------------------------
gate ( ZZ) on qubits (4 13)
metric-----------------------------------
depth 11
#swap 3
Compilation time = 0:04:35.184131.
optimizing circuit with swap range (0,3) 
Trying maximal depth = 1...
Show UNSAT core
[time__12 + 1 <= 1,
 time__7 + 1 <= 1,
 time__4 + 1 <= 1,
 time__2 + 1 <= 1,
 time__13 + 1 <= 1,
 time__10 + 1 <= 1,
 time__9 + 1 <= 1,
 time__8 + 1 <= 1,
 time__11 + 1 <= 1,
 time__14 + 1 <= 1,
 time__6 + 1 <= 1,
 time__5 + 1 <= 1,
 time__0 + 1 <= 1,
 time__3 + 1 <= 1,
 time__1 + 1 <= 1]
Trying maximal depth = 2...
Bound of Trying min swap = 2...
[num_swap <= 2]
SWAP on physical edge (0,4) at time 0
SWAP on physical edge (2,3) at time 0
SWAP on physical edge (6,14) at time 0
Gate 0: ZZ 0, 1 on qubits 3 and 4 at time 0
Gate 1: ZZ 0, 3 on qubits 3 and 8 at time 0
Gate 2: ZZ 0, 8 on qubits 3 and 2 at time 0
Gate 3: ZZ 1, 2 on qubits 4 and 14 at time 0
Gate 4: ZZ 1, 5 on qubits 4 and 12 at time 0
Gate 5: ZZ 3, 8 on qubits 8 and 2 at time 0
Gate 6: ZZ 3, 5 on qubits 8 and 12 at time 0
Gate 7: ZZ 8, 9 on qubits 3 and 4 at time 1
Gate 8: ZZ 2, 7 on qubits 14 and 13 at time 0
Gate 9: ZZ 2, 6 on qubits 6 and 5 at time 1
Gate 10: ZZ 7, 5 on qubits 13 and 12 at time 0
Gate 11: ZZ 7, 4 on qubits 13 and 14 at time 1
Gate 12: ZZ 4, 9 on qubits 14 and 4 at time 1
Gate 13: ZZ 4, 6 on qubits 14 and 5 at time 1
Gate 14: ZZ 9, 6 on qubits 4 and 5 at time 1
result- additional SWAP count = 3.
result- circuit depth = 10.
[(3, 8), (8, 12), (4, 12), (4, 14), (5, 14), (6, 14), (0, 4), (1, 2), (2, 3), (3, 4), (4, 5), (5, 6), (6, 7), (2, 8), (6, 9), (10, 11), (8, 11), (11, 12), (12, 13), (13, 14), (14, 15), (15, 16), (9, 15), (13, 17)]
layer 0---------------------------------
gate ( ZZ) on qubits (3 4)
layer 1---------------------------------
gate ( ZZ) on qubits (3 8)
gate ( ZZ) on qubits (4 14)
layer 2---------------------------------
gate ( ZZ) on qubits (2 3)
gate ( ZZ) on qubits (4 12)
gate ( ZZ) on qubits (13 14)
layer 3---------------------------------
gate ( ZZ) on qubits (2 8)
gate ( swap) on qubits (6 14)
gate ( swap) on qubits (0 4)
layer 4---------------------------------
gate ( swap) on qubits (2 3)
gate ( ZZ) on qubits (8 12)
gate ( ZZ) on qubits (5 6)
layer 5---------------------------------
gate ( ZZ) on qubits (12 13)
gate ( ZZ) on qubits (3 4)
layer 6---------------------------------
gate ( ZZ) on qubits (13 14)
layer 7---------------------------------
gate ( ZZ) on qubits (4 14)
layer 8---------------------------------
gate ( ZZ) on qubits (5 14)
layer 9---------------------------------
gate ( ZZ) on qubits (4 5)
metric-----------------------------------
depth 10
#swap 3
Compilation time = 0:04:31.481673.
optimizing circuit with swap range (0,3) 
Trying maximal depth = 1...
Show UNSAT core
[time__1 + 1 <= 1,
 time__13 + 1 <= 1,
 time__12 + 1 <= 1,
 time__6 + 1 <= 1,
 time__9 + 1 <= 1,
 time__14 + 1 <= 1,
 time__10 + 1 <= 1,
 time__11 + 1 <= 1,
 time__7 + 1 <= 1,
 time__3 + 1 <= 1,
 time__8 + 1 <= 1,
 time__5 + 1 <= 1,
 time__2 + 1 <= 1,
 time__4 + 1 <= 1,
 time__0 + 1 <= 1]
Trying maximal depth = 2...
Bound of Trying min swap = 2...
[num_swap <= 2]
SWAP on physical edge (0,4) at time 0
SWAP on physical edge (2,3) at time 0
SWAP on physical edge (14,15) at time 0
Gate 0: ZZ 0, 1 on qubits 8 and 12 at time 0
Gate 1: ZZ 0, 3 on qubits 8 and 3 at time 0
Gate 2: ZZ 0, 8 on qubits 8 and 2 at time 0
Gate 3: ZZ 1, 2 on qubits 12 and 13 at time 0
Gate 4: ZZ 1, 5 on qubits 12 and 4 at time 0
Gate 5: ZZ 3, 8 on qubits 3 and 2 at time 0
Gate 6: ZZ 3, 5 on qubits 3 and 4 at time 0
Gate 7: ZZ 8, 9 on qubits 3 and 4 at time 1
Gate 8: ZZ 2, 7 on qubits 13 and 14 at time 0
Gate 9: ZZ 2, 6 on qubits 13 and 14 at time 1
Gate 10: ZZ 7, 5 on qubits 14 and 4 at time 0
Gate 11: ZZ 7, 4 on qubits 14 and 5 at time 0
Gate 12: ZZ 4, 9 on qubits 5 and 4 at time 1
Gate 13: ZZ 4, 6 on qubits 5 and 14 at time 1
Gate 14: ZZ 9, 6 on qubits 4 and 14 at time 1
result- additional SWAP count = 3.
result- circuit depth = 11.
[(3, 8), (8, 12), (4, 12), (4, 14), (5, 14), (0, 4), (1, 2), (2, 3), (3, 4), (4, 5), (5, 6), (6, 7), (2, 8), (6, 9), (10, 11), (8, 11), (11, 12), (12, 13), (13, 14), (14, 15), (15, 16), (9, 15), (13, 17)]
layer 0---------------------------------
gate ( ZZ) on qubits (8 12)
layer 1---------------------------------
gate ( ZZ) on qubits (3 8)
gate ( ZZ) on qubits (12 13)
layer 2---------------------------------
gate ( ZZ) on qubits (2 8)
gate ( ZZ) on qubits (4 12)
gate ( ZZ) on qubits (13 14)
layer 3---------------------------------
gate ( ZZ) on qubits (2 3)
layer 4---------------------------------
gate ( ZZ) on qubits (3 4)
layer 5---------------------------------
gate ( ZZ) on qubits (4 14)
gate ( swap) on qubits (2 3)
layer 6---------------------------------
gate ( swap) on qubits (0 4)
gate ( ZZ) on qubits (5 14)
layer 7---------------------------------
gate ( swap) on qubits (14 15)
gate ( ZZ) on qubits (3 4)
layer 8---------------------------------
gate ( ZZ) on qubits (4 5)
gate ( ZZ) on qubits (13 14)
layer 9---------------------------------
gate ( ZZ) on qubits (5 14)
layer 10---------------------------------
gate ( ZZ) on qubits (4 14)
metric-----------------------------------
depth 11
#swap 3
Compilation time = 0:06:38.514910.
Total compilation time = 0:59:25.004296.
