layer 0---------------------------------
gate ( U4) on qubits (0 1)
gate ( U4) on qubits (2 3)
gate ( U4) on qubits (6 7)
gate ( U4) on qubits (4 5)
layer 1---------------------------------
gate ( U4 swap) on qubits (1 2)
gate ( U4) on qubits (5 6)
gate ( swap) on qubits (3 7)
layer 2---------------------------------
gate ( U4) on qubits (0 1)
gate ( swap) on qubits (4 5)
gate ( swap) on qubits (6 7)
layer 3---------------------------------
gate ( swap) on qubits (1 2)
gate ( U4 swap) on qubits (5 6)
layer 4---------------------------------
gate ( U4) on qubits (6 7)
gate ( swap) on qubits (0 1)
layer 5---------------------------------
gate ( U4) on qubits (2 6)
layer 6---------------------------------
gate ( swap) on qubits (1 2)
layer 7---------------------------------
gate ( U4) on qubits (2 6)
metric-----------------------------------
depth 8
#swap 6
layer 0---------------------------------
gate ( U4) on qubits (0 1)
gate ( U4) on qubits (2 3)
gate ( U4) on qubits (4 5)
gate ( U4) on qubits (6 7)
layer 1---------------------------------
gate ( U4 swap) on qubits (1 2)
gate ( U4) on qubits (5 6)
layer 2---------------------------------
gate ( U4) on qubits (0 1)
gate ( swap) on qubits (4 5)
gate ( swap) on qubits (2 3)
layer 3---------------------------------
gate ( swap) on qubits (1 5)
layer 4---------------------------------
gate ( U4) on qubits (1 2)
layer 5---------------------------------
gate ( swap) on qubits (2 6)
layer 6---------------------------------
gate ( U4) on qubits (1 2)
layer 7---------------------------------
gate ( U4) on qubits (1 5)
layer 8---------------------------------
gate ( U4) on qubits (0 1)
metric-----------------------------------
depth 9
#swap 4
layer 0---------------------------------
gate ( U4) on qubits (0 1)
gate ( U4) on qubits (2 3)
gate ( U4) on qubits (4 5)
gate ( U4) on qubits (6 7)
layer 1---------------------------------
gate ( U4 swap) on qubits (1 2)
gate ( U4) on qubits (5 6)
layer 2---------------------------------
gate ( U4) on qubits (0 1)
gate ( swap) on qubits (4 5)
gate ( swap) on qubits (2 3)
layer 3---------------------------------
gate ( swap) on qubits (1 5)
layer 4---------------------------------
gate ( U4) on qubits (1 2)
layer 5---------------------------------
gate ( swap) on qubits (2 6)
layer 6---------------------------------
gate ( U4) on qubits (1 2)
layer 7---------------------------------
gate ( U4) on qubits (1 5)
layer 8---------------------------------
gate ( U4) on qubits (0 1)
metric-----------------------------------
depth 9
#swap 4
[['u4'], ['u4'], ['u4'], ['u4'], ['u4'], ['u4'], ['SWAP'], ['SWAP'], ['u4'], ['u4'], ['SWAP'], ['SWAP'], ['u4'], ['u4'], ['u4']]
layer 0---------------------------------
gate ( U4) on qubits (0 1)
gate ( U4) on qubits (4 5)
gate ( U4) on qubits (2 6)
gate ( U4) on qubits (3 7)
layer 1---------------------------------
gate ( U4) on qubits (1 2)
gate ( U4) on qubits (0 4)
layer 2---------------------------------
gate ( swap) on qubits (1 5)
gate ( swap) on qubits (2 3)
layer 3---------------------------------
gate ( U4) on qubits (5 6)
gate ( U4 swap) on qubits (1 2)
layer 4---------------------------------
gate ( swap) on qubits (4 5)
layer 5---------------------------------
gate ( U4) on qubits (1 5)
layer 6---------------------------------
gate ( U4) on qubits (4 5)
layer 7---------------------------------
gate ( U4) on qubits (5 6)
metric-----------------------------------
depth 8
#swap 3
