start searching...
Using transition based mode...
start adding constraints...
Trying maximal depth = 1...
Show UNSAT core
[time__25 + 1 <= 1,
 time__23 + 1 <= 1,
 time__24 + 1 <= 1,
 time__22 + 1 <= 1,
 time__20 + 1 <= 1,
 time__21 + 1 <= 1,
 time__17 + 1 <= 1,
 time__18 + 1 <= 1,
 time__16 + 1 <= 1,
 time__14 + 1 <= 1,
 time__13 + 1 <= 1,
 time__12 + 1 <= 1,
 time__7 + 1 <= 1,
 time__5 + 1 <= 1,
 time__6 + 1 <= 1,
 time__4 + 1 <= 1]
Trying maximal depth = 2...
Show UNSAT core
[time__18 + 1 <= 2,
 time__21 + 1 <= 2,
 time__23 + 1 <= 2,
 time__24 + 1 <= 2,
 time__25 + 1 <= 2]
Trying maximal depth = 3...
Show UNSAT core
[time__24 + 1 <= 3,
 time__25 + 1 <= 3,
 time__23 + 1 <= 3,
 time__21 + 1 <= 3,
 time__18 + 1 <= 3,
 time__17 + 1 <= 3,
 time__13 + 1 <= 3]
Trying maximal depth = 4...
Show UNSAT core
[time__25 + 1 <= 4,
 time__24 + 1 <= 4,
 time__15 + 1 <= 4,
 time__23 + 1 <= 4,
 time__22 + 1 <= 4,
 time__21 + 1 <= 4,
 time__4 + 1 <= 4,
 time__17 + 1 <= 4,
 time__18 + 1 <= 4]
Trying maximal depth = 5...
Show UNSAT core
[time__24 + 1 <= 5,
 time__6 + 1 <= 5,
 time__25 + 1 <= 5,
 time__18 + 1 <= 5,
 time__17 + 1 <= 5,
 time__14 + 1 <= 5,
 time__11 + 1 <= 5,
 time__22 + 1 <= 5,
 time__23 + 1 <= 5,
 time__20 + 1 <= 5,
 time__21 + 1 <= 5]
Trying maximal depth = 6...
Bound of Trying min swap = 16...
Bound of Trying min swap = 11...
[num_swap <= 11]
Bound of Trying min swap = 14...
Bound of Trying min swap = 13...
Bound of Trying min swap = 12...
