bound_depth:  1
Using transition based mode...
start adding constraints...
Trying maximal depth = 1...
Show UNSAT core
[time__8 + 1 <= 1, time__6 + 1 <= 1, time__2 + 1 <= 1]
Trying maximal depth = 2...
Show UNSAT core
[time__10 + 1 <= 2,
 time__9 + 1 <= 2,
 time__0 + 1 <= 2,
 time__8 + 1 <= 2,
 time__7 + 1 <= 2,
 time__4 + 1 <= 2]
Trying maximal depth = 3...
Show UNSAT core
[time__9 + 1 <= 3,
 time__10 + 1 <= 3,
 time__8 + 1 <= 3,
 time__2 + 1 <= 3,
 time__6 + 1 <= 3,
 time__7 + 1 <= 3,
 time__5 + 1 <= 3]
Trying maximal depth = 4...
Bound of Trying min swap = 7...
Bound of Trying min swap = 5...
Bound of Trying min swap = 4...
Bound of Trying min swap = 3...
[num_swap <= 3]
Compilation time = 0:00:31.177466.
