start searching...
Using transition based mode...
start adding constraints...
Trying maximal depth = 1...
Show UNSAT core
[time__20 + 1 <= 1,
 time__18 + 1 <= 1,
 time__19 + 1 <= 1,
 time__17 + 1 <= 1,
 time__15 + 1 <= 1,
 time__16 + 1 <= 1,
 time__14 + 1 <= 1,
 time__12 + 1 <= 1,
 time__13 + 1 <= 1,
 time__11 + 1 <= 1,
 time__9 + 1 <= 1,
 time__10 + 1 <= 1,
 time__8 + 1 <= 1,
 time__6 + 1 <= 1,
 time__7 + 1 <= 1,
 time__5 + 1 <= 1,
 time__3 + 1 <= 1,
 time__4 + 1 <= 1,
 time__2 + 1 <= 1,
 time__0 + 1 <= 1,
 time__1 + 1 <= 1]
Trying maximal depth = 2...
Show UNSAT core
[time__1 + 1 <= 2,
 time__2 + 1 <= 2,
 time__0 + 1 <= 2,
 time__4 + 1 <= 2,
 time__5 + 1 <= 2,
 time__3 + 1 <= 2,
 time__7 + 1 <= 2,
 time__8 + 1 <= 2,
 time__6 + 1 <= 2,
 time__10 + 1 <= 2,
 time__11 + 1 <= 2,
 time__9 + 1 <= 2,
 time__13 + 1 <= 2,
 time__14 + 1 <= 2,
 time__12 + 1 <= 2,
 time__16 + 1 <= 2,
 time__17 + 1 <= 2,
 time__15 + 1 <= 2,
 time__19 + 1 <= 2,
 time__20 + 1 <= 2,
 time__18 + 1 <= 2]
Trying maximal depth = 3...
Bound of Trying min swap = 12...
Bound of Trying min swap = 7...
Bound of Trying min swap = 5...
Bound of Trying min swap = 4...
[num_swap <= 4]
SWAP on physical edge (1,2) at time 0
SWAP on physical edge (4,5) at time 1
SWAP on physical edge (13,14) at time 1
SWAP on physical edge (6,10) at time 0
SWAP on physical edge (7,11) at time 1
Gate 0: ZZ 3, 13 on qubits 2 and 1 at time 0
Gate 1: ZZ 3, 6 on qubits 2 and 3 at time 0
Gate 2: ZZ 3, 0 on qubits 2 and 6 at time 0
Gate 3: ZZ 13, 9 on qubits 1 and 5 at time 0
Gate 4: ZZ 13, 6 on qubits 2 and 3 at time 1
Gate 5: ZZ 5, 10 on qubits 11 and 10 at time 0
Gate 6: ZZ 5, 0 on qubits 11 and 10 at time 1
Gate 7: ZZ 5, 4 on qubits 11 and 15 at time 1
Gate 8: ZZ 10, 11 on qubits 10 and 9 at time 0
Gate 9: ZZ 10, 1 on qubits 6 and 7 at time 1
Gate 10: ZZ 0, 7 on qubits 10 and 14 at time 1
Gate 11: ZZ 1, 6 on qubits 7 and 3 at time 1
Gate 12: ZZ 1, 4 on qubits 11 and 15 at time 2
Gate 13: ZZ 9, 11 on qubits 5 and 9 at time 0
Gate 14: ZZ 9, 12 on qubits 4 and 8 at time 2
Gate 15: ZZ 11, 12 on qubits 9 and 8 at time 2
Gate 16: ZZ 2, 8 on qubits 12 and 13 at time 1
Gate 17: ZZ 2, 7 on qubits 12 and 13 at time 2
Gate 18: ZZ 2, 12 on qubits 12 and 8 at time 2
Gate 19: ZZ 8, 4 on qubits 14 and 15 at time 2
Gate 20: ZZ 8, 7 on qubits 14 and 13 at time 2
result- additional SWAP count = 5.
result- circuit depth = 10.
[(0, 1), (1, 2), (2, 3), (4, 5), (5, 6), (6, 7), (8, 9), (9, 10), (10, 11), (12, 13), (13, 14), (14, 15), (0, 4), (4, 8), (8, 12), (1, 5), (5, 9), (9, 13), (2, 6), (6, 10), (10, 14), (3, 7), (7, 11), (11, 15)]
layer 0---------------------------------
gate ( ZZ) on qubits (1 2)
gate ( ZZ) on qubits (10 11)
gate ( ZZ) on qubits (12 13)
layer 1---------------------------------
gate ( ZZ) on qubits (2 3)
gate ( ZZ) on qubits (1 5)
gate ( ZZ) on qubits (9 10)
layer 2---------------------------------
gate ( ZZ) on qubits (2 6)
gate ( ZZ) on qubits (5 9)
layer 3---------------------------------
gate ( swap) on qubits (1 2)
gate ( swap) on qubits (6 10)
gate ( swap) on qubits (4 5)
layer 4---------------------------------
gate ( ZZ) on qubits (10 11)
gate ( ZZ) on qubits (2 3)
gate ( ZZ) on qubits (6 7)
gate ( ZZ) on qubits (4 8)
layer 5---------------------------------
gate ( ZZ) on qubits (10 14)
gate ( ZZ) on qubits (3 7)
gate ( ZZ) on qubits (11 15)
gate ( ZZ) on qubits (8 9)
layer 6---------------------------------
gate ( swap) on qubits (7 11)
gate ( swap) on qubits (13 14)
layer 7---------------------------------
gate ( ZZ) on qubits (12 13)
gate ( ZZ) on qubits (11 15)
layer 8---------------------------------
gate ( ZZ) on qubits (14 15)
gate ( ZZ) on qubits (8 12)
layer 9---------------------------------
gate ( ZZ) on qubits (13 14)
metric-----------------------------------
depth 10
#swap 5
Compilation time = 3:15:45.072696.
optimizing circuit with swap range (0,5) 
Trying maximal depth = 1...
Show UNSAT core
[time__8 + 1 <= 1,
 time__9 + 1 <= 1,
 time__0 + 1 <= 1,
 time__2 + 1 <= 1,
 time__1 + 1 <= 1,
 time__4 + 1 <= 1,
 time__3 + 1 <= 1,
 time__17 + 1 <= 1,
 time__20 + 1 <= 1,
 time__16 + 1 <= 1,
 time__15 + 1 <= 1,
 time__19 + 1 <= 1,
 time__6 + 1 <= 1,
 time__18 + 1 <= 1,
 time__11 + 1 <= 1,
 time__14 + 1 <= 1,
 time__13 + 1 <= 1,
 time__10 + 1 <= 1,
 time__12 + 1 <= 1,
 time__5 + 1 <= 1,
 time__7 + 1 <= 1]
Trying maximal depth = 2...
Show UNSAT core
[time__8 + 1 <= 2,
 time__2 + 1 <= 2,
 time__7 + 1 <= 2,
 time__11 + 1 <= 2,
 time__3 + 1 <= 2,
 time__10 + 1 <= 2,
 time__1 + 1 <= 2,
 time__5 + 1 <= 2,
 time__0 + 1 <= 2,
 time__4 + 1 <= 2,
 time__6 + 1 <= 2,
 time__9 + 1 <= 2,
 time__17 + 1 <= 2,
 time__18 + 1 <= 2,
 time__16 + 1 <= 2,
 time__20 + 1 <= 2,
 time__12 + 1 <= 2,
 time__19 + 1 <= 2,
 time__15 + 1 <= 2,
 time__14 + 1 <= 2,
 time__13 + 1 <= 2]
Trying maximal depth = 3...
Bound of Trying min swap = 4...
