start searching...
Using transition based mode...
start adding constraints...
Trying maximal depth = 1...
Show UNSAT core
[time__10 + 1 <= 1,
 time__11 + 1 <= 1,
 time__9 + 1 <= 1,
 time__7 + 1 <= 1,
 time__8 + 1 <= 1,
 time__6 + 1 <= 1,
 time__4 + 1 <= 1,
 time__5 + 1 <= 1,
 time__3 + 1 <= 1,
 time__1 + 1 <= 1,
 time__2 + 1 <= 1,
 time__0 + 1 <= 1]
Trying maximal depth = 2...
Bound of Trying min swap = 6...
Bound of Trying min swap = 3...
Bound of Trying min swap = 2...
Bound of Trying min swap = 1...
[num_swap <= 1]
SWAP on physical edge (8,12) at time 0
SWAP on physical edge (2,6) at time 0
Gate 0: ZZ 0, 1 on qubits 6 and 10 at time 0
Gate 1: ZZ 0, 3 on qubits 6 and 5 at time 0
Gate 2: ZZ 0, 6 on qubits 2 and 6 at time 1
Gate 3: ZZ 1, 7 on qubits 10 and 9 at time 0
Gate 4: ZZ 1, 6 on qubits 10 and 6 at time 1
Gate 5: ZZ 2, 4 on qubits 8 and 4 at time 0
Gate 6: ZZ 2, 7 on qubits 8 and 9 at time 0
Gate 7: ZZ 2, 5 on qubits 8 and 12 at time 0
Gate 8: ZZ 4, 3 on qubits 4 and 5 at time 1
Gate 9: ZZ 4, 5 on qubits 4 and 8 at time 1
Gate 10: ZZ 3, 6 on qubits 5 and 6 at time 1
Gate 11: ZZ 7, 5 on qubits 9 and 8 at time 1
result- additional SWAP count = 2.
result- circuit depth = 7.
Compilation time = 0:00:16.726730.
layer 0---------------------------------
gate ( ZZ) on qubits (6 10)
gate ( ZZ) on qubits (4 8)
layer 1---------------------------------
gate ( ZZ) on qubits (9 10)
gate ( ZZ) on qubits (5 6)
layer 2---------------------------------
gate ( ZZ) on qubits (8 9)
gate ( swap ZZ) on qubits (2 6)
gate ( ZZ) on qubits (4 5)
layer 3---------------------------------
gate ( ZZ swap) on qubits (8 12)
gate ( ZZ) on qubits (6 10)
layer 4---------------------------------
gate ( ZZ) on qubits (4 8)
gate ( ZZ) on qubits (5 6)
layer 5---------------------------------
gate ( ZZ) on qubits (8 9)
metric-----------------------------------
depth 6
#swap 0
optimizing circuit with swap range (0,2) 
Trying maximal depth = 1...
Show UNSAT core
[time__8 + 1 <= 1,
 time__1 + 1 <= 1,
 time__0 + 1 <= 1,
 time__2 + 1 <= 1,
 time__4 + 1 <= 1,
 time__3 + 1 <= 1,
 time__11 + 1 <= 1,
 time__6 + 1 <= 1,
 time__5 + 1 <= 1,
 time__10 + 1 <= 1,
 time__7 + 1 <= 1,
 time__9 + 1 <= 1]
Trying maximal depth = 2...
Bound of Trying min swap = 1...
[num_swap <= 1]
SWAP on physical edge (14,15) at time 0
SWAP on physical edge (5,8) at time 0
Gate 0: ZZ 0, 1 on qubits 5 and 9 at time 0
Gate 1: ZZ 0, 3 on qubits 5 and 6 at time 0
Gate 2: ZZ 0, 6 on qubits 5 and 8 at time 0
Gate 3: ZZ 1, 7 on qubits 9 and 13 at time 0
Gate 4: ZZ 1, 6 on qubits 9 and 5 at time 1
Gate 5: ZZ 2, 4 on qubits 14 and 10 at time 0
Gate 6: ZZ 2, 7 on qubits 14 and 13 at time 0
Gate 7: ZZ 2, 5 on qubits 15 and 14 at time 1
Gate 8: ZZ 4, 3 on qubits 10 and 6 at time 0
Gate 9: ZZ 4, 5 on qubits 10 and 14 at time 1
Gate 10: ZZ 3, 6 on qubits 6 and 5 at time 1
Gate 11: ZZ 7, 5 on qubits 13 and 14 at time 1
result- additional SWAP count = 2.
result- circuit depth = 7.
Compilation time = 0:03:44.898586.
layer 0---------------------------------
gate ( ZZ) on qubits (5 9)
gate ( ZZ) on qubits (10 14)
layer 1---------------------------------
gate ( ZZ) on qubits (5 6)
gate ( ZZ) on qubits (9 13)
layer 2---------------------------------
gate ( ZZ) on qubits (13 14)
gate ( ZZ swap) on qubits (5 8)
gate ( ZZ) on qubits (6 10)
layer 3---------------------------------
gate ( swap ZZ) on qubits (14 15)
gate ( ZZ) on qubits (5 9)
layer 4---------------------------------
gate ( ZZ) on qubits (10 14)
gate ( ZZ) on qubits (5 6)
layer 5---------------------------------
gate ( ZZ) on qubits (13 14)
metric-----------------------------------
depth 6
#swap 0
optimizing circuit with swap range (0,2) 
Trying maximal depth = 1...
Show UNSAT core
[time__11 + 1 <= 1,
 time__10 + 1 <= 1,
 time__8 + 1 <= 1,
 time__3 + 1 <= 1,
 time__7 + 1 <= 1,
 time__5 + 1 <= 1,
 time__6 + 1 <= 1,
 time__2 + 1 <= 1,
 time__4 + 1 <= 1,
 time__0 + 1 <= 1,
 time__1 + 1 <= 1,
 time__9 + 1 <= 1]
Trying maximal depth = 2...
Bound of Trying min swap = 1...
SWAP on physical edge (9,13) at time 0
Gate 0: ZZ 0, 1 on qubits 9 and 8 at time 0
Gate 1: ZZ 0, 3 on qubits 9 and 10 at time 0
Gate 2: ZZ 0, 6 on qubits 13 and 9 at time 1
Gate 3: ZZ 1, 7 on qubits 8 and 4 at time 0
Gate 4: ZZ 1, 6 on qubits 8 and 9 at time 1
Gate 5: ZZ 2, 4 on qubits 5 and 6 at time 0
Gate 6: ZZ 2, 7 on qubits 5 and 4 at time 0
Gate 7: ZZ 2, 5 on qubits 5 and 1 at time 0
Gate 8: ZZ 4, 3 on qubits 6 and 10 at time 0
Gate 9: ZZ 4, 5 on qubits 6 and 1 at time 0
Gate 10: ZZ 3, 6 on qubits 10 and 9 at time 1
Gate 11: ZZ 7, 5 on qubits 4 and 1 at time 0
result- additional SWAP count = 1.
result- circuit depth = 6.
Compilation time = 0:00:08.704132.
layer 0---------------------------------
gate ( ZZ) on qubits (8 9)
gate ( ZZ) on qubits (5 6)
layer 1---------------------------------
gate ( ZZ) on qubits (4 8)
gate ( ZZ) on qubits (9 10)
layer 2---------------------------------
gate ( ZZ) on qubits (4 5)
gate ( swap ZZ) on qubits (9 13)
gate ( ZZ) on qubits (6 10)
layer 3---------------------------------
gate ( ZZ) on qubits (1 5)
gate ( ZZ) on qubits (8 9)
layer 4---------------------------------
gate ( ZZ) on qubits (1 6)
gate ( ZZ) on qubits (9 10)
layer 5---------------------------------
gate ( ZZ) on qubits (1 4)
metric-----------------------------------
depth 6
#swap 0
optimizing circuit with swap range (0,1) 
Trying maximal depth = 1...
Show UNSAT core
[time__11 + 1 <= 1,
 time__7 + 1 <= 1,
 time__3 + 1 <= 1,
 time__10 + 1 <= 1,
 time__9 + 1 <= 1,
 time__8 + 1 <= 1,
 time__1 + 1 <= 1,
 time__0 + 1 <= 1,
 time__2 + 1 <= 1,
 time__6 + 1 <= 1,
 time__5 + 1 <= 1,
 time__4 + 1 <= 1]
Trying maximal depth = 2...
Bound of Trying min swap = 1...
SWAP on physical edge (12,13) at time 0
Gate 0: ZZ 0, 1 on qubits 9 and 4 at time 1
Gate 1: ZZ 0, 3 on qubits 9 and 10 at time 1
Gate 2: ZZ 0, 6 on qubits 9 and 5 at time 1
Gate 3: ZZ 1, 7 on qubits 4 and 8 at time 1
Gate 4: ZZ 1, 6 on qubits 4 and 5 at time 1
Gate 5: ZZ 2, 4 on qubits 13 and 14 at time 0
Gate 6: ZZ 2, 7 on qubits 12 and 8 at time 1
Gate 7: ZZ 2, 5 on qubits 12 and 13 at time 1
Gate 8: ZZ 4, 3 on qubits 14 and 10 at time 1
Gate 9: ZZ 4, 5 on qubits 14 and 13 at time 1
Gate 10: ZZ 3, 6 on qubits 10 and 5 at time 1
Gate 11: ZZ 7, 5 on qubits 8 and 13 at time 1
result- additional SWAP count = 1.
result- circuit depth = 6.
Compilation time = 0:00:17.582346.
layer 0---------------------------------
gate ( ZZ) on qubits (4 9)
gate ( ZZ) on qubits (13 14)
layer 1---------------------------------
gate ( ZZ) on qubits (9 10)
gate ( ZZ) on qubits (4 8)
gate ( swap) on qubits (12 13)
layer 2---------------------------------
gate ( ZZ) on qubits (5 9)
gate ( ZZ) on qubits (8 12)
gate ( ZZ) on qubits (10 14)
layer 3---------------------------------
gate ( ZZ) on qubits (12 13)
gate ( ZZ) on qubits (4 5)
layer 4---------------------------------
gate ( ZZ) on qubits (13 14)
gate ( ZZ) on qubits (5 10)
layer 5---------------------------------
gate ( ZZ) on qubits (8 13)
metric-----------------------------------
depth 6
#swap 1
optimizing circuit with swap range (0,1) 
Trying maximal depth = 1...
Bound of Trying min swap = 0...
Gate 0: ZZ 0, 1 on qubits 13 and 8 at time 0
Gate 1: ZZ 0, 3 on qubits 13 and 10 at time 0
Gate 2: ZZ 0, 6 on qubits 13 and 9 at time 0
Gate 3: ZZ 1, 7 on qubits 8 and 4 at time 0
Gate 4: ZZ 1, 6 on qubits 8 and 9 at time 0
Gate 5: ZZ 2, 4 on qubits 1 and 6 at time 0
Gate 6: ZZ 2, 7 on qubits 1 and 4 at time 0
Gate 7: ZZ 2, 5 on qubits 1 and 5 at time 0
Gate 8: ZZ 4, 3 on qubits 6 and 10 at time 0
Gate 9: ZZ 4, 5 on qubits 6 and 5 at time 0
Gate 10: ZZ 3, 6 on qubits 10 and 9 at time 0
Gate 11: ZZ 7, 5 on qubits 4 and 5 at time 0
result- additional SWAP count = 0.
result- circuit depth = 6.
Compilation time = 0:00:03.776299.
layer 0---------------------------------
gate ( ZZ) on qubits (8 13)
gate ( ZZ) on qubits (1 6)
layer 1---------------------------------
gate ( ZZ) on qubits (10 13)
gate ( ZZ) on qubits (4 8)
layer 2---------------------------------
gate ( ZZ) on qubits (9 13)
gate ( ZZ) on qubits (1 4)
gate ( ZZ) on qubits (6 10)
layer 3---------------------------------
gate ( ZZ) on qubits (1 5)
gate ( ZZ) on qubits (8 9)
layer 4---------------------------------
gate ( ZZ) on qubits (5 6)
gate ( ZZ) on qubits (9 10)
layer 5---------------------------------
gate ( ZZ) on qubits (4 5)
metric-----------------------------------
depth 6
#swap 0
optimizing circuit with swap range (0,0) 
Trying maximal depth = 1...
Bound of Trying min swap = 0...
Gate 0: ZZ 0, 1 on qubits 13 and 8 at time 0
Gate 1: ZZ 0, 3 on qubits 13 and 10 at time 0
Gate 2: ZZ 0, 6 on qubits 13 and 9 at time 0
Gate 3: ZZ 1, 7 on qubits 8 and 4 at time 0
Gate 4: ZZ 1, 6 on qubits 8 and 9 at time 0
Gate 5: ZZ 2, 4 on qubits 1 and 6 at time 0
Gate 6: ZZ 2, 7 on qubits 1 and 4 at time 0
Gate 7: ZZ 2, 5 on qubits 1 and 5 at time 0
Gate 8: ZZ 4, 3 on qubits 6 and 10 at time 0
Gate 9: ZZ 4, 5 on qubits 6 and 5 at time 0
Gate 10: ZZ 3, 6 on qubits 10 and 9 at time 0
Gate 11: ZZ 7, 5 on qubits 4 and 5 at time 0
result- additional SWAP count = 0.
result- circuit depth = 6.
Compilation time = 0:00:00.203584.
layer 0---------------------------------
gate ( ZZ) on qubits (8 13)
gate ( ZZ) on qubits (1 6)
layer 1---------------------------------
gate ( ZZ) on qubits (10 13)
gate ( ZZ) on qubits (4 8)
layer 2---------------------------------
gate ( ZZ) on qubits (9 13)
gate ( ZZ) on qubits (1 4)
gate ( ZZ) on qubits (6 10)
layer 3---------------------------------
gate ( ZZ) on qubits (1 5)
gate ( ZZ) on qubits (8 9)
layer 4---------------------------------
gate ( ZZ) on qubits (5 6)
gate ( ZZ) on qubits (9 10)
layer 5---------------------------------
gate ( ZZ) on qubits (4 5)
metric-----------------------------------
depth 6
#swap 0
Total compilation time = 0:04:54.905067.
