start searching...
start adding constraints...
Trying maximal depth = 1...
Show UNSAT core
[time__8 + 1 <= 1, time__6 + 1 <= 1, time__2 + 1 <= 1]
Trying maximal depth = 2...
Show UNSAT core
[time__10 + 1 <= 2, time__9 + 1 <= 2, time__8 + 1 <= 2]
Trying maximal depth = 3...
Show UNSAT core
[time__9 + 1 <= 3,
 time__10 + 1 <= 3,
 time__8 + 1 <= 3,
 time__7 + 1 <= 3,
 time__4 + 1 <= 3]
Trying maximal depth = 4...
Bound of Trying min swap = 5...
Bound of Trying min swap = 2...
[num_swap <= 2]
Bound of Trying min swap = 4...
[num_swap <= 4]
SWAP on physical edge (1,2) at time 0
SWAP on physical edge (1,2) at time 2
SWAP on physical edge (5,6) at time 0
SWAP on physical edge (2,6) at time 1
SWAP on physical edge (3,7) at time 0
Gate 0: u4 0, 1 on qubits 0 and 1 at time 0
Gate 1: u4 2, 3 on qubits 2 and 3 at time 0
Gate 2: u4 4, 5 on qubits 5 and 4 at time 0
Gate 3: u4 6, 7 on qubits 6 and 7 at time 0
Gate 4: u4 1, 2 on qubits 1 and 2 at time 0
Gate 5: u4 3, 4 on qubits 7 and 6 at time 1
Gate 6: u4 5, 6 on qubits 4 and 5 at time 1
Gate 7: u4 0, 2 on qubits 0 and 1 at time 2
Gate 8: u4 4, 6 on qubits 6 and 5 at time 1
Gate 9: u4 2, 4 on qubits 1 and 2 at time 2
Gate 10: u4 0, 4 on qubits 0 and 1 at time 3
result- additional SWAP count = 4.
result- circuit depth = 7.
[(0, 1), (1, 2), (2, 3), (4, 5), (5, 6), (6, 7), (8, 9), (9, 10), (10, 11), (12, 13), (13, 14), (14, 15), (0, 4), (4, 8), (8, 12), (1, 5), (5, 9), (9, 13), (2, 6), (6, 10), (10, 14), (3, 7), (7, 11), (11, 15)]
layer 0---------------------------------
gate ( U4 U4) on qubits (0 1)
gate ( U4) on qubits (2 3)
gate ( U4) on qubits (4 5)
gate ( U4) on qubits (6 7)
layer 1---------------------------------
gate ( swap) on qubits (5 6)
gate ( swap) on qubits (3 7)
gate ( U4 swap) on qubits (1 2)
layer 2---------------------------------
gate ( U4) on qubits (4 5)
gate ( U4) on qubits (6 7)
gate ( U4) on qubits (0 1)
layer 3---------------------------------
gate ( U4) on qubits (5 6)
layer 4---------------------------------
gate ( swap) on qubits (2 6)
layer 5---------------------------------
gate ( U4) on qubits (1 2)
metric-----------------------------------
depth 6
#swap 3
Compilation time = 0:00:47.028752.
Trying maximal depth = 1...
Show UNSAT core
[time__10 + 1 <= 1,
 time__9 + 1 <= 1,
 time__8 + 1 <= 1,
 time__7 + 1 <= 1,
 time__6 + 1 <= 1,
 time__2 + 1 <= 1,
 time__0 + 1 <= 1]
Trying maximal depth = 2...
Show UNSAT core
[time__9 + 1 <= 2, time__7 + 1 <= 2, time__10 + 1 <= 2]
Trying maximal depth = 3...
Bound of Trying min swap = 5...
Bound of Trying min swap = 2...
[num_swap <= 2]
Bound of Trying min swap = 4...
[num_swap <= 4]
SWAP on physical edge (5,6) at time 0
SWAP on physical edge (9,10) at time 0
SWAP on physical edge (5,9) at time 1
SWAP on physical edge (7,11) at time 0
SWAP on physical edge (7,10) at time 1
Gate 0: u4 0, 1 on qubits 9 and 8 at time 0
Gate 1: u4 2, 3 on qubits 10 and 11 at time 0
Gate 2: u4 4, 5 on qubits 5 and 4 at time 0
Gate 3: u4 6, 7 on qubits 6 and 7 at time 0
Gate 4: u4 1, 2 on qubits 8 and 9 at time 1
Gate 5: u4 3, 4 on qubits 7 and 6 at time 1
Gate 6: u4 5, 6 on qubits 4 and 5 at time 1
Gate 7: u4 0, 2 on qubits 10 and 9 at time 1
Gate 8: u4 4, 6 on qubits 6 and 5 at time 1
Gate 9: u4 2, 4 on qubits 5 and 6 at time 2
Gate 10: u4 0, 4 on qubits 7 and 6 at time 2
result- additional SWAP count = 3.
result- circuit depth = 5.
[(7, 10), (0, 1), (1, 2), (2, 3), (4, 5), (5, 6), (6, 7), (8, 9), (9, 10), (10, 11), (12, 13), (13, 14), (14, 15), (0, 4), (4, 8), (8, 12), (1, 5), (5, 9), (9, 13), (2, 6), (6, 10), (10, 14), (3, 7), (7, 11), (11, 15)]
layer 0---------------------------------
gate ( U4) on qubits (4 5)
gate ( U4) on qubits (6 7)
gate ( U4) on qubits (8 9)
gate ( U4) on qubits (10 11)
layer 1---------------------------------
gate ( U4) on qubits (5 6)
gate ( swap) on qubits (9 10)
layer 2---------------------------------
gate ( U4) on qubits (6 7)
gate ( U4) on qubits (8 9)
layer 3---------------------------------
gate ( swap) on qubits (5 6)
gate ( swap) on qubits (7 11)
gate ( U4) on qubits (9 10)
layer 4---------------------------------
gate ( U4) on qubits (4 5)
gate ( U4) on qubits (6 7)
layer 5---------------------------------
gate ( U4) on qubits (5 6)
metric-----------------------------------
depth 6
#swap 3
Compilation time = 0:00:15.890607.
Trying maximal depth = 1...
Show UNSAT core
[time__10 + 1 <= 1,
 time__9 + 1 <= 1,
 time__7 + 1 <= 1,
 time__5 + 1 <= 1,
 time__1 + 1 <= 1]
Trying maximal depth = 2...
Show UNSAT core
[time__10 + 1 <= 2,
 time__7 + 1 <= 2,
 time__9 + 1 <= 2,
 time__5 + 1 <= 2]
Trying maximal depth = 3...
Bound of Trying min swap = 5...
Bound of Trying min swap = 2...
[num_swap <= 2]
Bound of Trying min swap = 4...
[num_swap <= 4]
SWAP on physical edge (1,2) at time 0
SWAP on physical edge (5,6) at time 0
SWAP on physical edge (0,4) at time 0
SWAP on physical edge (2,6) at time 1
SWAP on physical edge (1,4) at time 1
Gate 0: u4 0, 1 on qubits 2 and 3 at time 0
Gate 1: u4 2, 3 on qubits 1 and 0 at time 0
Gate 2: u4 4, 5 on qubits 6 and 7 at time 0
Gate 3: u4 6, 7 on qubits 5 and 4 at time 0
Gate 4: u4 1, 2 on qubits 3 and 2 at time 1
Gate 5: u4 3, 4 on qubits 4 and 5 at time 1
Gate 6: u4 5, 6 on qubits 7 and 6 at time 1
Gate 7: u4 0, 2 on qubits 1 and 2 at time 1
Gate 8: u4 4, 6 on qubits 5 and 6 at time 1
Gate 9: u4 2, 4 on qubits 6 and 5 at time 2
Gate 10: u4 0, 4 on qubits 4 and 5 at time 2
result- additional SWAP count = 3.
result- circuit depth = 5.
[(1, 4), (0, 1), (1, 2), (2, 3), (4, 5), (5, 6), (6, 7), (8, 9), (9, 10), (10, 11), (12, 13), (13, 14), (14, 15), (0, 4), (4, 8), (8, 12), (1, 5), (5, 9), (9, 13), (2, 6), (6, 10), (10, 14), (3, 7), (7, 11), (11, 15)]
layer 0---------------------------------
gate ( U4) on qubits (4 5)
gate ( U4) on qubits (6 7)
gate ( U4) on qubits (0 1)
gate ( U4) on qubits (2 3)
layer 1---------------------------------
gate ( U4) on qubits (5 6)
gate ( swap) on qubits (1 2)
layer 2---------------------------------
gate ( U4) on qubits (4 5)
gate ( U4) on qubits (2 3)
layer 3---------------------------------
gate ( swap) on qubits (0 4)
gate ( swap) on qubits (5 6)
gate ( U4) on qubits (1 2)
layer 4---------------------------------
gate ( U4) on qubits (4 5)
gate ( U4) on qubits (6 7)
layer 5---------------------------------
gate ( U4) on qubits (5 6)
metric-----------------------------------
depth 6
#swap 3
Compilation time = 0:00:24.200306.
Total compilation time = 0:01:30.823586.
