start searching...
Using transition based mode...
start adding constraints...
Trying maximal depth = 1...
Show UNSAT core
[time__9 + 1 <= 1,
 time__4 + 1 <= 1,
 time__3 + 1 <= 1,
 time__1 + 1 <= 1,
 time__0 + 1 <= 1]
Trying maximal depth = 2...
Show UNSAT core
[time__9 + 1 <= 2,
 time__0 + 1 <= 2,
 time__1 + 1 <= 2,
 time__3 + 1 <= 2,
 time__4 + 1 <= 2]
Trying maximal depth = 3...
Bound of Trying min swap = 7...
Bound of Trying min swap = 4...
Bound of Trying min swap = 3...
Bound of Trying min swap = 2...
[num_swap <= 2]
SWAP on physical edge (6,7) at time 0
SWAP on physical edge (8,9) at time 1
SWAP on physical edge (9,13) at time 0
Gate 0: ZZ 0, 7 on qubits 9 and 8 at time 0
Gate 1: ZZ 0, 3 on qubits 9 and 13 at time 0
Gate 2: ZZ 0, 2 on qubits 9 and 10 at time 0
Gate 3: ZZ 7, 3 on qubits 8 and 9 at time 1
Gate 4: ZZ 7, 4 on qubits 8 and 4 at time 1
Gate 5: ZZ 1, 2 on qubits 6 and 10 at time 0
Gate 6: ZZ 1, 5 on qubits 6 and 7 at time 0
Gate 7: ZZ 1, 6 on qubits 6 and 5 at time 0
Gate 8: ZZ 2, 5 on qubits 10 and 6 at time 1
Gate 9: ZZ 3, 4 on qubits 8 and 4 at time 2
Gate 10: ZZ 4, 6 on qubits 4 and 5 at time 2
Gate 11: ZZ 5, 6 on qubits 6 and 5 at time 2
result- additional SWAP count = 3.
result- circuit depth = 10.
Compilation time = 0:03:04.241482.
layer 0---------------------------------
gate ( ZZ) on qubits (8 9)
layer 1---------------------------------
gate ( ZZ) on qubits (9 13)
layer 2---------------------------------
gate ( ZZ) on qubits (9 10)
layer 3---------------------------------
gate ( swap) on qubits (9 13)
gate ( ZZ) on qubits (6 10)
layer 4---------------------------------
gate ( ZZ) on qubits (8 9)
gate ( ZZ) on qubits (6 7)
layer 5---------------------------------
gate ( ZZ) on qubits (5 6)
gate ( ZZ) on qubits (4 8)
layer 6---------------------------------
gate ( swap) on qubits (6 7)
gate ( swap) on qubits (8 9)
layer 7---------------------------------
gate ( ZZ) on qubits (4 8)
gate ( ZZ) on qubits (6 10)
layer 8---------------------------------
gate ( ZZ) on qubits (4 5)
layer 9---------------------------------
gate ( ZZ) on qubits (5 6)
metric-----------------------------------
depth 10
#swap 3
optimizing circuit with swap range (0,3) 
Trying maximal depth = 1...
Show UNSAT core
[time__8 + 1 <= 1,
 time__1 + 1 <= 1,
 time__0 + 1 <= 1,
 time__2 + 1 <= 1,
 time__11 + 1 <= 1,
 time__10 + 1 <= 1,
 time__4 + 1 <= 1,
 time__3 + 1 <= 1,
 time__6 + 1 <= 1,
 time__5 + 1 <= 1,
 time__9 + 1 <= 1,
 time__7 + 1 <= 1]
Trying maximal depth = 2...
Bound of Trying min swap = 2...
Bound of Trying min swap = 1...
[num_swap <= 1]
SWAP on physical edge (14,15) at time 0
SWAP on physical edge (5,8) at time 0
Gate 0: ZZ 0, 7 on qubits 9 and 8 at time 0
Gate 1: ZZ 0, 3 on qubits 9 and 5 at time 0
Gate 2: ZZ 0, 2 on qubits 9 and 10 at time 0
Gate 3: ZZ 7, 3 on qubits 8 and 5 at time 0
Gate 4: ZZ 7, 4 on qubits 8 and 12 at time 0
Gate 5: ZZ 1, 2 on qubits 14 and 10 at time 0
Gate 6: ZZ 1, 5 on qubits 14 and 15 at time 0
Gate 7: ZZ 1, 6 on qubits 14 and 13 at time 0
Gate 8: ZZ 2, 5 on qubits 10 and 14 at time 1
Gate 9: ZZ 3, 4 on qubits 8 and 12 at time 1
Gate 10: ZZ 4, 6 on qubits 12 and 13 at time 1
Gate 11: ZZ 5, 6 on qubits 14 and 13 at time 1
result- additional SWAP count = 2.
result- circuit depth = 9.
Compilation time = 0:02:38.746763.
layer 0---------------------------------
gate ( ZZ) on qubits (8 9)
layer 1---------------------------------
gate ( ZZ) on qubits (5 9)
layer 2---------------------------------
gate ( ZZ) on qubits (5 8)
gate ( ZZ) on qubits (9 10)
layer 3---------------------------------
gate ( ZZ) on qubits (10 14)
gate ( ZZ) on qubits (8 12)
layer 4---------------------------------
gate ( ZZ) on qubits (14 15)
gate ( swap) on qubits (5 8)
layer 5---------------------------------
gate ( ZZ) on qubits (8 12)
gate ( ZZ) on qubits (13 14)
layer 6---------------------------------
gate ( swap) on qubits (14 15)
gate ( ZZ) on qubits (12 13)
layer 7---------------------------------
gate ( ZZ) on qubits (10 14)
layer 8---------------------------------
gate ( ZZ) on qubits (13 14)
metric-----------------------------------
depth 9
#swap 2
optimizing circuit with swap range (0,2) 
Trying maximal depth = 1...
Show UNSAT core
[time__11 + 1 <= 1,
 time__7 + 1 <= 1,
 time__9 + 1 <= 1,
 time__6 + 1 <= 1,
 time__1 + 1 <= 1,
 time__4 + 1 <= 1,
 time__3 + 1 <= 1,
 time__8 + 1 <= 1,
 time__0 + 1 <= 1,
 time__2 + 1 <= 1,
 time__10 + 1 <= 1,
 time__5 + 1 <= 1]
Trying maximal depth = 2...
Bound of Trying min swap = 1...
SWAP on physical edge (10,11) at time 0
Gate 0: ZZ 0, 7 on qubits 13 and 9 at time 0
Gate 1: ZZ 0, 3 on qubits 13 and 8 at time 0
Gate 2: ZZ 0, 2 on qubits 13 and 14 at time 0
Gate 3: ZZ 7, 3 on qubits 9 and 8 at time 0
Gate 4: ZZ 7, 4 on qubits 9 and 5 at time 0
Gate 5: ZZ 1, 2 on qubits 10 and 14 at time 0
Gate 6: ZZ 1, 5 on qubits 10 and 11 at time 0
Gate 7: ZZ 1, 6 on qubits 10 and 6 at time 0
Gate 8: ZZ 2, 5 on qubits 14 and 10 at time 1
Gate 9: ZZ 3, 4 on qubits 8 and 5 at time 0
Gate 10: ZZ 4, 6 on qubits 5 and 6 at time 0
Gate 11: ZZ 5, 6 on qubits 10 and 6 at time 1
result- additional SWAP count = 1.
result- circuit depth = 9.
Compilation time = 0:01:29.145221.
layer 0---------------------------------
gate ( ZZ) on qubits (9 13)
layer 1---------------------------------
gate ( ZZ) on qubits (8 13)
layer 2---------------------------------
gate ( ZZ) on qubits (8 9)
gate ( ZZ) on qubits (13 14)
layer 3---------------------------------
gate ( ZZ) on qubits (10 14)
gate ( ZZ) on qubits (5 9)
layer 4---------------------------------
gate ( ZZ) on qubits (10 11)
gate ( ZZ) on qubits (5 8)
layer 5---------------------------------
gate ( ZZ) on qubits (6 10)
layer 6---------------------------------
gate ( swap) on qubits (10 11)
gate ( ZZ) on qubits (5 6)
layer 7---------------------------------
gate ( ZZ) on qubits (10 14)
layer 8---------------------------------
gate ( ZZ) on qubits (6 10)
metric-----------------------------------
depth 9
#swap 1
optimizing circuit with swap range (0,1) 
Trying maximal depth = 1...
Show UNSAT core
[time__11 + 1 <= 1,
 time__1 + 1 <= 1,
 time__5 + 1 <= 1,
 time__3 + 1 <= 1,
 time__7 + 1 <= 1,
 time__0 + 1 <= 1,
 time__8 + 1 <= 1,
 time__4 + 1 <= 1,
 time__10 + 1 <= 1,
 time__9 + 1 <= 1,
 time__2 + 1 <= 1,
 time__6 + 1 <= 1]
Trying maximal depth = 2...
Bound of Trying min swap = 1...
SWAP on physical edge (1,5) at time 0
Gate 0: ZZ 0, 7 on qubits 5 and 9 at time 0
Gate 1: ZZ 0, 3 on qubits 1 and 5 at time 1
Gate 2: ZZ 0, 2 on qubits 1 and 2 at time 1
Gate 3: ZZ 7, 3 on qubits 9 and 5 at time 1
Gate 4: ZZ 7, 4 on qubits 9 and 10 at time 1
Gate 5: ZZ 1, 2 on qubits 6 and 2 at time 1
Gate 6: ZZ 1, 5 on qubits 6 and 3 at time 1
Gate 7: ZZ 1, 6 on qubits 6 and 7 at time 1
Gate 8: ZZ 2, 5 on qubits 2 and 3 at time 1
Gate 9: ZZ 3, 4 on qubits 5 and 10 at time 1
Gate 10: ZZ 4, 6 on qubits 10 and 7 at time 1
Gate 11: ZZ 5, 6 on qubits 3 and 7 at time 1
result- additional SWAP count = 1.
result- circuit depth = 9.
Compilation time = 0:00:14.150944.
layer 0---------------------------------
gate ( ZZ) on qubits (5 9)
layer 1---------------------------------
gate ( swap ZZ) on qubits (1 5)
layer 2---------------------------------
gate ( ZZ) on qubits (5 9)
gate ( ZZ) on qubits (1 2)
layer 3---------------------------------
gate ( ZZ) on qubits (2 6)
gate ( ZZ) on qubits (9 10)
layer 4---------------------------------
gate ( ZZ) on qubits (3 6)
gate ( ZZ) on qubits (5 10)
layer 5---------------------------------
gate ( ZZ) on qubits (6 7)
gate ( ZZ) on qubits (2 3)
layer 6---------------------------------
gate ( ZZ) on qubits (7 10)
layer 7---------------------------------
gate ( ZZ) on qubits (3 7)
metric-----------------------------------
depth 8
#swap 0
optimizing circuit with swap range (0,1) 
Trying maximal depth = 1...
Bound of Trying min swap = 0...
Gate 0: ZZ 0, 7 on qubits 10 and 7 at time 0
Gate 1: ZZ 0, 3 on qubits 10 and 6 at time 0
Gate 2: ZZ 0, 2 on qubits 10 and 9 at time 0
Gate 3: ZZ 7, 3 on qubits 7 and 6 at time 0
Gate 4: ZZ 7, 4 on qubits 7 and 2 at time 0
Gate 5: ZZ 1, 2 on qubits 5 and 9 at time 0
Gate 6: ZZ 1, 5 on qubits 5 and 4 at time 0
Gate 7: ZZ 1, 6 on qubits 5 and 1 at time 0
Gate 8: ZZ 2, 5 on qubits 9 and 4 at time 0
Gate 9: ZZ 3, 4 on qubits 6 and 2 at time 0
Gate 10: ZZ 4, 6 on qubits 2 and 1 at time 0
Gate 11: ZZ 5, 6 on qubits 4 and 1 at time 0
result- additional SWAP count = 0.
result- circuit depth = 8.
Compilation time = 0:00:03.733503.
layer 0---------------------------------
gate ( ZZ) on qubits (7 10)
layer 1---------------------------------
gate ( ZZ) on qubits (6 10)
layer 2---------------------------------
gate ( ZZ) on qubits (6 7)
gate ( ZZ) on qubits (9 10)
layer 3---------------------------------
gate ( ZZ) on qubits (5 9)
gate ( ZZ) on qubits (2 7)
layer 4---------------------------------
gate ( ZZ) on qubits (4 5)
gate ( ZZ) on qubits (2 6)
layer 5---------------------------------
gate ( ZZ) on qubits (1 5)
gate ( ZZ) on qubits (4 9)
layer 6---------------------------------
gate ( ZZ) on qubits (1 2)
layer 7---------------------------------
gate ( ZZ) on qubits (1 4)
metric-----------------------------------
depth 8
#swap 0
optimizing circuit with swap range (0,0) 
Trying maximal depth = 1...
Bound of Trying min swap = 0...
Gate 0: ZZ 0, 7 on qubits 10 and 7 at time 0
Gate 1: ZZ 0, 3 on qubits 10 and 6 at time 0
Gate 2: ZZ 0, 2 on qubits 10 and 9 at time 0
Gate 3: ZZ 7, 3 on qubits 7 and 6 at time 0
Gate 4: ZZ 7, 4 on qubits 7 and 2 at time 0
Gate 5: ZZ 1, 2 on qubits 5 and 9 at time 0
Gate 6: ZZ 1, 5 on qubits 5 and 4 at time 0
Gate 7: ZZ 1, 6 on qubits 5 and 1 at time 0
Gate 8: ZZ 2, 5 on qubits 9 and 4 at time 0
Gate 9: ZZ 3, 4 on qubits 6 and 2 at time 0
Gate 10: ZZ 4, 6 on qubits 2 and 1 at time 0
Gate 11: ZZ 5, 6 on qubits 4 and 1 at time 0
result- additional SWAP count = 0.
result- circuit depth = 8.
Compilation time = 0:00:00.172348.
layer 0---------------------------------
gate ( ZZ) on qubits (7 10)
layer 1---------------------------------
gate ( ZZ) on qubits (6 10)
layer 2---------------------------------
gate ( ZZ) on qubits (6 7)
gate ( ZZ) on qubits (9 10)
layer 3---------------------------------
gate ( ZZ) on qubits (5 9)
gate ( ZZ) on qubits (2 7)
layer 4---------------------------------
gate ( ZZ) on qubits (4 5)
gate ( ZZ) on qubits (2 6)
layer 5---------------------------------
gate ( ZZ) on qubits (1 5)
gate ( ZZ) on qubits (4 9)
layer 6---------------------------------
gate ( ZZ) on qubits (1 2)
layer 7---------------------------------
gate ( ZZ) on qubits (1 4)
metric-----------------------------------
depth 8
#swap 0
Total compilation time = 0:07:49.994042.
