start searching...
start adding constraints...
Trying maximal depth = 5...
Show UNSAT core
[time__10 + 1 <= 5, time__6 + 1 <= 5]
Trying maximal depth = 6...
Bound of Trying min swap = 24...
Bound of Trying min swap = 12...
Bound of Trying min swap = 6...
Bound of Trying min swap = 3...
Bound of Trying min swap = 1...
[num_swap <= 1]
Bound of Trying min swap = 2...
[num_swap <= 2]
SWAP on physical edge (0,1) at time 2
SWAP on physical edge (1,5) at time 4
SWAP on physical edge (6,10) at time 2
Gate 0: u4 0, 1 on qubits 5 and 9 at time 0
Gate 1: u4 2, 3 on qubits 10 and 6 at time 0
Gate 2: u4 4, 5 on qubits 2 and 1 at time 0
Gate 3: u4 6, 7 on qubits 0 and 4 at time 0
Gate 4: u4 1, 2 on qubits 9 and 10 at time 1
Gate 5: u4 3, 4 on qubits 6 and 2 at time 1
Gate 6: u4 5, 6 on qubits 1 and 0 at time 1
Gate 7: u4 0, 2 on qubits 5 and 6 at time 3
Gate 8: u4 4, 6 on qubits 2 and 1 at time 3
Gate 9: u4 2, 4 on qubits 6 and 2 at time 4
Gate 10: u4 0, 4 on qubits 1 and 2 at time 5
result- additional SWAP count = 3.
result- circuit depth = 6.
[(0, 1), (1, 2), (2, 3), (4, 5), (5, 6), (6, 7), (8, 9), (9, 10), (10, 11), (12, 13), (13, 14), (14, 15), (0, 4), (4, 8), (8, 12), (1, 5), (5, 9), (9, 13), (2, 6), (6, 10), (10, 14), (3, 7), (7, 11), (11, 15)]
layer 0---------------------------------
gate ( U4) on qubits (5 9)
gate ( U4) on qubits (6 10)
gate ( U4) on qubits (1 2)
gate ( U4) on qubits (0 4)
layer 1---------------------------------
gate ( U4) on qubits (2 6)
gate ( U4) on qubits (9 10)
gate ( U4 swap) on qubits (0 1)
layer 2---------------------------------
gate ( swap) on qubits (6 10)
gate ( U4) on qubits (1 2)
layer 3---------------------------------
gate ( U4) on qubits (5 6)
layer 4---------------------------------
gate ( swap) on qubits (1 5)
gate ( U4) on qubits (2 6)
layer 5---------------------------------
gate ( U4) on qubits (1 2)
metric-----------------------------------
depth 6
#swap 2
Compilation time = 0:02:37.521111.
Trying maximal depth = 6...
Bound of Trying min swap = 1...
SWAP on physical edge (10,11) at time 1
Gate 0: u4 0, 1 on qubits 9 and 5 at time 1
Gate 1: u4 2, 3 on qubits 6 and 10 at time 0
Gate 2: u4 4, 5 on qubits 11 and 15 at time 0
Gate 3: u4 6, 7 on qubits 14 and 13 at time 1
Gate 4: u4 1, 2 on qubits 5 and 6 at time 2
Gate 5: u4 3, 4 on qubits 11 and 10 at time 2
Gate 6: u4 5, 6 on qubits 15 and 14 at time 2
Gate 7: u4 0, 2 on qubits 9 and 6 at time 3
Gate 8: u4 4, 6 on qubits 10 and 14 at time 3
Gate 9: u4 2, 4 on qubits 6 and 10 at time 4
Gate 10: u4 0, 4 on qubits 9 and 10 at time 5
result- additional SWAP count = 1.
result- circuit depth = 6.
[(6, 9), (0, 1), (1, 2), (2, 3), (4, 5), (5, 6), (6, 7), (8, 9), (9, 10), (10, 11), (12, 13), (13, 14), (14, 15), (0, 4), (4, 8), (8, 12), (1, 5), (5, 9), (9, 13), (2, 6), (6, 10), (10, 14), (3, 7), (7, 11), (11, 15)]
layer 0---------------------------------
gate ( U4) on qubits (6 10)
gate ( U4) on qubits (11 15)
gate ( U4) on qubits (5 9)
gate ( U4) on qubits (13 14)
layer 1---------------------------------
gate ( U4) on qubits (5 6)
gate ( swap U4) on qubits (10 11)
gate ( U4) on qubits (14 15)
layer 2---------------------------------
gate ( U4) on qubits (6 9)
gate ( U4) on qubits (10 14)
layer 3---------------------------------
gate ( U4) on qubits (6 10)
layer 4---------------------------------
gate ( U4) on qubits (9 10)
metric-----------------------------------
depth 5
#swap 0
Compilation time = 0:01:00.394889.
Trying maximal depth = 6...
Bound of Trying min swap = 0...
[num_swap <= 0]
SWAP on physical edge (10,11) at time 2
Gate 0: u4 0, 1 on qubits 6 and 7 at time 0
Gate 1: u4 2, 3 on qubits 11 and 10 at time 0
Gate 2: u4 4, 5 on qubits 5 and 4 at time 0
Gate 3: u4 6, 7 on qubits 8 and 12 at time 0
Gate 4: u4 1, 2 on qubits 7 and 11 at time 1
Gate 5: u4 3, 4 on qubits 10 and 5 at time 1
Gate 6: u4 5, 6 on qubits 4 and 8 at time 1
Gate 7: u4 0, 2 on qubits 6 and 10 at time 3
Gate 8: u4 4, 6 on qubits 5 and 8 at time 2
Gate 9: u4 2, 4 on qubits 10 and 5 at time 4
Gate 10: u4 0, 4 on qubits 6 and 5 at time 5
result- additional SWAP count = 1.
result- circuit depth = 6.
[(5, 8), (5, 10), (0, 1), (1, 2), (2, 3), (4, 5), (5, 6), (6, 7), (8, 9), (9, 10), (10, 11), (12, 13), (13, 14), (14, 15), (0, 4), (4, 8), (8, 12), (1, 5), (5, 9), (9, 13), (2, 6), (6, 10), (10, 14), (3, 7), (7, 11), (11, 15)]
layer 0---------------------------------
gate ( U4) on qubits (6 7)
gate ( U4) on qubits (10 11)
gate ( U4) on qubits (4 5)
gate ( U4) on qubits (8 12)
layer 1---------------------------------
gate ( U4) on qubits (5 10)
gate ( U4) on qubits (4 8)
gate ( U4) on qubits (7 11)
layer 2---------------------------------
gate ( swap) on qubits (10 11)
gate ( U4) on qubits (5 8)
layer 3---------------------------------
gate ( U4) on qubits (6 10)
layer 4---------------------------------
gate ( U4) on qubits (5 10)
layer 5---------------------------------
gate ( U4) on qubits (5 6)
metric-----------------------------------
depth 6
#swap 1
Compilation time = 0:01:09.389240.
Total compilation time = 0:05:22.871309.
