start searching...
Using transition based mode...
start adding constraints...
Trying maximal depth = 1...
Show UNSAT core
[time__11 + 1 <= 1,
 time__9 + 1 <= 1,
 time__10 + 1 <= 1,
 time__8 + 1 <= 1,
 time__6 + 1 <= 1,
 time__7 + 1 <= 1,
 time__5 + 1 <= 1,
 time__3 + 1 <= 1,
 time__4 + 1 <= 1,
 time__2 + 1 <= 1,
 time__0 + 1 <= 1,
 time__1 + 1 <= 1]
Trying maximal depth = 2...
Show UNSAT core
[time__1 + 1 <= 2,
 time__2 + 1 <= 2,
 time__4 + 1 <= 2,
 time__5 + 1 <= 2,
 time__3 + 1 <= 2,
 time__7 + 1 <= 2,
 time__8 + 1 <= 2,
 time__6 + 1 <= 2,
 time__10 + 1 <= 2,
 time__11 + 1 <= 2,
 time__9 + 1 <= 2]
Trying maximal depth = 3...
Show UNSAT core
[time__11 + 1 <= 3,
 time__10 + 1 <= 3,
 time__9 + 1 <= 3,
 time__8 + 1 <= 3,
 time__7 + 1 <= 3,
 time__6 + 1 <= 3,
 time__5 + 1 <= 3,
 time__4 + 1 <= 3,
 time__3 + 1 <= 3,
 time__2 + 1 <= 3,
 time__1 + 1 <= 3,
 time__0 + 1 <= 3]
Trying maximal depth = 4...
Show UNSAT core
[time__11 + 1 <= 4,
 time__10 + 1 <= 4,
 time__9 + 1 <= 4,
 time__8 + 1 <= 4,
 time__7 + 1 <= 4,
 time__6 + 1 <= 4,
 time__5 + 1 <= 4,
 time__4 + 1 <= 4,
 time__3 + 1 <= 4,
 time__2 + 1 <= 4]
Trying maximal depth = 5...
Bound of Trying min swap = 8...
Bound of Trying min swap = 6...
[]
Bound of Trying min swap = 7...
[]
SWAP on physical edge (5,6) at time 3
SWAP on physical edge (6,9) at time 0
SWAP on physical edge (13,14) at time 1
SWAP on physical edge (14,15) at time 0
SWAP on physical edge (14,15) at time 2
SWAP on physical edge (9,15) at time 1
SWAP on physical edge (9,15) at time 3
SWAP on physical edge (6,7) at time 2
Gate 0: ZZ 0, 1 on qubits 9 and 15 at time 0
Gate 1: ZZ 0, 4 on qubits 9 and 6 at time 0
Gate 2: ZZ 0, 3 on qubits 6 and 5 at time 1
Gate 3: ZZ 1, 7 on qubits 15 and 14 at time 0
Gate 4: ZZ 1, 6 on qubits 15 and 16 at time 0
Gate 5: ZZ 2, 4 on qubits 7 and 6 at time 0
Gate 6: ZZ 2, 7 on qubits 6 and 9 at time 3
Gate 7: ZZ 2, 3 on qubits 6 and 5 at time 3
Gate 8: ZZ 4, 6 on qubits 15 and 16 at time 2
Gate 9: ZZ 7, 5 on qubits 9 and 15 at time 3
Gate 10: ZZ 6, 5 on qubits 16 and 15 at time 3
Gate 11: ZZ 3, 5 on qubits 6 and 9 at time 4
result- additional SWAP count = 8.
result- circuit depth = 11.
Compilation time = 0:04:23.685768.
layer 0---------------------------------
gate ( ZZ) on qubits (9 15)
layer 1---------------------------------
gate ( ZZ) on qubits (14 15)
gate ( ZZ) on qubits (6 9)
layer 2---------------------------------
gate ( ZZ) on qubits (6 7)
gate ( ZZ) on qubits (15 16)
layer 3---------------------------------
gate ( swap) on qubits (6 9)
gate ( swap) on qubits (14 15)
layer 4---------------------------------
gate ( swap) on qubits (9 15)
gate ( ZZ) on qubits (5 6)
gate ( swap) on qubits (13 14)
layer 5---------------------------------
gate ( swap) on qubits (6 7)
gate ( ZZ) on qubits (15 16)
layer 6---------------------------------
gate ( ZZ) on qubits (6 9)
gate ( swap) on qubits (14 15)
layer 7---------------------------------
gate ( ZZ) on qubits (9 15)
gate ( ZZ swap) on qubits (5 6)
layer 8---------------------------------
gate ( ZZ) on qubits (15 16)
layer 9---------------------------------
gate ( swap) on qubits (9 15)
layer 10---------------------------------
gate ( ZZ) on qubits (6 9)
metric-----------------------------------
depth 11
#swap 7
optimizing circuit with swap range (0,8) 
Trying maximal depth = 1...
Show UNSAT core
[time__11 + 1 <= 1,
 time__0 + 1 <= 1,
 time__1 + 1 <= 1,
 time__2 + 1 <= 1,
 time__3 + 1 <= 1,
 time__4 + 1 <= 1,
 time__6 + 1 <= 1,
 time__7 + 1 <= 1,
 time__5 + 1 <= 1,
 time__8 + 1 <= 1,
 time__9 + 1 <= 1,
 time__10 + 1 <= 1]
Trying maximal depth = 2...
Bound of Trying min swap = 4...
Bound of Trying min swap = 2...
[num_swap <= 2]
Bound of Trying min swap = 3...
[num_swap <= 3]
SWAP on physical edge (4,5) at time 0
SWAP on physical edge (6,9) at time 0
SWAP on physical edge (13,14) at time 0
SWAP on physical edge (15,16) at time 0
Gate 0: ZZ 0, 1 on qubits 9 and 15 at time 0
Gate 1: ZZ 0, 4 on qubits 9 and 6 at time 0
Gate 2: ZZ 0, 3 on qubits 6 and 5 at time 1
Gate 3: ZZ 1, 7 on qubits 15 and 14 at time 0
Gate 4: ZZ 1, 6 on qubits 16 and 15 at time 1
Gate 5: ZZ 2, 4 on qubits 5 and 6 at time 0
Gate 6: ZZ 2, 7 on qubits 5 and 14 at time 0
Gate 7: ZZ 2, 3 on qubits 4 and 5 at time 1
Gate 8: ZZ 4, 6 on qubits 9 and 15 at time 1
Gate 9: ZZ 7, 5 on qubits 14 and 13 at time 0
Gate 10: ZZ 6, 5 on qubits 15 and 14 at time 1
Gate 11: ZZ 3, 5 on qubits 5 and 14 at time 1
result- additional SWAP count = 4.
result- circuit depth = 8.
Compilation time = 0:00:15.804455.
layer 0---------------------------------
gate ( ZZ) on qubits (9 15)
layer 1---------------------------------
gate ( ZZ) on qubits (6 9)
gate ( ZZ) on qubits (14 15)
layer 2---------------------------------
gate ( ZZ) on qubits (5 6)
gate ( swap ZZ) on qubits (15 16)
layer 3---------------------------------
gate ( swap) on qubits (6 9)
gate ( ZZ) on qubits (5 14)
layer 4---------------------------------
gate ( swap) on qubits (4 5)
gate ( ZZ swap) on qubits (13 14)
gate ( ZZ) on qubits (9 15)
layer 5---------------------------------
gate ( ZZ) on qubits (5 6)
gate ( ZZ) on qubits (14 15)
layer 6---------------------------------
gate ( ZZ) on qubits (4 5)
layer 7---------------------------------
gate ( ZZ) on qubits (5 14)
metric-----------------------------------
depth 8
#swap 2
optimizing circuit with swap range (0,4) 
Trying maximal depth = 1...
Show UNSAT core
[time__7 + 1 <= 1,
 time__3 + 1 <= 1,
 time__10 + 1 <= 1,
 time__5 + 1 <= 1,
 time__1 + 1 <= 1,
 time__0 + 1 <= 1,
 time__11 + 1 <= 1,
 time__6 + 1 <= 1,
 time__9 + 1 <= 1,
 time__4 + 1 <= 1,
 time__2 + 1 <= 1,
 time__8 + 1 <= 1]
Trying maximal depth = 2...
Bound of Trying min swap = 2...
[num_swap <= 2]
Bound of Trying min swap = 3...
SWAP on physical edge (4,5) at time 0
SWAP on physical edge (13,14) at time 0
SWAP on physical edge (6,7) at time 0
Gate 0: ZZ 0, 1 on qubits 6 and 5 at time 0
Gate 1: ZZ 0, 4 on qubits 6 and 14 at time 0
Gate 2: ZZ 0, 3 on qubits 6 and 9 at time 0
Gate 3: ZZ 1, 7 on qubits 5 and 13 at time 0
Gate 4: ZZ 1, 6 on qubits 4 and 5 at time 1
Gate 5: ZZ 2, 4 on qubits 15 and 14 at time 0
Gate 6: ZZ 2, 7 on qubits 15 and 14 at time 1
Gate 7: ZZ 2, 3 on qubits 15 and 9 at time 1
Gate 8: ZZ 4, 6 on qubits 13 and 5 at time 1
Gate 9: ZZ 7, 5 on qubits 14 and 6 at time 1
Gate 10: ZZ 6, 5 on qubits 5 and 6 at time 1
Gate 11: ZZ 3, 5 on qubits 9 and 6 at time 1
result- additional SWAP count = 3.
result- circuit depth = 8.
Compilation time = 0:01:21.842088.
layer 0---------------------------------
gate ( ZZ) on qubits (5 6)
layer 1---------------------------------
gate ( ZZ) on qubits (6 14)
gate ( ZZ) on qubits (5 13)
layer 2---------------------------------
gate ( ZZ) on qubits (14 15)
gate ( ZZ) on qubits (6 9)
gate ( swap ZZ) on qubits (4 5)
layer 3---------------------------------
gate ( swap) on qubits (13 14)
gate ( swap) on qubits (6 7)
layer 4---------------------------------
gate ( ZZ) on qubits (14 15)
gate ( ZZ) on qubits (5 13)
layer 5---------------------------------
gate ( ZZ) on qubits (6 14)
gate ( ZZ) on qubits (9 15)
layer 6---------------------------------
gate ( ZZ) on qubits (5 6)
layer 7---------------------------------
gate ( ZZ) on qubits (6 9)
metric-----------------------------------
depth 8
#swap 2
optimizing circuit with swap range (0,3) 
Trying maximal depth = 1...
Show UNSAT core
[time__9 + 1 <= 1,
 time__11 + 1 <= 1,
 time__3 + 1 <= 1,
 time__4 + 1 <= 1,
 time__0 + 1 <= 1,
 time__7 + 1 <= 1,
 time__1 + 1 <= 1,
 time__2 + 1 <= 1,
 time__6 + 1 <= 1,
 time__10 + 1 <= 1,
 time__8 + 1 <= 1,
 time__5 + 1 <= 1]
Trying maximal depth = 2...
Bound of Trying min swap = 2...
[]
SWAP on physical edge (4,5) at time 0
SWAP on physical edge (6,9) at time 0
SWAP on physical edge (15,16) at time 0
Gate 0: ZZ 0, 1 on qubits 15 and 14 at time 0
Gate 1: ZZ 0, 4 on qubits 15 and 5 at time 0
Gate 2: ZZ 0, 3 on qubits 15 and 9 at time 0
Gate 3: ZZ 1, 7 on qubits 14 and 15 at time 1
Gate 4: ZZ 1, 6 on qubits 14 and 13 at time 1
Gate 5: ZZ 2, 4 on qubits 6 and 5 at time 0
Gate 6: ZZ 2, 7 on qubits 9 and 15 at time 1
Gate 7: ZZ 2, 3 on qubits 9 and 6 at time 1
Gate 8: ZZ 4, 6 on qubits 4 and 13 at time 1
Gate 9: ZZ 7, 5 on qubits 15 and 5 at time 1
Gate 10: ZZ 6, 5 on qubits 13 and 5 at time 1
Gate 11: ZZ 3, 5 on qubits 6 and 5 at time 1
result- additional SWAP count = 3.
result- circuit depth = 9.
Compilation time = 0:01:46.926837.
layer 0---------------------------------
gate ( ZZ) on qubits (14 15)
layer 1---------------------------------
gate ( ZZ) on qubits (5 15)
layer 2---------------------------------
gate ( ZZ) on qubits (5 6)
gate ( ZZ) on qubits (9 15)
layer 3---------------------------------
gate ( swap) on qubits (15 16)
gate ( swap) on qubits (6 9)
gate ( swap) on qubits (4 5)
layer 4---------------------------------
gate ( ZZ) on qubits (14 15)
layer 5---------------------------------
gate ( ZZ) on qubits (9 15)
gate ( ZZ) on qubits (13 14)
layer 6---------------------------------
gate ( ZZ) on qubits (5 15)
gate ( ZZ) on qubits (4 13)
gate ( ZZ) on qubits (6 9)
layer 7---------------------------------
gate ( ZZ) on qubits (5 13)
layer 8---------------------------------
gate ( ZZ) on qubits (5 6)
metric-----------------------------------
depth 9
#swap 3
optimizing circuit with swap range (0,3) 
Trying maximal depth = 1...
Show UNSAT core
[time__3 + 1 <= 1,
 time__8 + 1 <= 1,
 time__9 + 1 <= 1,
 time__10 + 1 <= 1,
 time__11 + 1 <= 1,
 time__1 + 1 <= 1,
 time__2 + 1 <= 1,
 time__6 + 1 <= 1,
 time__4 + 1 <= 1,
 time__5 + 1 <= 1,
 time__7 + 1 <= 1,
 time__0 + 1 <= 1]
Trying maximal depth = 2...
Bound of Trying min swap = 2...
[]
SWAP on physical edge (2,3) at time 0
SWAP on physical edge (10,11) at time 0
SWAP on physical edge (12,13) at time 0
Gate 0: ZZ 0, 1 on qubits 12 and 11 at time 0
Gate 1: ZZ 0, 4 on qubits 12 and 13 at time 0
Gate 2: ZZ 0, 3 on qubits 13 and 3 at time 1
Gate 3: ZZ 1, 7 on qubits 11 and 3 at time 0
Gate 4: ZZ 1, 6 on qubits 10 and 11 at time 1
Gate 5: ZZ 2, 4 on qubits 4 and 13 at time 0
Gate 6: ZZ 2, 7 on qubits 4 and 3 at time 0
Gate 7: ZZ 2, 3 on qubits 4 and 3 at time 1
Gate 8: ZZ 4, 6 on qubits 12 and 11 at time 1
Gate 9: ZZ 7, 5 on qubits 3 and 8 at time 0
Gate 10: ZZ 6, 5 on qubits 11 and 8 at time 1
Gate 11: ZZ 3, 5 on qubits 3 and 8 at time 1
result- additional SWAP count = 3.
result- circuit depth = 9.
Compilation time = 0:01:43.193303.
layer 0---------------------------------
gate ( ZZ) on qubits (11 12)
layer 1---------------------------------
gate ( ZZ) on qubits (12 13)
gate ( ZZ) on qubits (3 11)
layer 2---------------------------------
gate ( ZZ) on qubits (4 13)
gate ( swap ZZ) on qubits (10 11)
layer 3---------------------------------
gate ( swap) on qubits (12 13)
gate ( ZZ) on qubits (3 4)
layer 4---------------------------------
gate ( ZZ) on qubits (3 8)
gate ( ZZ) on qubits (11 12)
layer 5---------------------------------
gate ( swap) on qubits (2 3)
gate ( ZZ) on qubits (8 11)
layer 6---------------------------------
gate ( ZZ) on qubits (3 13)
layer 7---------------------------------
gate ( ZZ) on qubits (3 4)
layer 8---------------------------------
gate ( ZZ) on qubits (3 8)
metric-----------------------------------
depth 9
#swap 2
optimizing circuit with swap range (0,3) 
Trying maximal depth = 1...
Show UNSAT core
[time__4 + 1 <= 1,
 time__0 + 1 <= 1,
 time__10 + 1 <= 1,
 time__8 + 1 <= 1,
 time__11 + 1 <= 1,
 time__2 + 1 <= 1,
 time__3 + 1 <= 1,
 time__1 + 1 <= 1,
 time__5 + 1 <= 1,
 time__6 + 1 <= 1,
 time__7 + 1 <= 1,
 time__9 + 1 <= 1]
Trying maximal depth = 2...
Bound of Trying min swap = 2...
[]
SWAP on physical edge (6,9) at time 0
SWAP on physical edge (4,14) at time 0
SWAP on physical edge (0,5) at time 0
Gate 0: ZZ 0, 1 on qubits 14 and 5 at time 0
Gate 1: ZZ 0, 4 on qubits 14 and 9 at time 0
Gate 2: ZZ 0, 3 on qubits 14 and 15 at time 0
Gate 3: ZZ 1, 7 on qubits 5 and 6 at time 0
Gate 4: ZZ 1, 6 on qubits 0 and 5 at time 1
Gate 5: ZZ 2, 4 on qubits 16 and 9 at time 0
Gate 6: ZZ 2, 7 on qubits 16 and 9 at time 1
Gate 7: ZZ 2, 3 on qubits 16 and 15 at time 1
Gate 8: ZZ 4, 6 on qubits 6 and 5 at time 1
Gate 9: ZZ 7, 5 on qubits 9 and 14 at time 1
Gate 10: ZZ 6, 5 on qubits 5 and 14 at time 1
Gate 11: ZZ 3, 5 on qubits 15 and 14 at time 1
result- additional SWAP count = 3.
result- circuit depth = 8.
Compilation time = 0:01:38.901023.
layer 0---------------------------------
gate ( ZZ) on qubits (5 14)
layer 1---------------------------------
gate ( ZZ) on qubits (9 14)
gate ( ZZ) on qubits (5 6)
layer 2---------------------------------
gate ( ZZ) on qubits (9 16)
gate ( ZZ) on qubits (14 15)
gate ( swap ZZ) on qubits (0 5)
layer 3---------------------------------
gate ( swap) on qubits (6 9)
gate ( swap) on qubits (4 14)
layer 4---------------------------------
gate ( ZZ) on qubits (9 16)
gate ( ZZ) on qubits (5 6)
layer 5---------------------------------
gate ( ZZ) on qubits (9 14)
gate ( ZZ) on qubits (15 16)
layer 6---------------------------------
gate ( ZZ) on qubits (5 14)
layer 7---------------------------------
gate ( ZZ) on qubits (14 15)
metric-----------------------------------
depth 8
#swap 2
optimizing circuit with swap range (0,3) 
Trying maximal depth = 1...
Show UNSAT core
[time__10 + 1 <= 1,
 time__1 + 1 <= 1,
 time__3 + 1 <= 1,
 time__2 + 1 <= 1,
 time__8 + 1 <= 1,
 time__7 + 1 <= 1,
 time__6 + 1 <= 1,
 time__0 + 1 <= 1,
 time__9 + 1 <= 1,
 time__4 + 1 <= 1,
 time__11 + 1 <= 1,
 time__5 + 1 <= 1]
Trying maximal depth = 2...
Bound of Trying min swap = 2...
Bound of Trying min swap = 1...
[]
SWAP on physical edge (14,15) at time 0
SWAP on physical edge (4,12) at time 0
Gate 0: ZZ 0, 1 on qubits 13 and 4 at time 0
Gate 1: ZZ 0, 4 on qubits 13 and 12 at time 0
Gate 2: ZZ 0, 3 on qubits 13 and 14 at time 1
Gate 3: ZZ 1, 7 on qubits 4 and 14 at time 0
Gate 4: ZZ 1, 6 on qubits 4 and 5 at time 0
Gate 5: ZZ 2, 4 on qubits 17 and 12 at time 0
Gate 6: ZZ 2, 7 on qubits 17 and 14 at time 0
Gate 7: ZZ 2, 3 on qubits 17 and 14 at time 1
Gate 8: ZZ 4, 6 on qubits 4 and 5 at time 1
Gate 9: ZZ 7, 5 on qubits 14 and 6 at time 0
Gate 10: ZZ 6, 5 on qubits 5 and 6 at time 1
Gate 11: ZZ 3, 5 on qubits 14 and 6 at time 1
result- additional SWAP count = 2.
result- circuit depth = 9.
Compilation time = 0:02:56.160951.
layer 0---------------------------------
gate ( ZZ) on qubits (4 13)
layer 1---------------------------------
gate ( ZZ) on qubits (4 14)
gate ( ZZ) on qubits (12 13)
layer 2---------------------------------
gate ( ZZ) on qubits (12 17)
gate ( ZZ) on qubits (4 5)
layer 3---------------------------------
gate ( swap) on qubits (4 12)
gate ( ZZ) on qubits (14 17)
layer 4---------------------------------
gate ( ZZ) on qubits (4 5)
gate ( ZZ) on qubits (6 14)
layer 5---------------------------------
gate ( swap) on qubits (14 15)
gate ( ZZ) on qubits (5 6)
layer 6---------------------------------
gate ( ZZ) on qubits (13 14)
layer 7---------------------------------
gate ( ZZ) on qubits (14 17)
layer 8---------------------------------
gate ( ZZ) on qubits (6 14)
metric-----------------------------------
depth 9
#swap 2
optimizing circuit with swap range (0,2) 
Trying maximal depth = 1...
Show UNSAT core
[time__10 + 1 <= 1,
 time__1 + 1 <= 1,
 time__11 + 1 <= 1,
 time__9 + 1 <= 1,
 time__0 + 1 <= 1,
 time__7 + 1 <= 1,
 time__4 + 1 <= 1,
 time__3 + 1 <= 1,
 time__2 + 1 <= 1,
 time__8 + 1 <= 1,
 time__5 + 1 <= 1,
 time__6 + 1 <= 1]
Trying maximal depth = 2...
Bound of Trying min swap = 1...
[]
SWAP on physical edge (0,4) at time 0
SWAP on physical edge (5,6) at time 0
Gate 0: ZZ 0, 1 on qubits 5 and 14 at time 0
Gate 1: ZZ 0, 4 on qubits 5 and 4 at time 0
Gate 2: ZZ 0, 3 on qubits 5 and 0 at time 0
Gate 3: ZZ 1, 7 on qubits 14 and 17 at time 1
Gate 4: ZZ 1, 6 on qubits 14 and 5 at time 1
Gate 5: ZZ 2, 4 on qubits 12 and 4 at time 0
Gate 6: ZZ 2, 7 on qubits 12 and 17 at time 1
Gate 7: ZZ 2, 3 on qubits 12 and 4 at time 1
Gate 8: ZZ 4, 6 on qubits 0 and 5 at time 1
Gate 9: ZZ 7, 5 on qubits 17 and 13 at time 1
Gate 10: ZZ 6, 5 on qubits 5 and 13 at time 1
Gate 11: ZZ 3, 5 on qubits 4 and 13 at time 1
result- additional SWAP count = 2.
result- circuit depth = 8.
Compilation time = 0:01:43.125158.
layer 0---------------------------------
gate ( ZZ) on qubits (5 14)
layer 1---------------------------------
gate ( ZZ) on qubits (4 5)
gate ( ZZ) on qubits (14 17)
layer 2---------------------------------
gate ( ZZ) on qubits (4 12)
gate ( ZZ) on qubits (0 5)
layer 3---------------------------------
gate ( swap) on qubits (5 6)
gate ( swap) on qubits (0 4)
gate ( ZZ) on qubits (12 17)
layer 4---------------------------------
gate ( ZZ) on qubits (5 14)
gate ( ZZ) on qubits (13 17)
gate ( ZZ) on qubits (4 12)
layer 5---------------------------------
gate ( ZZ) on qubits (0 5)
layer 6---------------------------------
gate ( ZZ) on qubits (5 13)
layer 7---------------------------------
gate ( ZZ) on qubits (4 13)
metric-----------------------------------
depth 8
#swap 2
optimizing circuit with swap range (0,2) 
Trying maximal depth = 1...
Show UNSAT core
[time__4 + 1 <= 1,
 time__6 + 1 <= 1,
 time__10 + 1 <= 1,
 time__7 + 1 <= 1,
 time__1 + 1 <= 1,
 time__0 + 1 <= 1,
 time__3 + 1 <= 1,
 time__2 + 1 <= 1,
 time__8 + 1 <= 1,
 time__5 + 1 <= 1,
 time__9 + 1 <= 1,
 time__11 + 1 <= 1]
Trying maximal depth = 2...
Bound of Trying min swap = 1...
[]
SWAP on physical edge (3,4) at time 0
SWAP on physical edge (8,12) at time 0
Gate 0: ZZ 0, 1 on qubits 14 and 17 at time 0
Gate 1: ZZ 0, 4 on qubits 14 and 13 at time 0
Gate 2: ZZ 0, 3 on qubits 14 and 4 at time 0
Gate 3: ZZ 1, 7 on qubits 17 and 12 at time 0
Gate 4: ZZ 1, 6 on qubits 17 and 12 at time 1
Gate 5: ZZ 2, 4 on qubits 3 and 13 at time 0
Gate 6: ZZ 2, 7 on qubits 3 and 12 at time 0
Gate 7: ZZ 2, 3 on qubits 3 and 4 at time 0
Gate 8: ZZ 4, 6 on qubits 13 and 12 at time 1
Gate 9: ZZ 7, 5 on qubits 8 and 2 at time 1
Gate 10: ZZ 6, 5 on qubits 12 and 2 at time 1
Gate 11: ZZ 3, 5 on qubits 3 and 2 at time 1
result- additional SWAP count = 2.
result- circuit depth = 9.
Compilation time = 0:01:42.869401.
layer 0---------------------------------
gate ( ZZ) on qubits (14 17)
layer 1---------------------------------
gate ( ZZ) on qubits (13 14)
gate ( ZZ) on qubits (12 17)
layer 2---------------------------------
gate ( ZZ) on qubits (3 13)
gate ( ZZ) on qubits (4 14)
layer 3---------------------------------
gate ( ZZ) on qubits (3 12)
layer 4---------------------------------
gate ( swap) on qubits (8 12)
gate ( ZZ swap) on qubits (3 4)
layer 5---------------------------------
gate ( ZZ) on qubits (12 17)
gate ( ZZ) on qubits (2 8)
layer 6---------------------------------
gate ( ZZ) on qubits (12 13)
layer 7---------------------------------
gate ( ZZ) on qubits (2 12)
layer 8---------------------------------
gate ( ZZ) on qubits (2 3)
metric-----------------------------------
depth 9
#swap 1
Total compilation time = 0:17:43.817218.
