start searching...
Using transition based mode...
start adding constraints...
Trying maximal depth = 1...
Show UNSAT core
[time__13 + 1 <= 1,
 time__14 + 1 <= 1,
 time__12 + 1 <= 1,
 time__11 + 1 <= 1,
 time__9 + 1 <= 1]
Trying maximal depth = 2...
Show UNSAT core
[time__12 + 1 <= 2, time__14 + 1 <= 2, time__13 + 1 <= 2]
Trying maximal depth = 3...
Bound of Trying min swap = 9...
Bound of Trying min swap = 6...
Bound of Trying min swap = 4...
Bound of Trying min swap = 3...
SWAP on physical edge (12,13) at time 0
SWAP on physical edge (5,9) at time 0
SWAP on physical edge (7,11) at time 1
Gate 0: ZZ 0, 1 on qubits 13 and 9 at time 0
Gate 1: ZZ 0, 3 on qubits 13 and 12 at time 0
Gate 2: ZZ 0, 8 on qubits 13 and 14 at time 0
Gate 3: ZZ 1, 2 on qubits 5 and 6 at time 1
Gate 4: ZZ 1, 5 on qubits 5 and 9 at time 1
Gate 5: ZZ 3, 8 on qubits 13 and 14 at time 1
Gate 6: ZZ 3, 5 on qubits 13 and 9 at time 1
Gate 7: ZZ 8, 9 on qubits 14 and 15 at time 1
Gate 8: ZZ 2, 7 on qubits 6 and 10 at time 1
Gate 9: ZZ 2, 6 on qubits 6 and 7 at time 1
Gate 10: ZZ 7, 5 on qubits 10 and 9 at time 1
Gate 11: ZZ 7, 4 on qubits 10 and 11 at time 1
Gate 12: ZZ 4, 9 on qubits 11 and 15 at time 1
Gate 13: ZZ 4, 6 on qubits 11 and 7 at time 1
Gate 14: ZZ 9, 6 on qubits 15 and 11 at time 2
result- additional SWAP count = 3.
result- circuit depth = 12.
[(0, 1), (1, 2), (2, 3), (4, 5), (5, 6), (6, 7), (8, 9), (9, 10), (10, 11), (12, 13), (13, 14), (14, 15), (0, 4), (4, 8), (8, 12), (1, 5), (5, 9), (9, 13), (2, 6), (6, 10), (10, 14), (3, 7), (7, 11), (11, 15)]
layer 0---------------------------------
gate ( ZZ) on qubits (9 13)
layer 1---------------------------------
gate ( ZZ) on qubits (12 13)
gate ( swap) on qubits (5 9)
layer 2---------------------------------
gate ( ZZ) on qubits (5 6)
gate ( ZZ) on qubits (13 14)
layer 3---------------------------------
gate ( swap) on qubits (12 13)
gate ( ZZ) on qubits (6 10)
gate ( ZZ) on qubits (5 9)
layer 4---------------------------------
gate ( ZZ) on qubits (13 14)
gate ( ZZ) on qubits (6 7)
layer 5---------------------------------
gate ( ZZ) on qubits (9 13)
gate ( ZZ) on qubits (14 15)
layer 6---------------------------------
gate ( ZZ) on qubits (9 10)
layer 7---------------------------------
gate ( ZZ) on qubits (10 11)
layer 8---------------------------------
gate ( ZZ) on qubits (11 15)
layer 9---------------------------------
gate ( ZZ swap) on qubits (7 11)
layer 10---------------------------------
gate ( ZZ) on qubits (11 15)
metric-----------------------------------
depth 11
#swap 2
Compilation time = 0:00:11.282962.
optimizing circuit with swap range (0,3) 
Trying maximal depth = 1...
Show UNSAT core
[time__8 + 1 <= 1,
 time__9 + 1 <= 1,
 time__0 + 1 <= 1,
 time__2 + 1 <= 1,
 time__14 + 1 <= 1,
 time__1 + 1 <= 1,
 time__13 + 1 <= 1,
 time__12 + 1 <= 1,
 time__11 + 1 <= 1,
 time__4 + 1 <= 1,
 time__3 + 1 <= 1,
 time__6 + 1 <= 1,
 time__5 + 1 <= 1,
 time__10 + 1 <= 1,
 time__7 + 1 <= 1]
Trying maximal depth = 2...
Bound of Trying min swap = 2...
[num_swap <= 2]
SWAP on physical edge (8,9) at time 0
SWAP on physical edge (12,13) at time 0
SWAP on physical edge (14,15) at time 0
Gate 0: ZZ 0, 1 on qubits 9 and 13 at time 0
Gate 1: ZZ 0, 3 on qubits 9 and 8 at time 0
Gate 2: ZZ 0, 8 on qubits 9 and 5 at time 0
Gate 3: ZZ 1, 2 on qubits 13 and 14 at time 0
Gate 4: ZZ 1, 5 on qubits 12 and 13 at time 1
Gate 5: ZZ 3, 8 on qubits 9 and 5 at time 1
Gate 6: ZZ 3, 5 on qubits 9 and 13 at time 1
Gate 7: ZZ 8, 9 on qubits 5 and 6 at time 1
Gate 8: ZZ 2, 7 on qubits 14 and 15 at time 0
Gate 9: ZZ 2, 6 on qubits 15 and 11 at time 1
Gate 10: ZZ 7, 5 on qubits 14 and 13 at time 1
Gate 11: ZZ 7, 4 on qubits 14 and 10 at time 1
Gate 12: ZZ 4, 9 on qubits 10 and 6 at time 1
Gate 13: ZZ 4, 6 on qubits 10 and 11 at time 1
Gate 14: ZZ 9, 6 on qubits 6 and 11 at time 1
result- additional SWAP count = 3.
result- circuit depth = 11.
[(6, 11), (0, 1), (1, 2), (2, 3), (4, 5), (5, 6), (6, 7), (8, 9), (9, 10), (10, 11), (12, 13), (13, 14), (14, 15), (0, 4), (4, 8), (8, 12), (1, 5), (5, 9), (9, 13), (2, 6), (6, 10), (10, 14), (3, 7), (7, 11), (11, 15)]
layer 0---------------------------------
gate ( ZZ) on qubits (9 13)
layer 1---------------------------------
gate ( ZZ) on qubits (8 9)
gate ( ZZ) on qubits (13 14)
layer 2---------------------------------
gate ( ZZ) on qubits (5 9)
gate ( ZZ swap) on qubits (14 15)
gate ( swap ZZ) on qubits (12 13)
layer 3---------------------------------
gate ( swap) on qubits (8 9)
gate ( ZZ) on qubits (11 15)
layer 4---------------------------------
gate ( ZZ) on qubits (5 9)
layer 5---------------------------------
gate ( ZZ) on qubits (9 13)
gate ( ZZ) on qubits (5 6)
layer 6---------------------------------
gate ( ZZ) on qubits (13 14)
layer 7---------------------------------
gate ( ZZ) on qubits (10 14)
layer 8---------------------------------
gate ( ZZ) on qubits (6 10)
layer 9---------------------------------
gate ( ZZ) on qubits (10 11)
layer 10---------------------------------
gate ( ZZ) on qubits (6 11)
metric-----------------------------------
depth 11
#swap 1
Compilation time = 0:01:20.551794.
optimizing circuit with swap range (0,3) 
Trying maximal depth = 1...
Show UNSAT core
[time__11 + 1 <= 1,
 time__1 + 1 <= 1,
 time__7 + 1 <= 1,
 time__0 + 1 <= 1,
 time__14 + 1 <= 1,
 time__10 + 1 <= 1,
 time__3 + 1 <= 1,
 time__6 + 1 <= 1,
 time__8 + 1 <= 1,
 time__13 + 1 <= 1,
 time__9 + 1 <= 1,
 time__5 + 1 <= 1,
 time__12 + 1 <= 1,
 time__2 + 1 <= 1,
 time__4 + 1 <= 1]
Trying maximal depth = 2...
Bound of Trying min swap = 2...
SWAP on physical edge (12,13) at time 0
SWAP on physical edge (14,15) at time 0
Gate 0: ZZ 0, 1 on qubits 10 and 14 at time 0
Gate 1: ZZ 0, 3 on qubits 10 and 11 at time 0
Gate 2: ZZ 0, 8 on qubits 10 and 6 at time 0
Gate 3: ZZ 1, 2 on qubits 14 and 13 at time 0
Gate 4: ZZ 1, 5 on qubits 14 and 15 at time 0
Gate 5: ZZ 3, 8 on qubits 11 and 6 at time 0
Gate 6: ZZ 3, 5 on qubits 11 and 15 at time 0
Gate 7: ZZ 8, 9 on qubits 6 and 5 at time 0
Gate 8: ZZ 2, 7 on qubits 12 and 13 at time 1
Gate 9: ZZ 2, 6 on qubits 12 and 8 at time 1
Gate 10: ZZ 7, 5 on qubits 13 and 14 at time 1
Gate 11: ZZ 7, 4 on qubits 13 and 9 at time 1
Gate 12: ZZ 4, 9 on qubits 9 and 5 at time 1
Gate 13: ZZ 4, 6 on qubits 9 and 8 at time 1
Gate 14: ZZ 9, 6 on qubits 5 and 8 at time 1
result- additional SWAP count = 2.
result- circuit depth = 11.
[(5, 8), (6, 11), (0, 1), (1, 2), (2, 3), (4, 5), (5, 6), (6, 7), (8, 9), (9, 10), (10, 11), (12, 13), (13, 14), (14, 15), (0, 4), (4, 8), (8, 12), (1, 5), (5, 9), (9, 13), (2, 6), (6, 10), (10, 14), (3, 7), (7, 11), (11, 15)]
layer 0---------------------------------
gate ( ZZ) on qubits (10 14)
layer 1---------------------------------
gate ( ZZ) on qubits (10 11)
gate ( ZZ) on qubits (13 14)
layer 2---------------------------------
gate ( ZZ) on qubits (6 10)
gate ( ZZ) on qubits (14 15)
gate ( swap ZZ) on qubits (12 13)
layer 3---------------------------------
gate ( ZZ) on qubits (6 11)
gate ( ZZ) on qubits (8 12)
layer 4---------------------------------
gate ( ZZ) on qubits (11 15)
gate ( ZZ) on qubits (5 6)
layer 5---------------------------------
gate ( swap) on qubits (14 15)
layer 6---------------------------------
gate ( ZZ) on qubits (13 14)
layer 7---------------------------------
gate ( ZZ) on qubits (9 13)
layer 8---------------------------------
gate ( ZZ) on qubits (5 9)
layer 9---------------------------------
gate ( ZZ) on qubits (8 9)
layer 10---------------------------------
gate ( ZZ) on qubits (5 8)
metric-----------------------------------
depth 11
#swap 1
Compilation time = 0:01:35.283098.
optimizing circuit with swap range (0,2) 
Trying maximal depth = 1...
Show UNSAT core
[time__13 + 1 <= 1,
 time__4 + 1 <= 1,
 time__12 + 1 <= 1,
 time__6 + 1 <= 1,
 time__0 + 1 <= 1,
 time__2 + 1 <= 1,
 time__1 + 1 <= 1,
 time__10 + 1 <= 1,
 time__3 + 1 <= 1,
 time__7 + 1 <= 1,
 time__11 + 1 <= 1,
 time__5 + 1 <= 1,
 time__9 + 1 <= 1,
 time__14 + 1 <= 1,
 time__8 + 1 <= 1]
Trying maximal depth = 2...
Bound of Trying min swap = 2...
SWAP on physical edge (4,5) at time 0
SWAP on physical edge (10,13) at time 0
Gate 0: ZZ 0, 1 on qubits 10 and 9 at time 0
Gate 1: ZZ 0, 3 on qubits 10 and 13 at time 0
Gate 2: ZZ 0, 8 on qubits 10 and 11 at time 0
Gate 3: ZZ 1, 2 on qubits 9 and 5 at time 0
Gate 4: ZZ 1, 5 on qubits 9 and 5 at time 1
Gate 5: ZZ 3, 8 on qubits 10 and 11 at time 1
Gate 6: ZZ 3, 5 on qubits 10 and 5 at time 1
Gate 7: ZZ 8, 9 on qubits 11 and 7 at time 1
Gate 8: ZZ 2, 7 on qubits 5 and 1 at time 0
Gate 9: ZZ 2, 6 on qubits 5 and 6 at time 0
Gate 10: ZZ 7, 5 on qubits 1 and 5 at time 1
Gate 11: ZZ 7, 4 on qubits 1 and 2 at time 1
Gate 12: ZZ 4, 9 on qubits 2 and 7 at time 1
Gate 13: ZZ 4, 6 on qubits 2 and 6 at time 1
Gate 14: ZZ 9, 6 on qubits 7 and 6 at time 1
result- additional SWAP count = 2.
result- circuit depth = 12.
[(2, 7), (10, 13), (5, 10), (0, 1), (1, 2), (2, 3), (4, 5), (5, 6), (6, 7), (8, 9), (9, 10), (10, 11), (12, 13), (13, 14), (14, 15), (0, 4), (4, 8), (8, 12), (1, 5), (5, 9), (9, 13), (2, 6), (6, 10), (10, 14), (3, 7), (7, 11), (11, 15)]
layer 0---------------------------------
gate ( ZZ) on qubits (9 10)
layer 1---------------------------------
gate ( ZZ) on qubits (10 13)
gate ( ZZ) on qubits (5 9)
layer 2---------------------------------
gate ( ZZ) on qubits (1 5)
gate ( ZZ) on qubits (10 11)
layer 3---------------------------------
gate ( swap) on qubits (10 13)
gate ( ZZ) on qubits (5 6)
layer 4---------------------------------
gate ( swap) on qubits (4 5)
gate ( ZZ) on qubits (10 11)
layer 5---------------------------------
gate ( ZZ) on qubits (5 9)
gate ( ZZ) on qubits (7 11)
layer 6---------------------------------
gate ( ZZ) on qubits (5 10)
layer 7---------------------------------
gate ( ZZ) on qubits (1 5)
layer 8---------------------------------
gate ( ZZ) on qubits (1 2)
layer 9---------------------------------
gate ( ZZ) on qubits (2 7)
layer 10---------------------------------
gate ( ZZ) on qubits (2 6)
layer 11---------------------------------
gate ( ZZ) on qubits (6 7)
metric-----------------------------------
depth 12
#swap 2
Compilation time = 0:00:39.449987.
optimizing circuit with swap range (0,2) 
Trying maximal depth = 1...
Show UNSAT core
[time__9 + 1 <= 1,
 time__12 + 1 <= 1,
 time__2 + 1 <= 1,
 time__13 + 1 <= 1,
 time__11 + 1 <= 1,
 time__3 + 1 <= 1,
 time__5 + 1 <= 1,
 time__1 + 1 <= 1,
 time__4 + 1 <= 1,
 time__7 + 1 <= 1,
 time__6 + 1 <= 1,
 time__14 + 1 <= 1,
 time__0 + 1 <= 1,
 time__10 + 1 <= 1,
 time__8 + 1 <= 1]
Trying maximal depth = 2...
Bound of Trying min swap = 2...
SWAP on physical edge (6,7) at time 0
SWAP on physical edge (5,9) at time 0
Gate 0: ZZ 0, 1 on qubits 6 and 1 at time 0
Gate 1: ZZ 0, 3 on qubits 6 and 7 at time 0
Gate 2: ZZ 0, 8 on qubits 6 and 10 at time 0
Gate 3: ZZ 1, 2 on qubits 1 and 0 at time 0
Gate 4: ZZ 1, 5 on qubits 1 and 5 at time 1
Gate 5: ZZ 3, 8 on qubits 6 and 10 at time 1
Gate 6: ZZ 3, 5 on qubits 6 and 5 at time 1
Gate 7: ZZ 8, 9 on qubits 10 and 13 at time 1
Gate 8: ZZ 2, 7 on qubits 0 and 4 at time 0
Gate 9: ZZ 2, 6 on qubits 0 and 5 at time 0
Gate 10: ZZ 7, 5 on qubits 4 and 5 at time 1
Gate 11: ZZ 7, 4 on qubits 4 and 8 at time 1
Gate 12: ZZ 4, 9 on qubits 8 and 13 at time 1
Gate 13: ZZ 4, 6 on qubits 8 and 9 at time 1
Gate 14: ZZ 9, 6 on qubits 13 and 9 at time 1
result- additional SWAP count = 2.
result- circuit depth = 12.
[(0, 5), (8, 13), (1, 6), (10, 13), (0, 1), (1, 2), (2, 3), (4, 5), (5, 6), (6, 7), (8, 9), (9, 10), (10, 11), (12, 13), (13, 14), (14, 15), (0, 4), (4, 8), (8, 12), (1, 5), (5, 9), (9, 13), (2, 6), (6, 10), (10, 14), (3, 7), (7, 11), (11, 15)]
layer 0---------------------------------
gate ( ZZ) on qubits (1 6)
layer 1---------------------------------
gate ( ZZ) on qubits (6 7)
gate ( ZZ) on qubits (0 1)
layer 2---------------------------------
gate ( ZZ) on qubits (0 4)
gate ( ZZ) on qubits (6 10)
layer 3---------------------------------
gate ( swap) on qubits (6 7)
gate ( ZZ) on qubits (0 5)
layer 4---------------------------------
gate ( swap) on qubits (5 9)
gate ( ZZ) on qubits (6 10)
layer 5---------------------------------
gate ( ZZ) on qubits (1 5)
gate ( ZZ) on qubits (10 13)
layer 6---------------------------------
gate ( ZZ) on qubits (5 6)
layer 7---------------------------------
gate ( ZZ) on qubits (4 5)
layer 8---------------------------------
gate ( ZZ) on qubits (4 8)
layer 9---------------------------------
gate ( ZZ) on qubits (8 13)
layer 10---------------------------------
gate ( ZZ) on qubits (8 9)
layer 11---------------------------------
gate ( ZZ) on qubits (9 13)
metric-----------------------------------
depth 12
#swap 2
Compilation time = 0:00:24.170806.
optimizing circuit with swap range (0,2) 
Trying maximal depth = 1...
Show UNSAT core
[time__1 + 1 <= 1,
 time__9 + 1 <= 1,
 time__5 + 1 <= 1,
 time__7 + 1 <= 1,
 time__10 + 1 <= 1,
 time__4 + 1 <= 1,
 time__8 + 1 <= 1,
 time__11 + 1 <= 1,
 time__12 + 1 <= 1,
 time__13 + 1 <= 1,
 time__14 + 1 <= 1,
 time__6 + 1 <= 1,
 time__2 + 1 <= 1,
 time__3 + 1 <= 1,
 time__0 + 1 <= 1]
Trying maximal depth = 2...
Bound of Trying min swap = 2...
SWAP on physical edge (2,6) at time 0
SWAP on physical edge (10,14) at time 0
Gate 0: ZZ 0, 1 on qubits 7 and 11 at time 0
Gate 1: ZZ 0, 3 on qubits 7 and 3 at time 1
Gate 2: ZZ 0, 8 on qubits 7 and 6 at time 1
Gate 3: ZZ 1, 2 on qubits 11 and 10 at time 0
Gate 4: ZZ 1, 5 on qubits 11 and 6 at time 0
Gate 5: ZZ 3, 8 on qubits 3 and 6 at time 1
Gate 6: ZZ 3, 5 on qubits 3 and 2 at time 1
Gate 7: ZZ 8, 9 on qubits 6 and 10 at time 1
Gate 8: ZZ 2, 7 on qubits 10 and 5 at time 0
Gate 9: ZZ 2, 6 on qubits 10 and 13 at time 0
Gate 10: ZZ 7, 5 on qubits 5 and 2 at time 1
Gate 11: ZZ 7, 4 on qubits 5 and 9 at time 1
Gate 12: ZZ 4, 9 on qubits 9 and 10 at time 1
Gate 13: ZZ 4, 6 on qubits 9 and 13 at time 1
Gate 14: ZZ 9, 6 on qubits 10 and 13 at time 1
result- additional SWAP count = 2.
result- circuit depth = 12.
[(3, 6), (10, 13), (2, 5), (6, 11), (5, 10), (0, 1), (1, 2), (2, 3), (4, 5), (5, 6), (6, 7), (8, 9), (9, 10), (10, 11), (12, 13), (13, 14), (14, 15), (0, 4), (4, 8), (8, 12), (1, 5), (5, 9), (9, 13), (2, 6), (6, 10), (10, 14), (3, 7), (7, 11), (11, 15)]
layer 0---------------------------------
gate ( ZZ) on qubits (7 11)
layer 1---------------------------------
gate ( ZZ) on qubits (10 11)
gate ( ZZ) on qubits (3 7)
layer 2---------------------------------
gate ( ZZ) on qubits (5 10)
gate ( ZZ) on qubits (6 11)
layer 3---------------------------------
gate ( swap) on qubits (2 6)
gate ( ZZ) on qubits (10 13)
layer 4---------------------------------
gate ( ZZ) on qubits (6 7)
gate ( swap) on qubits (10 14)
layer 5---------------------------------
gate ( ZZ) on qubits (3 6)
layer 6---------------------------------
gate ( ZZ) on qubits (2 3)
gate ( ZZ) on qubits (6 10)
layer 7---------------------------------
gate ( ZZ) on qubits (2 5)
layer 8---------------------------------
gate ( ZZ) on qubits (5 9)
layer 9---------------------------------
gate ( ZZ) on qubits (9 10)
layer 10---------------------------------
gate ( ZZ) on qubits (9 13)
layer 11---------------------------------
gate ( ZZ) on qubits (10 13)
metric-----------------------------------
depth 12
#swap 2
Compilation time = 0:00:09.542641.
optimizing circuit with swap range (0,2) 
Trying maximal depth = 1...
Show UNSAT core
[time__8 + 1 <= 1,
 time__5 + 1 <= 1,
 time__14 + 1 <= 1,
 time__1 + 1 <= 1,
 time__11 + 1 <= 1,
 time__7 + 1 <= 1,
 time__6 + 1 <= 1,
 time__13 + 1 <= 1,
 time__4 + 1 <= 1,
 time__0 + 1 <= 1,
 time__12 + 1 <= 1,
 time__2 + 1 <= 1,
 time__3 + 1 <= 1,
 time__9 + 1 <= 1,
 time__10 + 1 <= 1]
Trying maximal depth = 2...
Bound of Trying min swap = 2...
SWAP on physical edge (9,13) at time 0
SWAP on physical edge (7,10) at time 0
Gate 0: ZZ 0, 1 on qubits 6 and 10 at time 0
Gate 1: ZZ 0, 3 on qubits 6 and 2 at time 0
Gate 2: ZZ 0, 8 on qubits 6 and 1 at time 0
Gate 3: ZZ 1, 2 on qubits 10 and 9 at time 0
Gate 4: ZZ 1, 5 on qubits 10 and 7 at time 0
Gate 5: ZZ 3, 8 on qubits 2 and 1 at time 0
Gate 6: ZZ 3, 5 on qubits 2 and 7 at time 0
Gate 7: ZZ 8, 9 on qubits 1 and 4 at time 0
Gate 8: ZZ 2, 7 on qubits 9 and 5 at time 0
Gate 9: ZZ 2, 6 on qubits 9 and 8 at time 0
Gate 10: ZZ 7, 5 on qubits 5 and 10 at time 1
Gate 11: ZZ 7, 4 on qubits 5 and 9 at time 1
Gate 12: ZZ 4, 9 on qubits 9 and 4 at time 1
Gate 13: ZZ 4, 6 on qubits 9 and 8 at time 1
Gate 14: ZZ 9, 6 on qubits 4 and 8 at time 1
result- additional SWAP count = 2.
result- circuit depth = 11.
[(1, 4), (2, 7), (1, 6), (4, 9), (7, 10), (5, 10), (0, 1), (1, 2), (2, 3), (4, 5), (5, 6), (6, 7), (8, 9), (9, 10), (10, 11), (12, 13), (13, 14), (14, 15), (0, 4), (4, 8), (8, 12), (1, 5), (5, 9), (9, 13), (2, 6), (6, 10), (10, 14), (3, 7), (7, 11), (11, 15)]
layer 0---------------------------------
gate ( ZZ) on qubits (6 10)
layer 1---------------------------------
gate ( ZZ) on qubits (2 6)
gate ( ZZ) on qubits (9 10)
layer 2---------------------------------
gate ( ZZ) on qubits (1 6)
gate ( ZZ) on qubits (5 9)
gate ( ZZ) on qubits (7 10)
layer 3---------------------------------
gate ( ZZ) on qubits (1 2)
gate ( ZZ) on qubits (8 9)
layer 4---------------------------------
gate ( ZZ) on qubits (2 7)
gate ( swap) on qubits (9 13)
gate ( ZZ) on qubits (1 4)
layer 5---------------------------------
gate ( swap) on qubits (7 10)
layer 6---------------------------------
gate ( ZZ) on qubits (5 10)
layer 7---------------------------------
gate ( ZZ) on qubits (5 9)
layer 8---------------------------------
gate ( ZZ) on qubits (4 9)
layer 9---------------------------------
gate ( ZZ) on qubits (8 9)
layer 10---------------------------------
gate ( ZZ) on qubits (4 8)
metric-----------------------------------
depth 11
#swap 2
Compilation time = 0:00:10.388068.
optimizing circuit with swap range (0,2) 
Trying maximal depth = 1...
Show UNSAT core
[time__0 + 1 <= 1,
 time__3 + 1 <= 1,
 time__12 + 1 <= 1,
 time__7 + 1 <= 1,
 time__1 + 1 <= 1,
 time__13 + 1 <= 1,
 time__6 + 1 <= 1,
 time__5 + 1 <= 1,
 time__11 + 1 <= 1,
 time__14 + 1 <= 1,
 time__2 + 1 <= 1,
 time__4 + 1 <= 1,
 time__10 + 1 <= 1,
 time__9 + 1 <= 1,
 time__8 + 1 <= 1]
Trying maximal depth = 2...
Bound of Trying min swap = 2...
SWAP on physical edge (12,13) at time 0
SWAP on physical edge (2,6) at time 0
Gate 0: ZZ 0, 1 on qubits 13 and 14 at time 0
Gate 1: ZZ 0, 3 on qubits 13 and 8 at time 0
Gate 2: ZZ 0, 8 on qubits 13 and 9 at time 0
Gate 3: ZZ 1, 2 on qubits 14 and 11 at time 1
Gate 4: ZZ 1, 5 on qubits 14 and 13 at time 1
Gate 5: ZZ 3, 8 on qubits 8 and 9 at time 0
Gate 6: ZZ 3, 5 on qubits 8 and 13 at time 1
Gate 7: ZZ 8, 9 on qubits 9 and 6 at time 0
Gate 8: ZZ 2, 7 on qubits 11 and 10 at time 1
Gate 9: ZZ 2, 6 on qubits 11 and 7 at time 1
Gate 10: ZZ 7, 5 on qubits 10 and 13 at time 1
Gate 11: ZZ 7, 4 on qubits 10 and 6 at time 1
Gate 12: ZZ 4, 9 on qubits 6 and 2 at time 1
Gate 13: ZZ 4, 6 on qubits 6 and 7 at time 1
Gate 14: ZZ 9, 6 on qubits 2 and 7 at time 1
result- additional SWAP count = 2.
result- circuit depth = 11.
[(2, 7), (8, 13), (11, 14), (10, 13), (6, 9), (0, 1), (1, 2), (2, 3), (4, 5), (5, 6), (6, 7), (8, 9), (9, 10), (10, 11), (12, 13), (13, 14), (14, 15), (0, 4), (4, 8), (8, 12), (1, 5), (5, 9), (9, 13), (2, 6), (6, 10), (10, 14), (3, 7), (7, 11), (11, 15)]
layer 0---------------------------------
gate ( ZZ) on qubits (13 14)
layer 1---------------------------------
gate ( ZZ) on qubits (8 13)
gate ( ZZ) on qubits (11 14)
layer 2---------------------------------
gate ( ZZ) on qubits (9 13)
gate ( ZZ) on qubits (10 11)
layer 3---------------------------------
gate ( swap) on qubits (12 13)
gate ( ZZ) on qubits (8 9)
gate ( ZZ) on qubits (7 11)
layer 4---------------------------------
gate ( ZZ) on qubits (13 14)
gate ( ZZ) on qubits (6 9)
layer 5---------------------------------
gate ( ZZ) on qubits (8 13)
gate ( swap) on qubits (2 6)
layer 6---------------------------------
gate ( ZZ) on qubits (10 13)
layer 7---------------------------------
gate ( ZZ) on qubits (6 10)
layer 8---------------------------------
gate ( ZZ) on qubits (2 6)
layer 9---------------------------------
gate ( ZZ) on qubits (6 7)
layer 10---------------------------------
gate ( ZZ) on qubits (2 7)
metric-----------------------------------
depth 11
#swap 2
Compilation time = 0:00:11.311583.
Total compilation time = 0:04:50.139576.
