start searching...
Using transition based mode...
start adding constraints...
Trying maximal depth = 1...
Show UNSAT core
[time__17 + 1 <= 1,
 time__15 + 1 <= 1,
 time__16 + 1 <= 1,
 time__14 + 1 <= 1,
 time__12 + 1 <= 1,
 time__13 + 1 <= 1,
 time__11 + 1 <= 1,
 time__9 + 1 <= 1,
 time__10 + 1 <= 1,
 time__8 + 1 <= 1,
 time__6 + 1 <= 1,
 time__7 + 1 <= 1,
 time__5 + 1 <= 1,
 time__3 + 1 <= 1,
 time__4 + 1 <= 1,
 time__2 + 1 <= 1,
 time__0 + 1 <= 1,
 time__1 + 1 <= 1]
Trying maximal depth = 2...
Show UNSAT core
[time__1 + 1 <= 2,
 time__2 + 1 <= 2,
 time__4 + 1 <= 2,
 time__5 + 1 <= 2,
 time__3 + 1 <= 2,
 time__7 + 1 <= 2,
 time__8 + 1 <= 2,
 time__6 + 1 <= 2,
 time__10 + 1 <= 2,
 time__11 + 1 <= 2,
 time__9 + 1 <= 2,
 time__13 + 1 <= 2,
 time__14 + 1 <= 2,
 time__12 + 1 <= 2,
 time__16 + 1 <= 2,
 time__17 + 1 <= 2,
 time__15 + 1 <= 2]
Trying maximal depth = 3...
Show UNSAT core
[time__17 + 1 <= 3,
 time__16 + 1 <= 3,
 time__15 + 1 <= 3,
 time__14 + 1 <= 3,
 time__13 + 1 <= 3,
 time__12 + 1 <= 3,
 time__11 + 1 <= 3,
 time__10 + 1 <= 3,
 time__9 + 1 <= 3,
 time__8 + 1 <= 3,
 time__7 + 1 <= 3,
 time__6 + 1 <= 3,
 time__4 + 1 <= 3,
 time__3 + 1 <= 3,
 time__2 + 1 <= 3,
 time__1 + 1 <= 3,
 time__0 + 1 <= 3]
Trying maximal depth = 4...
Show UNSAT core
[]
Trying maximal depth = 5...
Bound of Trying min swap = 11...
[]
Bound of Trying min swap = 15...
[]
Bound of Trying min swap = 17...
Bound of Trying min swap = 16...
SWAP on physical edge (2,3) at time 1
SWAP on physical edge (4,5) at time 1
SWAP on physical edge (4,5) at time 3
SWAP on physical edge (5,6) at time 2
SWAP on physical edge (6,9) at time 1
SWAP on physical edge (8,11) at time 1
SWAP on physical edge (8,11) at time 2
SWAP on physical edge (11,12) at time 0
SWAP on physical edge (11,12) at time 3
SWAP on physical edge (13,14) at time 0
SWAP on physical edge (13,14) at time 2
SWAP on physical edge (14,15) at time 1
SWAP on physical edge (15,16) at time 2
SWAP on physical edge (9,15) at time 0
SWAP on physical edge (9,15) at time 3
SWAP on physical edge (6,7) at time 0
Gate 0: ZZ 0, 1 on qubits 5 and 6 at time 0
Gate 1: ZZ 0, 3 on qubits 5 and 4 at time 1
Gate 2: ZZ 0, 11 on qubits 4 and 3 at time 3
Gate 3: ZZ 1, 5 on qubits 6 and 9 at time 0
Gate 4: ZZ 1, 9 on qubits 6 and 7 at time 0
Gate 5: ZZ 4, 10 on qubits 14 and 13 at time 0
Gate 6: ZZ 4, 2 on qubits 14 and 15 at time 0
Gate 7: ZZ 4, 5 on qubits 13 and 14 at time 2
Gate 8: ZZ 10, 7 on qubits 13 and 12 at time 0
Gate 9: ZZ 10, 6 on qubits 16 and 15 at time 3
Gate 10: ZZ 2, 9 on qubits 6 and 9 at time 2
Gate 11: ZZ 2, 11 on qubits 4 and 3 at time 4
Gate 12: ZZ 3, 8 on qubits 4 and 3 at time 1
Gate 13: ZZ 3, 6 on qubits 6 and 9 at time 4
Gate 14: ZZ 8, 7 on qubits 2 and 8 at time 2
Gate 15: ZZ 8, 11 on qubits 2 and 3 at time 4
Gate 16: ZZ 5, 7 on qubits 13 and 12 at time 4
Gate 17: ZZ 6, 9 on qubits 9 and 15 at time 4
result- additional SWAP count = 16.
result- circuit depth = 10.
Compilation time = 0:07:15.769248.
layer 0---------------------------------
gate ( ZZ) on qubits (5 6)
gate ( ZZ) on qubits (13 14)
layer 1---------------------------------
gate ( ZZ) on qubits (6 9)
gate ( ZZ) on qubits (4 5)
gate ( ZZ) on qubits (12 13)
gate ( ZZ) on qubits (14 15)
layer 2---------------------------------
gate ( ZZ) on qubits (3 4)
gate ( swap) on qubits (11 12)
gate ( swap) on qubits (13 14)
gate ( swap) on qubits (9 15)
gate ( ZZ swap) on qubits (6 7)
layer 3---------------------------------
gate ( swap) on qubits (2 3)
gate ( swap) on qubits (4 5)
gate ( swap) on qubits (14 15)
gate ( swap) on qubits (8 11)
gate ( swap ZZ) on qubits (6 9)
layer 4---------------------------------
gate ( ZZ) on qubits (2 8)
gate ( swap ZZ) on qubits (15 16)
gate ( swap) on qubits (5 6)
gate ( ZZ swap) on qubits (13 14)
gate ( ZZ) on qubits (3 4)
layer 5---------------------------------
gate ( swap) on qubits (8 11)
gate ( swap) on qubits (9 15)
gate ( swap) on qubits (4 5)
layer 6---------------------------------
gate ( swap) on qubits (11 12)
gate ( ZZ) on qubits (6 9)
gate ( ZZ) on qubits (3 4)
layer 7---------------------------------
gate ( ZZ) on qubits (2 3)
gate ( ZZ) on qubits (9 15)
gate ( ZZ) on qubits (12 13)
metric-----------------------------------
depth 8
#swap 12
optimizing circuit with swap range (0,16) 
Trying maximal depth = 1...
Show UNSAT core
[time__11 + 1 <= 1,
 time__3 + 1 <= 1,
 time__4 + 1 <= 1,
 time__5 + 1 <= 1,
 time__6 + 1 <= 1,
 time__2 + 1 <= 1,
 time__7 + 1 <= 1,
 time__15 + 1 <= 1,
 time__17 + 1 <= 1,
 time__14 + 1 <= 1,
 time__13 + 1 <= 1,
 time__16 + 1 <= 1,
 time__12 + 1 <= 1,
 time__8 + 1 <= 1,
 time__9 + 1 <= 1,
 time__10 + 1 <= 1,
 time__0 + 1 <= 1,
 time__1 + 1 <= 1]
Trying maximal depth = 2...
Show UNSAT core
[time__2 + 1 <= 2,
 time__1 + 1 <= 2,
 time__4 + 1 <= 2,
 time__10 + 1 <= 2,
 time__0 + 1 <= 2,
 time__6 + 1 <= 2,
 time__14 + 1 <= 2,
 time__13 + 1 <= 2,
 time__8 + 1 <= 2,
 time__3 + 1 <= 2,
 time__9 + 1 <= 2,
 time__7 + 1 <= 2,
 time__16 + 1 <= 2,
 time__12 + 1 <= 2,
 time__15 + 1 <= 2,
 time__11 + 1 <= 2,
 time__17 + 1 <= 2,
 time__5 + 1 <= 2]
Trying maximal depth = 3...
Show UNSAT core
[]
Trying maximal depth = 4...
Bound of Trying min swap = 9...
[]
Bound of Trying min swap = 13...
[]
Bound of Trying min swap = 15...
Bound of Trying min swap = 14...
SWAP on physical edge (0,4) at time 2
SWAP on physical edge (3,4) at time 0
SWAP on physical edge (4,5) at time 1
SWAP on physical edge (5,6) at time 0
SWAP on physical edge (6,9) at time 1
SWAP on physical edge (6,9) at time 2
SWAP on physical edge (12,13) at time 0
SWAP on physical edge (12,13) at time 2
SWAP on physical edge (13,14) at time 1
SWAP on physical edge (15,16) at time 1
SWAP on physical edge (9,15) at time 0
SWAP on physical edge (3,11) at time 1
SWAP on physical edge (3,11) at time 2
Gate 0: ZZ 0, 1 on qubits 6 and 9 at time 0
Gate 1: ZZ 0, 3 on qubits 6 and 5 at time 0
Gate 2: ZZ 0, 11 on qubits 4 and 0 at time 2
Gate 3: ZZ 1, 5 on qubits 15 and 14 at time 1
Gate 4: ZZ 1, 9 on qubits 15 and 9 at time 1
Gate 5: ZZ 4, 10 on qubits 11 and 12 at time 0
Gate 6: ZZ 4, 2 on qubits 11 and 3 at time 0
Gate 7: ZZ 4, 5 on qubits 11 and 12 at time 3
Gate 8: ZZ 10, 7 on qubits 13 and 12 at time 1
Gate 9: ZZ 10, 6 on qubits 14 and 15 at time 2
Gate 10: ZZ 2, 9 on qubits 5 and 6 at time 2
Gate 11: ZZ 2, 11 on qubits 5 and 4 at time 3
Gate 12: ZZ 3, 8 on qubits 5 and 4 at time 0
Gate 13: ZZ 3, 6 on qubits 9 and 15 at time 2
Gate 14: ZZ 8, 7 on qubits 11 and 12 at time 2
Gate 15: ZZ 8, 11 on qubits 3 and 4 at time 3
Gate 16: ZZ 5, 7 on qubits 12 and 13 at time 3
Gate 17: ZZ 6, 9 on qubits 15 and 9 at time 3
result- additional SWAP count = 13.
result- circuit depth = 9.
Compilation time = 0:09:11.459062.
layer 0---------------------------------
gate ( ZZ) on qubits (6 9)
gate ( ZZ) on qubits (11 12)
layer 1---------------------------------
gate ( swap) on qubits (9 15)
gate ( ZZ) on qubits (5 6)
gate ( ZZ) on qubits (3 11)
gate ( swap ZZ) on qubits (12 13)
layer 2---------------------------------
gate ( ZZ) on qubits (14 15)
gate ( ZZ) on qubits (4 5)
layer 3---------------------------------
gate ( swap) on qubits (3 4)
gate ( swap) on qubits (5 6)
gate ( ZZ) on qubits (9 15)
gate ( swap) on qubits (13 14)
layer 4---------------------------------
gate ( swap) on qubits (4 5)
gate ( swap) on qubits (15 16)
gate ( swap) on qubits (6 9)
gate ( swap) on qubits (3 11)
layer 5---------------------------------
gate ( ZZ) on qubits (14 15)
gate ( ZZ) on qubits (11 12)
gate ( ZZ swap) on qubits (0 4)
gate ( ZZ) on qubits (5 6)
layer 6---------------------------------
gate ( swap) on qubits (3 11)
gate ( swap) on qubits (12 13)
gate ( ZZ) on qubits (9 15)
gate ( ZZ) on qubits (4 5)
layer 7---------------------------------
gate ( ZZ) on qubits (11 12)
gate ( swap) on qubits (6 9)
gate ( ZZ) on qubits (3 4)
layer 8---------------------------------
gate ( ZZ) on qubits (9 15)
gate ( ZZ) on qubits (12 13)
metric-----------------------------------
depth 9
#swap 11
optimizing circuit with swap range (0,14) 
Trying maximal depth = 1...
Show UNSAT core
[time__4 + 1 <= 1,
 time__7 + 1 <= 1,
 time__8 + 1 <= 1,
 time__0 + 1 <= 1,
 time__3 + 1 <= 1,
 time__17 + 1 <= 1,
 time__2 + 1 <= 1,
 time__6 + 1 <= 1,
 time__1 + 1 <= 1,
 time__5 + 1 <= 1,
 time__15 + 1 <= 1,
 time__14 + 1 <= 1,
 time__9 + 1 <= 1,
 time__10 + 1 <= 1,
 time__13 + 1 <= 1,
 time__12 + 1 <= 1,
 time__11 + 1 <= 1,
 time__16 + 1 <= 1]
Trying maximal depth = 2...
Show UNSAT core
[]
Trying maximal depth = 3...
Show UNSAT core
[]
Trying maximal depth = 4...
Bound of Trying min swap = 8...
[]
Bound of Trying min swap = 11...
[]
Bound of Trying min swap = 13...
[]
