start searching...
Using transition based mode...
start adding constraints...
Trying maximal depth = 1...
Show UNSAT core
[time__13 + 1 <= 1,
 time__14 + 1 <= 1,
 time__12 + 1 <= 1,
 time__10 + 1 <= 1,
 time__11 + 1 <= 1,
 time__9 + 1 <= 1,
 time__7 + 1 <= 1,
 time__8 + 1 <= 1,
 time__6 + 1 <= 1,
 time__4 + 1 <= 1,
 time__5 + 1 <= 1,
 time__3 + 1 <= 1,
 time__1 + 1 <= 1,
 time__2 + 1 <= 1,
 time__0 + 1 <= 1]
Trying maximal depth = 2...
Show UNSAT core
[time__2 + 1 <= 2,
 time__5 + 1 <= 2,
 time__1 + 1 <= 2,
 time__8 + 1 <= 2,
 time__0 + 1 <= 2,
 time__4 + 1 <= 2,
 time__11 + 1 <= 2,
 time__3 + 1 <= 2,
 time__7 + 1 <= 2,
 time__14 + 1 <= 2,
 time__6 + 1 <= 2,
 time__10 + 1 <= 2,
 time__9 + 1 <= 2,
 time__13 + 1 <= 2,
 time__12 + 1 <= 2]
Trying maximal depth = 3...
Bound of Trying min swap = 8...
Bound of Trying min swap = 5...
Bound of Trying min swap = 3...
[num_swap <= 3]
Bound of Trying min swap = 4...
SWAP on physical edge (0,1) at time 1
SWAP on physical edge (2,6) at time 1
SWAP on physical edge (10,14) at time 0
SWAP on physical edge (7,11) at time 0
Gate 0: ZZ 0, 1 on qubits 10 and 9 at time 0
Gate 1: ZZ 0, 4 on qubits 10 and 6 at time 0
Gate 2: ZZ 0, 5 on qubits 10 and 11 at time 0
Gate 3: ZZ 1, 6 on qubits 9 and 10 at time 1
Gate 4: ZZ 1, 9 on qubits 9 and 5 at time 1
Gate 5: ZZ 2, 4 on qubits 7 and 6 at time 0
Gate 6: ZZ 2, 6 on qubits 11 and 10 at time 1
Gate 7: ZZ 2, 5 on qubits 11 and 7 at time 1
Gate 8: ZZ 4, 8 on qubits 2 and 1 at time 2
Gate 9: ZZ 3, 7 on qubits 2 and 1 at time 1
Gate 10: ZZ 3, 6 on qubits 6 and 10 at time 2
Gate 11: ZZ 3, 5 on qubits 6 and 7 at time 2
Gate 12: ZZ 7, 9 on qubits 1 and 5 at time 1
Gate 13: ZZ 7, 8 on qubits 0 and 1 at time 2
Gate 14: ZZ 9, 8 on qubits 5 and 1 at time 2
result- additional SWAP count = 4.
result- circuit depth = 11.
Compilation time = 1:30:26.547111.
layer 0---------------------------------
gate ( ZZ) on qubits (9 10)
gate ( ZZ) on qubits (1 2)
layer 1---------------------------------
gate ( ZZ) on qubits (6 10)
layer 2---------------------------------
gate ( ZZ) on qubits (10 11)
gate ( ZZ) on qubits (6 7)
layer 3---------------------------------
gate ( swap) on qubits (10 14)
gate ( swap) on qubits (7 11)
gate ( swap) on qubits (2 6)
layer 4---------------------------------
gate ( ZZ) on qubits (9 10)
layer 5---------------------------------
gate ( ZZ) on qubits (10 11)
gate ( ZZ) on qubits (5 9)
layer 6---------------------------------
gate ( ZZ) on qubits (6 10)
gate ( ZZ) on qubits (7 11)
gate ( ZZ) on qubits (1 5)
layer 7---------------------------------
gate ( swap) on qubits (0 1)
gate ( ZZ) on qubits (6 7)
layer 8---------------------------------
gate ( ZZ) on qubits (1 2)
layer 9---------------------------------
gate ( ZZ) on qubits (0 1)
layer 10---------------------------------
gate ( ZZ) on qubits (1 5)
metric-----------------------------------
depth 11
#swap 4
optimizing circuit with swap range (0,4) 
Trying maximal depth = 1...
Show UNSAT core
[time__8 + 1 <= 1,
 time__9 + 1 <= 1,
 time__0 + 1 <= 1,
 time__2 + 1 <= 1,
 time__14 + 1 <= 1,
 time__13 + 1 <= 1,
 time__12 + 1 <= 1,
 time__1 + 1 <= 1,
 time__4 + 1 <= 1,
 time__3 + 1 <= 1,
 time__6 + 1 <= 1,
 time__5 + 1 <= 1,
 time__10 + 1 <= 1,
 time__7 + 1 <= 1,
 time__11 + 1 <= 1]
Trying maximal depth = 2...
Bound of Trying min swap = 2...
[num_swap <= 2]
Bound of Trying min swap = 3...
SWAP on physical edge (4,5) at time 0
SWAP on physical edge (9,10) at time 0
SWAP on physical edge (2,6) at time 0
Gate 0: ZZ 0, 1 on qubits 6 and 5 at time 0
Gate 1: ZZ 0, 4 on qubits 6 and 10 at time 0
Gate 2: ZZ 0, 5 on qubits 6 and 7 at time 0
Gate 3: ZZ 1, 6 on qubits 5 and 9 at time 0
Gate 4: ZZ 1, 9 on qubits 5 and 0 at time 0
Gate 5: ZZ 2, 4 on qubits 11 and 10 at time 0
Gate 6: ZZ 2, 6 on qubits 11 and 10 at time 1
Gate 7: ZZ 2, 5 on qubits 11 and 7 at time 1
Gate 8: ZZ 4, 8 on qubits 9 and 5 at time 1
Gate 9: ZZ 3, 7 on qubits 2 and 1 at time 0
Gate 10: ZZ 3, 6 on qubits 6 and 10 at time 1
Gate 11: ZZ 3, 5 on qubits 6 and 7 at time 1
Gate 12: ZZ 7, 9 on qubits 1 and 0 at time 0
Gate 13: ZZ 7, 8 on qubits 1 and 5 at time 1
Gate 14: ZZ 9, 8 on qubits 0 and 5 at time 1
result- additional SWAP count = 3.
result- circuit depth = 7.
Compilation time = 0:08:12.287651.
layer 0---------------------------------
gate ( ZZ) on qubits (5 6)
gate ( ZZ) on qubits (1 2)
layer 1---------------------------------
gate ( ZZ) on qubits (6 10)
gate ( ZZ) on qubits (5 9)
layer 2---------------------------------
gate ( ZZ) on qubits (0 5)
gate ( ZZ) on qubits (10 11)
gate ( ZZ) on qubits (6 7)
layer 3---------------------------------
gate ( swap) on qubits (9 10)
gate ( swap) on qubits (4 5)
gate ( swap) on qubits (2 6)
gate ( ZZ) on qubits (0 1)
layer 4---------------------------------
gate ( ZZ) on qubits (10 11)
gate ( ZZ) on qubits (5 9)
layer 5---------------------------------
gate ( ZZ) on qubits (6 10)
gate ( ZZ) on qubits (7 11)
gate ( ZZ) on qubits (1 5)
layer 6---------------------------------
gate ( ZZ) on qubits (0 5)
gate ( ZZ) on qubits (6 7)
metric-----------------------------------
depth 7
#swap 3
optimizing circuit with swap range (0,3) 
Trying maximal depth = 1...
Show UNSAT core
[time__10 + 1 <= 1,
 time__14 + 1 <= 1,
 time__0 + 1 <= 1,
 time__6 + 1 <= 1,
 time__13 + 1 <= 1,
 time__9 + 1 <= 1,
 time__4 + 1 <= 1,
 time__1 + 1 <= 1,
 time__2 + 1 <= 1,
 time__5 + 1 <= 1,
 time__8 + 1 <= 1,
 time__3 + 1 <= 1,
 time__12 + 1 <= 1,
 time__7 + 1 <= 1,
 time__11 + 1 <= 1]
Trying maximal depth = 2...
Bound of Trying min swap = 2...
[num_swap <= 2]
SWAP on physical edge (4,5) at time 0
SWAP on physical edge (9,13) at time 0
SWAP on physical edge (6,11) at time 0
Gate 0: ZZ 0, 1 on qubits 9 and 5 at time 0
Gate 1: ZZ 0, 4 on qubits 13 and 9 at time 1
Gate 2: ZZ 0, 5 on qubits 13 and 14 at time 1
Gate 3: ZZ 1, 6 on qubits 5 and 6 at time 0
Gate 4: ZZ 1, 9 on qubits 5 and 2 at time 0
Gate 5: ZZ 2, 4 on qubits 10 and 9 at time 1
Gate 6: ZZ 2, 6 on qubits 10 and 11 at time 1
Gate 7: ZZ 2, 5 on qubits 10 and 14 at time 1
Gate 8: ZZ 4, 8 on qubits 9 and 5 at time 1
Gate 9: ZZ 3, 7 on qubits 15 and 11 at time 0
Gate 10: ZZ 3, 6 on qubits 15 and 11 at time 1
Gate 11: ZZ 3, 5 on qubits 15 and 14 at time 1
Gate 12: ZZ 7, 9 on qubits 6 and 2 at time 1
Gate 13: ZZ 7, 8 on qubits 6 and 5 at time 1
Gate 14: ZZ 9, 8 on qubits 2 and 5 at time 1
result- additional SWAP count = 3.
result- circuit depth = 7.
Compilation time = 1:50:42.941944.
layer 0---------------------------------
gate ( ZZ) on qubits (5 9)
gate ( ZZ) on qubits (11 15)
layer 1---------------------------------
gate ( ZZ) on qubits (5 6)
gate ( swap ZZ) on qubits (9 13)
layer 2---------------------------------
gate ( ZZ) on qubits (2 5)
gate ( swap) on qubits (6 11)
gate ( ZZ) on qubits (9 10)
gate ( ZZ) on qubits (13 14)
layer 3---------------------------------
gate ( swap) on qubits (4 5)
gate ( ZZ) on qubits (10 11)
gate ( ZZ) on qubits (2 6)
layer 4---------------------------------
gate ( ZZ) on qubits (5 9)
gate ( ZZ) on qubits (10 14)
gate ( ZZ) on qubits (11 15)
layer 5---------------------------------
gate ( ZZ) on qubits (5 6)
gate ( ZZ) on qubits (14 15)
layer 6---------------------------------
gate ( ZZ) on qubits (2 5)
metric-----------------------------------
depth 7
#swap 2
optimizing circuit with swap range (0,3) 
Trying maximal depth = 1...
Show UNSAT core
[time__13 + 1 <= 1,
 time__1 + 1 <= 1,
 time__7 + 1 <= 1,
 time__9 + 1 <= 1,
 time__0 + 1 <= 1,
 time__5 + 1 <= 1,
 time__6 + 1 <= 1,
 time__8 + 1 <= 1,
 time__3 + 1 <= 1,
 time__4 + 1 <= 1,
 time__11 + 1 <= 1,
 time__14 + 1 <= 1,
 time__10 + 1 <= 1,
 time__12 + 1 <= 1,
 time__2 + 1 <= 1]
Trying maximal depth = 2...
Bound of Trying min swap = 2...
