start searching...
Using transition based mode...
start adding constraints...
Trying maximal depth = 1...
Show UNSAT core
[time__7 + 1 <= 1, time__4 + 1 <= 1, time__0 + 1 <= 1]
Trying maximal depth = 2...
Show UNSAT core
[time__10 + 1 <= 2,
 time__9 + 1 <= 2,
 time__0 + 1 <= 2,
 time__7 + 1 <= 2,
 time__4 + 1 <= 2]
Trying maximal depth = 3...
Show UNSAT core
[time__10 + 1 <= 3,
 time__9 + 1 <= 3,
 time__8 + 1 <= 3,
 time__7 + 1 <= 3,
 time__5 + 1 <= 3,
 time__2 + 1 <= 3]
Trying maximal depth = 4...
Bound of Trying min swap = 7...
Bound of Trying min swap = 5...
Bound of Trying min swap = 4...
[num_swap <= 4]
SWAP on physical edge (1,2) at time 0
SWAP on physical edge (1,2) at time 2
SWAP on physical edge (5,6) at time 0
SWAP on physical edge (2,6) at time 1
SWAP on physical edge (3,7) at time 0
Gate 0: u4 0, 1 on qubits 0 and 1 at time 0
Gate 1: u4 2, 3 on qubits 2 and 3 at time 0
Gate 2: u4 4, 5 on qubits 5 and 4 at time 0
Gate 3: u4 6, 7 on qubits 6 and 7 at time 0
Gate 4: u4 1, 2 on qubits 1 and 2 at time 0
Gate 5: u4 3, 4 on qubits 7 and 6 at time 1
Gate 6: u4 5, 6 on qubits 4 and 5 at time 1
Gate 7: u4 0, 2 on qubits 0 and 1 at time 1
Gate 8: u4 4, 6 on qubits 6 and 5 at time 1
Gate 9: u4 2, 4 on qubits 1 and 2 at time 2
Gate 10: u4 0, 4 on qubits 0 and 1 at time 3
result- additional SWAP count = 4.
result- circuit depth = 7.
[(0, 1), (1, 2), (2, 3), (4, 5), (5, 6), (6, 7), (8, 9), (9, 10), (10, 11), (12, 13), (13, 14), (14, 15), (0, 4), (4, 8), (8, 12), (1, 5), (5, 9), (9, 13), (2, 6), (6, 10), (10, 14), (3, 7), (7, 11), (11, 15)]
layer 0---------------------------------
gate ( U4 U4) on qubits (0 1)
gate ( U4) on qubits (2 3)
gate ( U4) on qubits (4 5)
gate ( U4) on qubits (6 7)
layer 1---------------------------------
gate ( swap) on qubits (5 6)
gate ( swap) on qubits (3 7)
gate ( U4 swap) on qubits (1 2)
layer 2---------------------------------
gate ( U4) on qubits (4 5)
gate ( U4) on qubits (6 7)
gate ( U4) on qubits (0 1)
layer 3---------------------------------
gate ( U4) on qubits (5 6)
layer 4---------------------------------
gate ( swap) on qubits (2 6)
layer 5---------------------------------
gate ( U4) on qubits (1 2)
metric-----------------------------------
depth 6
#swap 3
Compilation time = 0:00:13.189356.
optimizing circuit with swap range (0,5) 
Trying maximal depth = 1...
Show UNSAT core
[time__10 + 1 <= 1,
 time__6 + 1 <= 1,
 time__2 + 1 <= 1,
 time__8 + 1 <= 1]
Trying maximal depth = 2...
Show UNSAT core
[time__8 + 1 <= 2,
 time__10 + 1 <= 2,
 time__9 + 1 <= 2,
 time__6 + 1 <= 2,
 time__2 + 1 <= 2]
Trying maximal depth = 3...
Bound of Trying min swap = 4...
[num_swap <= 4]
SWAP on physical edge (6,7) at time 0
SWAP on physical edge (9,10) at time 0
SWAP on physical edge (4,8) at time 0
SWAP on physical edge (6,10) at time 1
SWAP on physical edge (5,8) at time 1
Gate 0: u4 0, 1 on qubits 7 and 6 at time 0
Gate 1: u4 2, 3 on qubits 5 and 4 at time 0
Gate 2: u4 4, 5 on qubits 10 and 11 at time 0
Gate 3: u4 6, 7 on qubits 9 and 8 at time 0
Gate 4: u4 1, 2 on qubits 6 and 5 at time 0
Gate 5: u4 3, 4 on qubits 8 and 9 at time 1
Gate 6: u4 5, 6 on qubits 11 and 10 at time 1
Gate 7: u4 0, 2 on qubits 6 and 5 at time 1
Gate 8: u4 4, 6 on qubits 9 and 10 at time 1
Gate 9: u4 2, 4 on qubits 8 and 9 at time 2
Gate 10: u4 0, 4 on qubits 10 and 9 at time 2
result- additional SWAP count = 3.
result- circuit depth = 5.
[(5, 8), (0, 1), (1, 2), (2, 3), (4, 5), (5, 6), (6, 7), (8, 9), (9, 10), (10, 11), (12, 13), (13, 14), (14, 15), (0, 4), (4, 8), (8, 12), (1, 5), (5, 9), (9, 13), (2, 6), (6, 10), (10, 14), (3, 7), (7, 11), (11, 15)]
layer 0---------------------------------
gate ( U4 U4) on qubits (8 9)
gate ( U4) on qubits (10 11)
gate ( U4) on qubits (4 5)
gate ( U4) on qubits (6 7)
layer 1---------------------------------
gate ( swap) on qubits (4 8)
gate ( U4 swap) on qubits (9 10)
gate ( U4) on qubits (5 6)
layer 2---------------------------------
gate ( swap) on qubits (6 7)
gate ( U4) on qubits (8 9)
gate ( U4) on qubits (10 11)
layer 3---------------------------------
gate ( U4) on qubits (5 6)
gate ( U4) on qubits (9 10)
metric-----------------------------------
depth 4
#swap 2
Compilation time = 0:00:04.936418.
optimizing circuit with swap range (0,5) 
Trying maximal depth = 1...
Show UNSAT core
[time__7 + 1 <= 1,
 time__4 + 1 <= 1,
 time__0 + 1 <= 1,
 time__9 + 1 <= 1,
 time__10 + 1 <= 1]
Trying maximal depth = 2...
Show UNSAT core
[time__10 + 1 <= 2, time__7 + 1 <= 2, time__9 + 1 <= 2]
Trying maximal depth = 3...
Bound of Trying min swap = 4...
[num_swap <= 4]
SWAP on physical edge (0,4) at time 0
SWAP on physical edge (1,5) at time 1
SWAP on physical edge (3,7) at time 0
SWAP on physical edge (3,6) at time 1
SWAP on physical edge (2,5) at time 0
Gate 0: u4 0, 1 on qubits 2 and 3 at time 0
Gate 1: u4 2, 3 on qubits 6 and 7 at time 0
Gate 2: u4 4, 5 on qubits 5 and 4 at time 0
Gate 3: u4 6, 7 on qubits 1 and 0 at time 0
Gate 4: u4 1, 2 on qubits 7 and 6 at time 1
Gate 5: u4 3, 4 on qubits 3 and 2 at time 1
Gate 6: u4 5, 6 on qubits 0 and 1 at time 1
Gate 7: u4 0, 2 on qubits 5 and 6 at time 1
Gate 8: u4 4, 6 on qubits 2 and 1 at time 1
Gate 9: u4 2, 4 on qubits 3 and 2 at time 2
Gate 10: u4 0, 4 on qubits 1 and 2 at time 2
result- additional SWAP count = 3.
result- circuit depth = 5.
[(3, 6), (2, 5), (0, 1), (1, 2), (2, 3), (4, 5), (5, 6), (6, 7), (8, 9), (9, 10), (10, 11), (12, 13), (13, 14), (14, 15), (0, 4), (4, 8), (8, 12), (1, 5), (5, 9), (9, 13), (2, 6), (6, 10), (10, 14), (3, 7), (7, 11), (11, 15)]
layer 0---------------------------------
gate ( U4) on qubits (0 1)
gate ( U4 U4) on qubits (2 3)
gate ( U4) on qubits (4 5)
gate ( U4) on qubits (6 7)
layer 1---------------------------------
gate ( U4) on qubits (1 2)
gate ( swap) on qubits (3 7)
gate ( swap) on qubits (0 4)
layer 2---------------------------------
gate ( swap) on qubits (2 5)
gate ( U4) on qubits (6 7)
gate ( U4) on qubits (0 1)
layer 3---------------------------------
gate ( U4) on qubits (2 3)
gate ( U4) on qubits (5 6)
layer 4---------------------------------
gate ( U4) on qubits (1 2)
metric-----------------------------------
depth 5
#swap 3
Compilation time = 0:00:04.818872.
optimizing circuit with swap range (0,5) 
Trying maximal depth = 1...
Show UNSAT core
[time__5 + 1 <= 1,
 time__2 + 1 <= 1,
 time__1 + 1 <= 1,
 time__9 + 1 <= 1]
Trying maximal depth = 2...
Show UNSAT core
[time__5 + 1 <= 2,
 time__1 + 1 <= 2,
 time__10 + 1 <= 2,
 time__9 + 1 <= 2,
 time__7 + 1 <= 2]
Trying maximal depth = 3...
Bound of Trying min swap = 4...
[num_swap <= 4]
SWAP on physical edge (9,13) at time 0
SWAP on physical edge (6,10) at time 0
SWAP on physical edge (10,14) at time 1
SWAP on physical edge (8,13) at time 1
SWAP on physical edge (11,14) at time 0
Gate 0: u4 0, 1 on qubits 11 and 10 at time 0
Gate 1: u4 2, 3 on qubits 9 and 8 at time 0
Gate 2: u4 4, 5 on qubits 13 and 14 at time 0
Gate 3: u4 6, 7 on qubits 6 and 7 at time 0
Gate 4: u4 1, 2 on qubits 10 and 9 at time 0
Gate 5: u4 3, 4 on qubits 8 and 9 at time 1
Gate 6: u4 5, 6 on qubits 11 and 10 at time 1
Gate 7: u4 0, 2 on qubits 14 and 13 at time 1
Gate 8: u4 4, 6 on qubits 9 and 10 at time 1
Gate 9: u4 2, 4 on qubits 8 and 9 at time 2
Gate 10: u4 0, 4 on qubits 10 and 9 at time 2
result- additional SWAP count = 3.
result- circuit depth = 6.
[(8, 13), (11, 14), (0, 1), (1, 2), (2, 3), (4, 5), (5, 6), (6, 7), (8, 9), (9, 10), (10, 11), (12, 13), (13, 14), (14, 15), (0, 4), (4, 8), (8, 12), (1, 5), (5, 9), (9, 13), (2, 6), (6, 10), (10, 14), (3, 7), (7, 11), (11, 15)]
layer 0---------------------------------
gate ( U4 U4) on qubits (8 9)
gate ( U4) on qubits (10 11)
gate ( U4) on qubits (13 14)
gate ( U4) on qubits (6 7)
layer 1---------------------------------
gate ( U4 U4) on qubits (9 10)
gate ( swap) on qubits (11 14)
layer 2---------------------------------
gate ( swap) on qubits (9 13)
gate ( swap) on qubits (6 10)
layer 3---------------------------------
gate ( U4) on qubits (8 9)
gate ( U4) on qubits (10 11)
gate ( U4) on qubits (13 14)
layer 4---------------------------------
gate ( U4) on qubits (9 10)
metric-----------------------------------
depth 5
#swap 3
Compilation time = 0:00:06.128006.
Total compilation time = 0:00:37.458637.
