start searching...
Using transition based mode...
start adding constraints...
Trying maximal depth = 1...
Show UNSAT core
[time__17 + 1 <= 1,
 time__15 + 1 <= 1,
 time__16 + 1 <= 1,
 time__14 + 1 <= 1,
 time__12 + 1 <= 1,
 time__13 + 1 <= 1,
 time__11 + 1 <= 1,
 time__9 + 1 <= 1,
 time__10 + 1 <= 1,
 time__8 + 1 <= 1,
 time__6 + 1 <= 1,
 time__7 + 1 <= 1,
 time__5 + 1 <= 1,
 time__3 + 1 <= 1,
 time__4 + 1 <= 1,
 time__2 + 1 <= 1,
 time__0 + 1 <= 1,
 time__1 + 1 <= 1]
Trying maximal depth = 2...
Show UNSAT core
[time__1 + 1 <= 2,
 time__2 + 1 <= 2,
 time__0 + 1 <= 2,
 time__4 + 1 <= 2,
 time__5 + 1 <= 2,
 time__3 + 1 <= 2,
 time__7 + 1 <= 2,
 time__8 + 1 <= 2,
 time__6 + 1 <= 2,
 time__10 + 1 <= 2,
 time__11 + 1 <= 2,
 time__9 + 1 <= 2,
 time__13 + 1 <= 2,
 time__14 + 1 <= 2,
 time__12 + 1 <= 2,
 time__16 + 1 <= 2,
 time__17 + 1 <= 2,
 time__15 + 1 <= 2]
Trying maximal depth = 3...
Bound of Trying min swap = 10...
Bound of Trying min swap = 6...
[]
Bound of Trying min swap = 8...
Bound of Trying min swap = 7...
SWAP on physical edge (5,6) at time 1
SWAP on physical edge (10,11) at time 1
SWAP on physical edge (12,13) at time 0
SWAP on physical edge (13,14) at time 1
SWAP on physical edge (14,15) at time 0
SWAP on physical edge (0,4) at time 0
SWAP on physical edge (4,8) at time 1
Gate 0: ZZ 0, 1 on qubits 10 and 14 at time 0
Gate 1: ZZ 0, 3 on qubits 10 and 6 at time 1
Gate 2: ZZ 0, 11 on qubits 10 and 14 at time 1
Gate 3: ZZ 1, 5 on qubits 14 and 13 at time 0
Gate 4: ZZ 1, 9 on qubits 15 and 11 at time 1
Gate 5: ZZ 4, 10 on qubits 8 and 4 at time 0
Gate 6: ZZ 4, 2 on qubits 8 and 12 at time 0
Gate 7: ZZ 4, 5 on qubits 8 and 12 at time 1
Gate 8: ZZ 10, 7 on qubits 4 and 0 at time 0
Gate 9: ZZ 10, 6 on qubits 4 and 5 at time 0
Gate 10: ZZ 2, 9 on qubits 14 and 10 at time 2
Gate 11: ZZ 2, 11 on qubits 14 and 13 at time 2
Gate 12: ZZ 3, 8 on qubits 5 and 9 at time 2
Gate 13: ZZ 3, 6 on qubits 5 and 6 at time 2
Gate 14: ZZ 8, 7 on qubits 9 and 8 at time 2
Gate 15: ZZ 8, 11 on qubits 9 and 13 at time 2
Gate 16: ZZ 5, 7 on qubits 12 and 8 at time 2
Gate 17: ZZ 6, 9 on qubits 6 and 10 at time 2
result- additional SWAP count = 7.
result- circuit depth = 8.
Compilation time = 0:02:45.628225.
layer 0---------------------------------
gate ( ZZ) on qubits (10 14)
gate ( ZZ) on qubits (4 8)
layer 1---------------------------------
gate ( ZZ) on qubits (0 4)
gate ( ZZ) on qubits (8 12)
gate ( ZZ) on qubits (13 14)
gate ( ZZ) on qubits (6 10)
layer 2---------------------------------
gate ( swap) on qubits (14 15)
gate ( swap) on qubits (12 13)
gate ( ZZ) on qubits (4 5)
layer 3---------------------------------
gate ( swap) on qubits (5 6)
gate ( ZZ) on qubits (10 14)
gate ( ZZ) on qubits (11 15)
gate ( swap) on qubits (0 4)
gate ( ZZ) on qubits (8 12)
layer 4---------------------------------
gate ( swap) on qubits (10 11)
gate ( swap) on qubits (13 14)
gate ( ZZ) on qubits (5 9)
gate ( swap) on qubits (4 8)
layer 5---------------------------------
gate ( ZZ) on qubits (10 14)
gate ( ZZ) on qubits (8 9)
gate ( ZZ) on qubits (5 6)
layer 6---------------------------------
gate ( ZZ) on qubits (13 14)
gate ( ZZ) on qubits (6 10)
gate ( ZZ) on qubits (8 12)
layer 7---------------------------------
gate ( ZZ) on qubits (9 13)
metric-----------------------------------
depth 8
#swap 7
optimizing circuit with swap range (0,7) 
Trying maximal depth = 1...
Show UNSAT core
[time__8 + 1 <= 1,
 time__9 + 1 <= 1,
 time__0 + 1 <= 1,
 time__2 + 1 <= 1,
 time__1 + 1 <= 1,
 time__4 + 1 <= 1,
 time__3 + 1 <= 1,
 time__17 + 1 <= 1,
 time__13 + 1 <= 1,
 time__12 + 1 <= 1,
 time__16 + 1 <= 1,
 time__11 + 1 <= 1,
 time__15 + 1 <= 1,
 time__10 + 1 <= 1,
 time__14 + 1 <= 1,
 time__6 + 1 <= 1,
 time__5 + 1 <= 1,
 time__7 + 1 <= 1]
Trying maximal depth = 2...
Show UNSAT core
[]
Trying maximal depth = 3...
Bound of Trying min swap = 4...
[]
Bound of Trying min swap = 6...
[]
SWAP on physical edge (6,7) at time 0
SWAP on physical edge (8,9) at time 0
SWAP on physical edge (12,13) at time 1
SWAP on physical edge (2,6) at time 1
SWAP on physical edge (10,14) at time 1
SWAP on physical edge (11,15) at time 1
SWAP on physical edge (10,15) at time 0
Gate 0: ZZ 0, 1 on qubits 13 and 14 at time 0
Gate 1: ZZ 0, 3 on qubits 13 and 9 at time 0
Gate 2: ZZ 0, 11 on qubits 12 and 13 at time 2
Gate 3: ZZ 1, 5 on qubits 10 and 6 at time 2
Gate 4: ZZ 1, 9 on qubits 10 and 15 at time 2
Gate 5: ZZ 4, 10 on qubits 7 and 6 at time 0
Gate 6: ZZ 4, 2 on qubits 6 and 10 at time 1
Gate 7: ZZ 4, 5 on qubits 2 and 6 at time 2
Gate 8: ZZ 10, 7 on qubits 6 and 5 at time 0
Gate 9: ZZ 10, 6 on qubits 6 and 10 at time 0
Gate 10: ZZ 2, 9 on qubits 14 and 15 at time 2
Gate 11: ZZ 2, 11 on qubits 14 and 13 at time 2
Gate 12: ZZ 3, 8 on qubits 9 and 8 at time 0
Gate 13: ZZ 3, 6 on qubits 9 and 10 at time 0
Gate 14: ZZ 8, 7 on qubits 9 and 5 at time 2
Gate 15: ZZ 8, 11 on qubits 9 and 13 at time 2
Gate 16: ZZ 5, 7 on qubits 6 and 5 at time 2
Gate 17: ZZ 6, 9 on qubits 11 and 15 at time 2
result- additional SWAP count = 7.
result- circuit depth = 12.
Compilation time = 0:04:54.568971.
layer 0---------------------------------
gate ( ZZ) on qubits (13 14)
gate ( ZZ) on qubits (6 7)
layer 1---------------------------------
gate ( ZZ) on qubits (5 6)
gate ( ZZ) on qubits (9 13)
layer 2---------------------------------
gate ( ZZ) on qubits (8 9)
gate ( ZZ) on qubits (6 10)
gate ( swap ZZ) on qubits (12 13)
layer 3---------------------------------
gate ( ZZ) on qubits (9 10)
gate ( swap) on qubits (6 7)
layer 4---------------------------------
gate ( swap) on qubits (10 15)
gate ( swap) on qubits (8 9)
layer 5---------------------------------
gate ( ZZ) on qubits (6 10)
gate ( swap) on qubits (11 15)
gate ( ZZ) on qubits (5 9)
layer 6---------------------------------
gate ( swap) on qubits (2 6)
gate ( swap) on qubits (10 14)
layer 7---------------------------------
gate ( ZZ) on qubits (6 10)
layer 8---------------------------------
gate ( ZZ) on qubits (10 15)
gate ( ZZ) on qubits (2 6)
layer 9---------------------------------
gate ( ZZ) on qubits (14 15)
gate ( ZZ) on qubits (5 6)
layer 10---------------------------------
gate ( ZZ) on qubits (13 14)
gate ( ZZ) on qubits (11 15)
layer 11---------------------------------
gate ( ZZ) on qubits (9 13)
metric-----------------------------------
depth 12
#swap 6
optimizing circuit with swap range (0,7) 
Trying maximal depth = 1...
Show UNSAT core
[time__11 + 1 <= 1,
 time__12 + 1 <= 1,
 time__17 + 1 <= 1,
 time__15 + 1 <= 1,
 time__16 + 1 <= 1,
 time__10 + 1 <= 1,
 time__13 + 1 <= 1,
 time__14 + 1 <= 1,
 time__7 + 1 <= 1,
 time__8 + 1 <= 1,
 time__4 + 1 <= 1,
 time__5 + 1 <= 1,
 time__3 + 1 <= 1,
 time__6 + 1 <= 1,
 time__9 + 1 <= 1,
 time__2 + 1 <= 1,
 time__1 + 1 <= 1,
 time__0 + 1 <= 1]
Trying maximal depth = 2...
Show UNSAT core
[]
Trying maximal depth = 3...
Bound of Trying min swap = 4...
[]
Bound of Trying min swap = 6...
[]
SWAP on physical edge (5,6) at time 1
SWAP on physical edge (10,11) at time 1
SWAP on physical edge (13,14) at time 1
SWAP on physical edge (0,4) at time 0
SWAP on physical edge (8,12) at time 1
SWAP on physical edge (1,5) at time 0
SWAP on physical edge (2,7) at time 1
Gate 0: ZZ 0, 1 on qubits 5 and 4 at time 0
Gate 1: ZZ 0, 3 on qubits 5 and 1 at time 0
Gate 2: ZZ 0, 11 on qubits 5 and 6 at time 0
Gate 3: ZZ 1, 5 on qubits 4 and 8 at time 0
Gate 4: ZZ 1, 9 on qubits 4 and 9 at time 0
Gate 5: ZZ 4, 10 on qubits 14 and 13 at time 1
Gate 6: ZZ 4, 2 on qubits 14 and 10 at time 1
Gate 7: ZZ 4, 5 on qubits 13 and 12 at time 2
Gate 8: ZZ 10, 7 on qubits 13 and 12 at time 1
Gate 9: ZZ 10, 6 on qubits 14 and 10 at time 2
Gate 10: ZZ 2, 9 on qubits 10 and 9 at time 1
Gate 11: ZZ 2, 11 on qubits 10 and 6 at time 1
Gate 12: ZZ 3, 8 on qubits 1 and 0 at time 0
Gate 13: ZZ 3, 6 on qubits 6 and 10 at time 2
Gate 14: ZZ 8, 7 on qubits 4 and 8 at time 2
Gate 15: ZZ 8, 11 on qubits 4 and 5 at time 2
Gate 16: ZZ 5, 7 on qubits 12 and 8 at time 2
Gate 17: ZZ 6, 9 on qubits 10 and 9 at time 2
result- additional SWAP count = 7.
result- circuit depth = 9.
Compilation time = 0:05:06.155762.
final swap on qubits 2 and 7
layer 0---------------------------------
gate ( ZZ) on qubits (4 5)
gate ( ZZ) on qubits (13 14)
layer 1---------------------------------
gate ( ZZ) on qubits (1 5)
gate ( ZZ) on qubits (4 8)
gate ( ZZ) on qubits (12 13)
gate ( ZZ) on qubits (10 14)
layer 2---------------------------------
gate ( swap) on qubits (8 12)
gate ( swap) on qubits (13 14)
gate ( ZZ) on qubits (4 9)
gate ( ZZ) on qubits (0 1)
gate ( ZZ) on qubits (5 6)
layer 3---------------------------------
gate ( ZZ) on qubits (9 10)
gate ( swap) on qubits (0 4)
gate ( ZZ) on qubits (12 13)
gate ( swap) on qubits (1 5)
layer 4---------------------------------
gate ( ZZ) on qubits (4 8)
gate ( ZZ) on qubits (6 10)
layer 5---------------------------------
gate ( swap) on qubits (10 11)
gate ( swap) on qubits (5 6)
gate ( ZZ) on qubits (8 12)
layer 6---------------------------------
gate ( ZZ) on qubits (10 14)
gate ( ZZ) on qubits (4 5)
layer 7---------------------------------
gate ( ZZ) on qubits (6 10)
layer 8---------------------------------
gate ( ZZ) on qubits (9 10)
metric-----------------------------------
depth 9
#swap 6
optimizing circuit with swap range (0,7) 
Trying maximal depth = 1...
Show UNSAT core
[time__5 + 1 <= 1,
 time__6 + 1 <= 1,
 time__3 + 1 <= 1,
 time__14 + 1 <= 1,
 time__9 + 1 <= 1,
 time__15 + 1 <= 1,
 time__2 + 1 <= 1,
 time__13 + 1 <= 1,
 time__11 + 1 <= 1,
 time__0 + 1 <= 1,
 time__16 + 1 <= 1,
 time__10 + 1 <= 1,
 time__1 + 1 <= 1,
 time__17 + 1 <= 1,
 time__8 + 1 <= 1,
 time__4 + 1 <= 1,
 time__12 + 1 <= 1,
 time__7 + 1 <= 1]
Trying maximal depth = 2...
Show UNSAT core
[]
Trying maximal depth = 3...
Bound of Trying min swap = 4...
[]
Bound of Trying min swap = 6...
[]
SWAP on physical edge (1,2) at time 0
SWAP on physical edge (4,5) at time 0
SWAP on physical edge (9,10) at time 1
SWAP on physical edge (1,5) at time 1
SWAP on physical edge (9,13) at time 0
SWAP on physical edge (3,6) at time 1
SWAP on physical edge (7,10) at time 0
Gate 0: ZZ 0, 1 on qubits 14 and 13 at time 0
Gate 1: ZZ 0, 3 on qubits 14 and 10 at time 0
Gate 2: ZZ 0, 11 on qubits 14 and 10 at time 1
Gate 3: ZZ 1, 5 on qubits 9 and 5 at time 1
Gate 4: ZZ 1, 9 on qubits 10 and 6 at time 2
Gate 5: ZZ 4, 10 on qubits 0 and 1 at time 0
Gate 6: ZZ 4, 2 on qubits 0 and 1 at time 1
Gate 7: ZZ 4, 5 on qubits 0 and 1 at time 2
Gate 8: ZZ 10, 7 on qubits 1 and 5 at time 0
Gate 9: ZZ 10, 6 on qubits 2 and 6 at time 1
Gate 10: ZZ 2, 9 on qubits 5 and 6 at time 2
Gate 11: ZZ 2, 11 on qubits 5 and 9 at time 2
Gate 12: ZZ 3, 8 on qubits 10 and 9 at time 0
Gate 13: ZZ 3, 6 on qubits 7 and 6 at time 1
Gate 14: ZZ 8, 7 on qubits 9 and 5 at time 0
Gate 15: ZZ 8, 11 on qubits 13 and 9 at time 2
Gate 16: ZZ 5, 7 on qubits 1 and 4 at time 2
Gate 17: ZZ 6, 9 on qubits 3 and 6 at time 2
result- additional SWAP count = 7.
result- circuit depth = 11.
Compilation time = 0:04:57.897609.
layer 0---------------------------------
gate ( ZZ) on qubits (13 14)
gate ( ZZ) on qubits (0 1)
layer 1---------------------------------
gate ( ZZ) on qubits (10 14)
gate ( ZZ) on qubits (1 5)
layer 2---------------------------------
gate ( swap) on qubits (1 2)
gate ( ZZ) on qubits (9 10)
layer 3---------------------------------
gate ( swap) on qubits (7 10)
gate ( ZZ) on qubits (2 6)
gate ( ZZ) on qubits (5 9)
gate ( ZZ) on qubits (0 1)
layer 4---------------------------------
gate ( swap) on qubits (4 5)
gate ( swap) on qubits (9 13)
gate ( ZZ) on qubits (6 7)
gate ( ZZ) on qubits (10 14)
layer 5---------------------------------
gate ( ZZ) on qubits (5 9)
gate ( swap) on qubits (3 6)
layer 6---------------------------------
gate ( swap) on qubits (9 10)
gate ( swap) on qubits (1 5)
layer 7---------------------------------
gate ( ZZ) on qubits (6 10)
gate ( ZZ) on qubits (0 1)
layer 8---------------------------------
gate ( ZZ) on qubits (5 6)
gate ( ZZ) on qubits (1 4)
layer 9---------------------------------
gate ( ZZ) on qubits (5 9)
gate ( ZZ) on qubits (3 6)
layer 10---------------------------------
gate ( ZZ) on qubits (9 13)
metric-----------------------------------
depth 11
#swap 7
optimizing circuit with swap range (0,7) 
Trying maximal depth = 1...
Show UNSAT core
[time__10 + 1 <= 1,
 time__9 + 1 <= 1,
 time__3 + 1 <= 1,
 time__6 + 1 <= 1,
 time__15 + 1 <= 1,
 time__11 + 1 <= 1,
 time__17 + 1 <= 1,
 time__7 + 1 <= 1,
 time__14 + 1 <= 1,
 time__13 + 1 <= 1,
 time__2 + 1 <= 1,
 time__8 + 1 <= 1,
 time__16 + 1 <= 1,
 time__1 + 1 <= 1,
 time__0 + 1 <= 1,
 time__4 + 1 <= 1,
 time__5 + 1 <= 1,
 time__12 + 1 <= 1]
Trying maximal depth = 2...
Show UNSAT core
[]
Trying maximal depth = 3...
Bound of Trying min swap = 4...
[]
Bound of Trying min swap = 6...
Bound of Trying min swap = 5...
[]
SWAP on physical edge (1,2) at time 0
SWAP on physical edge (5,6) at time 1
SWAP on physical edge (8,9) at time 0
SWAP on physical edge (10,11) at time 0
SWAP on physical edge (0,4) at time 0
SWAP on physical edge (3,6) at time 0
Gate 0: ZZ 0, 1 on qubits 4 and 9 at time 0
Gate 1: ZZ 0, 3 on qubits 4 and 1 at time 0
Gate 2: ZZ 0, 11 on qubits 4 and 8 at time 0
Gate 3: ZZ 1, 5 on qubits 9 and 5 at time 0
Gate 4: ZZ 1, 9 on qubits 9 and 10 at time 0
Gate 5: ZZ 4, 10 on qubits 7 and 3 at time 0
Gate 6: ZZ 4, 2 on qubits 7 and 11 at time 0
Gate 7: ZZ 4, 5 on qubits 7 and 6 at time 2
Gate 8: ZZ 10, 7 on qubits 3 and 2 at time 0
Gate 9: ZZ 10, 6 on qubits 3 and 6 at time 0
Gate 10: ZZ 2, 9 on qubits 11 and 10 at time 0
Gate 11: ZZ 2, 11 on qubits 10 and 9 at time 1
Gate 12: ZZ 3, 8 on qubits 1 and 0 at time 0
Gate 13: ZZ 3, 6 on qubits 1 and 6 at time 0
Gate 14: ZZ 8, 7 on qubits 4 and 1 at time 1
Gate 15: ZZ 8, 11 on qubits 4 and 9 at time 1
Gate 16: ZZ 5, 7 on qubits 6 and 1 at time 2
Gate 17: ZZ 6, 9 on qubits 6 and 10 at time 0
result- additional SWAP count = 6.
result- circuit depth = 9.
Compilation time = 0:06:06.355312.
layer 0---------------------------------
gate ( ZZ) on qubits (4 9)
gate ( ZZ) on qubits (3 7)
layer 1---------------------------------
gate ( ZZ) on qubits (1 4)
gate ( ZZ) on qubits (5 9)
gate ( ZZ) on qubits (2 3)
gate ( ZZ) on qubits (7 11)
layer 2---------------------------------
gate ( ZZ) on qubits (9 10)
gate ( ZZ) on qubits (0 1)
gate ( ZZ) on qubits (3 6)
gate ( ZZ) on qubits (4 8)
layer 3---------------------------------
gate ( ZZ) on qubits (1 6)
gate ( ZZ) on qubits (10 11)
gate ( swap) on qubits (0 4)
gate ( swap) on qubits (8 9)
layer 4---------------------------------
gate ( swap) on qubits (1 2)
gate ( ZZ) on qubits (6 10)
layer 5---------------------------------
gate ( swap) on qubits (10 11)
gate ( swap) on qubits (3 6)
gate ( ZZ) on qubits (1 4)
layer 6---------------------------------
gate ( swap) on qubits (5 6)
gate ( ZZ) on qubits (9 10)
layer 7---------------------------------
gate ( ZZ) on qubits (6 7)
gate ( ZZ) on qubits (4 9)
layer 8---------------------------------
gate ( ZZ) on qubits (1 6)
metric-----------------------------------
depth 9
#swap 6
optimizing circuit with swap range (0,6) 
Trying maximal depth = 1...
Show UNSAT core
[time__6 + 1 <= 1,
 time__14 + 1 <= 1,
 time__11 + 1 <= 1,
 time__7 + 1 <= 1,
 time__8 + 1 <= 1,
 time__4 + 1 <= 1,
 time__10 + 1 <= 1,
 time__17 + 1 <= 1,
 time__16 + 1 <= 1,
 time__2 + 1 <= 1,
 time__1 + 1 <= 1,
 time__9 + 1 <= 1,
 time__15 + 1 <= 1,
 time__3 + 1 <= 1,
 time__0 + 1 <= 1,
 time__5 + 1 <= 1,
 time__12 + 1 <= 1,
 time__13 + 1 <= 1]
Trying maximal depth = 2...
Bound of Trying min swap = 3...
[]
Bound of Trying min swap = 5...
[]
