start searching...
Using transition based mode...
start adding constraints...
Trying maximal depth = 1...
Show UNSAT core
[time__13 + 1 <= 1,
 time__14 + 1 <= 1,
 time__12 + 1 <= 1,
 time__10 + 1 <= 1,
 time__11 + 1 <= 1,
 time__9 + 1 <= 1,
 time__7 + 1 <= 1,
 time__8 + 1 <= 1,
 time__6 + 1 <= 1,
 time__4 + 1 <= 1,
 time__5 + 1 <= 1,
 time__3 + 1 <= 1,
 time__1 + 1 <= 1,
 time__2 + 1 <= 1,
 time__0 + 1 <= 1]
Trying maximal depth = 2...
Show UNSAT core
[time__11 + 1 <= 2, time__13 + 1 <= 2, time__12 + 1 <= 2]
Trying maximal depth = 3...
Bound of Trying min swap = 8...
Bound of Trying min swap = 5...
Bound of Trying min swap = 3...
[num_swap <= 3]
Bound of Trying min swap = 4...
SWAP on physical edge (5,6) at time 1
SWAP on physical edge (9,10) at time 0
SWAP on physical edge (12,13) at time 1
SWAP on physical edge (10,14) at time 1
Gate 0: ZZ 5, 8 on qubits 7 and 6 at time 0
Gate 1: ZZ 5, 4 on qubits 7 and 11 at time 0
Gate 2: ZZ 5, 2 on qubits 7 and 6 at time 2
Gate 3: ZZ 8, 7 on qubits 6 and 10 at time 1
Gate 4: ZZ 8, 2 on qubits 5 and 6 at time 2
Gate 5: ZZ 4, 9 on qubits 11 and 15 at time 0
Gate 6: ZZ 4, 6 on qubits 11 and 10 at time 0
Gate 7: ZZ 9, 0 on qubits 15 and 14 at time 0
Gate 8: ZZ 9, 7 on qubits 15 and 14 at time 2
Gate 9: ZZ 0, 3 on qubits 14 and 13 at time 0
Gate 10: ZZ 0, 2 on qubits 10 and 6 at time 2
Gate 11: ZZ 3, 6 on qubits 13 and 9 at time 1
Gate 12: ZZ 3, 1 on qubits 13 and 12 at time 1
Gate 13: ZZ 6, 1 on qubits 9 and 13 at time 2
Gate 14: ZZ 7, 1 on qubits 14 and 13 at time 2
result- additional SWAP count = 4.
result- circuit depth = 10.
Compilation time = 0:32:23.509787.
layer 0---------------------------------
gate ( ZZ) on qubits (6 7)
layer 1---------------------------------
gate ( ZZ) on qubits (7 11)
layer 2---------------------------------
gate ( ZZ) on qubits (11 15)
layer 3---------------------------------
gate ( ZZ) on qubits (14 15)
gate ( ZZ) on qubits (10 11)
layer 4---------------------------------
gate ( swap) on qubits (9 10)
gate ( ZZ) on qubits (13 14)
layer 5---------------------------------
gate ( ZZ) on qubits (9 13)
gate ( ZZ) on qubits (6 10)
layer 6---------------------------------
gate ( swap) on qubits (5 6)
gate ( swap) on qubits (10 14)
gate ( ZZ swap) on qubits (12 13)
layer 7---------------------------------
gate ( ZZ) on qubits (6 7)
gate ( ZZ) on qubits (9 13)
gate ( ZZ) on qubits (14 15)
layer 8---------------------------------
gate ( ZZ) on qubits (5 6)
gate ( ZZ) on qubits (13 14)
layer 9---------------------------------
gate ( ZZ) on qubits (6 10)
metric-----------------------------------
depth 10
#swap 3
optimizing circuit with swap range (0,4) 
Trying maximal depth = 1...
Show UNSAT core
[time__8 + 1 <= 1,
 time__9 + 1 <= 1,
 time__0 + 1 <= 1,
 time__2 + 1 <= 1,
 time__1 + 1 <= 1,
 time__4 + 1 <= 1,
 time__10 + 1 <= 1,
 time__3 + 1 <= 1,
 time__6 + 1 <= 1,
 time__13 + 1 <= 1,
 time__12 + 1 <= 1,
 time__5 + 1 <= 1,
 time__14 + 1 <= 1,
 time__11 + 1 <= 1,
 time__7 + 1 <= 1]
Trying maximal depth = 2...
Bound of Trying min swap = 2...
[num_swap <= 2]
Bound of Trying min swap = 3...
SWAP on physical edge (2,3) at time 0
SWAP on physical edge (9,13) at time 0
SWAP on physical edge (6,10) at time 0
Gate 0: ZZ 5, 8 on qubits 8 and 9 at time 0
Gate 1: ZZ 5, 4 on qubits 8 and 4 at time 0
Gate 2: ZZ 5, 2 on qubits 8 and 9 at time 1
Gate 3: ZZ 8, 7 on qubits 9 and 10 at time 0
Gate 4: ZZ 8, 2 on qubits 13 and 9 at time 1
Gate 5: ZZ 4, 9 on qubits 4 and 5 at time 0
Gate 6: ZZ 4, 6 on qubits 4 and 1 at time 0
Gate 7: ZZ 9, 0 on qubits 5 and 6 at time 0
Gate 8: ZZ 9, 7 on qubits 5 and 6 at time 1
Gate 9: ZZ 0, 3 on qubits 6 and 2 at time 0
Gate 10: ZZ 0, 2 on qubits 10 and 9 at time 1
Gate 11: ZZ 3, 6 on qubits 2 and 1 at time 0
Gate 12: ZZ 3, 1 on qubits 2 and 3 at time 0
Gate 13: ZZ 6, 1 on qubits 1 and 2 at time 1
Gate 14: ZZ 7, 1 on qubits 6 and 2 at time 1
result- additional SWAP count = 3.
result- circuit depth = 10.
Compilation time = 0:04:28.613347.
layer 0---------------------------------
gate ( ZZ) on qubits (8 9)
layer 1---------------------------------
gate ( ZZ) on qubits (4 8)
gate ( ZZ) on qubits (9 10)
layer 2---------------------------------
gate ( swap) on qubits (9 13)
gate ( ZZ) on qubits (4 5)
layer 3---------------------------------
gate ( ZZ) on qubits (8 9)
gate ( ZZ) on qubits (5 6)
gate ( ZZ) on qubits (1 4)
layer 4---------------------------------
gate ( ZZ) on qubits (2 6)
gate ( ZZ) on qubits (9 13)
layer 5---------------------------------
gate ( swap) on qubits (6 10)
gate ( ZZ) on qubits (1 2)
layer 6---------------------------------
gate ( ZZ swap) on qubits (2 3)
gate ( ZZ) on qubits (5 6)
gate ( ZZ) on qubits (9 10)
layer 7---------------------------------
gate ( ZZ) on qubits (1 2)
layer 8---------------------------------
gate ( ZZ) on qubits (2 6)
metric-----------------------------------
depth 9
#swap 2
optimizing circuit with swap range (0,3) 
Trying maximal depth = 1...
Show UNSAT core
[time__12 + 1 <= 1,
 time__11 + 1 <= 1,
 time__9 + 1 <= 1,
 time__10 + 1 <= 1,
 time__8 + 1 <= 1,
 time__13 + 1 <= 1,
 time__7 + 1 <= 1,
 time__14 + 1 <= 1,
 time__2 + 1 <= 1,
 time__1 + 1 <= 1,
 time__0 + 1 <= 1,
 time__5 + 1 <= 1,
 time__6 + 1 <= 1,
 time__4 + 1 <= 1,
 time__3 + 1 <= 1]
Trying maximal depth = 2...
Bound of Trying min swap = 2...
[num_swap <= 2]
SWAP on physical edge (12,13) at time 0
SWAP on physical edge (4,8) at time 0
SWAP on physical edge (1,5) at time 0
Gate 0: ZZ 5, 8 on qubits 5 and 1 at time 0
Gate 1: ZZ 5, 4 on qubits 5 and 8 at time 0
Gate 2: ZZ 5, 2 on qubits 5 and 6 at time 0
Gate 3: ZZ 8, 7 on qubits 5 and 8 at time 1
Gate 4: ZZ 8, 2 on qubits 5 and 6 at time 1
Gate 5: ZZ 4, 9 on qubits 8 and 9 at time 0
Gate 6: ZZ 4, 6 on qubits 8 and 13 at time 0
Gate 7: ZZ 9, 0 on qubits 9 and 10 at time 0
Gate 8: ZZ 9, 7 on qubits 9 and 8 at time 1
Gate 9: ZZ 0, 3 on qubits 10 and 14 at time 0
Gate 10: ZZ 0, 2 on qubits 10 and 6 at time 1
Gate 11: ZZ 3, 6 on qubits 14 and 13 at time 0
Gate 12: ZZ 3, 1 on qubits 14 and 13 at time 1
Gate 13: ZZ 6, 1 on qubits 12 and 13 at time 1
Gate 14: ZZ 7, 1 on qubits 8 and 13 at time 1
result- additional SWAP count = 3.
result- circuit depth = 10.
Compilation time = 4:19:50.741594.
layer 0---------------------------------
gate ( ZZ) on qubits (1 5)
layer 1---------------------------------
gate ( ZZ) on qubits (5 8)
layer 2---------------------------------
gate ( ZZ) on qubits (8 9)
gate ( ZZ) on qubits (5 6)
layer 3---------------------------------
gate ( ZZ) on qubits (9 10)
gate ( ZZ) on qubits (8 13)
gate ( swap) on qubits (1 5)
layer 4---------------------------------
gate ( swap) on qubits (4 8)
gate ( ZZ) on qubits (10 14)
layer 5---------------------------------
gate ( ZZ) on qubits (5 8)
gate ( ZZ) on qubits (13 14)
layer 6---------------------------------
gate ( ZZ) on qubits (5 6)
gate ( swap) on qubits (12 13)
gate ( ZZ) on qubits (8 9)
layer 7---------------------------------
gate ( ZZ) on qubits (13 14)
gate ( ZZ) on qubits (6 10)
layer 8---------------------------------
gate ( ZZ) on qubits (12 13)
layer 9---------------------------------
gate ( ZZ) on qubits (8 13)
metric-----------------------------------
depth 10
#swap 3
optimizing circuit with swap range (0,3) 
Trying maximal depth = 1...
Show UNSAT core
[time__1 + 1 <= 1,
 time__5 + 1 <= 1,
 time__2 + 1 <= 1,
 time__12 + 1 <= 1,
 time__6 + 1 <= 1,
 time__9 + 1 <= 1,
 time__10 + 1 <= 1,
 time__4 + 1 <= 1,
 time__3 + 1 <= 1,
 time__13 + 1 <= 1,
 time__0 + 1 <= 1,
 time__7 + 1 <= 1,
 time__14 + 1 <= 1,
 time__11 + 1 <= 1,
 time__8 + 1 <= 1]
Trying maximal depth = 2...
Bound of Trying min swap = 2...
Bound of Trying min swap = 1...
[num_swap <= 1]
SWAP on physical edge (0,1) at time 0
SWAP on physical edge (6,10) at time 0
Gate 0: ZZ 5, 8 on qubits 8 and 9 at time 0
Gate 1: ZZ 5, 4 on qubits 8 and 4 at time 0
Gate 2: ZZ 5, 2 on qubits 8 and 13 at time 1
Gate 3: ZZ 8, 7 on qubits 9 and 10 at time 0
Gate 4: ZZ 8, 2 on qubits 9 and 13 at time 1
Gate 5: ZZ 4, 9 on qubits 4 and 5 at time 0
Gate 6: ZZ 4, 6 on qubits 4 and 0 at time 0
Gate 7: ZZ 9, 0 on qubits 5 and 6 at time 0
Gate 8: ZZ 9, 7 on qubits 5 and 6 at time 1
Gate 9: ZZ 0, 3 on qubits 6 and 1 at time 0
Gate 10: ZZ 0, 2 on qubits 10 and 13 at time 1
Gate 11: ZZ 3, 6 on qubits 1 and 0 at time 0
Gate 12: ZZ 3, 1 on qubits 1 and 2 at time 0
Gate 13: ZZ 6, 1 on qubits 1 and 2 at time 1
Gate 14: ZZ 7, 1 on qubits 6 and 2 at time 1
result- additional SWAP count = 2.
result- circuit depth = 10.
Compilation time = 0:19:58.843143.
layer 0---------------------------------
gate ( ZZ) on qubits (8 9)
layer 1---------------------------------
gate ( ZZ) on qubits (4 8)
gate ( ZZ) on qubits (9 10)
layer 2---------------------------------
gate ( ZZ) on qubits (8 13)
gate ( ZZ) on qubits (4 5)
layer 3---------------------------------
gate ( ZZ) on qubits (5 6)
gate ( ZZ) on qubits (0 4)
gate ( ZZ) on qubits (9 13)
layer 4---------------------------------
gate ( ZZ) on qubits (1 6)
layer 5---------------------------------
gate ( swap) on qubits (6 10)
gate ( ZZ) on qubits (0 1)
layer 6---------------------------------
gate ( ZZ) on qubits (1 2)
gate ( ZZ) on qubits (5 6)
gate ( ZZ) on qubits (10 13)
layer 7---------------------------------
gate ( swap) on qubits (0 1)
layer 8---------------------------------
gate ( ZZ) on qubits (1 2)
layer 9---------------------------------
gate ( ZZ) on qubits (2 6)
metric-----------------------------------
depth 10
#swap 2
optimizing circuit with swap range (0,2) 
Trying maximal depth = 1...
Show UNSAT core
[time__4 + 1 <= 1,
 time__8 + 1 <= 1,
 time__2 + 1 <= 1,
 time__7 + 1 <= 1,
 time__5 + 1 <= 1,
 time__0 + 1 <= 1,
 time__14 + 1 <= 1,
 time__13 + 1 <= 1,
 time__10 + 1 <= 1,
 time__3 + 1 <= 1,
 time__11 + 1 <= 1,
 time__6 + 1 <= 1,
 time__1 + 1 <= 1,
 time__12 + 1 <= 1,
 time__9 + 1 <= 1]
Trying maximal depth = 2...
Bound of Trying min swap = 1...
[num_swap <= 1]
SWAP on physical edge (2,3) at time 0
SWAP on physical edge (6,10) at time 0
Gate 0: ZZ 5, 8 on qubits 2 and 1 at time 0
Gate 1: ZZ 5, 4 on qubits 2 and 6 at time 0
Gate 2: ZZ 5, 2 on qubits 3 and 2 at time 1
Gate 3: ZZ 8, 7 on qubits 1 and 4 at time 1
Gate 4: ZZ 8, 2 on qubits 1 and 2 at time 1
Gate 5: ZZ 4, 9 on qubits 6 and 5 at time 0
Gate 6: ZZ 4, 6 on qubits 10 and 13 at time 1
Gate 7: ZZ 9, 0 on qubits 5 and 6 at time 1
Gate 8: ZZ 9, 7 on qubits 5 and 4 at time 1
Gate 9: ZZ 0, 3 on qubits 6 and 9 at time 1
Gate 10: ZZ 0, 2 on qubits 6 and 2 at time 1
Gate 11: ZZ 3, 6 on qubits 9 and 13 at time 1
Gate 12: ZZ 3, 1 on qubits 9 and 8 at time 1
Gate 13: ZZ 6, 1 on qubits 13 and 8 at time 1
Gate 14: ZZ 7, 1 on qubits 4 and 8 at time 1
result- additional SWAP count = 2.
result- circuit depth = 10.
Compilation time = 0:24:03.964299.
layer 0---------------------------------
gate ( ZZ) on qubits (1 2)
layer 1---------------------------------
gate ( ZZ) on qubits (2 6)
gate ( ZZ) on qubits (1 4)
layer 2---------------------------------
gate ( ZZ) on qubits (5 6)
gate ( swap ZZ) on qubits (2 3)
layer 3---------------------------------
gate ( swap) on qubits (6 10)
gate ( ZZ) on qubits (1 2)
layer 4---------------------------------
gate ( ZZ) on qubits (5 6)
gate ( ZZ) on qubits (10 13)
layer 5---------------------------------
gate ( ZZ) on qubits (6 9)
gate ( ZZ) on qubits (4 5)
layer 6---------------------------------
gate ( ZZ) on qubits (9 13)
gate ( ZZ) on qubits (2 6)
layer 7---------------------------------
gate ( ZZ) on qubits (8 9)
layer 8---------------------------------
gate ( ZZ) on qubits (8 13)
layer 9---------------------------------
gate ( ZZ) on qubits (4 8)
metric-----------------------------------
depth 10
#swap 1
optimizing circuit with swap range (0,2) 
Trying maximal depth = 1...
Show UNSAT core
[time__13 + 1 <= 1,
 time__12 + 1 <= 1,
 time__9 + 1 <= 1,
 time__8 + 1 <= 1,
 time__1 + 1 <= 1,
 time__4 + 1 <= 1,
 time__10 + 1 <= 1,
 time__14 + 1 <= 1,
 time__7 + 1 <= 1,
 time__11 + 1 <= 1,
 time__6 + 1 <= 1,
 time__2 + 1 <= 1,
 time__3 + 1 <= 1,
 time__0 + 1 <= 1,
 time__5 + 1 <= 1]
Trying maximal depth = 2...
Bound of Trying min swap = 1...
[num_swap <= 1]
SWAP on physical edge (12,13) at time 0
SWAP on physical edge (5,8) at time 0
Gate 0: ZZ 5, 8 on qubits 14 and 13 at time 0
Gate 1: ZZ 5, 4 on qubits 14 and 10 at time 0
Gate 2: ZZ 5, 2 on qubits 14 and 13 at time 1
Gate 3: ZZ 8, 7 on qubits 13 and 8 at time 0
Gate 4: ZZ 8, 2 on qubits 12 and 13 at time 1
Gate 5: ZZ 4, 9 on qubits 10 and 9 at time 0
Gate 6: ZZ 4, 6 on qubits 10 and 7 at time 0
Gate 7: ZZ 9, 0 on qubits 9 and 5 at time 0
Gate 8: ZZ 9, 7 on qubits 9 and 5 at time 1
Gate 9: ZZ 0, 3 on qubits 5 and 6 at time 0
Gate 10: ZZ 0, 2 on qubits 8 and 13 at time 1
Gate 11: ZZ 3, 6 on qubits 6 and 7 at time 0
Gate 12: ZZ 3, 1 on qubits 6 and 2 at time 0
Gate 13: ZZ 6, 1 on qubits 7 and 2 at time 1
Gate 14: ZZ 7, 1 on qubits 5 and 2 at time 1
result- additional SWAP count = 2.
result- circuit depth = 9.
Compilation time = 0:37:29.967445.
layer 0---------------------------------
gate ( ZZ) on qubits (13 14)
layer 1---------------------------------
gate ( ZZ) on qubits (10 14)
gate ( ZZ) on qubits (8 13)
layer 2---------------------------------
gate ( swap) on qubits (12 13)
gate ( ZZ) on qubits (9 10)
layer 3---------------------------------
gate ( ZZ) on qubits (13 14)
gate ( ZZ) on qubits (5 9)
gate ( ZZ) on qubits (7 10)
layer 4---------------------------------
gate ( ZZ) on qubits (5 6)
gate ( ZZ) on qubits (12 13)
layer 5---------------------------------
gate ( swap) on qubits (5 8)
gate ( ZZ) on qubits (6 7)
layer 6---------------------------------
gate ( ZZ) on qubits (2 6)
gate ( ZZ) on qubits (5 9)
gate ( ZZ) on qubits (8 13)
layer 7---------------------------------
gate ( ZZ) on qubits (2 7)
layer 8---------------------------------
gate ( ZZ) on qubits (2 5)
metric-----------------------------------
depth 9
#swap 2
optimizing circuit with swap range (0,2) 
Trying maximal depth = 1...
Show UNSAT core
[time__7 + 1 <= 1,
 time__6 + 1 <= 1,
 time__4 + 1 <= 1,
 time__5 + 1 <= 1,
 time__12 + 1 <= 1,
 time__3 + 1 <= 1,
 time__14 + 1 <= 1,
 time__9 + 1 <= 1,
 time__10 + 1 <= 1,
 time__2 + 1 <= 1,
 time__11 + 1 <= 1,
 time__8 + 1 <= 1,
 time__0 + 1 <= 1,
 time__13 + 1 <= 1,
 time__1 + 1 <= 1]
Trying maximal depth = 2...
Bound of Trying min swap = 1...
[num_swap <= 1]
SWAP on physical edge (3,7) at time 0
SWAP on physical edge (10,13) at time 0
Gate 0: ZZ 5, 8 on qubits 7 and 3 at time 0
Gate 1: ZZ 5, 4 on qubits 7 and 10 at time 0
Gate 2: ZZ 5, 2 on qubits 3 and 2 at time 1
Gate 3: ZZ 8, 7 on qubits 7 and 10 at time 1
Gate 4: ZZ 8, 2 on qubits 7 and 2 at time 1
Gate 5: ZZ 4, 9 on qubits 10 and 6 at time 0
Gate 6: ZZ 4, 6 on qubits 13 and 12 at time 1
Gate 7: ZZ 9, 0 on qubits 6 and 5 at time 1
Gate 8: ZZ 9, 7 on qubits 6 and 10 at time 1
Gate 9: ZZ 0, 3 on qubits 5 and 8 at time 1
Gate 10: ZZ 0, 2 on qubits 5 and 2 at time 1
Gate 11: ZZ 3, 6 on qubits 8 and 12 at time 1
Gate 12: ZZ 3, 1 on qubits 8 and 9 at time 1
Gate 13: ZZ 6, 1 on qubits 12 and 9 at time 1
Gate 14: ZZ 7, 1 on qubits 10 and 9 at time 1
result- additional SWAP count = 2.
result- circuit depth = 9.
Compilation time = 0:25:41.224932.
layer 0---------------------------------
gate ( ZZ) on qubits (3 7)
layer 1---------------------------------
gate ( ZZ) on qubits (7 10)
layer 2---------------------------------
gate ( swap) on qubits (3 7)
gate ( ZZ) on qubits (6 10)
layer 3---------------------------------
gate ( swap) on qubits (10 13)
gate ( ZZ) on qubits (5 6)
gate ( ZZ) on qubits (2 3)
layer 4---------------------------------
gate ( ZZ) on qubits (7 10)
gate ( ZZ) on qubits (5 8)
gate ( ZZ) on qubits (12 13)
layer 5---------------------------------
gate ( ZZ) on qubits (2 7)
gate ( ZZ) on qubits (8 12)
gate ( ZZ) on qubits (6 10)
layer 6---------------------------------
gate ( ZZ) on qubits (8 9)
gate ( ZZ) on qubits (2 5)
layer 7---------------------------------
gate ( ZZ) on qubits (9 12)
layer 8---------------------------------
gate ( ZZ) on qubits (9 10)
metric-----------------------------------
depth 9
#swap 2
optimizing circuit with swap range (0,2) 
Trying maximal depth = 1...
Show UNSAT core
[time__8 + 1 <= 1,
 time__10 + 1 <= 1,
 time__6 + 1 <= 1,
 time__7 + 1 <= 1,
 time__4 + 1 <= 1,
 time__9 + 1 <= 1,
 time__14 + 1 <= 1,
 time__11 + 1 <= 1,
 time__0 + 1 <= 1,
 time__5 + 1 <= 1,
 time__13 + 1 <= 1,
 time__2 + 1 <= 1,
 time__3 + 1 <= 1,
 time__12 + 1 <= 1,
 time__1 + 1 <= 1]
Trying maximal depth = 2...
Bound of Trying min swap = 1...
SWAP on physical edge (2,5) at time 0
Gate 0: ZZ 5, 8 on qubits 11 and 7 at time 0
Gate 1: ZZ 5, 4 on qubits 11 and 14 at time 0
Gate 2: ZZ 5, 2 on qubits 11 and 6 at time 0
Gate 3: ZZ 8, 7 on qubits 7 and 2 at time 0
Gate 4: ZZ 8, 2 on qubits 7 and 6 at time 0
Gate 5: ZZ 4, 9 on qubits 14 and 10 at time 0
Gate 6: ZZ 4, 6 on qubits 14 and 13 at time 0
Gate 7: ZZ 9, 0 on qubits 10 and 5 at time 0
Gate 8: ZZ 9, 7 on qubits 10 and 5 at time 1
Gate 9: ZZ 0, 3 on qubits 5 and 8 at time 0
Gate 10: ZZ 0, 2 on qubits 5 and 6 at time 0
Gate 11: ZZ 3, 6 on qubits 8 and 13 at time 0
Gate 12: ZZ 3, 1 on qubits 8 and 9 at time 1
Gate 13: ZZ 6, 1 on qubits 13 and 9 at time 1
Gate 14: ZZ 7, 1 on qubits 5 and 9 at time 1
result- additional SWAP count = 1.
result- circuit depth = 9.
Compilation time = 0:00:39.869789.
layer 0---------------------------------
gate ( ZZ) on qubits (7 11)
layer 1---------------------------------
gate ( ZZ) on qubits (11 14)
gate ( ZZ) on qubits (2 7)
layer 2---------------------------------
gate ( ZZ) on qubits (6 11)
gate ( ZZ) on qubits (10 14)
layer 3---------------------------------
gate ( ZZ) on qubits (5 10)
gate ( ZZ) on qubits (6 7)
gate ( ZZ) on qubits (13 14)
layer 4---------------------------------
gate ( ZZ) on qubits (5 8)
layer 5---------------------------------
gate ( ZZ) on qubits (8 13)
gate ( ZZ) on qubits (5 6)
layer 6---------------------------------
gate ( swap) on qubits (2 5)
gate ( ZZ) on qubits (8 9)
layer 7---------------------------------
gate ( ZZ) on qubits (5 10)
gate ( ZZ) on qubits (9 13)
layer 8---------------------------------
gate ( ZZ) on qubits (5 9)
metric-----------------------------------
depth 9
#swap 1
optimizing circuit with swap range (0,1) 
Trying maximal depth = 1...
Show UNSAT core
[time__3 + 1 <= 1,
 time__11 + 1 <= 1,
 time__6 + 1 <= 1,
 time__4 + 1 <= 1,
 time__10 + 1 <= 1,
 time__2 + 1 <= 1,
 time__8 + 1 <= 1,
 time__0 + 1 <= 1,
 time__7 + 1 <= 1,
 time__9 + 1 <= 1,
 time__5 + 1 <= 1,
 time__14 + 1 <= 1,
 time__1 + 1 <= 1,
 time__12 + 1 <= 1,
 time__13 + 1 <= 1]
Trying maximal depth = 2...
Bound of Trying min swap = 1...
SWAP on physical edge (1,4) at time 0
Gate 0: ZZ 5, 8 on qubits 13 and 9 at time 0
Gate 1: ZZ 5, 4 on qubits 13 and 10 at time 0
Gate 2: ZZ 5, 2 on qubits 13 and 8 at time 1
Gate 3: ZZ 8, 7 on qubits 9 and 4 at time 0
Gate 4: ZZ 8, 2 on qubits 9 and 8 at time 1
Gate 5: ZZ 4, 9 on qubits 10 and 5 at time 0
Gate 6: ZZ 4, 6 on qubits 10 and 7 at time 0
Gate 7: ZZ 9, 0 on qubits 5 and 1 at time 0
Gate 8: ZZ 9, 7 on qubits 5 and 4 at time 0
Gate 9: ZZ 0, 3 on qubits 1 and 6 at time 0
Gate 10: ZZ 0, 2 on qubits 4 and 8 at time 1
Gate 11: ZZ 3, 6 on qubits 6 and 7 at time 0
Gate 12: ZZ 3, 1 on qubits 6 and 2 at time 0
Gate 13: ZZ 6, 1 on qubits 7 and 2 at time 0
Gate 14: ZZ 7, 1 on qubits 1 and 2 at time 1
result- additional SWAP count = 1.
result- circuit depth = 9.
Compilation time = 0:01:19.156684.
layer 0---------------------------------
gate ( ZZ) on qubits (9 13)
layer 1---------------------------------
gate ( ZZ) on qubits (10 13)
gate ( ZZ) on qubits (4 9)
layer 2---------------------------------
gate ( ZZ) on qubits (8 13)
gate ( ZZ) on qubits (5 10)
layer 3---------------------------------
gate ( ZZ) on qubits (1 5)
gate ( ZZ) on qubits (7 10)
gate ( ZZ) on qubits (8 9)
layer 4---------------------------------
gate ( ZZ) on qubits (1 6)
gate ( ZZ) on qubits (4 5)
layer 5---------------------------------
gate ( swap) on qubits (1 4)
gate ( ZZ) on qubits (6 7)
layer 6---------------------------------
gate ( ZZ) on qubits (2 6)
gate ( ZZ) on qubits (4 8)
layer 7---------------------------------
gate ( ZZ) on qubits (2 7)
layer 8---------------------------------
gate ( ZZ) on qubits (1 2)
metric-----------------------------------
depth 9
#swap 1
optimizing circuit with swap range (0,1) 
Trying maximal depth = 1...
Show UNSAT core
[time__8 + 1 <= 1,
 time__2 + 1 <= 1,
 time__6 + 1 <= 1,
 time__5 + 1 <= 1,
 time__1 + 1 <= 1,
 time__14 + 1 <= 1,
 time__10 + 1 <= 1,
 time__7 + 1 <= 1,
 time__0 + 1 <= 1,
 time__11 + 1 <= 1,
 time__4 + 1 <= 1,
 time__13 + 1 <= 1,
 time__12 + 1 <= 1,
 time__3 + 1 <= 1,
 time__9 + 1 <= 1]
Trying maximal depth = 2...
Bound of Trying min swap = 1...
SWAP on physical edge (11,14) at time 0
Gate 0: ZZ 5, 8 on qubits 7 and 2 at time 0
Gate 1: ZZ 5, 4 on qubits 7 and 11 at time 0
Gate 2: ZZ 5, 2 on qubits 7 and 6 at time 0
Gate 3: ZZ 8, 7 on qubits 2 and 5 at time 0
Gate 4: ZZ 8, 2 on qubits 2 and 6 at time 0
Gate 5: ZZ 4, 9 on qubits 11 and 10 at time 0
Gate 6: ZZ 4, 6 on qubits 14 and 13 at time 1
Gate 7: ZZ 9, 0 on qubits 10 and 14 at time 0
Gate 8: ZZ 9, 7 on qubits 10 and 5 at time 1
Gate 9: ZZ 0, 3 on qubits 14 and 9 at time 0
Gate 10: ZZ 0, 2 on qubits 11 and 6 at time 1
Gate 11: ZZ 3, 6 on qubits 9 and 13 at time 1
Gate 12: ZZ 3, 1 on qubits 9 and 8 at time 1
Gate 13: ZZ 6, 1 on qubits 13 and 8 at time 1
Gate 14: ZZ 7, 1 on qubits 5 and 8 at time 1
result- additional SWAP count = 1.
result- circuit depth = 11.
Compilation time = 0:00:26.303908.
layer 0---------------------------------
gate ( ZZ) on qubits (2 7)
layer 1---------------------------------
gate ( ZZ) on qubits (7 11)
gate ( ZZ) on qubits (2 5)
layer 2---------------------------------
gate ( ZZ) on qubits (6 7)
gate ( ZZ) on qubits (10 11)
layer 3---------------------------------
gate ( ZZ) on qubits (10 14)
gate ( ZZ) on qubits (2 6)
layer 4---------------------------------
gate ( ZZ) on qubits (9 14)
gate ( ZZ) on qubits (5 10)
layer 5---------------------------------
gate ( swap) on qubits (11 14)
layer 6---------------------------------
gate ( ZZ) on qubits (13 14)
gate ( ZZ) on qubits (6 11)
layer 7---------------------------------
gate ( ZZ) on qubits (9 13)
layer 8---------------------------------
gate ( ZZ) on qubits (8 9)
layer 9---------------------------------
gate ( ZZ) on qubits (8 13)
layer 10---------------------------------
gate ( ZZ) on qubits (5 8)
metric-----------------------------------
depth 11
#swap 1
Total compilation time = 6:46:38.086299.
