start searching...
Using transition based mode...
start adding constraints...
Trying maximal depth = 1...
Show UNSAT core
[time__13 + 1 <= 1, time__10 + 1 <= 1, time__4 + 1 <= 1]
Trying maximal depth = 2...
Show UNSAT core
[time__18 + 1 <= 2,
 time__17 + 1 <= 2,
 time__16 + 1 <= 2,
 time__14 + 1 <= 2,
 time__15 + 1 <= 2,
 time__13 + 1 <= 2,
 time__11 + 1 <= 2]
Trying maximal depth = 3...
Show UNSAT core
[time__17 + 1 <= 3, time__16 + 1 <= 3, time__18 + 1 <= 3]
Trying maximal depth = 4...
Bound of Trying min swap = 11...
Bound of Trying min swap = 7...
Bound of Trying min swap = 5...
