start searching...
Using transition based mode...
start adding constraints...
Trying maximal depth = 1...
Show UNSAT core
[time__14 + 1 <= 1,
 time__12 + 1 <= 1,
 time__13 + 1 <= 1,
 time__11 + 1 <= 1,
 time__9 + 1 <= 1,
 time__10 + 1 <= 1,
 time__8 + 1 <= 1,
 time__6 + 1 <= 1,
 time__7 + 1 <= 1,
 time__5 + 1 <= 1,
 time__3 + 1 <= 1,
 time__4 + 1 <= 1,
 time__2 + 1 <= 1,
 time__0 + 1 <= 1,
 time__1 + 1 <= 1]
Trying maximal depth = 2...
Show UNSAT core
[time__1 + 1 <= 2,
 time__2 + 1 <= 2,
 time__4 + 1 <= 2,
 time__5 + 1 <= 2,
 time__7 + 1 <= 2,
 time__8 + 1 <= 2,
 time__6 + 1 <= 2,
 time__10 + 1 <= 2,
 time__11 + 1 <= 2,
 time__9 + 1 <= 2,
 time__13 + 1 <= 2,
 time__14 + 1 <= 2,
 time__12 + 1 <= 2]
Trying maximal depth = 3...
Show UNSAT core
[time__14 + 1 <= 3,
 time__13 + 1 <= 3,
 time__12 + 1 <= 3,
 time__11 + 1 <= 3,
 time__10 + 1 <= 3,
 time__9 + 1 <= 3,
 time__8 + 1 <= 3,
 time__5 + 1 <= 3,
 time__4 + 1 <= 3,
 time__2 + 1 <= 3,
 time__3 + 1 <= 3,
 time__1 + 1 <= 3,
 time__0 + 1 <= 3]
Trying maximal depth = 4...
Bound of Trying min swap = 9...
Bound of Trying min swap = 6...
[]
Bound of Trying min swap = 8...
[num_swap <= 8]
SWAP on physical edge (2,8) at time 1
SWAP on physical edge (10,11) at time 0
SWAP on physical edge (8,11) at time 2
SWAP on physical edge (11,12) at time 1
SWAP on physical edge (12,13) at time 0
SWAP on physical edge (14,15) at time 0
SWAP on physical edge (14,15) at time 2
SWAP on physical edge (15,16) at time 1
SWAP on physical edge (13,17) at time 1
Gate 0: ZZ 0, 1 on qubits 14 and 13 at time 0
Gate 1: ZZ 0, 4 on qubits 14 and 15 at time 0
Gate 2: ZZ 0, 5 on qubits 15 and 16 at time 1
Gate 3: ZZ 1, 6 on qubits 13 and 17 at time 0
Gate 4: ZZ 1, 9 on qubits 13 and 12 at time 0
Gate 5: ZZ 3, 8 on qubits 8 and 11 at time 0
Gate 6: ZZ 3, 7 on qubits 8 and 11 at time 1
Gate 7: ZZ 3, 2 on qubits 8 and 2 at time 1
Gate 8: ZZ 8, 9 on qubits 11 and 12 at time 0
Gate 9: ZZ 8, 2 on qubits 10 and 11 at time 3
Gate 10: ZZ 4, 9 on qubits 14 and 13 at time 1
Gate 11: ZZ 4, 5 on qubits 14 and 15 at time 2
Gate 12: ZZ 2, 7 on qubits 11 and 12 at time 3
Gate 13: ZZ 7, 6 on qubits 12 and 13 at time 3
Gate 14: ZZ 6, 5 on qubits 13 and 14 at time 3
result- additional SWAP count = 9.
result- circuit depth = 13.
Compilation time = 0:03:24.440125.
layer 0---------------------------------
gate ( ZZ) on qubits (13 14)
gate ( ZZ) on qubits (8 11)
layer 1---------------------------------
gate ( ZZ) on qubits (13 17)
gate ( ZZ swap) on qubits (14 15)
layer 2---------------------------------
gate ( ZZ) on qubits (12 13)
gate ( ZZ swap) on qubits (15 16)
layer 3---------------------------------
gate ( ZZ) on qubits (11 12)
layer 4---------------------------------
gate ( swap) on qubits (10 11)
gate ( swap) on qubits (12 13)
layer 5---------------------------------
gate ( ZZ) on qubits (8 11)
gate ( ZZ) on qubits (13 14)
layer 6---------------------------------
gate ( ZZ swap) on qubits (2 8)
gate ( swap) on qubits (11 12)
gate ( swap) on qubits (13 17)
gate ( ZZ swap) on qubits (14 15)
layer 7---------------------------------
gate ( swap) on qubits (8 11)
layer 8---------------------------------
gate ( ZZ) on qubits (10 11)
layer 9---------------------------------
gate ( ZZ) on qubits (11 12)
layer 10---------------------------------
gate ( ZZ) on qubits (12 13)
layer 11---------------------------------
gate ( ZZ) on qubits (13 14)
metric-----------------------------------
depth 12
#swap 5
optimizing circuit with swap range (0,9) 
Trying maximal depth = 1...
Show UNSAT core
[time__11 + 1 <= 1,
 time__0 + 1 <= 1,
 time__1 + 1 <= 1,
 time__13 + 1 <= 1,
 time__12 + 1 <= 1,
 time__14 + 1 <= 1,
 time__2 + 1 <= 1,
 time__3 + 1 <= 1,
 time__4 + 1 <= 1,
 time__6 + 1 <= 1,
 time__7 + 1 <= 1,
 time__5 + 1 <= 1,
 time__8 + 1 <= 1,
 time__9 + 1 <= 1,
 time__10 + 1 <= 1]
Trying maximal depth = 2...
Show UNSAT core
[time__2 + 1 <= 2,
 time__1 + 1 <= 2,
 time__5 + 1 <= 2,
 time__4 + 1 <= 2,
 time__11 + 1 <= 2,
 time__10 + 1 <= 2,
 time__8 + 1 <= 2,
 time__6 + 1 <= 2,
 time__7 + 1 <= 2,
 time__14 + 1 <= 2,
 time__3 + 1 <= 2,
 time__12 + 1 <= 2,
 time__13 + 1 <= 2,
 time__9 + 1 <= 2]
Trying maximal depth = 3...
Bound of Trying min swap = 5...
Bound of Trying min swap = 3...
[]
Bound of Trying min swap = 4...
SWAP on physical edge (0,4) at time 0
SWAP on physical edge (2,3) at time 0
SWAP on physical edge (4,5) at time 1
SWAP on physical edge (10,11) at time 0
Gate 0: ZZ 0, 1 on qubits 0 and 4 at time 0
Gate 1: ZZ 0, 4 on qubits 4 and 5 at time 1
Gate 2: ZZ 0, 5 on qubits 4 and 3 at time 1
Gate 3: ZZ 1, 6 on qubits 4 and 3 at time 0
Gate 4: ZZ 1, 9 on qubits 4 and 13 at time 0
Gate 5: ZZ 3, 8 on qubits 11 and 12 at time 0
Gate 6: ZZ 3, 7 on qubits 11 and 8 at time 0
Gate 7: ZZ 3, 2 on qubits 11 and 10 at time 0
Gate 8: ZZ 8, 9 on qubits 12 and 13 at time 1
Gate 9: ZZ 8, 2 on qubits 12 and 11 at time 1
Gate 10: ZZ 4, 9 on qubits 4 and 13 at time 2
Gate 11: ZZ 4, 5 on qubits 4 and 3 at time 2
Gate 12: ZZ 2, 7 on qubits 11 and 8 at time 1
Gate 13: ZZ 7, 6 on qubits 8 and 2 at time 1
Gate 14: ZZ 6, 5 on qubits 2 and 3 at time 2
result- additional SWAP count = 4.
result- circuit depth = 10.
Compilation time = 0:03:43.198898.
layer 0---------------------------------
gate ( ZZ) on qubits (0 4)
gate ( ZZ) on qubits (11 12)
layer 1---------------------------------
gate ( ZZ) on qubits (3 4)
gate ( ZZ) on qubits (8 11)
layer 2---------------------------------
gate ( ZZ) on qubits (4 13)
gate ( ZZ swap) on qubits (10 11)
gate ( swap) on qubits (2 3)
layer 3---------------------------------
gate ( swap) on qubits (0 4)
gate ( ZZ) on qubits (12 13)
layer 4---------------------------------
gate ( ZZ) on qubits (4 5)
gate ( ZZ) on qubits (11 12)
layer 5---------------------------------
gate ( ZZ) on qubits (8 11)
gate ( ZZ) on qubits (3 4)
layer 6---------------------------------
gate ( swap) on qubits (4 5)
gate ( ZZ) on qubits (2 8)
layer 7---------------------------------
gate ( ZZ) on qubits (4 13)
layer 8---------------------------------
gate ( ZZ) on qubits (3 4)
layer 9---------------------------------
gate ( ZZ) on qubits (2 3)
metric-----------------------------------
depth 10
#swap 3
optimizing circuit with swap range (0,4) 
Trying maximal depth = 1...
Show UNSAT core
[time__2 + 1 <= 1,
 time__1 + 1 <= 1,
 time__10 + 1 <= 1,
 time__11 + 1 <= 1,
 time__3 + 1 <= 1,
 time__8 + 1 <= 1,
 time__5 + 1 <= 1,
 time__7 + 1 <= 1,
 time__13 + 1 <= 1,
 time__4 + 1 <= 1,
 time__9 + 1 <= 1,
 time__12 + 1 <= 1,
 time__14 + 1 <= 1,
 time__0 + 1 <= 1,
 time__6 + 1 <= 1]
Trying maximal depth = 2...
Bound of Trying min swap = 2...
[]
Bound of Trying min swap = 3...
SWAP on physical edge (11,12) at time 0
SWAP on physical edge (14,15) at time 0
SWAP on physical edge (6,7) at time 0
Gate 0: ZZ 0, 1 on qubits 9 and 6 at time 0
Gate 1: ZZ 0, 4 on qubits 9 and 15 at time 0
Gate 2: ZZ 0, 5 on qubits 9 and 6 at time 1
Gate 3: ZZ 1, 6 on qubits 6 and 5 at time 0
Gate 4: ZZ 1, 9 on qubits 6 and 14 at time 0
Gate 5: ZZ 3, 8 on qubits 12 and 13 at time 0
Gate 6: ZZ 3, 7 on qubits 12 and 4 at time 0
Gate 7: ZZ 3, 2 on qubits 11 and 12 at time 1
Gate 8: ZZ 8, 9 on qubits 13 and 14 at time 0
Gate 9: ZZ 8, 2 on qubits 13 and 12 at time 1
Gate 10: ZZ 4, 9 on qubits 15 and 14 at time 0
Gate 11: ZZ 4, 5 on qubits 14 and 6 at time 1
Gate 12: ZZ 2, 7 on qubits 12 and 4 at time 1
Gate 13: ZZ 7, 6 on qubits 4 and 5 at time 1
Gate 14: ZZ 6, 5 on qubits 5 and 6 at time 1
result- additional SWAP count = 3.
result- circuit depth = 8.
Compilation time = 0:02:07.404239.
layer 0---------------------------------
gate ( ZZ) on qubits (6 9)
gate ( ZZ) on qubits (12 13)
layer 1---------------------------------
gate ( ZZ) on qubits (5 6)
gate ( ZZ) on qubits (4 12)
gate ( ZZ) on qubits (9 15)
layer 2---------------------------------
gate ( ZZ) on qubits (6 14)
gate ( swap ZZ) on qubits (11 12)
layer 3---------------------------------
gate ( swap) on qubits (6 7)
gate ( ZZ) on qubits (13 14)
layer 4---------------------------------
gate ( ZZ) on qubits (12 13)
gate ( ZZ) on qubits (6 9)
gate ( ZZ swap) on qubits (14 15)
layer 5---------------------------------
gate ( ZZ) on qubits (4 12)
gate ( ZZ) on qubits (6 14)
layer 6---------------------------------
gate ( ZZ) on qubits (4 5)
layer 7---------------------------------
gate ( ZZ) on qubits (5 6)
metric-----------------------------------
depth 8
#swap 1
optimizing circuit with swap range (0,3) 
Trying maximal depth = 1...
Show UNSAT core
[time__7 + 1 <= 1,
 time__5 + 1 <= 1,
 time__9 + 1 <= 1,
 time__14 + 1 <= 1,
 time__10 + 1 <= 1,
 time__4 + 1 <= 1,
 time__6 + 1 <= 1,
 time__11 + 1 <= 1,
 time__2 + 1 <= 1,
 time__12 + 1 <= 1,
 time__1 + 1 <= 1,
 time__3 + 1 <= 1,
 time__8 + 1 <= 1,
 time__13 + 1 <= 1,
 time__0 + 1 <= 1]
Trying maximal depth = 2...
Bound of Trying min swap = 2...
[]
SWAP on physical edge (0,4) at time 0
SWAP on physical edge (6,7) at time 0
SWAP on physical edge (9,16) at time 0
Gate 0: ZZ 0, 1 on qubits 9 and 6 at time 0
Gate 1: ZZ 0, 4 on qubits 16 and 9 at time 1
Gate 2: ZZ 0, 5 on qubits 16 and 15 at time 1
Gate 3: ZZ 1, 6 on qubits 6 and 14 at time 0
Gate 4: ZZ 1, 9 on qubits 6 and 7 at time 0
Gate 5: ZZ 3, 8 on qubits 4 and 5 at time 0
Gate 6: ZZ 3, 7 on qubits 4 and 13 at time 0
Gate 7: ZZ 3, 2 on qubits 0 and 4 at time 1
Gate 8: ZZ 8, 9 on qubits 5 and 6 at time 1
Gate 9: ZZ 8, 2 on qubits 5 and 4 at time 1
Gate 10: ZZ 4, 9 on qubits 9 and 6 at time 1
Gate 11: ZZ 4, 5 on qubits 9 and 15 at time 1
Gate 12: ZZ 2, 7 on qubits 4 and 13 at time 1
Gate 13: ZZ 7, 6 on qubits 13 and 14 at time 1
Gate 14: ZZ 6, 5 on qubits 14 and 15 at time 1
result- additional SWAP count = 3.
result- circuit depth = 9.
Compilation time = 0:02:05.494639.
layer 0---------------------------------
gate ( ZZ) on qubits (6 9)
gate ( ZZ) on qubits (4 5)
layer 1---------------------------------
gate ( ZZ) on qubits (6 14)
gate ( ZZ) on qubits (4 13)
gate ( swap ZZ) on qubits (9 16)
layer 2---------------------------------
gate ( ZZ swap) on qubits (6 7)
gate ( swap ZZ) on qubits (0 4)
gate ( ZZ) on qubits (15 16)
layer 3---------------------------------
gate ( ZZ) on qubits (5 6)
layer 4---------------------------------
gate ( ZZ) on qubits (6 9)
gate ( ZZ) on qubits (4 5)
layer 5---------------------------------
gate ( ZZ) on qubits (4 13)
gate ( ZZ) on qubits (9 15)
layer 6---------------------------------
gate ( ZZ) on qubits (13 14)
layer 7---------------------------------
gate ( ZZ) on qubits (14 15)
metric-----------------------------------
depth 8
#swap 0
optimizing circuit with swap range (0,3) 
Trying maximal depth = 1...
Show UNSAT core
[time__7 + 1 <= 1,
 time__3 + 1 <= 1,
 time__12 + 1 <= 1,
 time__13 + 1 <= 1,
 time__8 + 1 <= 1,
 time__11 + 1 <= 1,
 time__5 + 1 <= 1,
 time__10 + 1 <= 1,
 time__14 + 1 <= 1,
 time__9 + 1 <= 1,
 time__6 + 1 <= 1,
 time__4 + 1 <= 1,
 time__1 + 1 <= 1,
 time__0 + 1 <= 1,
 time__2 + 1 <= 1]
Trying maximal depth = 2...
Bound of Trying min swap = 2...
Bound of Trying min swap = 1...
[]
SWAP on physical edge (0,4) at time 0
SWAP on physical edge (10,11) at time 0
Gate 0: ZZ 0, 1 on qubits 5 and 4 at time 0
Gate 1: ZZ 0, 4 on qubits 5 and 14 at time 1
Gate 2: ZZ 0, 5 on qubits 5 and 4 at time 1
Gate 3: ZZ 1, 6 on qubits 4 and 3 at time 0
Gate 4: ZZ 1, 9 on qubits 4 and 13 at time 0
Gate 5: ZZ 3, 8 on qubits 11 and 12 at time 0
Gate 6: ZZ 3, 7 on qubits 11 and 8 at time 0
Gate 7: ZZ 3, 2 on qubits 11 and 10 at time 0
Gate 8: ZZ 8, 9 on qubits 12 and 13 at time 1
Gate 9: ZZ 8, 2 on qubits 12 and 11 at time 1
Gate 10: ZZ 4, 9 on qubits 14 and 13 at time 1
Gate 11: ZZ 4, 5 on qubits 14 and 4 at time 1
Gate 12: ZZ 2, 7 on qubits 11 and 8 at time 1
Gate 13: ZZ 7, 6 on qubits 8 and 3 at time 1
Gate 14: ZZ 6, 5 on qubits 3 and 4 at time 1
result- additional SWAP count = 2.
result- circuit depth = 8.
Compilation time = 0:03:12.359185.
layer 0---------------------------------
gate ( ZZ) on qubits (4 5)
gate ( ZZ) on qubits (11 12)
layer 1---------------------------------
gate ( ZZ) on qubits (3 4)
gate ( ZZ) on qubits (8 11)
gate ( ZZ) on qubits (5 14)
layer 2---------------------------------
gate ( ZZ) on qubits (4 13)
gate ( ZZ swap) on qubits (10 11)
layer 3---------------------------------
gate ( swap) on qubits (0 4)
gate ( ZZ) on qubits (12 13)
layer 4---------------------------------
gate ( ZZ) on qubits (4 5)
gate ( ZZ) on qubits (13 14)
gate ( ZZ) on qubits (11 12)
layer 5---------------------------------
gate ( ZZ) on qubits (8 11)
gate ( ZZ) on qubits (4 14)
layer 6---------------------------------
gate ( ZZ) on qubits (3 8)
layer 7---------------------------------
gate ( ZZ) on qubits (3 4)
metric-----------------------------------
depth 8
#swap 1
optimizing circuit with swap range (0,2) 
Trying maximal depth = 1...
Show UNSAT core
[time__13 + 1 <= 1,
 time__11 + 1 <= 1,
 time__9 + 1 <= 1,
 time__6 + 1 <= 1,
 time__12 + 1 <= 1,
 time__8 + 1 <= 1,
 time__14 + 1 <= 1,
 time__3 + 1 <= 1,
 time__0 + 1 <= 1,
 time__7 + 1 <= 1,
 time__4 + 1 <= 1,
 time__1 + 1 <= 1,
 time__2 + 1 <= 1,
 time__10 + 1 <= 1,
 time__5 + 1 <= 1]
Trying maximal depth = 2...
Bound of Trying min swap = 1...
[]
SWAP on physical edge (5,6) at time 0
SWAP on physical edge (11,12) at time 0
Gate 0: ZZ 0, 1 on qubits 12 and 13 at time 0
Gate 1: ZZ 0, 4 on qubits 12 and 2 at time 0
Gate 2: ZZ 0, 5 on qubits 12 and 11 at time 0
Gate 3: ZZ 1, 6 on qubits 13 and 17 at time 1
Gate 4: ZZ 1, 9 on qubits 13 and 3 at time 1
Gate 5: ZZ 3, 8 on qubits 5 and 4 at time 0
Gate 6: ZZ 3, 7 on qubits 5 and 14 at time 0
Gate 7: ZZ 3, 2 on qubits 5 and 6 at time 0
Gate 8: ZZ 8, 9 on qubits 4 and 3 at time 1
Gate 9: ZZ 8, 2 on qubits 4 and 5 at time 1
Gate 10: ZZ 4, 9 on qubits 2 and 3 at time 1
Gate 11: ZZ 4, 5 on qubits 2 and 12 at time 1
Gate 12: ZZ 2, 7 on qubits 5 and 14 at time 1
Gate 13: ZZ 7, 6 on qubits 14 and 17 at time 1
Gate 14: ZZ 6, 5 on qubits 17 and 12 at time 1
result- additional SWAP count = 2.
result- circuit depth = 8.
Compilation time = 0:01:44.356699.
layer 0---------------------------------
gate ( ZZ) on qubits (12 13)
gate ( ZZ) on qubits (4 5)
layer 1---------------------------------
gate ( ZZ) on qubits (2 12)
gate ( ZZ) on qubits (13 17)
gate ( ZZ) on qubits (5 14)
layer 2---------------------------------
gate ( ZZ) on qubits (3 13)
gate ( ZZ swap) on qubits (5 6)
gate ( ZZ swap) on qubits (11 12)
layer 3---------------------------------
gate ( ZZ) on qubits (3 4)
layer 4---------------------------------
gate ( ZZ) on qubits (2 3)
gate ( ZZ) on qubits (4 5)
layer 5---------------------------------
gate ( ZZ) on qubits (5 14)
gate ( ZZ) on qubits (2 12)
layer 6---------------------------------
gate ( ZZ) on qubits (14 17)
layer 7---------------------------------
gate ( ZZ) on qubits (12 17)
metric-----------------------------------
depth 8
#swap 0
optimizing circuit with swap range (0,2) 
Trying maximal depth = 1...
Show UNSAT core
[time__6 + 1 <= 1,
 time__14 + 1 <= 1,
 time__8 + 1 <= 1,
 time__4 + 1 <= 1,
 time__2 + 1 <= 1,
 time__13 + 1 <= 1,
 time__9 + 1 <= 1,
 time__1 + 1 <= 1,
 time__5 + 1 <= 1,
 time__7 + 1 <= 1,
 time__11 + 1 <= 1,
 time__3 + 1 <= 1,
 time__10 + 1 <= 1,
 time__12 + 1 <= 1,
 time__0 + 1 <= 1]
Trying maximal depth = 2...
Bound of Trying min swap = 1...
SWAP on physical edge (0,5) at time 0
Gate 0: ZZ 0, 1 on qubits 6 and 5 at time 0
Gate 1: ZZ 0, 4 on qubits 6 and 9 at time 0
Gate 2: ZZ 0, 5 on qubits 6 and 5 at time 1
Gate 3: ZZ 1, 6 on qubits 5 and 4 at time 0
Gate 4: ZZ 1, 9 on qubits 5 and 15 at time 0
Gate 5: ZZ 3, 8 on qubits 13 and 14 at time 0
Gate 6: ZZ 3, 7 on qubits 13 and 12 at time 0
Gate 7: ZZ 3, 2 on qubits 13 and 17 at time 0
Gate 8: ZZ 8, 9 on qubits 14 and 15 at time 0
Gate 9: ZZ 8, 2 on qubits 14 and 17 at time 0
Gate 10: ZZ 4, 9 on qubits 9 and 15 at time 0
Gate 11: ZZ 4, 5 on qubits 9 and 5 at time 1
Gate 12: ZZ 2, 7 on qubits 17 and 12 at time 0
Gate 13: ZZ 7, 6 on qubits 12 and 4 at time 0
Gate 14: ZZ 6, 5 on qubits 4 and 5 at time 1
result- additional SWAP count = 1.
result- circuit depth = 8.
Compilation time = 0:00:33.438459.
layer 0---------------------------------
gate ( ZZ) on qubits (5 6)
gate ( ZZ) on qubits (13 14)
layer 1---------------------------------
gate ( ZZ) on qubits (4 5)
gate ( ZZ) on qubits (12 13)
gate ( ZZ) on qubits (6 9)
layer 2---------------------------------
gate ( ZZ) on qubits (5 15)
gate ( ZZ) on qubits (13 17)
layer 3---------------------------------
gate ( swap) on qubits (0 5)
gate ( ZZ) on qubits (14 15)
layer 4---------------------------------
gate ( ZZ) on qubits (5 6)
gate ( ZZ) on qubits (9 15)
gate ( ZZ) on qubits (14 17)
layer 5---------------------------------
gate ( ZZ) on qubits (12 17)
gate ( ZZ) on qubits (5 9)
layer 6---------------------------------
gate ( ZZ) on qubits (4 12)
layer 7---------------------------------
gate ( ZZ) on qubits (4 5)
metric-----------------------------------
depth 8
#swap 1
optimizing circuit with swap range (0,1) 
Trying maximal depth = 1...
Show UNSAT core
[time__2 + 1 <= 1,
 time__6 + 1 <= 1,
 time__11 + 1 <= 1,
 time__9 + 1 <= 1,
 time__12 + 1 <= 1,
 time__0 + 1 <= 1,
 time__4 + 1 <= 1,
 time__1 + 1 <= 1,
 time__3 + 1 <= 1,
 time__10 + 1 <= 1,
 time__13 + 1 <= 1,
 time__5 + 1 <= 1,
 time__7 + 1 <= 1,
 time__8 + 1 <= 1,
 time__14 + 1 <= 1]
Trying maximal depth = 2...
Bound of Trying min swap = 1...
SWAP on physical edge (2,8) at time 0
Gate 0: ZZ 0, 1 on qubits 10 and 8 at time 0
Gate 1: ZZ 0, 4 on qubits 10 and 11 at time 0
Gate 2: ZZ 0, 5 on qubits 10 and 8 at time 1
Gate 3: ZZ 1, 6 on qubits 8 and 3 at time 0
Gate 4: ZZ 1, 9 on qubits 8 and 12 at time 0
Gate 5: ZZ 3, 8 on qubits 13 and 17 at time 0
Gate 6: ZZ 3, 7 on qubits 13 and 4 at time 0
Gate 7: ZZ 3, 2 on qubits 13 and 14 at time 0
Gate 8: ZZ 8, 9 on qubits 17 and 12 at time 0
Gate 9: ZZ 8, 2 on qubits 17 and 14 at time 0
Gate 10: ZZ 4, 9 on qubits 11 and 12 at time 0
Gate 11: ZZ 4, 5 on qubits 11 and 8 at time 1
Gate 12: ZZ 2, 7 on qubits 14 and 4 at time 0
Gate 13: ZZ 7, 6 on qubits 4 and 3 at time 0
Gate 14: ZZ 6, 5 on qubits 3 and 8 at time 1
result- additional SWAP count = 1.
result- circuit depth = 8.
Compilation time = 0:00:18.575235.
layer 0---------------------------------
gate ( ZZ) on qubits (8 10)
gate ( ZZ) on qubits (13 17)
layer 1---------------------------------
gate ( ZZ) on qubits (3 8)
gate ( ZZ) on qubits (4 13)
gate ( ZZ) on qubits (10 11)
layer 2---------------------------------
gate ( ZZ) on qubits (8 12)
gate ( ZZ) on qubits (13 14)
layer 3---------------------------------
gate ( swap) on qubits (2 8)
gate ( ZZ) on qubits (12 17)
layer 4---------------------------------
gate ( ZZ) on qubits (8 10)
gate ( ZZ) on qubits (11 12)
gate ( ZZ) on qubits (14 17)
layer 5---------------------------------
gate ( ZZ) on qubits (4 14)
gate ( ZZ) on qubits (8 11)
layer 6---------------------------------
gate ( ZZ) on qubits (3 4)
layer 7---------------------------------
gate ( ZZ) on qubits (3 8)
metric-----------------------------------
depth 8
#swap 1
optimizing circuit with swap range (0,1) 
Trying maximal depth = 1...
Show UNSAT core
[time__13 + 1 <= 1,
 time__6 + 1 <= 1,
 time__4 + 1 <= 1,
 time__11 + 1 <= 1,
 time__5 + 1 <= 1,
 time__14 + 1 <= 1,
 time__7 + 1 <= 1,
 time__0 + 1 <= 1,
 time__12 + 1 <= 1,
 time__8 + 1 <= 1,
 time__3 + 1 <= 1,
 time__10 + 1 <= 1,
 time__9 + 1 <= 1,
 time__1 + 1 <= 1,
 time__2 + 1 <= 1]
Trying maximal depth = 2...
Bound of Trying min swap = 1...
SWAP on physical edge (2,3) at time 0
Gate 0: ZZ 0, 1 on qubits 13 and 4 at time 1
Gate 1: ZZ 0, 4 on qubits 13 and 14 at time 1
Gate 2: ZZ 0, 5 on qubits 13 and 17 at time 1
Gate 3: ZZ 1, 6 on qubits 4 and 12 at time 1
Gate 4: ZZ 1, 9 on qubits 4 and 5 at time 1
Gate 5: ZZ 3, 8 on qubits 3 and 0 at time 0
Gate 6: ZZ 3, 7 on qubits 3 and 11 at time 0
Gate 7: ZZ 3, 2 on qubits 2 and 3 at time 1
Gate 8: ZZ 8, 9 on qubits 0 and 5 at time 1
Gate 9: ZZ 8, 2 on qubits 0 and 3 at time 1
Gate 10: ZZ 4, 9 on qubits 14 and 5 at time 1
Gate 11: ZZ 4, 5 on qubits 14 and 17 at time 1
Gate 12: ZZ 2, 7 on qubits 3 and 11 at time 1
Gate 13: ZZ 7, 6 on qubits 11 and 12 at time 1
Gate 14: ZZ 6, 5 on qubits 12 and 17 at time 1
result- additional SWAP count = 1.
result- circuit depth = 8.
Compilation time = 0:00:12.952706.
layer 0---------------------------------
gate ( ZZ) on qubits (4 13)
gate ( ZZ) on qubits (0 3)
layer 1---------------------------------
gate ( ZZ) on qubits (13 14)
gate ( ZZ) on qubits (4 12)
gate ( ZZ) on qubits (3 11)
layer 2---------------------------------
gate ( ZZ) on qubits (4 5)
gate ( swap ZZ) on qubits (2 3)
gate ( ZZ) on qubits (13 17)
layer 3---------------------------------
gate ( ZZ) on qubits (0 5)
layer 4---------------------------------
gate ( ZZ) on qubits (5 14)
gate ( ZZ) on qubits (0 3)
layer 5---------------------------------
gate ( ZZ) on qubits (3 11)
gate ( ZZ) on qubits (14 17)
layer 6---------------------------------
gate ( ZZ) on qubits (11 12)
layer 7---------------------------------
gate ( ZZ) on qubits (12 17)
metric-----------------------------------
depth 8
#swap 0
optimizing circuit with swap range (0,1) 
Trying maximal depth = 1...
Show UNSAT core
[time__3 + 1 <= 1,
 time__2 + 1 <= 1,
 time__12 + 1 <= 1,
 time__6 + 1 <= 1,
 time__1 + 1 <= 1,
 time__5 + 1 <= 1,
 time__7 + 1 <= 1,
 time__0 + 1 <= 1,
 time__8 + 1 <= 1,
 time__10 + 1 <= 1,
 time__4 + 1 <= 1,
 time__9 + 1 <= 1,
 time__13 + 1 <= 1,
 time__11 + 1 <= 1,
 time__14 + 1 <= 1]
Trying maximal depth = 2...
Bound of Trying min swap = 1...
SWAP on physical edge (12,17) at time 0
Gate 0: ZZ 0, 1 on qubits 8 and 2 at time 0
Gate 1: ZZ 0, 4 on qubits 8 and 11 at time 0
Gate 2: ZZ 0, 5 on qubits 8 and 12 at time 1
Gate 3: ZZ 1, 6 on qubits 2 and 3 at time 0
Gate 4: ZZ 1, 9 on qubits 2 and 12 at time 0
Gate 5: ZZ 3, 8 on qubits 4 and 13 at time 0
Gate 6: ZZ 3, 7 on qubits 4 and 0 at time 1
Gate 7: ZZ 3, 2 on qubits 4 and 5 at time 1
Gate 8: ZZ 8, 9 on qubits 13 and 12 at time 0
Gate 9: ZZ 8, 2 on qubits 13 and 5 at time 1
Gate 10: ZZ 4, 9 on qubits 11 and 12 at time 0
Gate 11: ZZ 4, 5 on qubits 11 and 12 at time 1
Gate 12: ZZ 2, 7 on qubits 5 and 0 at time 1
Gate 13: ZZ 7, 6 on qubits 0 and 3 at time 1
Gate 14: ZZ 6, 5 on qubits 3 and 12 at time 1
result- additional SWAP count = 1.
result- circuit depth = 9.
Compilation time = 0:00:35.439239.
layer 0---------------------------------
gate ( ZZ) on qubits (2 8)
gate ( ZZ) on qubits (4 13)
layer 1---------------------------------
gate ( ZZ) on qubits (2 3)
gate ( ZZ) on qubits (0 4)
gate ( ZZ) on qubits (8 11)
layer 2---------------------------------
gate ( ZZ) on qubits (2 12)
gate ( ZZ) on qubits (4 5)
layer 3---------------------------------
gate ( ZZ) on qubits (12 13)
layer 4---------------------------------
gate ( ZZ) on qubits (5 13)
gate ( ZZ) on qubits (11 12)
layer 5---------------------------------
gate ( swap) on qubits (12 17)
gate ( ZZ) on qubits (0 5)
layer 6---------------------------------
gate ( ZZ) on qubits (8 12)
gate ( ZZ) on qubits (0 3)
layer 7---------------------------------
gate ( ZZ) on qubits (11 12)
layer 8---------------------------------
gate ( ZZ) on qubits (3 12)
metric-----------------------------------
depth 9
#swap 1
Total compilation time = 0:18:12.270003.
