start searching...
Using transition based mode...
start adding constraints...
Trying maximal depth = 1...
Show UNSAT core
[time__17 + 1 <= 1,
 time__15 + 1 <= 1,
 time__16 + 1 <= 1,
 time__14 + 1 <= 1,
 time__12 + 1 <= 1,
 time__13 + 1 <= 1,
 time__11 + 1 <= 1,
 time__9 + 1 <= 1,
 time__10 + 1 <= 1,
 time__8 + 1 <= 1,
 time__6 + 1 <= 1,
 time__7 + 1 <= 1,
 time__5 + 1 <= 1,
 time__3 + 1 <= 1,
 time__4 + 1 <= 1,
 time__2 + 1 <= 1,
 time__0 + 1 <= 1,
 time__1 + 1 <= 1]
Trying maximal depth = 2...
Show UNSAT core
[time__2 + 1 <= 2,
 time__7 + 1 <= 2,
 time__8 + 1 <= 2,
 time__6 + 1 <= 2,
 time__10 + 1 <= 2,
 time__11 + 1 <= 2,
 time__9 + 1 <= 2,
 time__13 + 1 <= 2,
 time__14 + 1 <= 2,
 time__16 + 1 <= 2,
 time__17 + 1 <= 2,
 time__15 + 1 <= 2]
Trying maximal depth = 3...
Show UNSAT core
[time__17 + 1 <= 3,
 time__16 + 1 <= 3,
 time__15 + 1 <= 3,
 time__14 + 1 <= 3,
 time__13 + 1 <= 3,
 time__12 + 1 <= 3,
 time__10 + 1 <= 3,
 time__9 + 1 <= 3,
 time__8 + 1 <= 3,
 time__2 + 1 <= 3,
 time__1 + 1 <= 3]
Trying maximal depth = 4...
Bound of Trying min swap = 10...
[num_swap <= 10]
Bound of Trying min swap = 14...
Bound of Trying min swap = 12...
Bound of Trying min swap = 11...
SWAP on physical edge (1,2) at time 0
SWAP on physical edge (2,3) at time 2
SWAP on physical edge (5,6) at time 1
SWAP on physical edge (2,8) at time 1
SWAP on physical edge (6,9) at time 0
SWAP on physical edge (8,11) at time 2
SWAP on physical edge (11,12) at time 0
SWAP on physical edge (12,13) at time 1
SWAP on physical edge (13,14) at time 0
SWAP on physical edge (9,15) at time 1
SWAP on physical edge (13,17) at time 2
Gate 0: ZZ 0, 1 on qubits 9 and 15 at time 0
Gate 1: ZZ 0, 10 on qubits 9 and 6 at time 0
Gate 2: ZZ 0, 8 on qubits 5 and 4 at time 2
Gate 3: ZZ 1, 7 on qubits 15 and 14 at time 0
Gate 4: ZZ 1, 10 on qubits 9 and 15 at time 2
Gate 5: ZZ 2, 4 on qubits 2 and 3 at time 0
Gate 6: ZZ 2, 9 on qubits 2 and 1 at time 0
Gate 7: ZZ 2, 11 on qubits 2 and 8 at time 0
Gate 8: ZZ 4, 9 on qubits 3 and 2 at time 1
Gate 9: ZZ 4, 8 on qubits 3 and 4 at time 2
Gate 10: ZZ 10, 5 on qubits 15 and 14 at time 2
Gate 11: ZZ 6, 11 on qubits 11 and 8 at time 0
Gate 12: ZZ 6, 5 on qubits 13 and 14 at time 2
Gate 13: ZZ 6, 3 on qubits 17 and 13 at time 3
Gate 14: ZZ 11, 8 on qubits 3 and 4 at time 3
Gate 15: ZZ 9, 7 on qubits 11 and 12 at time 3
Gate 16: ZZ 3, 7 on qubits 13 and 12 at time 3
Gate 17: ZZ 3, 5 on qubits 13 and 14 at time 3
result- additional SWAP count = 11.
result- circuit depth = 11.
Compilation time = 0:02:40.639940.
layer 0---------------------------------
gate ( ZZ) on qubits (9 15)
gate ( ZZ) on qubits (2 3)
layer 1---------------------------------
gate ( ZZ) on qubits (1 2)
gate ( ZZ) on qubits (14 15)
gate ( ZZ swap) on qubits (6 9)
layer 2---------------------------------
gate ( ZZ) on qubits (2 8)
gate ( swap) on qubits (5 6)
gate ( swap) on qubits (13 14)
gate ( swap ZZ) on qubits (9 15)
layer 3---------------------------------
gate ( swap) on qubits (1 2)
gate ( ZZ) on qubits (8 11)
gate ( ZZ) on qubits (4 5)
gate ( ZZ) on qubits (14 15)
layer 4---------------------------------
gate ( ZZ) on qubits (2 3)
gate ( swap) on qubits (11 12)
layer 5---------------------------------
gate ( swap) on qubits (12 13)
gate ( swap) on qubits (2 8)
gate ( ZZ) on qubits (3 4)
layer 6---------------------------------
gate ( swap) on qubits (2 3)
gate ( swap) on qubits (8 11)
gate ( ZZ) on qubits (13 14)
layer 7---------------------------------
gate ( ZZ) on qubits (11 12)
gate ( swap ZZ) on qubits (13 17)
gate ( ZZ) on qubits (3 4)
layer 8---------------------------------
gate ( ZZ) on qubits (12 13)
layer 9---------------------------------
gate ( ZZ) on qubits (13 14)
metric-----------------------------------
depth 10
#swap 8
optimizing circuit with swap range (0,11) 
Trying maximal depth = 1...
Show UNSAT core
[time__11 + 1 <= 1,
 time__3 + 1 <= 1,
 time__4 + 1 <= 1,
 time__5 + 1 <= 1,
 time__6 + 1 <= 1,
 time__2 + 1 <= 1,
 time__7 + 1 <= 1,
 time__17 + 1 <= 1,
 time__15 + 1 <= 1,
 time__14 + 1 <= 1,
 time__16 + 1 <= 1,
 time__12 + 1 <= 1,
 time__13 + 1 <= 1,
 time__8 + 1 <= 1,
 time__9 + 1 <= 1,
 time__10 + 1 <= 1,
 time__0 + 1 <= 1,
 time__1 + 1 <= 1]
Trying maximal depth = 2...
Show UNSAT core
[time__1 + 1 <= 2,
 time__5 + 1 <= 2,
 time__16 + 1 <= 2,
 time__11 + 1 <= 2,
 time__8 + 1 <= 2,
 time__10 + 1 <= 2,
 time__7 + 1 <= 2,
 time__4 + 1 <= 2,
 time__14 + 1 <= 2,
 time__6 + 1 <= 2,
 time__13 + 1 <= 2,
 time__9 + 1 <= 2,
 time__3 + 1 <= 2,
 time__17 + 1 <= 2,
 time__12 + 1 <= 2,
 time__15 + 1 <= 2,
 time__2 + 1 <= 2,
 time__0 + 1 <= 2]
Trying maximal depth = 3...
Show UNSAT core
[]
Trying maximal depth = 4...
Bound of Trying min swap = 7...
[]
Bound of Trying min swap = 9...
Bound of Trying min swap = 8...
SWAP on physical edge (3,4) at time 2
SWAP on physical edge (5,6) at time 0
SWAP on physical edge (2,8) at time 1
SWAP on physical edge (13,14) at time 2
SWAP on physical edge (15,16) at time 2
SWAP on physical edge (13,17) at time 0
SWAP on physical edge (4,13) at time 1
SWAP on physical edge (6,7) at time 1
Gate 0: ZZ 0, 1 on qubits 6 and 5 at time 0
Gate 1: ZZ 0, 10 on qubits 6 and 7 at time 0
Gate 2: ZZ 0, 8 on qubits 5 and 4 at time 3
Gate 3: ZZ 1, 7 on qubits 5 and 4 at time 0
Gate 4: ZZ 1, 10 on qubits 6 and 7 at time 1
Gate 5: ZZ 2, 4 on qubits 13 and 17 at time 0
Gate 6: ZZ 2, 9 on qubits 13 and 12 at time 0
Gate 7: ZZ 2, 11 on qubits 13 and 14 at time 0
Gate 8: ZZ 4, 9 on qubits 13 and 12 at time 1
Gate 9: ZZ 4, 8 on qubits 3 and 4 at time 3
Gate 10: ZZ 10, 5 on qubits 6 and 9 at time 2
Gate 11: ZZ 6, 11 on qubits 15 and 14 at time 0
Gate 12: ZZ 6, 5 on qubits 15 and 9 at time 2
Gate 13: ZZ 6, 3 on qubits 16 and 15 at time 3
Gate 14: ZZ 11, 8 on qubits 13 and 4 at time 3
Gate 15: ZZ 9, 7 on qubits 12 and 13 at time 2
Gate 16: ZZ 3, 7 on qubits 15 and 14 at time 3
Gate 17: ZZ 3, 5 on qubits 15 and 9 at time 3
result- additional SWAP count = 8.
result- circuit depth = 11.
Compilation time = 0:06:16.027416.
final swap on qubits 2 and 8
layer 0---------------------------------
gate ( ZZ) on qubits (5 6)
gate ( ZZ) on qubits (13 17)
layer 1---------------------------------
gate ( ZZ) on qubits (12 13)
gate ( ZZ) on qubits (4 5)
gate ( ZZ) on qubits (6 7)
layer 2---------------------------------
gate ( swap) on qubits (5 6)
gate ( ZZ) on qubits (13 14)
layer 3---------------------------------
gate ( swap) on qubits (13 17)
gate ( ZZ swap) on qubits (6 7)
gate ( ZZ) on qubits (14 15)
layer 4---------------------------------
gate ( ZZ) on qubits (12 13)
gate ( ZZ) on qubits (6 9)
layer 5---------------------------------
gate ( swap) on qubits (4 13)
gate ( ZZ) on qubits (9 15)
layer 6---------------------------------
gate ( swap) on qubits (3 4)
gate ( ZZ) on qubits (12 13)
gate ( swap ZZ) on qubits (15 16)
layer 7---------------------------------
gate ( ZZ) on qubits (4 5)
gate ( swap) on qubits (13 14)
layer 8---------------------------------
gate ( ZZ) on qubits (3 4)
gate ( ZZ) on qubits (14 15)
layer 9---------------------------------
gate ( ZZ) on qubits (4 13)
gate ( ZZ) on qubits (9 15)
metric-----------------------------------
depth 10
#swap 5
optimizing circuit with swap range (0,8) 
Trying maximal depth = 1...
Show UNSAT core
[time__16 + 1 <= 1,
 time__17 + 1 <= 1,
 time__13 + 1 <= 1,
 time__12 + 1 <= 1,
 time__14 + 1 <= 1,
 time__6 + 1 <= 1,
 time__9 + 1 <= 1,
 time__7 + 1 <= 1,
 time__8 + 1 <= 1,
 time__10 + 1 <= 1,
 time__11 + 1 <= 1,
 time__2 + 1 <= 1,
 time__5 + 1 <= 1,
 time__3 + 1 <= 1,
 time__0 + 1 <= 1,
 time__4 + 1 <= 1,
 time__1 + 1 <= 1,
 time__15 + 1 <= 1]
Trying maximal depth = 2...
Show UNSAT core
[time__2 + 1 <= 2,
 time__5 + 1 <= 2,
 time__0 + 1 <= 2,
 time__1 + 1 <= 2,
 time__7 + 1 <= 2,
 time__8 + 1 <= 2,
 time__4 + 1 <= 2,
 time__14 + 1 <= 2,
 time__6 + 1 <= 2,
 time__3 + 1 <= 2,
 time__10 + 1 <= 2,
 time__17 + 1 <= 2,
 time__11 + 1 <= 2,
 time__13 + 1 <= 2,
 time__15 + 1 <= 2,
 time__12 + 1 <= 2,
 time__9 + 1 <= 2,
 time__16 + 1 <= 2]
Trying maximal depth = 3...
Show UNSAT core
[]
Trying maximal depth = 4...
Bound of Trying min swap = 5...
[]
Bound of Trying min swap = 7...
[]
SWAP on physical edge (1,2) at time 2
SWAP on physical edge (2,3) at time 1
SWAP on physical edge (4,5) at time 2
SWAP on physical edge (5,6) at time 1
SWAP on physical edge (2,8) at time 0
SWAP on physical edge (10,11) at time 0
SWAP on physical edge (4,14) at time 1
SWAP on physical edge (6,14) at time 0
Gate 0: ZZ 0, 1 on qubits 12 and 11 at time 0
Gate 1: ZZ 0, 10 on qubits 12 and 11 at time 1
Gate 2: ZZ 0, 8 on qubits 12 and 13 at time 1
Gate 3: ZZ 1, 7 on qubits 11 and 8 at time 0
Gate 4: ZZ 1, 10 on qubits 10 and 11 at time 2
Gate 5: ZZ 2, 4 on qubits 5 and 6 at time 0
Gate 6: ZZ 2, 9 on qubits 5 and 6 at time 1
Gate 7: ZZ 2, 11 on qubits 5 and 4 at time 1
Gate 8: ZZ 4, 9 on qubits 14 and 6 at time 1
Gate 9: ZZ 4, 8 on qubits 14 and 13 at time 1
Gate 10: ZZ 10, 5 on qubits 11 and 8 at time 2
Gate 11: ZZ 6, 11 on qubits 3 and 4 at time 1
Gate 12: ZZ 6, 5 on qubits 2 and 8 at time 2
Gate 13: ZZ 6, 3 on qubits 1 and 2 at time 3
Gate 14: ZZ 11, 8 on qubits 14 and 13 at time 2
Gate 15: ZZ 9, 7 on qubits 4 and 3 at time 3
Gate 16: ZZ 3, 7 on qubits 2 and 3 at time 3
Gate 17: ZZ 3, 5 on qubits 2 and 8 at time 3
result- additional SWAP count = 8.
result- circuit depth = 11.
Compilation time = 0:07:43.548768.
layer 0---------------------------------
gate ( ZZ) on qubits (11 12)
gate ( ZZ) on qubits (5 6)
layer 1---------------------------------
gate ( swap) on qubits (6 14)
gate ( ZZ) on qubits (8 11)
layer 2---------------------------------
gate ( swap) on qubits (10 11)
gate ( ZZ) on qubits (5 6)
gate ( swap) on qubits (2 8)
layer 3---------------------------------
gate ( ZZ) on qubits (11 12)
gate ( ZZ) on qubits (4 5)
gate ( ZZ) on qubits (6 14)
layer 4---------------------------------
gate ( ZZ) on qubits (12 13)
gate ( ZZ) on qubits (10 11)
gate ( ZZ) on qubits (3 4)
gate ( swap) on qubits (5 6)
layer 5---------------------------------
gate ( swap) on qubits (2 3)
gate ( ZZ) on qubits (8 11)
gate ( ZZ) on qubits (13 14)
layer 6---------------------------------
gate ( swap) on qubits (4 14)
gate ( ZZ) on qubits (2 8)
layer 7---------------------------------
gate ( swap) on qubits (4 5)
gate ( swap ZZ) on qubits (1 2)
gate ( ZZ) on qubits (13 14)
layer 8---------------------------------
gate ( ZZ) on qubits (3 4)
layer 9---------------------------------
gate ( ZZ) on qubits (2 3)
layer 10---------------------------------
gate ( ZZ) on qubits (2 8)
metric-----------------------------------
depth 11
#swap 7
optimizing circuit with swap range (0,8) 
Trying maximal depth = 1...
Show UNSAT core
[time__2 + 1 <= 1,
 time__8 + 1 <= 1,
 time__7 + 1 <= 1,
 time__9 + 1 <= 1,
 time__1 + 1 <= 1,
 time__14 + 1 <= 1,
 time__6 + 1 <= 1,
 time__15 + 1 <= 1,
 time__5 + 1 <= 1,
 time__13 + 1 <= 1,
 time__3 + 1 <= 1,
 time__10 + 1 <= 1,
 time__17 + 1 <= 1,
 time__12 + 1 <= 1,
 time__4 + 1 <= 1,
 time__16 + 1 <= 1,
 time__11 + 1 <= 1,
 time__0 + 1 <= 1]
Trying maximal depth = 2...
Show UNSAT core
[]
Trying maximal depth = 3...
Show UNSAT core
[]
Trying maximal depth = 4...
Bound of Trying min swap = 5...
[]
Bound of Trying min swap = 7...
[]
