bound_depth:  1
Using transition based mode...
start adding constraints...
Trying maximal depth = 1...
Show UNSAT core
[time__5 + 1 <= 1, time__2 + 1 <= 1, time__1 + 1 <= 1]
Trying maximal depth = 2...
Show UNSAT core
[time__14 + 1 <= 2, time__13 + 1 <= 2, time__12 + 1 <= 2]
Trying maximal depth = 3...
Show UNSAT core
[time__13 + 1 <= 3, time__14 + 1 <= 3, time__12 + 1 <= 3]
Trying maximal depth = 4...
Show UNSAT core
[time__13 + 1 <= 4,
 time__14 + 1 <= 4,
 time__12 + 1 <= 4,
 time__7 + 1 <= 4]
Trying maximal depth = 5...
Show UNSAT core
[time__14 + 1 <= 5, time__12 + 1 <= 5, time__13 + 1 <= 5]
Trying maximal depth = 6...
Bound of Trying min swap = 10...
Bound of Trying min swap = 7...
[num_swap <= 7]
Bound of Trying min swap = 9...
[num_swap <= 9]
Compilation time = 0:15:00.050055.
SWAP on physical edge (0,4) at time 4
SWAP on physical edge (1,2) at time 3
SWAP on physical edge (2,3) at time 0
SWAP on physical edge (3,4) at time 1
SWAP on physical edge (3,4) at time 3
SWAP on physical edge (4,5) at time 2
SWAP on physical edge (2,8) at time 2
SWAP on physical edge (10,11) at time 3
SWAP on physical edge (8,11) at time 1
SWAP on physical edge (11,12) at time 0
Gate 0: ZZ 0, 1 on qubits 11 and 8 at time 0
Gate 1: ZZ 0, 3 on qubits 11 and 10 at time 0
Gate 2: ZZ 0, 8 on qubits 11 and 12 at time 0
Gate 3: ZZ 1, 2 on qubits 8 and 2 at time 0
Gate 4: ZZ 1, 5 on qubits 8 and 2 at time 1
Gate 5: ZZ 3, 8 on qubits 10 and 11 at time 1
Gate 6: ZZ 3, 5 on qubits 11 and 8 at time 4
Gate 7: ZZ 8, 9 on qubits 2 and 3 at time 3
Gate 8: ZZ 2, 7 on qubits 2 and 1 at time 0
Gate 9: ZZ 2, 6 on qubits 4 and 0 at time 2
Gate 10: ZZ 7, 5 on qubits 2 and 8 at time 4
Gate 11: ZZ 7, 4 on qubits 2 and 3 at time 4
Gate 12: ZZ 4, 9 on qubits 3 and 4 at time 4
Gate 13: ZZ 4, 6 on qubits 3 and 4 at time 5
Gate 14: ZZ 9, 6 on qubits 0 and 4 at time 5
result- additional SWAP count = 10.
result- circuit depth = 15.
Total compilation time = 0:15:00.081337.
{'M': 10, 'D': 15, 'g1': 0, 'g2': 0, 'device_type': 'none', 'device_id': 0, 'time': '0:15:00.050055', 'benchmark': 'qaoa', 'gates': [[(11, 8)], [(11, 10), (8, 2)], [(11, 12), (2, 1)], [(2, 3), (11, 12)], [(8, 2), (10, 11), (3, 4)], [(4, 0), (8, 11)], [(4, 5), (2, 8), (10, 11)], [(11, 8), (2, 3)], [(1, 2), (3, 4)], [(2, 8)], [(2, 3)], [(3, 4)], [(0, 4)], [(3, 4)], [(0, 4)]], 'gate_spec': [['ZZ'], ['ZZ', 'ZZ'], ['ZZ', 'ZZ'], ['SWAP', 'SWAP'], ['ZZ', 'ZZ', 'SWAP'], ['ZZ', 'SWAP'], ['SWAP', 'SWAP', 'SWAP'], ['ZZ', 'ZZ'], ['SWAP', 'SWAP'], ['ZZ'], ['ZZ'], ['ZZ'], ['SWAP'], ['ZZ'], ['ZZ']], 'initial_mapping': [11, 8, 2, 10, 5, 3, 0, 1, 12, 4], 'final_mapping': [12, 10, 5, 11, 3, 8, 4, 2, 1, 0], 'olsq_mode': 'transition', '#e': 0, 'coupling': [], 'mode': 'transition'}
[[(11, 8)], [(11, 10), (8, 2)], [(11, 12), (2, 1)], [(2, 3), (11, 12)], [(8, 2), (10, 11), (3, 4)], [(4, 0), (8, 11)], [(4, 5), (2, 8), (10, 11)], [(11, 8), (2, 3)], [(1, 2), (3, 4)], [(2, 8)], [(2, 3)], [(3, 4)], [(0, 4)], [(3, 4)], [(0, 4)]]
[['ZZ'], ['ZZ', 'ZZ'], ['ZZ', 'ZZ'], ['SWAP', 'SWAP'], ['ZZ', 'ZZ', 'SWAP'], ['ZZ', 'SWAP'], ['SWAP', 'SWAP', 'SWAP'], ['ZZ', 'ZZ'], ['SWAP', 'SWAP'], ['ZZ'], ['ZZ'], ['ZZ'], ['SWAP'], ['ZZ'], ['ZZ']]
layer 0---------------------------------
gate ( ZZ) on qubits (8 11)
layer 1---------------------------------
gate ( ZZ) on qubits (10 11)
gate ( ZZ) on qubits (2 8)
layer 2---------------------------------
gate ( ZZ) on qubits (1 2)
gate ( ZZ swap) on qubits (11 12)
layer 3---------------------------------
gate ( swap) on qubits (2 3)
gate ( ZZ) on qubits (10 11)
layer 4---------------------------------
gate ( swap) on qubits (3 4)
gate ( ZZ) on qubits (2 8)
layer 5---------------------------------
gate ( ZZ) on qubits (0 4)
gate ( swap) on qubits (8 11)
layer 6---------------------------------
gate ( swap) on qubits (2 8)
gate ( swap) on qubits (10 11)
gate ( swap) on qubits (4 5)
layer 7---------------------------------
gate ( ZZ) on qubits (2 3)
gate ( ZZ) on qubits (8 11)
layer 8---------------------------------
gate ( swap) on qubits (1 2)
gate ( swap) on qubits (3 4)
layer 9---------------------------------
gate ( ZZ) on qubits (2 8)
layer 10---------------------------------
gate ( ZZ) on qubits (2 3)
layer 11---------------------------------
gate ( ZZ) on qubits (3 4)
layer 12---------------------------------
gate ( swap) on qubits (0 4)
layer 13---------------------------------
gate ( ZZ) on qubits (3 4)
layer 14---------------------------------
gate ( ZZ) on qubits (0 4)
metric-----------------------------------
depth 15
#swap 9
bound_depth:  10
Using normal mode...
start adding constraints...
Trying maximal depth = 10...
Bound of Trying min swap = 7...
