bound_depth:  1
Using transition based mode...
start adding constraints...
Trying maximal depth = 1...
Show UNSAT core
[time__14 + 1 <= 1,
 time__12 + 1 <= 1,
 time__13 + 1 <= 1,
 time__11 + 1 <= 1,
 time__9 + 1 <= 1,
 time__10 + 1 <= 1,
 time__8 + 1 <= 1,
 time__6 + 1 <= 1,
 time__7 + 1 <= 1,
 time__5 + 1 <= 1,
 time__3 + 1 <= 1,
 time__4 + 1 <= 1,
 time__2 + 1 <= 1,
 time__0 + 1 <= 1,
 time__1 + 1 <= 1]
Trying maximal depth = 2...
Bound of Trying min swap = 8...
Bound of Trying min swap = 4...
Bound of Trying min swap = 2...
Bound of Trying min swap = 1...
[num_swap <= 1]
Compilation time = 0:01:02.433062.
SWAP on physical edge (5,9) at time 0
SWAP on physical edge (14,15) at time 0
Gate 0: ZZ 5, 8 on qubits 0 and 4 at time 0
Gate 1: ZZ 5, 4 on qubits 0 and 5 at time 0
Gate 2: ZZ 5, 2 on qubits 0 and 3 at time 1
Gate 3: ZZ 8, 7 on qubits 4 and 5 at time 1
Gate 4: ZZ 8, 2 on qubits 4 and 3 at time 1
Gate 5: ZZ 4, 9 on qubits 5 and 13 at time 0
Gate 6: ZZ 4, 6 on qubits 5 and 14 at time 0
Gate 7: ZZ 9, 0 on qubits 13 and 12 at time 0
Gate 8: ZZ 9, 7 on qubits 13 and 5 at time 1
Gate 9: ZZ 0, 3 on qubits 12 and 17 at time 0
Gate 10: ZZ 0, 2 on qubits 12 and 3 at time 1
Gate 11: ZZ 3, 6 on qubits 17 and 14 at time 0
Gate 12: ZZ 3, 1 on qubits 17 and 14 at time 1
Gate 13: ZZ 6, 1 on qubits 15 and 14 at time 1
Gate 14: ZZ 7, 1 on qubits 5 and 14 at time 1
result- additional SWAP count = 2.
result- circuit depth = 10.
Total compilation time = 0:01:02.459579.
[[(0, 4)], [(0, 5)], [(0, 3), (5, 13)], [(5, 14), (13, 12)], [(12, 17), (5, 9)], [(4, 5), (17, 14)], [(4, 3), (13, 5), (14, 15)], [(12, 3), (17, 14)], [(15, 14)], [(5, 14)]]
[['ZZ'], ['ZZ'], ['ZZ', 'ZZ'], ['ZZ', 'ZZ'], ['ZZ', 'SWAP'], ['ZZ', 'ZZ'], ['ZZ', 'ZZ', 'SWAP'], ['ZZ', 'ZZ'], ['ZZ'], ['ZZ']]
layer 0---------------------------------
gate ( ZZ) on qubits (0 4)
layer 1---------------------------------
gate ( ZZ) on qubits (0 5)
layer 2---------------------------------
gate ( ZZ) on qubits (5 13)
gate ( ZZ) on qubits (0 3)
layer 3---------------------------------
gate ( ZZ) on qubits (12 13)
gate ( ZZ) on qubits (5 14)
layer 4---------------------------------
gate ( swap) on qubits (5 9)
gate ( ZZ) on qubits (12 17)
layer 5---------------------------------
gate ( ZZ) on qubits (4 5)
gate ( ZZ) on qubits (14 17)
layer 6---------------------------------
gate ( ZZ) on qubits (3 4)
gate ( swap) on qubits (14 15)
gate ( ZZ) on qubits (5 13)
layer 7---------------------------------
gate ( ZZ) on qubits (14 17)
gate ( ZZ) on qubits (3 12)
layer 8---------------------------------
gate ( ZZ) on qubits (14 15)
layer 9---------------------------------
gate ( ZZ) on qubits (5 14)
metric-----------------------------------
depth 10
#swap 2
bound_depth:  9
Using Bound of Trying min swap = 3...
Bound of Trying min swap = 1...
Bound of Trying min swap = 0...
[num_swap <= 0]
Compilation time = 0:18:24.755869.
SWAP on physical edge (5,6) at time 5
Gate 0: ZZ 0, 1 on qubits 13 aCompilation time = 0:22:15.403959.
SWAP on physical edge (0,5) at time 3
SWAP on physical edge (4,5) at time 4
Gate 0: ZZ 5, 8 on qubits 13 and 17 at time 0
Gate 1: ZZ 5, 4 on qubits 13 and 5 at time 1
Gate 2: ZZ 5, 2 on qubits 13 and 12 at time 2
Gate 3: ZZ 8, 7 on qubits 17 and 14 at time 1
Gate 4: ZZ 8, 2 on qubits 17 and 12 at time 4
Gate 5: ZZ 4, 9 on qubits 5 and 0 at time 2
Gate 6: ZZ 4, 6 on qubits 5 and 9 at time 3
Gate 7: ZZ 9, 0 on qubits 0 and 3 at time 3
Gate 8: ZZ 9, 7 on qubits 5 and 14 at time 4
Gate 9: ZZ 0, 3 on qubits 3 and 4 at time 4
Gate 10: ZZ 0, 2 on qubits 3 and 12 at time 5
Gate 11: ZZ 3, 6 on qubits 5 and 9 at time 5
Gate 12: ZZ 3, 1 on qubits 5 and 15 at time 6
Gate 13: ZZ 6, 1 on qubits 9 and 15 at time 7
Gate 14: ZZ 7, 1 on qubits 14 and 15 at time 8
result- additional SWAP count = 2.
result- circuit depth = 9.
Total compilation time = 0:22:15.447324.
[[(13, 17)], [(13, 5), (17, 14)], [(13, 12), (5, 0)], [(5, 9), (0, 3), (0, 5)], [(17, 12), (5, 14), (3, 4), (4, 5)], [(3, 12), (5, 9)], [(5, 15)], [(9, 15)], [(14, 15)]]
[['ZZ'], ['ZZ', 'ZZ'], ['ZZ', 'ZZ'], ['ZZ', 'ZZ', 'SWAP'], ['ZZ', 'ZZ', 'ZZ', 'SWAP'], ['ZZ', 'ZZ'], ['ZZ'], ['ZZ'], ['ZZ']]
layer 0---------------------------------
gate ( ZZ) on qubits (13 17)
layer 1---------------------------------
gate ( ZZ) on qubits (5 13)
gate ( ZZ) on qubits (14 17)
layer 2---------------------------------
gate ( ZZ) on qubits (0 5)
gate ( ZZ) on qubits (12 13)
layer 3---------------------------------
gate ( ZZ) on qubits (0 3)
gate ( ZZ) on qubits (5 9)
gate ( ZZ) on qubits (12 17)
layer 4---------------------------------
gate ( swap) on qubits (0 5)
gate ( ZZ) on qubits (3 4)
layer 5---------------------------------
gate ( ZZ) on qubits (5 14)
gate ( ZZ) on qubits (3 12)
layer 6---------------------------------
gate ( swap) on qubits (4 5)
layer 7---------------------------------
gate ( ZZ) on qubits (5 9)
layer 8---------------------------------
gate ( ZZ) on qubits (5 15)
layer 9---------------------------------
gate ( ZZ) on qubits (9 15)
layer 10---------------------------------
gate ( ZZ) on qubits (14 15)
metric-----------------------------------
depth 11
#swap 2
bound_depth:  1
Using transition based mode...
start adding constraints...
Trying maximal depth = 1...
Show UNSAT core
[time__14 + 1 <= 1,
 time__13 + 1 <= 1,
 time__12 + 1 <= 1,
 time__11 + 1 <= 1,
 time__10 + 1 <= 1,
 time__9 + 1 <= 1,
 time__8 + 1 <= 1,
 time__7 + 1 <= 1,
 time__6 + 1 <= 1,
 time__5 + 1 <= 1,
 time__3 + 1 <= 1,
 time__1 + 1 <= 1,
 time__2 + 1 <= 1,
 time__0 + 1 <= 1]
Trying maximal depth = 2...
Bound of Trying min swap = 8...
Bound of Trying min swap = 4...
Bound of Trying min swap = 2...
[num_swap <= 2]
Bound of Trying min swap = 3...
[num_swap <= 3]
Compilation time = 0:00:34.661216.
SWAP on physical edge (9,16) at time 0
SWAP on physical edge (0,4) at time 0
SWAP on physical edge (5,6) at time 0
SWAP on physical edge (13,14) at time 0
Gate 0: ZZ 5, 8 on qubits 9 and 16 at time 0
Gate 1: ZZ 5, 4 on qubits 9 and 5 at time 0
Gate 2: ZZ 5, 2 on qubits 16 and 15 at time 1
Gate 3: ZZ 8, 7 on qubits 9 and 5 at time 1
Gate 4: ZZ 8, 2 on qubits 9 and 15 at time 1
Gate 5: ZZ 4, 9 on qubits 5 and 14 at time 0
Gate 6: ZZ 4, 6 on qubits 5 and 4 at time 0
Gate 7: ZZ 9, 0 on qubits 14 and 13 at time 0
Gate 8: ZZ 9, 7 on qubits 13 and 5 at time 1
Gate 9: ZZ 0, 3 on qubits 13 and 3 at time 0
Gate 10: ZZ 0, 2 on qubits 14 and 15 at time 1
Gate 11: ZZ 3, 6 on qubits 3 and 4 at time 0
Gate 12: ZZ 3, 1 on qubits 3 and 4 at time 1
Gate 13: ZZ 6, 1 on qubits 0 and 4 at time 1
Gate 14: ZZ 7, 1 on qubits 5 and 4 at time 1
result- additional SWAP count = 4.
result- circuit depth = 10.
Total compilation time = 0:00:34.680416.
[[(9, 16)], [(9, 5)], [(5, 14), (9, 16)], [(16, 15), (5, 4), (14, 13)], [(13, 3), (5, 6)], [(9, 5), (3, 4), (13, 14)], [(9, 15), (13, 5), (0, 4)], [(14, 15), (3, 4)], [(0, 4)], [(5, 4)]]
[['ZZ'], ['ZZ'], ['ZZ', 'SWAP'], ['ZZ', 'ZZ', 'ZZ'], ['ZZ', 'SWAP'], ['ZZ', 'ZZ', 'SWAP'], ['ZZ', 'ZZ', 'SWAP'], ['ZZ', 'ZZ'], ['ZZ'], ['ZZ']]
layer 0---------------------------------
gate ( ZZ) on qubits (9 16)
layer 1---------------------------------
gate ( ZZ) on qubits (5 9)
layer 2---------------------------------
gate ( swap) on qubits (9 16)
gate ( ZZ) on qubits (5 14)
layer 3---------------------------------
gate ( ZZ) on qubits (13 14)
gate ( ZZ) on qubits (4 5)
gate ( ZZ) on qubits (15 16)
layer 4---------------------------------
gate ( swap) on qubits (5 6)
gate ( ZZ) on qubits (3 13)
layer 5---------------------------------
gate ( ZZ) on qubits (5 9)
gate ( swap) on qubits (13 14)
gate ( ZZ) on qubits (3 4)
layer 6---------------------------------
gate ( ZZ) on qubits (9 15)
gate ( swap) on qubits (0 4)
gate ( ZZ) on qubits (5 13)
layer 7---------------------------------
gate ( ZZ) on qubits (3 4)
gate ( ZZ) on qubits (14 15)
layer 8---------------------------------
gate ( ZZ) on qubits (0 4)
layer 9--Bound of Trying min swap = 1...
[num_swap <= 1]
Bound of Trying min swap = 2...
Compilation time = 0:14:45.823548.
SWAP on physical edge (0,4) at time 6
SWAP on physical edge (14,15) at time 2
Gate 0: ZZ 0, 1 on qubits 14 and 6 at time 0
Gate 1: ZZ 0, 3 on qubits 14 and 17 at time 1
Gate 2: ZZ 0, 8 on qubits 14 and 13 at time 2
Gate 3: ZZ 1, 2 on qubits 6 and 5 at time 1
Gate 4: ZZ 1, 5 on qubits 6 and 14 at time 3
Gate 5: ZZ 3, 8 on qubits 17 and 13 at time 3
Gate 6: ZZ 3, 5 on qubits 17 and 14 at time 4
Gate 7: ZZ 8, 9 on qubits 13 and 12 at time 4
Gate 8: ZZ 2, 7 on qubits 5 and 4 at time 2
Gate 9: ZZ 2, 6 on qubits 5 and 4 at time 7
Gate 10: ZZ 7, 5 on qubits 4 and 14 at time 5
Gate 11: ZZ 7, 4 on qubits 4 and 3 at time 6
Gate 12: ZZ 4, 9 on qubits 3 and 12 at time 7
Gate 13: ZZ 4, 6 on qubits 3 and 4 at time 8
Gate 14: ZZ 9, 6 on qubits 12 and 4 at time 9
result- additional SWAP count = 2.
result- circuit depth = 10.
Total compilation time = 0:14:45.860687.
[[(14, 6)], [(14, 17), (6, 5)], [(14, 13), (5, 4), (14, 15)], [(6, 14), (17, 13)], [(17, 14), (13, 12)], [(4, 14)], [(4, 3), (0, 4)], [(5, 4), (3, 12)], [(3, 4)], [(12, 4)]]
[['ZZ'], ['ZZ', 'ZZ'], ['ZZ', 'ZZ', 'SWAP'], ['ZZ', 'ZZ'], ['ZZ', 'ZZ'], ['ZZ'], ['ZZ', 'SWAP'], ['ZZ', 'ZZ'], ['ZZ'], ['ZZ']]
layer 0---------------------------------
gate ( ZZ) on qubits (6 14)
layer 1---------------------------------
gate ( ZZ) on qubits (14 17)
gate ( ZZ) on qubits (5 6)
layer 2---------------------------------
gate ( ZZ) on qubits (13 14)
gate ( ZZ) on qubits (4 5)
layer 3---------------------------------
gate ( swap) on qubits (14 15)
gate ( ZZ) on qubits (13 17)
layer 4---------------------------------
gate ( ZZ) on qubits (6 14)
gate ( ZZ) on qubits (12 13)
layer 5---------------------------------
gate ( ZZ) on qubits (14 17)
layer 6---------------------------------
gate ( ZZ) on qubits (4 14)
layer 7---------------------------------
gate ( ZZ) on qubits (3 4)
layer 8---------------------------------
gate ( swap) on qubits (0 4)
gate ( ZZ) on qubits (3 12)
layer 9---------------------------------
gate ( ZZ) on qubits (4 5)
layer 10---------------------------------
gate ( ZZ) on qubits (3 4)
layer 11---------------------------------
gate ( ZZ) on qubits (4 12)
metric-----------------------------------
depth 12
#swap 2
bound_depth:  1
Using transition based mode...
start adding constraints...
Trying maximal depth = 1...
Show UNSAT core
[time__14 + 1 <= 1,
 time__10 + 1 <= 1,
 time__12 + 1 <= 1,
 time__7 + 1 <= 1,
 time__6 + 1 <= 1,
 time__4 + 1 <= 1,
 time__3 + 1 <= 1,
 time__5 + 1 <= 1,
 time__1 + 1 <= 1,
 time__2 + 1 <= 1,
 time__0 + 1 <= 1]
Trying maximal depth = 2...
Bound of Trying min swap = 8...
Bound of Trying min swap = 4...
Bound of Trying min swap = 2...
[num_swap <= 2]
Bound of Trying min swap = 3...
Compilation time = 0:00:13.865133.
SWAP on physical edge (4,5) at time 0
SWAP on physical edge (11,12) at time 0
SWAP on physical edge (13,14) at time 0
Gate 0: ZZ 0, 1 on qubits 4 and 13 at time 0
Gate 1: ZZ 0, 3 on qubits 4 and 5 at time 0
Gate 2: ZZ 0, 8 on qubits 4 and 3 at time 0
Gate 3: ZZ 1, 2 on qubits 13 and 12 at time 0
Gate 4: ZZ 1, 5 on qubits 14 and 13 at time 1
Gate 5: ZZ 3, 8 on qubits 4 and 3 at time 1
Gate 6: ZZ 3, 5 on qubits 4 and 13 at time 1
Gate 7: ZZ 8, 9 on qubits 3 and 2 at time 1
Gate 8: ZZ 2, 7 on qubits 12 and 17 at time 0
Gate 9: ZZ 2, 6 on qubits 12 and 8 at time 0
Gate 10: ZZ 7, 5 on qubits 17 and 13 at time 1
Gate 11: ZZ 7, 4 on qubits 17 and 12 at time 1
Gate 12: ZZ 4, 9 on qubits 12 and 2 at time 1
Gate 13: ZZ 4, 6 on qubits 12 and 8 at time 1
Gate 14: ZZ 9, 6 on qubits 2 and 8 at time 1
result- additional SWAP count = 3.
result- circuit depth = 11.
Total compilation time = 0:00:13.884233.
[[(4, 13)], [(4, 5), (13, 12)], [(4, 3), (12, 17), (13, 14)], [(14, 13), (12, 8), (4, 5)], [(4, 3), (11, 12)], [(4, 13), (3, 2)], [(17, 13)], [(17, 12)], [(12, 2)], [(12, 8)], [(2, 8)]]
[['ZZ'], ['ZZ', 'ZZ'], ['ZZ', 'ZZ', 'SWAP'], ['ZZ', 'ZZ', 'SWAP'], ['ZZ', 'SWAP'], ['ZZ', 'ZZ'], ['ZZ'], ['ZZ'], ['ZZ'], ['ZZ'], ['ZZ']]
layer 0---------------------------------
gate ( ZZ) on qubits (4 13)
layer 1---------------------------------
gate ( ZZ) on qubits (4 5)
gate ( ZZ) on qubits (12 13)
layer 2---------------------------------
gate ( ZZ) on qubits (12 17)
gate ( ZZ) on qubits (3 4)
gate ( swap ZZ) on qubits (13 14)
layer 3---------------------------------
gate ( swap) on qubits (4 5)
gate ( ZZ) on qubits (8 12)
layer 4---------------------------------
gate ( ZZ) on qubits (3 4)
gate ( swap) on qubits (11 12)
layer 5---------------------------------
gate ( ZZ) on qubits (4 13)
gate ( ZZ) on qubits (2 3)
layer 6---------------------------------
gate ( ZZ) on qubits (13 17)
layer 7---------------------------------
gate ( ZZ) on qubits (12 17)
layer 8---------------------------------
gate ( ZZ) on qubits (2 12)
layer 9---------------------------------
gate ( ZZ) on qubits (8 12)
layer 10---------------------------------
gate ( ZZ) on qubits (2 8)
metric-----------------------------------
depth 11
#swap 2
bound_depth:  10
Using normal mode...
start adding constraints...
Trying maximal depth = 10...
Bound of Trying min swap = 7...
Bound of Trying min swap = 3...
Bound of Trying min swap = 1...
[num_swap <= 1]
Bound of Trying min swap = 2...
[num_swap <= 2]
Compilation time = 0:53:09.402159.
SWAP on physical edge (4,5) at time 2
SWAP on physical edge (11,12) at time 2
SWAP on physical edge (13,14) at time 2
Gate 0: ZZ 0, 1 on qubits 4 and 13 at time 0
Gate 1: ZZ 0, 3 on qubits 4 and 5 at time 1
Gate 2: ZZ 0, 8 on qubits 4 and 3 at time 2
Gate 3: ZZ 1, 2 on qubits 13 and 12 at time 1
Gate 4: ZZ 1, 5 on qubits 13 and 14 at time 2
Gate 5: ZZ 3, 8 on qubits 4 and 3 at time 3
Gate 6: ZZ 3, 5 on qubits 4 and 13 at time 4
Gate 7: ZZ 8, 9 on qubits 3 and 2 at time 6
Gate 8: ZZ 2, 7 on qubits 12 and 17 at time 2
Gate 9: ZZ 2, 6 on qubits 11 and 8 at time 5
Gate 10: ZZ 7, 5 on qubits 17 and 13 at time 5
Gate 11: ZZ 7, 4 on qubits 17 and 12 at time 6
Gate 12: ZZ 4, 9 on qubits 12 and 2 at time 7
Gate 13: ZZ 4, 6 on qubits 12 and 8 at time 8
Gate 14: ZZ 9, 6 on qubits 2 and 8 at time 9
result- additional SWAP count = 3.
result- circuit depth = 10.
Total compilation time = 0:53:09.437987.
[[(4, 13)], [(4, 5), (13, 12)], [(4, 3), (13, 14), (12, 17), (4, 5), (11, 12), (13, 14)], [(4, 3)], [(4, 13)], [(11, 8), (17, 13)], [(3, 2), (17, 12)], [(12, 2)], [(12, 8)], [(2, 8)]]
[['ZZ'], ['ZZ', 'ZZ'], ['ZZ', 'ZZ', 'ZZ', 'SWAP', 'SWAP', 'SWAP'], ['ZZ'], ['ZZ'], ['ZZ', 'ZZ'], ['ZZ', 'ZZ'], ['ZZ'], ['ZZ'], ['ZZ']]
layer 0---------------------------------
gate ( ZZ) on qubits (4 13)
layer 1---------------------------------
gate ( ZZ) on qubits (4 5)
gate ( ZZ) on qubits (12 13)
layer 2---------------------------------
gate ( ZZ) on qubits (3 4)
gate ( ZZ) on qubits (12 17)
gate ( ZZ swap) on qubits (13 14)
layer 3---------------------------------
gate ( swap) on qubits (4 5)
gate ( swap) on qubits (11 12)
layer 4---------------------------------
gate ( ZZ) on qubits (3 4)
gate ( ZZ) on qubits (8 11)
layer 5---------------------------------
gate ( ZZ) on qubits (4 13)
gate ( ZZ) on qubits (2 3)
layer 6---------------------------------
gate ( ZZ) on qubits (13 17)
layer 7---------------------------------
gate ( ZZ) on qubits (12 17)
layer 8---------------------------------
gate ( ZZ) on qubits (2 12)
layer 9---------------------------------
gate ( ZZ) on qubits (8 12)
layer 10---------------------------------
gate ( ZZ) on qubits (2 8)
metric-----------------------------------
depth 11
#swap 2
bound_depth:  1
Using transition based mode...
start adding constraints...
Trying maximal depth = 1...
Show UNSAT core
[time__13 + 1 <= 1,
 time__6 + 1 <= 1,
 time__0 + 1 <= 1,
 time__5 + 1 <= 1,
 time__14 + 1 <= 1,
 time__9 + 1 <= 1,
 time__8 + 1 <= 1,
 time__10 + 1 <= 1,
 time__7 + 1 <= 1,
 time__4 + 1 <= 1,
 time__2 + 1 <= 1,
 time__1 + 1 <= 1,
 time__12 + 1 <= 1,
 time__11 + 1 <= 1,
 time__3 + 1 <= 1]
Trying maximal depth = 2...
Bound of Trying min swap = 8...
Bound of Trying min swap = 4...
Bound of Trying min swap = 2...
Bound of Trying min swap = 1...
Compilation time = 0:00:32.870534.
SWAP on physical edge (14,15) at time 0
Gate 0: ZZ 0, 1 on qubits 4 and 14 at time 0
Gate 1: ZZ 0, 3 on qubits 4 and 5 at time 0
Gate 2: ZZ 0, 8 on qubits 4 and 0 at time 0
Gate 3: ZZ 1, 2 on qubits 14 and 17 at time 0
Gate 4: ZZ 1, 5 on qubits 14 and 6 at time 0
Gate 5: ZZ 3, 8 on qubits 5 and 0 at time 0
Gate 6: ZZ 3, 5 on qubits 5 and 6 at time 0
Gate 7: ZZ 8, 9 on qubits 0 and 3 at time 0
Gate 8: ZZ 2, 7 on qubits 17 and 14 at time 1
Gate 9: ZZ 2, 6 on qubits 17 and 12 at time 1
Gate 10: ZZ 7, 5 on qubits 14 and 6 at time 1
Gate 11: ZZ 7, 4 on qubits 14 and 13 at time 1
Gate 12: ZZ 4, 9 on qubits 13 and 3 at time 1
Gate 13: ZZ 4, 6 on qubits 13 and 12 at time 1
Gate 14: ZZ 9, 6 on qubits 3 and 12 at time 1
result- additional SWAP count = 1.
result- circuit depth = 10.
Total compilation time = 0:00:32.890554.
[[(4, 14)], [(4, 5), (14, 17)], [(4, 0), (14, 6)], [(5, 0), (14, 15)], [(5, 6), (0, 3), (17, 14)], [(17, 12), (14, 6)], [(14, 13)], [(13, 3)], [(13, 12)], [(3, 12)]]
[['ZZ'], ['ZZ', 'ZZ'], ['ZZ', 'ZZ'], ['ZZ', 'SWAP'], ['ZZ', 'ZZ', 'ZZ'], ['ZZ', 'ZZ'], ['ZZ'], ['ZZ'], ['ZZ'], ['ZZ']]
layer 0---------------------------------
gate ( ZZ) on qubits (4 14)
layer 1---------------------------------
gate ( ZZ) on qubits (4 5)
gate ( ZZ) on qubits (14 17)
layer 2---------------------------------
gate ( ZZ) on qubits (0 4)
gate ( ZZ) on qubits (6 14)
layer 3---------------------------------
gate ( ZZ) on qubits (0 5)
gate ( swap) on qubits (14 15)
layer 4---------------------------------
gate ( ZZ) on qubits (14 17)
gate ( ZZ) on qubits (5 6)
gate ( ZZ) on qubits (0 3)
layer 5---------------------------------
gate ( ZZ) on qubits (6 14)
gate ( ZZ) on qubits (12 17)
layer 6---------------------------------
gate ( ZZ) on qubits (13 14)
layer 7---------------------------------
gate ( ZZ) on qubits (3 13)
layer 8---------------------------------
gate ( ZZ) on qubits (12 13)
layer 9---------------------------------
gate ( ZZ) on qubits (3 12)
metric-----------------------------------
depth 10
#swap 1
bound_depth:  10
Using normal mode...
start adding constraints...
Trying maximal depth = 10...
Bound of Trying min swap = 7...
Bound of Trying min swap = 3...
Bound of Trying min swap = 1...
Bound of Trying min swap = 0...
[num_swap <= 0]
Compilation time = 0:20:36.561532.
SWAP on physical edge (14,15) at time 3
Gate 0: ZZ 0, 1 on qubits 4 and 14 at time 0
Gate 1: ZZ 0, 3 on qubits 4 and 5 at time 1
Gate 2: ZZ 0, 8 on qubits 4 and 0 at time 2
Gate 3: ZZ 1, 2 on qubits 14 and 17 at time 2
Gate 4: ZZ 1, 5 on qubits 14 and 6 at time 3
Gate 5: ZZ 3, 8 on qubits 5 and 0 at time 3
Gate 6: ZZ 3, 5 on qubits 5 and 6 at time 4
Gate 7: ZZ 8, 9 on qubits 0 and 3 at time 5
Gate 8: ZZ 2, 7 on qubits 17 and 14 at time 4
Gate 9: ZZ 2, 6 on qubits 17 and 12 at time 5
Gate 10: ZZ 7, 5 on qubits 14 and 6 at time 5
Gate 11: ZZ 7, 4 on qubits 14 and 13 at time 6
Gate 12: ZZ 4, 9 on qubits 13 and 3 at time 7
Gate 13: ZZ 4, 6 on qubits 13 and 12 at time 8
Gate 14: ZZ 9, 6 on qubits 3 and 12 at time 9
result- additional SWAP count = 1.
result- circuit depth = 10.
Total compilation time = 0:20:36.602267.
[[(4, 14)], [(4, 5)], [(4, 0), (14, 17)], [(14, 6), (5, 0), (14, 15)], [(5, 6), (17, 14)], [(0, 3), (17, 12), (14, 6)], [(14, 13)], [(13, 3)], [(13, 12)], [(3, 12)]]
[['ZZ'], ['ZZ'], ['ZZ', 'ZZ'], ['ZZ', 'ZZ', 'SWAP'], ['ZZ', 'ZZ'], ['ZZ', 'ZZ', 'ZZ'], ['ZZ'], ['ZZ'], ['ZZ'], ['ZZ']]
layer 0---------------------------------
gate ( ZZ) on qubits (4 14)
layer 1---------------------------------
gate ( ZZ) on qubits (4 5)
gate ( ZZ) on qubits (14 17)
layer 2---------------------------------
gate ( ZZ) on qubits (0 4)
gate ( ZZ) on qubits (6 14)
layer 3---------------------------------
gate ( ZZ) on qubits (0 5)
gate ( swap) on qubits (14 15)
layer 4---------------------------------
gate ( ZZ) on qubits (14 17)
gate ( ZZ) on qubits (5 6)
gate ( ZZ) on qubits (0 3)
layer 5---------------------------------
gate ( ZZ) on qubits (6 14)
gate ( ZZ) on qubits (12 17)
layer 6---------------------------------
gate ( ZZ) on qubits (13 14)
layer 7---------------------------------
gate ( ZZ) on qubits (3 13)
layer 8---------------------------------
gate ( ZZ) on qubits (12 13)
layer 9---------------------------------
gate ( ZZ) on qubits (3 12)
metric-----------------------------------
depth 10
#swap 1
bound_depth:  1
Using transition based mode...
start adding constraints...
Trying maximal depth = 1...
Show UNSAT core
[time__14 + 1 <= 1,
 time__10 + 1 <= 1,
 time__6 + 1 <= 1,
 time__7 + 1 <= 1,
 time__4 + 1 <= 1,
 time__2 + 1 <= 1,
 time__1 + 1 <= 1,
 time__0 + 1 <= 1,
 time__5 + 1 <= 1]
Trying maximal depth = 2...
Bound of Trying min swap = 8...
Bound of Trying min swap = 4...
Bound of Trying min swap = 2...
[num_swap <= 2]
Bound of Trying min swap = 3...
[num_swap <= 3]
Compilation time = 0:00:13.636739.
SWAP on physical edge (0,5) at time 0
SWAP on physical edge (3,4) at time 0
SWAP on physical edge (6,7) at time 0
SWAP on physical edge (9,15) at time 0
Gate 0: ZZ 0, 1 on qubits 4 and 5 at time 0
Gate 1: ZZ 0, 3 on qubits 4 and 3 at time 0
Gate 2: ZZ 0, 8 on qubits 4 and 13 at time 0
Gate 3: ZZ 1, 2 on qubits 5 and 6 at time 0
Gate 4: ZZ 1, 5 on qubits 5 and 0 at time 0
Gate 5: ZZ 3, 8 on qubits 4 and 13 at time 1
Gate 6: ZZ 3, 5 on qubits 4 and 5 at time 1
Gate 7: ZZ 8, 9 on qubits 13 and 14 at time 1
Gate 8: ZZ 2, 7 on qubits 6 and 7 at time 0
Gate 9: ZZ 2, 6 on qubits 6 and 9 at time 0
Gate 10: ZZ 7, 5 on qubits 6 and 5 at time 1
Gate 11: ZZ 7, 4 on qubits 6 and 9 at time 1
Gate 12: ZZ 4, 9 on qubits 9 and 14 at time 1
Gate 13: ZZ 4, 6 on qubits 9 and 15 at time 1
Gate 14: ZZ 9, 6 on qubits 14 and 15 at time 1
result- additional SWAP count = 4.
result- circuit depth = 11.
Total compilation time = 0:00:13.655260.
[[(4, 5)], [(4, 3), (5, 6)], [(4, 13), (5, 0), (6, 7)], [(6, 9), (0, 5), (3, 4)], [(4, 13), (6, 7), (9, 15)], [(4, 5), (13, 14)], [(6, 5)], [(6, 9)], [(9, 14)], [(9, 15)], [(14, 15)]]
[['ZZ'], ['ZZ', 'ZZ'], ['ZZ', 'ZZ', 'ZZ'], ['ZZ', 'SWAP', 'SWAP'], ['ZZ', 'SWAP', 'SWAP'], ['ZZ', 'ZZ'], ['ZZ'], ['ZZ'], ['ZZ'], ['ZZ'], ['ZZ']]
layer 0---------------------------------
gate ( ZZ) on qubits (4 5)
layer 1---------------------------------
gate ( ZZ) on qubits (3 4)
gate ( ZZ) on qubits (5 6)
layer 2---------------------------------
gate ( ZZ) on qubits (6 7)
gate ( ZZ) on qubits (4 13)
gate ( ZZ swap) on qubits (0 5)
layer 3---------------------------------
gate ( swap) on qubits (3 4)
gate ( ZZ) on qubits (6 9)
layer 4---------------------------------
gate ( ZZ) on qubits (4 13)
gate ( swap) on qubits (6 7)
gate ( swap) on qubits (9 15)
layer 5---------------------------------
gate ( ZZ) on qubits (4 5)
gate ( ZZ) on qubits (13 14)
layer 6---------------------------------
gate ( ZZ) on qubits (5 6)
layer 7---------------------------------
gate ( ZZ) on qubits (6 9)
layer 8---------------------------------
gate ( ZZ) on qubits (9 14)
layer 9---------------------------------
gate ( ZZ) on qubits (9 15)
layer 10---------------------------------
gate ( ZZ) on qubits (14 15)
metric-----------------------------------
depth 11
#swap 3
bound_depth:  10
Using normal mode...
start adding constraints...
Trying maximal depth = 10...
Bound of Trying min swap = 7...
Bound of Trying min swap = 3...
[num_swap <= 3]
Bound of Trying min swap = 5...
Bound of Trying min swap = 4...
Compilation time = 1:58:38.645270.
SWAP on physical edge (3,4) at time 5
SWAP on physical edge (12,13) at time 3
SWAP on physical edge (13,14) at time 0
SWAP on physical edge (9,15) at time 2
Gate 0: ZZ 0, 1 on qubits 9 and 14 at time 0
Gate 1: ZZ 0, 3 on qubits 9 and 15 at time 1
Gate 2: ZZ 0, 8 on qubits 9 and 6 at time 2
Gate 3: ZZ 1, 2 on qubits 13 and 4 at time 2
Gate 4: ZZ 1, 5 on qubits 13 and 14 at time 3
Gate 5: ZZ 3, 8 on qubits 9 and 6 at time 3
Gate 6: ZZ 3, 5 on qubits 9 and 14 at time 4
Gate 7: ZZ 8, 9 on qubits 6 and 5 at time 6
Gate 8: ZZ 2, 7 on qubits 4 and 13 at time 4
Gate 9: ZZ 2, 6 on qubits 4 and 0 at time 5
Gate 10: ZZ 7, 5 on qubits 13 and 14 at time 5
Gate 11: ZZ 7, 4 on qubits 13 and 4 at time 6
Gate 12: ZZ 4, 9 on qubits 4 and 5 at time 7
Gate 13: ZZ 4, 6 on qubits 4 and 0 at time 8
Gate 14: ZZ 9, 6 on qubits 5 and 0 at time 9
result- additional SWAP count = 4.
result- circuit depth = 10.
Total compilation time = 1:58:38.680187.
[[(9, 14), (13, 14)], [(9, 15)], [(9, 6), (13, 4), (9, 15)], [(13, 14), (9, 6), (12, 13)], [(9, 14), (4, 13)], [(4, 0), (13, 14), (3, 4)], [(6, 5), (13, 4)], [(4, 5)], [(4, 0)], [(5, 0)]]
[['ZZ', 'SWAP'], ['ZZ'], ['ZZ', 'ZZ', 'SWAP'], ['ZZ', 'ZZ', 'SWAP'], ['ZZ', 'ZZ'], ['ZZ', 'ZZ', 'SWAP'], ['ZZ', 'ZZ'], ['ZZ'], ['ZZ'], ['ZZ']]
layer 0---------------------------------
gate ( ZZ) on qubits (9 14)
layer 1---------------------------------
gate ( ZZ) on qubits (9 15)
gate ( swap) on qubits (13 14)
layer 2---------------------------------
gate ( ZZ) on qubits (6 9)
gate ( ZZ) on qubits (4 13)
layer 3---------------------------------
gate ( swap) on qubits (9 15)
gate ( ZZ) on qubits (13 14)
layer 4---------------------------------
gate ( ZZ) on qubits (6 9)
gate ( swap) on qubits (12 13)
layer 5---------------------------------
gate ( ZZ) on qubits (4 13)
gate ( ZZ) on qubits (9 14)
gate ( ZZ) on qubits (5 6)
layer 6---------------------------------
gate ( ZZ) on qubits (0 4)
gate ( ZZ) on qubits (13 14)
layer 7---------------------------------
gate ( swap) on qubits (3 4)
layer 8---------------------------------
gate ( ZZ) on qubits (4 13)
layer 9---------------------------------
gate ( ZZ) on qubits (4 5)
layer 10---------------------------------
gate ( ZZ) on qubits (0 4)
layer 11---------------------------------
gate ( ZZ) on qubits (0 5)
metric-----------------------------------
depth 12
#swap 4
bound_depth:  1
Using transition based mode...
start adding constraints...
Trying maximal depth = 1...
Show UNSAT core
[time__2 + 1 <= 1,
 time__7 + 1 <= 1,
 time__6 + 1 <= 1,
 time__5 + 1 <= 1,
 time__3 + 1 <= 1,
 time__4 + 1 <= 1,
 time__0 + 1 <= 1,
 time__1 + 1 <= 1,
 time__14 + 1 <= 1]
Trying maximal depth = 2...
Bound of Trying min swap = 8...
Bound of Trying min swap = 4...
Bound of Trying min swap = 2...
[num_swap <= 2]
Bound of Trying min swap = 3...
[num_swap <= 3]
Compilation time = 0:00:11.049308.
SWAP on physical edge (9,16) at time 0
SWAP on physical edge (4,5) at time 0
SWAP on physical edge (6,7) at time 0
SWAP on physical edge (13,17) at time 0
Gate 0: ZZ 0, 1 on qubits 13 and 5 at time 0
Gate 1: ZZ 0, 3 on qubits 13 and 17 at time 0
Gate 2: ZZ 0, 8 on qubits 13 and 14 at time 0
Gate 3: ZZ 1, 2 on qubits 5 and 6 at time 0
Gate 4: ZZ 1, 5 on qubits 4 and 5 at time 1
Gate 5: ZZ 3, 8 on qubits 13 and 14 at time 1
Gate 6: ZZ 3, 5 on qubits 13 and 5 at time 1
Gate 7: ZZ 8, 9 on qubits 14 and 15 at time 1
Gate 8: ZZ 2, 7 on qubits 6 and 7 at time 0
Gate 9: ZZ 2, 6 on qubits 6 and 9 at time 0
Gate 10: ZZ 7, 5 on qubits 6 and 5 at time 1
Gate 11: ZZ 7, 4 on qubits 6 and 9 at time 1
Gate 12: ZZ 4, 9 on qubits 9 and 15 at time 1
Gate 13: ZZ 4, 6 on qubits 9 and 16 at time 1
Gate 14: ZZ 9, 6 on qubits 15 and 16 at time 1
result- additional SWAP count = 4.
result- circuit depth = 11.
Total compilation time = 0:00:11.067581.
[[(13, 5)], [(13, 17), (5, 6)], [(13, 14), (6, 7), (4, 5)], [(4, 5), (6, 9), (13, 17)], [(13, 14), (9, 16), (6, 7)], [(13, 5), (14, 15)], [(6, 5)], [(6, 9)], [(9, 15)], [(9, 16)], [(15, 16)]]
[['ZZ'], ['ZZ', 'ZZ'], ['ZZ', 'ZZ', 'SWAP'], ['ZZ', 'ZZ', 'SWAP'], ['ZZ', 'SWAP', 'SWAP'], ['ZZ', 'ZZ'], ['ZZ'], ['ZZ'], ['ZZ'], ['ZZ'], ['ZZ']]
layer 0---------------------------------
gate ( ZZ) on qubits (5 13)
layer 1---------------------------------
gate ( ZZ) on qubits (13 17)
gate ( ZZ) on qubits (5 6)
layer 2---------------------------------
gate ( ZZ) on qubits (6 7)
gate ( ZZ) on qubits (13 14)
gate ( swap ZZ) on qubits (4 5)
layer 3---------------------------------
gate ( swap) on qubits (13 17)
gate ( ZZ) on qubits (6 9)
layer 4---------------------------------
gate ( ZZ) on qubits (13 14)
gate ( swap) on qubits (6 7)
gate ( swap) on qubits (9 16)
layer 5---------------------------------
gate ( ZZ) on qubits (5 13)
gate ( ZZ) on qubits (14 15)
layer 6---------------------------------
gate ( ZZ) on qubits (5 6)
layer 7---------------------------------
gate ( ZZ) on qubits (6 9)
layer 8---------------------------------
gate ( ZZ) on qubits (9 15)
layer 9---------------------------------
gate ( ZZ) on qubits (9 16)
layer 10---------------------------------
gate ( ZZ) on qubits (15 16)
metric-----------------------------------
depth 11
#swap 3
bound_depth:  10
Using normal mode...
start adding constraints...
Trying maximal depth = 10...
Bound of Trying min swap = 7...
Bound of Trying min swap = 3...
[num_swap <= 3]
Bound of Trying min swap = 5...
Bound of Trying min swap = 4...
Compilation time = 3:20:04.815800.
SWAP on physical edge (9,16) at time 4
SWAP on physical edge (4,5) at time 2
SWAP on physical edge (6,7) at time 3
SWAP on physical edge (13,17) at time 2
Gate 0: ZZ 0, 1 on qubits 13 and 5 at time 0
Gate 1: ZZ 0, 3 on qubits 13 and 17 at time 1
Gate 2: ZZ 0, 8 on qubits 13 and 14 at time 2
Gate 3: ZZ 1, 2 on qubits 5 and 6 at time 1
Gate 4: ZZ 1, 5 on qubits 5 and 4 at time 2
Gate 5: ZZ 3, 8 on qubits 13 and 14 at time 3
Gate 6: ZZ 3, 5 on qubits 13 and 5 at time 4
Gate 7: ZZ 8, 9 on qubits 14 and 15 at time 6
Gate 8: ZZ 2, 7 on qubits 6 and 7 at time 2
Gate 9: ZZ 2, 6 on qubits 6 and 9 at time 3
Gate 10: ZZ 7, 5 on qubits 6 and 5 at time 5
Gate 11: ZZ 7, 4 on qubits 6 and 9 at time 6
Gate 12: ZZ 4, 9 on qubits 9 and 15 at time 7
Gate 13: ZZ 4, 6 on qubits 9 and 16 at time 8
Gate 14: ZZ 9, 6 on qubits 15 and 16 at time 9
result- additional SWAP count = 4.
result- circuit depth = 10.
Total compilation time = 3:20:04.849706.
[[(13, 5)], [(13, 17), (5, 6)], [(13, 14), (5, 4), (6, 7), (4, 5), (13, 17)], [(13, 14), (6, 9), (6, 7)], [(13, 5), (9, 16)], [(6, 5)], [(14, 15), (6, 9)], [(9, 15)], [(9, 16)], [(15, 16)]]
[['ZZ'], ['ZZ', 'ZZ'], ['ZZ', 'ZZ', 'ZZ', 'SWAP', 'SWAP'], ['ZZ', 'ZZ', 'SWAP'], ['ZZ', 'SWAP'], ['ZZ'], ['ZZ', 'ZZ'], ['ZZ'], ['ZZ'], ['ZZ']]
layer 0---------------------------------
gate ( ZZ) on qubits (5 13)
layer 1---------------------------------
gate ( ZZ) on qubits (13 17)
gate ( ZZ) on qubits (5 6)
layer 2---------------------------------
gate ( ZZ) on qubits (13 14)
gate ( ZZ) on qubits (6 7)
gate ( ZZ swap) on qubits (4 5)
layer 3---------------------------------
gate ( swap) on qubits (13 17)
gate ( ZZ) on qubits (6 9)
layer 4---------------------------------
gate ( ZZ) on qubits (13 14)
gate ( swap) on qubits (6 7)
gate ( swap) on qubits (9 16)
layer 5---------------------------------
gate ( ZZ) on qubits (5 13)
gate ( ZZ) on qubits (14 15)
layer 6---------------------------------
gate ( ZZ) on qubits (5 6)
layer 7---------------------------------
gate ( ZZ) on qubits (6 9)
layer 8---------------------------------
gate ( ZZ) on qubits (9 15)
layer 9---------------------------------
gate ( ZZ) on qubits (9 16)
layer 10---------------------------------
gate ( ZZ) on qubits (15 16)
metric-----------------------------------
depth 11
#swap 3
bound_depth:  1
Using transition based mode...
start adding constraints...
Trying maximal depth = 1...
Show UNSAT core
[time__1 + 1 <= 1,
 time__2 + 1 <= 1,
 time__6 + 1 <= 1,
 time__3 + 1 <= 1,
 time__0 + 1 <= 1,
 time__10 + 1 <= 1,
 time__7 + 1 <= 1,
 time__5 + 1 <= 1,
 time__4 + 1 <= 1]
Trying maximal depth = 2...
Show UNSAT core
[time__13 + 1 <= 2,
 time__12 + 1 <= 2,
 time__14 + 1 <= 2,
 time__10 + 1 <= 2,
 time__3 + 1 <= 2,
 time__9 + 1 <= 2,
 time__7 + 1 <= 2,
 time__0 + 1 <= 2,
 time__1 + 1 <= 2,
 time__6 + 1 <= 2,
 time__5 + 1 <= 2,
 time__2 + 1 <= 2,
 time__4 + 1 <= 2]
Trying maximal depth = 3...
Show UNSAT core
[time__13 + 1 <= 3,
 time__11 + 1 <= 3,
 time__14 + 1 <= 3,
 time__12 + 1 <= 3,
 time__6 + 1 <= 3,
 time__5 + 1 <= 3,
 time__10 + 1 <= 3,
 time__4 + 1 <= 3,
 time__9 + 1 <= 3,
 time__8 + 1 <= 3,
 time__2 + 1 <= 3,
 time__1 + 1 <= 3,
 time__0 + 1 <= 3]
Trying maximal depth = 4...
Bound of Trying min swap = 9...
Bound of Trying min swap = 6...
Bound of Trying min swap = 4...
[num_swap <= 4]
Bound of Trying min swap = 5...
Compilation time = 0:01:09.454925.
SWAP on physical edge (0,4) at time 0
SWAP on physical edge (2,3) at time 2
SWAP on physical edge (4,5) at time 1
SWAP on physical edge (10,11) at time 0
SWAP on physical edge (12,13) at time 0
Gate 0: ZZ 0, 1 on qubits 11 and 12 at time 0
Gate 1: ZZ 0, 3 on qubits 11 and 10 at time 0
Gate 2: ZZ 0, 8 on qubits 11 and 8 at time 0
Gate 3: ZZ 1, 2 on qubits 12 and 4 at time 0
Gate 4: ZZ 1, 5 on qubits 12 and 13 at time 0
Gate 5: ZZ 3, 8 on qubits 11 and 8 at time 1
Gate 6: ZZ 3, 5 on qubits 11 and 12 at time 1
Gate 7: ZZ 8, 9 on qubits 8 and 2 at time 1
Gate 8: ZZ 2, 7 on qubits 4 and 0 at time 0
Gate 9: ZZ 2, 6 on qubits 4 and 5 at time 0
Gate 10: ZZ 7, 5 on qubits 4 and 12 at time 1
Gate 11: ZZ 7, 4 on qubits 4 and 3 at time 1
Gate 12: ZZ 4, 9 on qubits 3 and 2 at time 1
Gate 13: ZZ 4, 6 on qubits 3 and 4 at time 2
Gate 14: ZZ 9, 6 on qubits 3 and 4 at time 3
result- additional SWAP count = 5.
result- circuit depth = 12.
Total compilation time = 0:01:09.478028.
[[(11, 12)], [(11, 10), (12, 4)], [(11, 8), (12, 13), (4, 0)], [(4, 5), (10, 11), (12, 13)], [(11, 8), (0, 4)], [(11, 12), (8, 2)], [(4, 12)], [(4, 3)], [(3, 2), (4, 5)], [(3, 4)], [(2, 3)], [(3, 4)]]
[['ZZ'], ['ZZ', 'ZZ'], ['ZZ', 'ZZ', 'ZZ'], ['ZZ', 'SWAP', 'SWAP'], ['ZZ', 'SWAP'], ['ZZ', 'ZZ'], ['ZZ'], ['ZZ'], ['ZZ', 'SWAP'], ['ZZ'], ['SWAP'], ['ZZ']]
layer 0---------------------------------
gate ( ZZ) on qubits (11 12)
layer 1---------------------------------
gate ( ZZ) on qubits (10 11)
gate ( ZZ) on qubits (4 12)
layer 2---------------------------------
gate ( ZZ) on qubits (0 4)
gate ( ZZ) on qubits (8 11)
gate ( ZZ swap) on qubits (12 13)
layer 3---------------------------------
gate ( swap) on qubits (10 11)
gate ( ZZ) on qubits (4 5)
layer 4---------------------------------
gate ( ZZ) on qubits (8 11)
gate ( swap) on qubits (0 4)
layer 5---------------------------------
gate ( ZZ) on qubits (11 12)
gate ( ZZ) on qubits (2 8)
layer 6---------------------------------
gate ( ZZ) on qubits (4 12)
layer 7---------------------------------
gate ( ZZ) on qubits (3 4)
layer 8---------------------------------
gate ( ZZ) on qubits (2 3)
gate ( swap) on qubits (4 5)
layer 9---------------------------------
gate ( ZZ) on qubits (3 4)
layer 10---------------------------------
gate ( swap) on qubits (2 3)
layer 11---------------------------------
gate ( ZZ) on qubits (3 4)
metric-----------------------------------
depth 12
#swap 4
bound_depth:  10
Using normal mode...
start adding constraints...
Trying maximal depth = 10...
Bound of Trying min swap = 7...
Bound of Trying min swap = 3...
[num_swap <= 3]
Bound of Trying min swap = 5...
