[[(4, 0)], [(4, 5)], [(3, 4)], [(0, 4)], [(3, 2)], [(4, 3)], [(0, 4)], [(3, 2)], [(2, 1)], [(5, 4)], [(2, 8)], [(4, 3)], [(5, 6)], [(1, 2)], [(6, 5)], [(11, 8)], [(2, 3)], [(4, 5)], [(7, 6)], [(2, 8)], [(5, 4)], [(3, 4)], [(6, 5)], [(5, 4)], [(3, 4)], [(4, 3)], [(3, 2)], [(2, 8)], [(11, 8)], [(2, 8)], [(11, 8)]]
[['ZZ'], ['ZZ'], ['SWAP'], ['ZZ'], ['ZZ'], ['SWAP'], ['SWAP'], ['SWAP'], ['ZZ'], ['SWAP'], ['ZZ'], ['ZZ'], ['ZZ'], ['SWAP'], ['SWAP'], ['SWAP'], ['SWAP'], ['ZZ'], ['SWAP'], ['ZZ'], ['SWAP'], ['ZZ'], ['SWAP'], ['SWAP'], ['ZZ'], ['SWAP'], ['SWAP'], ['ZZ'], ['SWAP'], ['ZZ'], ['ZZ']]
layer 0---------------------------------
gate ( ZZ) on qubits (0 4)
layer 1---------------------------------
gate ( ZZ) on qubits (4 5)
layer 2---------------------------------
gate ( swap) on qubits (3 4)
layer 3---------------------------------
gate ( ZZ) on qubits (2 3)
gate ( ZZ) on qubits (0 4)
layer 4---------------------------------
gate ( swap) on qubits (3 4)
layer 5---------------------------------
gate ( swap) on qubits (2 3)
gate ( swap) on qubits (0 4)
layer 6---------------------------------
gate ( ZZ) on qubits (1 2)
gate ( swap) on qubits (4 5)
layer 7---------------------------------
gate ( ZZ) on qubits (2 8)
gate ( ZZ) on qubits (3 4)
gate ( ZZ swap) on qubits (5 6)
layer 8---------------------------------
gate ( swap) on qubits (1 2)
gate ( swap) on qubits (8 11)
gate ( ZZ swap) on qubits (4 5)
gate ( swap) on qubits (6 7)
layer 9---------------------------------
gate ( swap) on qubits (2 3)
gate ( swap) on qubits (5 6)
layer 10---------------------------------
gate ( ZZ) on qubits (3 4)
gate ( ZZ) on qubits (2 8)
layer 11---------------------------------
gate ( swap) on qubits (4 5)
layer 12---------------------------------
gate ( ZZ swap) on qubits (3 4)
layer 13---------------------------------
gate ( swap) on qubits (2 3)
layer 14---------------------------------
gate ( ZZ) on qubits (2 8)
layer 15---------------------------------
gate ( swap) on qubits (8 11)
layer 16---------------------------------
gate ( ZZ) on qubits (2 8)
layer 17---------------------------------
gate ( ZZ) on qubits (8 11)
metric-----------------------------------
depth 18
#swap 13
[[(4, 12)], [(4, 0)], [(12, 11)], [(4, 3)], [(11, 8)], [(12, 13)], [(0, 4)], [(11, 10)], [(13, 12)], [(4, 3)], [(3, 2)], [(4, 12)], [(1, 2)], [(12, 11)], [(8, 11)], [(8, 2)], [(10, 11)], [(2, 1)], [(11, 8)], [(2, 8)], [(8, 2)], [(1, 2)]]
[['ZZ'], ['ZZ'], ['ZZ'], ['ZZ'], ['ZZ'], ['ZZ'], ['SWAP'], ['ZZ'], ['SWAP'], ['ZZ'], ['ZZ'], ['ZZ'], ['SWAP'], ['SWAP'], ['ZZ'], ['ZZ'], ['SWAP'], ['ZZ'], ['SWAP'], ['ZZ'], ['SWAP'], ['ZZ']]
layer 0---------------------------------
gate ( ZZ) on qubits (4 12)
layer 1---------------------------------
gate ( ZZ) on qubits (0 4)
gate ( ZZ) on qubits (11 12)
layer 2---------------------------------
gate ( ZZ) on qubits (3 4)
gate ( ZZ) on qubits (8 11)
gate ( ZZ swap) on qubits (12 13)
layer 3---------------------------------
gate ( swap) on qubits (0 4)
gate ( ZZ) on qubits (10 11)
layer 4---------------------------------
gate ( ZZ) on qubits (3 4)
layer 5---------------------------------
gate ( ZZ) on qubits (2 3)
gate ( ZZ) on qubits (4 12)
layer 6---------------------------------
gate ( swap) on qubits (11 12)
gate ( swap) on qubits (1 2)
layer 7---------------------------------
gate ( ZZ) on qubits (8 11)
layer 8---------------------------------
gate ( ZZ) on qubits (2 8)
gate ( swap) on qubits (10 11)
layer 9---------------------------------
gate ( ZZ) on qubits (1 2)
gate ( swap) on qubits (8 11)
layer 10---------------------------------
gate ( ZZ swap) on qubits (2 8)
layer 11---------------------------------
gate ( ZZ) on qubits (1 2)
metric-----------------------------------
depth 12
#swap 5
[[(13, 5)], [(5, 6)], [(13, 14)], [(5, 4)], [(6, 9)], [(13, 12)], [(4, 5)], [(6, 7)], [(14, 13)], [(9, 6)], [(13, 12)], [(13, 5)], [(12, 11)], [(6, 5)], [(11, 12)], [(6, 9)], [(12, 13)], [(7, 6)], [(9, 15)], [(13, 14)], [(6, 9)], [(15, 14)], [(15, 9)], [(14, 15)], [(15, 9)]]
[['ZZ'], ['ZZ'], ['ZZ'], ['ZZ'], ['ZZ'], ['ZZ'], ['SWAP'], ['ZZ'], ['SWAP'], ['SWAP'], ['ZZ'], ['ZZ'], ['ZZ'], ['ZZ'], ['SWAP'], ['SWAP'], ['SWAP'], ['SWAP'], ['ZZ'], ['SWAP'], ['SWAP'], ['ZZ'], ['ZZ'], ['SWAP'], ['ZZ']]
layer 0---------------------------------
gate ( ZZ) on qubits (5 13)
layer 1---------------------------------
gate ( ZZ) on qubits (5 6)
gate ( ZZ) on qubits (13 14)
layer 2---------------------------------
gate ( ZZ) on qubits (6 9)
gate ( ZZ) on qubits (12 13)
gate ( ZZ swap) on qubits (4 5)
layer 3---------------------------------
gate ( ZZ) on qubits (6 7)
gate ( swap) on qubits (13 14)
layer 4---------------------------------
gate ( ZZ) on qubits (12 13)
gate ( swap) on qubits (6 9)
layer 5---------------------------------
gate ( ZZ) on qubits (5 13)
gate ( ZZ swap) on qubits (11 12)
layer 6---------------------------------
gate ( ZZ) on qubits (5 6)
gate ( swap) on qubits (12 13)
layer 7---------------------------------
gate ( swap) on qubits (6 9)
gate ( swap) on qubits (13 14)
layer 8---------------------------------
gate ( swap) on qubits (6 7)
gate ( ZZ) on qubits (9 15)
layer 9---------------------------------
gate ( swap) on qubits (6 9)
gate ( ZZ) on qubits (14 15)
layer 10---------------------------------
gate ( ZZ) on qubits (9 15)
layer 11---------------------------------
gate ( swap) on qubits (14 15)
layer 12---------------------------------
gate ( ZZ) on qubits (9 15)
metric-----------------------------------
depth 13
#swap 8
[[(4, 13)], [(4, 5)], [(13, 14)], [(4, 0)], [(14, 9)], [(13, 12)], [(5, 0)], [(12, 13)], [(14, 15)], [(5, 4)], [(4, 13)], [(3, 4)], [(13, 14)], [(0, 4)], [(9, 14)], [(4, 5)], [(9, 6)], [(6, 5)], [(15, 9)], [(6, 9)], [(9, 6)], [(5, 6)]]
[['ZZ'], ['ZZ'], ['ZZ'], ['ZZ'], ['ZZ'], ['ZZ'], ['ZZ'], ['SWAP'], ['ZZ'], ['SWAP'], ['ZZ'], ['SWAP'], ['SWAP'], ['ZZ'], ['ZZ'], ['SWAP'], ['ZZ'], ['ZZ'], ['SWAP'], ['ZZ'], ['SWAP'], ['ZZ']]
layer 0---------------------------------
gate ( ZZ) on qubits (4 13)
layer 1---------------------------------
gate ( ZZ) on qubits (4 5)
gate ( ZZ) on qubits (13 14)
layer 2---------------------------------
gate ( ZZ) on qubits (0 4)
gate ( ZZ) on qubits (9 14)
gate ( ZZ swap) on qubits (12 13)
layer 3---------------------------------
gate ( ZZ) on qubits (0 5)
gate ( ZZ) on qubits (14 15)
layer 4---------------------------------
gate ( swap) on qubits (4 5)
layer 5---------------------------------
gate ( ZZ) on qubits (4 13)
layer 6---------------------------------
gate ( swap) on qubits (3 4)
gate ( swap) on qubits (13 14)
layer 7---------------------------------
gate ( ZZ) on qubits (0 4)
gate ( ZZ) on qubits (9 14)
layer 8---------------------------------
gate ( swap) on qubits (4 5)
gate ( ZZ) on qubits (6 9)
layer 9---------------------------------
gate ( ZZ) on qubits (5 6)
gate ( swap) on qubits (9 15)
layer 10---------------------------------
gate ( ZZ swap) on qubits (6 9)
layer 11---------------------------------
gate ( ZZ) on qubits (5 6)
metric-----------------------------------
depth 12
#swap 5
[[(12, 8)], [(8, 2)], [(12, 11)], [(2, 3)], [(12, 17)], [(2, 1)], [(13, 12)], [(8, 12)], [(11, 12)], [(12, 17)], [(12, 11)], [(17, 13)], [(13, 4)], [(11, 12)], [(0, 4)], [(12, 2)], [(3, 2)], [(1, 2)], [(3, 4)], [(4, 0)], [(2, 3)], [(4, 3)], [(3, 4)], [(0, 4)]]
[['ZZ'], ['ZZ'], ['ZZ'], ['ZZ'], ['ZZ'], ['ZZ'], ['SWAP'], ['ZZ'], ['SWAP'], ['ZZ'], ['ZZ'], ['SWAP'], ['ZZ'], ['SWAP'], ['SWAP'], ['SWAP'], ['ZZ'], ['SWAP'], ['ZZ'], ['ZZ'], ['SWAP'], ['ZZ'], ['SWAP'], ['ZZ']]
layer 0---------------------------------
gate ( ZZ) on qubits (8 12)
layer 1---------------------------------
gate ( ZZ) on qubits (2 8)
gate ( ZZ) on qubits (11 12)
layer 2---------------------------------
gate ( ZZ) on qubits (2 3)
gate ( ZZ) on qubits (12 17)
layer 3---------------------------------
gate ( swap) on qubits (12 13)
gate ( ZZ) on qubits (1 2)
layer 4---------------------------------
gate ( ZZ) on qubits (8 12)
layer 5---------------------------------
gate ( swap) on qubits (11 12)
layer 6---------------------------------
gate ( ZZ) on qubits (12 17)
layer 7---------------------------------
gate ( swap) on qubits (13 17)
gate ( ZZ swap) on qubits (11 12)
layer 8---------------------------------
gate ( ZZ) on qubits (4 13)
gate ( swap) on qubits (2 12)
layer 9---------------------------------
gate ( ZZ) on qubits (2 3)
gate ( swap) on qubits (0 4)
layer 10---------------------------------
gate ( ZZ) on qubits (3 4)
gate ( swap) on qubits (1 2)
layer 11---------------------------------
gate ( swap) on qubits (2 3)
gate ( ZZ) on qubits (0 4)
layer 12---------------------------------
gate ( ZZ swap) on qubits (3 4)
layer 13---------------------------------
gate ( ZZ) on qubits (0 4)
metric-----------------------------------
depth 14
#swap 7
[[(4, 3)], [(3, 12)], [(4, 14)], [(3, 2)], [(4, 5)], [(12, 13)], [(2, 3)], [(14, 4)], [(12, 11)], [(4, 5)], [(13, 12)], [(4, 3)], [(5, 6)], [(0, 4)], [(12, 3)], [(6, 14)], [(12, 4)], [(4, 14)], [(11, 12)], [(4, 12)], [(14, 13)], [(13, 12)]]
[['ZZ'], ['ZZ'], ['ZZ'], ['ZZ'], ['ZZ'], ['ZZ'], ['SWAP'], ['SWAP'], ['ZZ'], ['ZZ'], ['SWAP'], ['ZZ'], ['ZZ'], ['SWAP'], ['ZZ'], ['SWAP'], ['ZZ'], ['ZZ'], ['SWAP'], ['ZZ'], ['SWAP'], ['ZZ']]
layer 0---------------------------------
gate ( ZZ) on qubits (3 4)
layer 1---------------------------------
gate ( ZZ) on qubits (3 12)
gate ( ZZ) on qubits (4 14)
layer 2---------------------------------
gate ( ZZ) on qubits (4 5)
gate ( ZZ) on qubits (12 13)
gate ( ZZ swap) on qubits (2 3)
layer 3---------------------------------
gate ( swap) on qubits (4 14)
gate ( ZZ) on qubits (11 12)
layer 4---------------------------------
gate ( ZZ) on qubits (4 5)
gate ( swap) on qubits (12 13)
layer 5---------------------------------
gate ( ZZ) on qubits (3 4)
gate ( ZZ) on qubits (5 6)
layer 6---------------------------------
gate ( swap) on qubits (0 4)
gate ( ZZ) on qubits (3 12)
gate ( swap) on qubits (6 14)
layer 7---------------------------------
gate ( ZZ) on qubits (4 12)
layer 8---------------------------------
gate ( ZZ) on qubits (4 14)
gate ( swap) on qubits (11 12)
layer 9---------------------------------
gate ( ZZ) on qubits (4 12)
gate ( swap) on qubits (13 14)
layer 10---------------------------------
gate ( ZZ) on qubits (12 13)
metric-----------------------------------
depth 11
#swap 6
[[(13, 3)], [(3, 4)], [(13, 5)], [(4, 0)], [(3, 2)], [(13, 14)], [(2, 3)], [(5, 13)], [(9, 5)], [(13, 14)], [(13, 3)], [(14, 15)], [(12, 13)], [(4, 13)], [(3, 4)], [(0, 4)], [(0, 5)], [(5, 15)], [(5, 13)], [(15, 14)], [(14, 13)]]
[['ZZ'], ['ZZ'], ['ZZ'], ['ZZ'], ['ZZ'], ['ZZ'], ['SWAP'], ['SWAP'], ['SWAP'], ['ZZ'], ['ZZ'], ['ZZ'], ['SWAP'], ['ZZ'], ['SWAP'], ['ZZ'], ['ZZ'], ['ZZ'], ['ZZ'], ['SWAP'], ['ZZ']]
layer 0---------------------------------
gate ( ZZ) on qubits (3 13)
layer 1---------------------------------
gate ( ZZ) on qubits (3 4)
gate ( ZZ) on qubits (5 13)
layer 2---------------------------------
gate ( ZZ) on qubits (13 14)
gate ( ZZ swap) on qubits (2 3)
gate ( ZZ) on qubits (0 4)
layer 3---------------------------------
gate ( swap) on qubits (5 13)
layer 4---------------------------------
gate ( ZZ) on qubits (13 14)
gate ( swap) on qubits (5 9)
layer 5---------------------------------
gate ( ZZ) on qubits (3 13)
gate ( ZZ) on qubits (14 15)
layer 6---------------------------------
gate ( swap) on qubits (12 13)
layer 7---------------------------------
gate ( ZZ) on qubits (4 13)
layer 8---------------------------------
gate ( swap) on qubits (3 4)
layer 9---------------------------------
gate ( ZZ) on qubits (0 4)
layer 10---------------------------------
gate ( ZZ) on qubits (0 5)
layer 11---------------------------------
gate ( ZZ) on qubits (5 15)
layer 12---------------------------------
gate ( ZZ) on qubits (5 13)
gate ( swap) on qubits (14 15)
layer 13---------------------------------
gate ( ZZ) on qubits (13 14)
metric-----------------------------------
depth 14
#swap 5
[[(4, 3)], [(4, 0)], [(3, 12)], [(3, 2)], [(4, 14)], [(12, 13)], [(2, 3)], [(14, 5)], [(12, 11)], [(0, 5)], [(8, 11)], [(13, 12)], [(0, 3)], [(5, 14)], [(12, 3)], [(14, 13)], [(12, 11)], [(13, 12)], [(11, 12)], [(11, 8)], [(12, 11)], [(11, 8)]]
[['ZZ'], ['ZZ'], ['ZZ'], ['ZZ'], ['ZZ'], ['ZZ'], ['SWAP'], ['SWAP'], ['ZZ'], ['ZZ'], ['SWAP'], ['SWAP'], ['ZZ'], ['ZZ'], ['ZZ'], ['SWAP'], ['ZZ'], ['SWAP'], ['ZZ'], ['ZZ'], ['SWAP'], ['ZZ']]
layer 0---------------------------------
gate ( ZZ) on qubits (3 4)
layer 1---------------------------------
gate ( ZZ) on qubits (3 12)
gate ( ZZ) on qubits (0 4)
layer 2---------------------------------
gate ( ZZ) on qubits (4 14)
gate ( ZZ) on qubits (12 13)
gate ( ZZ swap) on qubits (2 3)
layer 3---------------------------------
gate ( swap) on qubits (5 14)
gate ( ZZ) on qubits (11 12)
layer 4---------------------------------
gate ( ZZ) on qubits (0 5)
gate ( swap) on qubits (12 13)
gate ( swap) on qubits (8 11)
layer 5---------------------------------
gate ( ZZ) on qubits (0 3)
gate ( ZZ) on qubits (5 14)
layer 6---------------------------------
gate ( ZZ) on qubits (3 12)
gate ( swap) on qubits (13 14)
layer 7---------------------------------
gate ( ZZ) on qubits (11 12)
layer 8---------------------------------
gate ( swap) on qubits (12 13)
layer 9---------------------------------
gate ( ZZ) on qubits (11 12)
layer 10---------------------------------
gate ( ZZ) on qubits (8 11)
layer 11---------------------------------
gate ( swap) on qubits (11 12)
layer 12---------------------------------
gate ( ZZ) on qubits (8 11)
metric-----------------------------------
depth 13
#swap 6
[[(3, 12)], [(3, 13)], [(12, 17)], [(3, 4)], [(12, 11)], [(17, 14)], [(13, 3)], [(11, 12)], [(17, 14)], [(3, 4)], [(14, 6)], [(4, 0)], [(3, 12)], [(15, 14)], [(0, 4)], [(17, 12)], [(17, 14)], [(14, 4)], [(14, 6)], [(6, 14)], [(4, 14)]]
[['ZZ'], ['ZZ'], ['ZZ'], ['ZZ'], ['ZZ'], ['ZZ'], ['SWAP'], ['SWAP'], ['SWAP'], ['ZZ'], ['ZZ'], ['ZZ'], ['ZZ'], ['SWAP'], ['SWAP'], ['ZZ'], ['ZZ'], ['ZZ'], ['ZZ'], ['SWAP'], ['ZZ']]
layer 0---------------------------------
gate ( ZZ) on qubits (3 12)
layer 1---------------------------------
gate ( ZZ) on qubits (3 13)
gate ( ZZ) on qubits (12 17)
layer 2---------------------------------
gate ( ZZ) on qubits (3 4)
gate ( ZZ swap) on qubits (14 17)
gate ( ZZ swap) on qubits (11 12)
layer 3---------------------------------
gate ( swap) on qubits (3 13)
gate ( ZZ) on qubits (6 14)
layer 4---------------------------------
gate ( ZZ) on qubits (3 4)
gate ( swap) on qubits (14 15)
layer 5---------------------------------
gate ( ZZ) on qubits (3 12)
gate ( ZZ swap) on qubits (0 4)
layer 6---------------------------------
gate ( ZZ) on qubits (12 17)
layer 7---------------------------------
gate ( ZZ) on qubits (14 17)
layer 8---------------------------------
gate ( ZZ) on qubits (4 14)
layer 9---------------------------------
gate ( ZZ swap) on qubits (6 14)
layer 10---------------------------------
gate ( ZZ) on qubits (4 14)
metric-----------------------------------
depth 11
#swap 2
[[(5, 4)], [(5, 0)], [(4, 3)], [(3, 12)], [(4, 13)], [(5, 14)], [(3, 2)], [(14, 5)], [(0, 5)], [(2, 3)], [(0, 4)], [(5, 15)], [(4, 13)], [(15, 14)], [(12, 13)], [(12, 17)], [(3, 12)], [(17, 14)], [(17, 12)], [(14, 17)], [(17, 12)]]
[['ZZ'], ['ZZ'], ['ZZ'], ['ZZ'], ['ZZ'], ['ZZ'], ['ZZ'], ['SWAP'], ['ZZ'], ['SWAP'], ['SWAP'], ['ZZ'], ['ZZ'], ['SWAP'], ['ZZ'], ['ZZ'], ['SWAP'], ['ZZ'], ['ZZ'], ['SWAP'], ['ZZ']]
layer 0---------------------------------
gate ( ZZ) on qubits (4 5)
layer 1---------------------------------
gate ( ZZ) on qubits (3 4)
gate ( ZZ) on qubits (0 5)
layer 2---------------------------------
gate ( ZZ) on qubits (3 12)
gate ( ZZ swap) on qubits (5 14)
gate ( ZZ) on qubits (4 13)
layer 3---------------------------------
gate ( ZZ) on qubits (0 5)
gate ( ZZ swap) on qubits (2 3)
layer 4---------------------------------
gate ( swap) on qubits (0 4)
gate ( ZZ) on qubits (5 15)
layer 5---------------------------------
gate ( ZZ) on qubits (4 13)
gate ( swap) on qubits (14 15)
layer 6---------------------------------
gate ( ZZ) on qubits (12 13)
layer 7---------------------------------
gate ( ZZ) on qubits (12 17)
layer 8---------------------------------
gate ( swap) on qubits (3 12)
gate ( ZZ) on qubits (14 17)
layer 9---------------------------------
gate ( ZZ) on qubits (12 17)
layer 10---------------------------------
gate ( swap) on qubits (14 17)
layer 11---------------------------------
gate ( ZZ) on qubits (12 17)
metric-----------------------------------
depth 12
#swap 4
