bound_depth:  1
Using transition based mode...
start adding constraints...
Trying maximal depth = 1...
Show UNSAT core
[time__11 + 1 <= 1,
 time__10 + 1 <= 1,
 time__8 + 1 <= 1,
 time__9 + 1 <= 1,
 time__5 + 1 <= 1,
 time__4 + 1 <= 1,
 time__2 + 1 <= 1,
 time__3 + 1 <= 1,
 time__1 + 1 <= 1,
 time__0 + 1 <= 1]
Trying maximal depth = 2...
Show UNSAT core
[time__5 + 1 <= 2,
 time__7 + 1 <= 2,
 time__9 + 1 <= 2,
 time__10 + 1 <= 2,
 time__4 + 1 <= 2,
 time__6 + 1 <= 2,
 time__8 + 1 <= 2,
 time__11 + 1 <= 2,
 time__2 + 1 <= 2,
 time__3 + 1 <= 2,
 time__0 + 1 <= 2,
 time__1 + 1 <= 2]
Trying maximal depth = 3...
Show UNSAT core
[time__11 + 1 <= 3,
 time__10 + 1 <= 3,
 time__9 + 1 <= 3,
 time__8 + 1 <= 3,
 time__7 + 1 <= 3,
 time__6 + 1 <= 3,
 time__5 + 1 <= 3,
 time__4 + 1 <= 3,
 time__3 + 1 <= 3,
 time__2 + 1 <= 3,
 time__1 + 1 <= 3]
Trying maximal depth = 4...
