start searching...
Using transition based mode...
start adding constraints...
Trying maximal depth = 1...
Show UNSAT core
[time__11 + 1 <= 1,
 time__10 + 1 <= 1,
 time__8 + 1 <= 1,
 time__9 + 1 <= 1,
 time__7 + 1 <= 1,
 time__5 + 1 <= 1,
 time__6 + 1 <= 1,
 time__4 + 1 <= 1,
 time__2 + 1 <= 1,
 time__3 + 1 <= 1,
 time__1 + 1 <= 1,
 time__0 + 1 <= 1]
Trying maximal depth = 2...
Show UNSAT core
[time__1 + 1 <= 2,
 time__2 + 1 <= 2,
 time__4 + 1 <= 2,
 time__5 + 1 <= 2,
 time__7 + 1 <= 2,
 time__8 + 1 <= 2,
 time__10 + 1 <= 2,
 time__11 + 1 <= 2,
 time__6 + 1 <= 2,
 time__9 + 1 <= 2]
Trying maximal depth = 3...
Show UNSAT core
[time__11 + 1 <= 3,
 time__10 + 1 <= 3,
 time__9 + 1 <= 3,
 time__8 + 1 <= 3,
 time__7 + 1 <= 3,
 time__6 + 1 <= 3,
 time__4 + 1 <= 3,
 time__3 + 1 <= 3,
 time__2 + 1 <= 3]
Trying maximal depth = 4...
Show UNSAT core
[time__8 + 1 <= 4,
 time__6 + 1 <= 4,
 time__3 + 1 <= 4,
 time__2 + 1 <= 4,
 time__4 + 1 <= 4,
 time__7 + 1 <= 4,
 time__11 + 1 <= 4,
 time__9 + 1 <= 4,
 time__10 + 1 <= 4]
Trying maximal depth = 5...
Bound of Trying min swap = 8...
Bound of Trying min swap = 6...
[num_swap <= 6]
Bound of Trying min swap = 7...
[num_swap <= 7]
SWAP on physical edge (10,11) at time 3
SWAP on physical edge (8,11) at time 0
SWAP on physical edge (11,12) at time 1
SWAP on physical edge (12,13) at time 0
SWAP on physical edge (12,13) at time 2
SWAP on physical edge (13,14) at time 1
SWAP on physical edge (13,14) at time 3
SWAP on physical edge (14,15) at time 2
Gate 0: ZZ 0, 1 on qubits 12 and 11 at time 0
Gate 1: ZZ 0, 4 on qubits 12 and 13 at time 0
Gate 2: ZZ 0, 3 on qubits 14 and 15 at time 2
Gate 3: ZZ 1, 7 on qubits 11 and 8 at time 0
Gate 4: ZZ 1, 6 on qubits 11 and 10 at time 0
Gate 5: ZZ 2, 4 on qubits 17 and 13 at time 0
Gate 6: ZZ 2, 7 on qubits 17 and 13 at time 3
Gate 7: ZZ 2, 3 on qubits 17 and 13 at time 4
Gate 8: ZZ 4, 6 on qubits 10 and 11 at time 4
Gate 9: ZZ 7, 5 on qubits 13 and 12 at time 3
Gate 10: ZZ 6, 5 on qubits 11 and 12 at time 4
Gate 11: ZZ 3, 5 on qubits 13 and 12 at time 4
result- additional SWAP count = 8.
result- circuit depth = 11.
[(0, 4), (1, 2), (2, 3), (3, 4), (4, 5), (5, 6), (6, 7), (2, 8), (6, 9), (10, 11), (8, 11), (11, 12), (12, 13), (13, 14), (14, 15), (15, 16), (9, 15), (13, 17)]
layer 0---------------------------------
gate ( ZZ) on qubits (11 12)
layer 1---------------------------------
gate ( ZZ) on qubits (8 11)
gate ( ZZ) on qubits (12 13)
layer 2---------------------------------
gate ( ZZ) on qubits (10 11)
gate ( ZZ) on qubits (13 17)
layer 3---------------------------------
gate ( swap) on qubits (8 11)
gate ( swap) on qubits (12 13)
layer 4---------------------------------
gate ( swap) on qubits (13 14)
gate ( swap) on qubits (11 12)
layer 5---------------------------------
gate ( swap) on qubits (12 13)
gate ( swap ZZ) on qubits (10 11)
gate ( ZZ swap) on qubits (14 15)
layer 6---------------------------------
gate ( ZZ) on qubits (13 17)
layer 7---------------------------------
gate ( ZZ) on qubits (12 13)
layer 8---------------------------------
gate ( swap) on qubits (13 14)
gate ( ZZ) on qubits (11 12)
layer 9---------------------------------
gate ( ZZ) on qubits (13 17)
layer 10---------------------------------
gate ( ZZ) on qubits (12 13)
metric-----------------------------------
depth 11
#swap 6
Compilation time = 0:09:48.714268.
optimizing circuit with swap range (0,8) 
Trying maximal depth = 1...
Show UNSAT core
[time__8 + 1 <= 1,
 time__7 + 1 <= 1,
 time__5 + 1 <= 1,
 time__0 + 1 <= 1,
 time__11 + 1 <= 1,
 time__10 + 1 <= 1,
 time__6 + 1 <= 1,
 time__1 + 1 <= 1,
 time__2 + 1 <= 1,
 time__9 + 1 <= 1,
 time__3 + 1 <= 1,
 time__4 + 1 <= 1]
Trying maximal depth = 2...
Bound of Trying min swap = 5...
Bound of Trying min swap = 3...
[num_swap <= 3]
Bound of Trying min swap = 4...
SWAP on physical edge (4,5) at time 0
SWAP on physical edge (6,9) at time 0
SWAP on physical edge (13,14) at time 0
SWAP on physical edge (15,16) at time 0
Gate 0: ZZ 0, 1 on qubits 6 and 5 at time 0
Gate 1: ZZ 0, 4 on qubits 6 and 9 at time 0
Gate 2: ZZ 0, 3 on qubits 9 and 15 at time 1
Gate 3: ZZ 1, 7 on qubits 5 and 14 at time 0
Gate 4: ZZ 1, 6 on qubits 4 and 5 at time 1
Gate 5: ZZ 2, 4 on qubits 15 and 9 at time 0
Gate 6: ZZ 2, 7 on qubits 15 and 14 at time 0
Gate 7: ZZ 2, 3 on qubits 16 and 15 at time 1
Gate 8: ZZ 4, 6 on qubits 6 and 5 at time 1
Gate 9: ZZ 7, 5 on qubits 13 and 14 at time 1
Gate 10: ZZ 6, 5 on qubits 5 and 14 at time 1
Gate 11: ZZ 3, 5 on qubits 15 and 14 at time 1
result- additional SWAP count = 4.
result- circuit depth = 8.
[(5, 14), (0, 4), (1, 2), (2, 3), (3, 4), (4, 5), (5, 6), (6, 7), (2, 8), (6, 9), (10, 11), (8, 11), (11, 12), (12, 13), (13, 14), (14, 15), (15, 16), (9, 15), (13, 17)]
layer 0---------------------------------
gate ( ZZ) on qubits (5 6)
layer 1---------------------------------
gate ( ZZ) on qubits (6 9)
gate ( ZZ) on qubits (5 14)
layer 2---------------------------------
gate ( ZZ) on qubits (9 15)
gate ( swap ZZ) on qubits (4 5)
layer 3---------------------------------
gate ( swap) on qubits (6 9)
gate ( ZZ) on qubits (14 15)
layer 4---------------------------------
gate ( swap) on qubits (15 16)
gate ( ZZ) on qubits (5 6)
gate ( swap ZZ) on qubits (13 14)
layer 5---------------------------------
gate ( ZZ) on qubits (9 15)
gate ( ZZ) on qubits (5 14)
layer 6---------------------------------
gate ( ZZ) on qubits (15 16)
layer 7---------------------------------
gate ( ZZ) on qubits (14 15)
metric-----------------------------------
depth 8
#swap 2
Compilation time = 0:00:05.323043.
optimizing circuit with swap range (0,4) 
Trying maximal depth = 1...
Show UNSAT core
[time__10 + 1 <= 1,
 time__11 + 1 <= 1,
 time__8 + 1 <= 1,
 time__5 + 1 <= 1,
 time__9 + 1 <= 1,
 time__6 + 1 <= 1,
 time__1 + 1 <= 1,
 time__0 + 1 <= 1,
 time__3 + 1 <= 1,
 time__4 + 1 <= 1,
 time__7 + 1 <= 1,
 time__2 + 1 <= 1]
Trying maximal depth = 2...
Bound of Trying min swap = 3...
Bound of Trying min swap = 2...
[num_swap <= 2]
SWAP on physical edge (3,4) at time 0
SWAP on physical edge (5,6) at time 0
SWAP on physical edge (13,14) at time 0
Gate 0: ZZ 0, 1 on qubits 14 and 4 at time 0
Gate 1: ZZ 0, 4 on qubits 14 and 6 at time 0
Gate 2: ZZ 0, 3 on qubits 14 and 15 at time 0
Gate 3: ZZ 1, 7 on qubits 4 and 5 at time 0
Gate 4: ZZ 1, 6 on qubits 4 and 3 at time 0
Gate 5: ZZ 2, 4 on qubits 9 and 6 at time 0
Gate 6: ZZ 2, 7 on qubits 9 and 6 at time 1
Gate 7: ZZ 2, 3 on qubits 9 and 15 at time 1
Gate 8: ZZ 4, 6 on qubits 5 and 4 at time 1
Gate 9: ZZ 7, 5 on qubits 6 and 14 at time 1
Gate 10: ZZ 6, 5 on qubits 4 and 14 at time 1
Gate 11: ZZ 3, 5 on qubits 15 and 14 at time 1
result- additional SWAP count = 3.
result- circuit depth = 8.
[(4, 14), (6, 14), (0, 4), (1, 2), (2, 3), (3, 4), (4, 5), (5, 6), (6, 7), (2, 8), (6, 9), (10, 11), (8, 11), (11, 12), (12, 13), (13, 14), (14, 15), (15, 16), (9, 15), (13, 17)]
layer 0---------------------------------
gate ( ZZ) on qubits (4 14)
layer 1---------------------------------
gate ( ZZ) on qubits (6 14)
gate ( ZZ) on qubits (4 5)
layer 2---------------------------------
gate ( ZZ) on qubits (6 9)
gate ( ZZ) on qubits (14 15)
gate ( ZZ swap) on qubits (3 4)
layer 3---------------------------------
gate ( swap) on qubits (5 6)
gate ( swap) on qubits (13 14)
layer 4---------------------------------
gate ( ZZ) on qubits (6 9)
gate ( ZZ) on qubits (4 5)
layer 5---------------------------------
gate ( ZZ) on qubits (6 14)
gate ( ZZ) on qubits (9 15)
layer 6---------------------------------
gate ( ZZ) on qubits (4 14)
layer 7---------------------------------
gate ( ZZ) on qubits (14 15)
metric-----------------------------------
depth 8
#swap 2
Compilation time = 0:00:20.797423.
optimizing circuit with swap range (0,3) 
Trying maximal depth = 1...
Show UNSAT core
[time__10 + 1 <= 1,
 time__2 + 1 <= 1,
 time__0 + 1 <= 1,
 time__7 + 1 <= 1,
 time__11 + 1 <= 1,
 time__1 + 1 <= 1,
 time__6 + 1 <= 1,
 time__3 + 1 <= 1,
 time__5 + 1 <= 1,
 time__4 + 1 <= 1,
 time__9 + 1 <= 1,
 time__8 + 1 <= 1]
Trying maximal depth = 2...
Bound of Trying min swap = 2...
[num_swap <= 2]
SWAP on physical edge (4,5) at time 0
SWAP on physical edge (6,9) at time 0
SWAP on physical edge (15,16) at time 0
Gate 0: ZZ 0, 1 on qubits 5 and 13 at time 0
Gate 1: ZZ 0, 4 on qubits 5 and 15 at time 0
Gate 2: ZZ 0, 3 on qubits 5 and 6 at time 0
Gate 3: ZZ 1, 7 on qubits 13 and 4 at time 0
Gate 4: ZZ 1, 6 on qubits 13 and 14 at time 0
Gate 5: ZZ 2, 4 on qubits 9 and 15 at time 0
Gate 6: ZZ 2, 7 on qubits 6 and 5 at time 1
Gate 7: ZZ 2, 3 on qubits 6 and 9 at time 1
Gate 8: ZZ 4, 6 on qubits 15 and 14 at time 0
Gate 9: ZZ 7, 5 on qubits 5 and 15 at time 1
Gate 10: ZZ 6, 5 on qubits 14 and 15 at time 1
Gate 11: ZZ 3, 5 on qubits 9 and 15 at time 1
result- additional SWAP count = 3.
result- circuit depth = 8.
[(4, 13), (5, 13), (5, 15), (0, 4), (1, 2), (2, 3), (3, 4), (4, 5), (5, 6), (6, 7), (2, 8), (6, 9), (10, 11), (8, 11), (11, 12), (12, 13), (13, 14), (14, 15), (15, 16), (9, 15), (13, 17)]
layer 0---------------------------------
gate ( ZZ) on qubits (5 13)
layer 1---------------------------------
gate ( ZZ) on qubits (5 15)
gate ( ZZ) on qubits (4 13)
layer 2---------------------------------
gate ( ZZ) on qubits (13 14)
gate ( ZZ) on qubits (9 15)
gate ( ZZ) on qubits (5 6)
layer 3---------------------------------
gate ( swap) on qubits (4 5)
gate ( swap) on qubits (6 9)
gate ( ZZ) on qubits (14 15)
layer 4---------------------------------
gate ( ZZ) on qubits (5 6)
gate ( swap) on qubits (15 16)
layer 5---------------------------------
gate ( ZZ) on qubits (5 15)
gate ( ZZ) on qubits (6 9)
layer 6---------------------------------
gate ( ZZ) on qubits (14 15)
layer 7---------------------------------
gate ( ZZ) on qubits (9 15)
metric-----------------------------------
depth 8
#swap 3
Compilation time = 0:01:00.801427.
optimizing circuit with swap range (0,3) 
Trying maximal depth = 1...
Show UNSAT core
[time__10 + 1 <= 1,
 time__0 + 1 <= 1,
 time__2 + 1 <= 1,
 time__7 + 1 <= 1,
 time__11 + 1 <= 1,
 time__9 + 1 <= 1,
 time__4 + 1 <= 1,
 time__5 + 1 <= 1,
 time__8 + 1 <= 1,
 time__3 + 1 <= 1,
 time__1 + 1 <= 1,
 time__6 + 1 <= 1]
Trying maximal depth = 2...
Bound of Trying min swap = 2...
[num_swap <= 2]
SWAP on physical edge (5,6) at time 0
SWAP on physical edge (12,13) at time 0
SWAP on physical edge (14,15) at time 0
Gate 0: ZZ 0, 1 on qubits 5 and 4 at time 0
Gate 1: ZZ 0, 4 on qubits 5 and 13 at time 0
Gate 2: ZZ 0, 3 on qubits 5 and 15 at time 0
Gate 3: ZZ 1, 7 on qubits 4 and 5 at time 1
Gate 4: ZZ 1, 6 on qubits 4 and 3 at time 1
Gate 5: ZZ 2, 4 on qubits 14 and 13 at time 0
Gate 6: ZZ 2, 7 on qubits 15 and 5 at time 1
Gate 7: ZZ 2, 3 on qubits 15 and 14 at time 1
Gate 8: ZZ 4, 6 on qubits 12 and 3 at time 1
Gate 9: ZZ 7, 5 on qubits 5 and 13 at time 1
Gate 10: ZZ 6, 5 on qubits 3 and 13 at time 1
Gate 11: ZZ 3, 5 on qubits 14 and 13 at time 1
result- additional SWAP count = 3.
result- circuit depth = 9.
[(3, 12), (3, 13), (5, 13), (5, 15), (0, 4), (1, 2), (2, 3), (3, 4), (4, 5), (5, 6), (6, 7), (2, 8), (6, 9), (10, 11), (8, 11), (11, 12), (12, 13), (13, 14), (14, 15), (15, 16), (9, 15), (13, 17)]
layer 0---------------------------------
gate ( ZZ) on qubits (4 5)
layer 1---------------------------------
gate ( ZZ) on qubits (5 13)
layer 2---------------------------------
gate ( ZZ) on qubits (5 15)
gate ( ZZ) on qubits (13 14)
layer 3---------------------------------
gate ( swap) on qubits (5 6)
gate ( swap) on qubits (14 15)
gate ( swap) on qubits (12 13)
layer 4---------------------------------
gate ( ZZ) on qubits (4 5)
layer 5---------------------------------
gate ( ZZ) on qubits (5 15)
gate ( ZZ) on qubits (3 4)
layer 6---------------------------------
gate ( ZZ) on qubits (3 12)
gate ( ZZ) on qubits (5 13)
gate ( ZZ) on qubits (14 15)
layer 7---------------------------------
gate ( ZZ) on qubits (3 13)
layer 8---------------------------------
gate ( ZZ) on qubits (13 14)
metric-----------------------------------
depth 9
#swap 3
Compilation time = 0:01:18.317400.
optimizing circuit with swap range (0,3) 
Trying maximal depth = 1...
Show UNSAT core
[time__1 + 1 <= 1,
 time__2 + 1 <= 1,
 time__9 + 1 <= 1,
 time__4 + 1 <= 1,
 time__0 + 1 <= 1,
 time__10 + 1 <= 1,
 time__11 + 1 <= 1,
 time__5 + 1 <= 1,
 time__7 + 1 <= 1,
 time__6 + 1 <= 1,
 time__3 + 1 <= 1,
 time__8 + 1 <= 1]
Trying maximal depth = 2...
Bound of Trying min swap = 2...
[num_swap <= 2]
SWAP on physical edge (4,5) at time 0
SWAP on physical edge (11,12) at time 0
SWAP on physical edge (3,8) at time 0
Gate 0: ZZ 0, 1 on qubits 4 and 14 at time 0
Gate 1: ZZ 0, 4 on qubits 4 and 12 at time 0
Gate 2: ZZ 0, 3 on qubits 4 and 3 at time 0
Gate 3: ZZ 1, 7 on qubits 14 and 5 at time 0
Gate 4: ZZ 1, 6 on qubits 14 and 13 at time 0
Gate 5: ZZ 2, 4 on qubits 8 and 12 at time 0
Gate 6: ZZ 2, 7 on qubits 3 and 4 at time 1
Gate 7: ZZ 2, 3 on qubits 3 and 8 at time 1
Gate 8: ZZ 4, 6 on qubits 12 and 13 at time 0
Gate 9: ZZ 7, 5 on qubits 4 and 12 at time 1
Gate 10: ZZ 6, 5 on qubits 13 and 12 at time 1
Gate 11: ZZ 3, 5 on qubits 8 and 12 at time 1
result- additional SWAP count = 3.
result- circuit depth = 8.
[(3, 8), (8, 12), (4, 12), (4, 14), (5, 14), (0, 4), (1, 2), (2, 3), (3, 4), (4, 5), (5, 6), (6, 7), (2, 8), (6, 9), (10, 11), (8, 11), (11, 12), (12, 13), (13, 14), (14, 15), (15, 16), (9, 15), (13, 17)]
layer 0---------------------------------
gate ( ZZ) on qubits (4 14)
layer 1---------------------------------
gate ( ZZ) on qubits (4 12)
gate ( ZZ) on qubits (5 14)
layer 2---------------------------------
gate ( ZZ) on qubits (8 12)
gate ( ZZ) on qubits (13 14)
gate ( ZZ) on qubits (3 4)
layer 3---------------------------------
gate ( swap) on qubits (3 8)
gate ( swap) on qubits (4 5)
gate ( ZZ) on qubits (12 13)
layer 4---------------------------------
gate ( ZZ) on qubits (3 4)
gate ( swap) on qubits (11 12)
layer 5---------------------------------
gate ( ZZ) on qubits (4 12)
gate ( ZZ) on qubits (3 8)
layer 6---------------------------------
gate ( ZZ) on qubits (12 13)
layer 7---------------------------------
gate ( ZZ) on qubits (8 12)
metric-----------------------------------
depth 8
#swap 3
Compilation time = 0:01:55.165897.
optimizing circuit with swap range (0,3) 
Trying maximal depth = 1...
Show UNSAT core
[time__0 + 1 <= 1,
 time__10 + 1 <= 1,
 time__7 + 1 <= 1,
 time__9 + 1 <= 1,
 time__5 + 1 <= 1,
 time__3 + 1 <= 1,
 time__4 + 1 <= 1,
 time__11 + 1 <= 1,
 time__6 + 1 <= 1,
 time__2 + 1 <= 1,
 time__8 + 1 <= 1,
 time__1 + 1 <= 1]
Trying maximal depth = 2...
Bound of Trying min swap = 2...
[num_swap <= 2]
SWAP on physical edge (3,4) at time 0
SWAP on physical edge (5,6) at time 0
SWAP on physical edge (14,15) at time 0
Gate 0: ZZ 0, 1 on qubits 14 and 13 at time 0
Gate 1: ZZ 0, 4 on qubits 14 and 4 at time 0
Gate 2: ZZ 0, 3 on qubits 14 and 6 at time 0
Gate 3: ZZ 1, 7 on qubits 13 and 14 at time 1
Gate 4: ZZ 1, 6 on qubits 13 and 12 at time 1
Gate 5: ZZ 2, 4 on qubits 5 and 4 at time 0
Gate 6: ZZ 2, 7 on qubits 6 and 14 at time 1
Gate 7: ZZ 2, 3 on qubits 6 and 5 at time 1
Gate 8: ZZ 4, 6 on qubits 3 and 12 at time 1
Gate 9: ZZ 7, 5 on qubits 14 and 4 at time 1
Gate 10: ZZ 6, 5 on qubits 12 and 4 at time 1
Gate 11: ZZ 3, 5 on qubits 5 and 4 at time 1
result- additional SWAP count = 3.
result- circuit depth = 9.
[(3, 12), (4, 12), (4, 14), (6, 14), (0, 4), (1, 2), (2, 3), (3, 4), (4, 5), (5, 6), (6, 7), (2, 8), (6, 9), (10, 11), (8, 11), (11, 12), (12, 13), (13, 14), (14, 15), (15, 16), (9, 15), (13, 17)]
layer 0---------------------------------
gate ( ZZ) on qubits (13 14)
layer 1---------------------------------
gate ( ZZ) on qubits (4 14)
layer 2---------------------------------
gate ( ZZ) on qubits (4 5)
gate ( ZZ) on qubits (6 14)
layer 3---------------------------------
gate ( swap) on qubits (14 15)
gate ( swap) on qubits (5 6)
gate ( swap) on qubits (3 4)
layer 4---------------------------------
gate ( ZZ) on qubits (13 14)
layer 5---------------------------------
gate ( ZZ) on qubits (6 14)
gate ( ZZ) on qubits (12 13)
layer 6---------------------------------
gate ( ZZ) on qubits (4 14)
gate ( ZZ) on qubits (3 12)
gate ( ZZ) on qubits (5 6)
layer 7---------------------------------
gate ( ZZ) on qubits (4 12)
layer 8---------------------------------
gate ( ZZ) on qubits (4 5)
metric-----------------------------------
depth 9
#swap 3
Compilation time = 0:01:34.955008.
Total compilation time = 0:16:08.181793.
