start searching...
Using transition based mode...
start adding constraints...
Trying maximal depth = 1...
Show UNSAT core
[time__10 + 1 <= 1,
 time__11 + 1 <= 1,
 time__9 + 1 <= 1,
 time__7 + 1 <= 1,
 time__8 + 1 <= 1,
 time__6 + 1 <= 1,
 time__4 + 1 <= 1,
 time__5 + 1 <= 1,
 time__3 + 1 <= 1,
 time__1 + 1 <= 1,
 time__2 + 1 <= 1,
 time__0 + 1 <= 1]
Trying maximal depth = 2...
Bound of Trying min swap = 6...
Bound of Trying min swap = 3...
Bound of Trying min swap = 2...
[num_swap <= 2]
SWAP on physical edge (14,15) at time 0
SWAP on physical edge (6,10) at time 0
SWAP on physical edge (7,11) at time 0
Gate 0: ZZ 0, 1 on qubits 10 and 11 at time 0
Gate 1: ZZ 0, 4 on qubits 10 and 14 at time 0
Gate 2: ZZ 0, 3 on qubits 10 and 9 at time 0
Gate 3: ZZ 1, 7 on qubits 11 and 15 at time 0
Gate 4: ZZ 1, 6 on qubits 11 and 7 at time 0
Gate 5: ZZ 2, 4 on qubits 13 and 14 at time 0
Gate 6: ZZ 2, 7 on qubits 13 and 14 at time 1
Gate 7: ZZ 2, 3 on qubits 13 and 9 at time 1
Gate 8: ZZ 4, 6 on qubits 15 and 11 at time 1
Gate 9: ZZ 7, 5 on qubits 14 and 10 at time 1
Gate 10: ZZ 6, 5 on qubits 11 and 10 at time 1
Gate 11: ZZ 3, 5 on qubits 9 and 10 at time 1
result- additional SWAP count = 3.
result- circuit depth = 8.
Compilation time = 0:00:13.671189.
layer 0---------------------------------
gate ( ZZ) on qubits (10 11)
layer 1---------------------------------
gate ( ZZ) on qubits (10 14)
gate ( ZZ) on qubits (11 15)
layer 2---------------------------------
gate ( ZZ) on qubits (13 14)
gate ( ZZ) on qubits (9 10)
gate ( ZZ swap) on qubits (7 11)
layer 3---------------------------------
gate ( swap) on qubits (14 15)
gate ( swap) on qubits (6 10)
layer 4---------------------------------
gate ( ZZ) on qubits (13 14)
gate ( ZZ) on qubits (11 15)
layer 5---------------------------------
gate ( ZZ) on qubits (10 14)
gate ( ZZ) on qubits (9 13)
layer 6---------------------------------
gate ( ZZ) on qubits (10 11)
layer 7---------------------------------
gate ( ZZ) on qubits (9 10)
metric-----------------------------------
depth 8
#swap 2
optimizing circuit with swap range (0,3) 
Trying maximal depth = 1...
Show UNSAT core
[time__8 + 1 <= 1,
 time__1 + 1 <= 1,
 time__0 + 1 <= 1,
 time__2 + 1 <= 1,
 time__4 + 1 <= 1,
 time__11 + 1 <= 1,
 time__3 + 1 <= 1,
 time__10 + 1 <= 1,
 time__6 + 1 <= 1,
 time__5 + 1 <= 1,
 time__9 + 1 <= 1,
 time__7 + 1 <= 1]
Trying maximal depth = 2...
Bound of Trying min swap = 2...
[num_swap <= 2]
SWAP on physical edge (1,2) at time 0
SWAP on physical edge (9,10) at time 0
SWAP on physical edge (3,7) at time 0
Gate 0: ZZ 0, 1 on qubits 7 and 10 at time 0
Gate 1: ZZ 0, 4 on qubits 7 and 3 at time 0
Gate 2: ZZ 0, 3 on qubits 3 and 2 at time 1
Gate 3: ZZ 1, 7 on qubits 9 and 5 at time 1
Gate 4: ZZ 1, 6 on qubits 9 and 10 at time 1
Gate 5: ZZ 2, 4 on qubits 2 and 3 at time 0
Gate 6: ZZ 2, 7 on qubits 1 and 5 at time 1
Gate 7: ZZ 2, 3 on qubits 1 and 2 at time 1
Gate 8: ZZ 4, 6 on qubits 7 and 10 at time 1
Gate 9: ZZ 7, 5 on qubits 5 and 6 at time 1
Gate 10: ZZ 6, 5 on qubits 10 and 6 at time 1
Gate 11: ZZ 3, 5 on qubits 2 and 6 at time 1
result- additional SWAP count = 3.
result- circuit depth = 8.
Compilation time = 0:12:57.460255.
layer 0---------------------------------
gate ( ZZ) on qubits (7 10)
layer 1---------------------------------
gate ( swap) on qubits (9 10)
gate ( ZZ) on qubits (3 7)
layer 2---------------------------------
gate ( ZZ) on qubits (5 9)
gate ( ZZ) on qubits (2 3)
layer 3---------------------------------
gate ( swap) on qubits (1 2)
gate ( swap) on qubits (3 7)
gate ( ZZ) on qubits (9 10)
layer 4---------------------------------
gate ( ZZ) on qubits (1 5)
gate ( ZZ) on qubits (2 3)
gate ( ZZ) on qubits (7 10)
layer 5---------------------------------
gate ( ZZ) on qubits (5 6)
gate ( ZZ) on qubits (1 2)
layer 6---------------------------------
gate ( ZZ) on qubits (6 10)
layer 7---------------------------------
gate ( ZZ) on qubits (2 6)
metric-----------------------------------
depth 8
#swap 3
optimizing circuit with swap range (0,3) 
Trying maximal depth = 1...
Show UNSAT core
[time__11 + 1 <= 1,
 time__8 + 1 <= 1,
 time__6 + 1 <= 1,
 time__2 + 1 <= 1,
 time__0 + 1 <= 1,
 time__10 + 1 <= 1,
 time__5 + 1 <= 1,
 time__3 + 1 <= 1,
 time__4 + 1 <= 1,
 time__1 + 1 <= 1,
 time__9 + 1 <= 1,
 time__7 + 1 <= 1]
Trying maximal depth = 2...
Bound of Trying min swap = 2...
[num_swap <= 2]
SWAP on physical edge (9,10) at time 0
SWAP on physical edge (2,6) at time 0
SWAP on physical edge (11,15) at time 0
Gate 0: ZZ 0, 1 on qubits 9 and 6 at time 0
Gate 1: ZZ 0, 4 on qubits 9 and 10 at time 0
Gate 2: ZZ 0, 3 on qubits 10 and 11 at time 1
Gate 3: ZZ 1, 7 on qubits 6 and 7 at time 0
Gate 4: ZZ 1, 6 on qubits 6 and 5 at time 0
Gate 5: ZZ 2, 4 on qubits 11 and 10 at time 0
Gate 6: ZZ 2, 7 on qubits 11 and 7 at time 0
Gate 7: ZZ 2, 3 on qubits 15 and 11 at time 1
Gate 8: ZZ 4, 6 on qubits 9 and 5 at time 1
Gate 9: ZZ 7, 5 on qubits 7 and 6 at time 1
Gate 10: ZZ 6, 5 on qubits 5 and 6 at time 1
Gate 11: ZZ 3, 5 on qubits 11 and 6 at time 1
result- additional SWAP count = 3.
result- circuit depth = 8.
Compilation time = 1:16:07.158686.
layer 0---------------------------------
gate ( ZZ) on qubits (6 9)
layer 1---------------------------------
gate ( ZZ) on qubits (6 7)
gate ( ZZ) on qubits (9 10)
layer 2---------------------------------
gate ( ZZ) on qubits (10 11)
gate ( ZZ) on qubits (5 6)
layer 3---------------------------------
gate ( swap) on qubits (9 10)
gate ( swap) on qubits (2 6)
gate ( ZZ) on qubits (7 11)
layer 4---------------------------------
gate ( swap) on qubits (11 15)
gate ( ZZ) on qubits (5 9)
gate ( ZZ) on qubits (6 7)
layer 5---------------------------------
gate ( ZZ) on qubits (10 11)
gate ( ZZ) on qubits (5 6)
layer 6---------------------------------
gate ( ZZ) on qubits (11 15)
layer 7---------------------------------
gate ( ZZ) on qubits (6 11)
metric-----------------------------------
depth 8
#swap 3
optimizing circuit with swap range (0,3) 
Trying maximal depth = 1...
Show UNSAT core
[time__4 + 1 <= 1,
 time__10 + 1 <= 1,
 time__9 + 1 <= 1,
 time__1 + 1 <= 1,
 time__0 + 1 <= 1,
 time__6 + 1 <= 1,
 time__7 + 1 <= 1,
 time__5 + 1 <= 1,
 time__8 + 1 <= 1,
 time__2 + 1 <= 1,
 time__11 + 1 <= 1,
 time__3 + 1 <= 1]
Trying maximal depth = 2...
Bound of Trying min swap = 2...
Bound of Trying min swap = 1...
[num_swap <= 1]
SWAP on physical edge (4,8) at time 0
SWAP on physical edge (1,5) at time 0
Gate 0: ZZ 0, 1 on qubits 8 and 5 at time 0
Gate 1: ZZ 0, 4 on qubits 8 and 12 at time 0
Gate 2: ZZ 0, 3 on qubits 8 and 9 at time 0
Gate 3: ZZ 1, 7 on qubits 5 and 10 at time 0
Gate 4: ZZ 1, 6 on qubits 5 and 4 at time 0
Gate 5: ZZ 2, 4 on qubits 13 and 12 at time 1
Gate 6: ZZ 2, 7 on qubits 13 and 10 at time 1
Gate 7: ZZ 2, 3 on qubits 13 and 9 at time 1
Gate 8: ZZ 4, 6 on qubits 12 and 8 at time 1
Gate 9: ZZ 7, 5 on qubits 10 and 5 at time 1
Gate 10: ZZ 6, 5 on qubits 8 and 5 at time 1
Gate 11: ZZ 3, 5 on qubits 9 and 5 at time 1
result- additional SWAP count = 2.
result- circuit depth = 7.
Compilation time = 0:11:56.868377.
layer 0---------------------------------
gate ( ZZ) on qubits (5 8)
layer 1---------------------------------
gate ( ZZ) on qubits (8 12)
gate ( ZZ) on qubits (5 10)
layer 2---------------------------------
gate ( ZZ) on qubits (12 13)
gate ( ZZ) on qubits (4 5)
gate ( ZZ) on qubits (8 9)
layer 3---------------------------------
gate ( ZZ) on qubits (10 13)
gate ( swap) on qubits (4 8)
gate ( swap) on qubits (1 5)
layer 4---------------------------------
gate ( ZZ) on qubits (5 10)
gate ( ZZ) on qubits (8 12)
gate ( ZZ) on qubits (9 13)
layer 5---------------------------------
gate ( ZZ) on qubits (5 8)
layer 6---------------------------------
gate ( ZZ) on qubits (5 9)
metric-----------------------------------
depth 7
#swap 2
optimizing circuit with swap range (0,2) 
Trying maximal depth = 1...
Show UNSAT core
[time__5 + 1 <= 1,
 time__11 + 1 <= 1,
 time__7 + 1 <= 1,
 time__0 + 1 <= 1,
 time__8 + 1 <= 1,
 time__9 + 1 <= 1,
 time__1 + 1 <= 1,
 time__10 + 1 <= 1,
 time__6 + 1 <= 1,
 time__4 + 1 <= 1,
 time__2 + 1 <= 1,
 time__3 + 1 <= 1]
Trying maximal depth = 2...
Bound of Trying min swap = 1...
[num_swap <= 1]
SWAP on physical edge (13,14) at time 0
SWAP on physical edge (7,11) at time 0
Gate 0: ZZ 0, 1 on qubits 14 and 15 at time 0
Gate 1: ZZ 0, 4 on qubits 14 and 9 at time 0
Gate 2: ZZ 0, 3 on qubits 14 and 10 at time 0
Gate 3: ZZ 1, 7 on qubits 15 and 11 at time 0
Gate 4: ZZ 1, 6 on qubits 15 and 14 at time 1
Gate 5: ZZ 2, 4 on qubits 6 and 9 at time 1
Gate 6: ZZ 2, 7 on qubits 6 and 7 at time 1
Gate 7: ZZ 2, 3 on qubits 6 and 10 at time 1
Gate 8: ZZ 4, 6 on qubits 9 and 14 at time 1
Gate 9: ZZ 7, 5 on qubits 7 and 11 at time 1
Gate 10: ZZ 6, 5 on qubits 14 and 11 at time 1
Gate 11: ZZ 3, 5 on qubits 10 and 11 at time 1
result- additional SWAP count = 2.
result- circuit depth = 8.
Compilation time = 0:16:39.976674.
layer 0---------------------------------
gate ( ZZ) on qubits (14 15)
layer 1---------------------------------
gate ( ZZ) on qubits (9 14)
gate ( ZZ) on qubits (11 15)
layer 2---------------------------------
gate ( ZZ) on qubits (6 9)
gate ( swap) on qubits (7 11)
gate ( ZZ) on qubits (10 14)
layer 3---------------------------------
gate ( swap) on qubits (13 14)
gate ( ZZ) on qubits (6 7)
layer 4---------------------------------
gate ( ZZ) on qubits (14 15)
gate ( ZZ) on qubits (7 11)
gate ( ZZ) on qubits (6 10)
layer 5---------------------------------
gate ( ZZ) on qubits (9 14)
layer 6---------------------------------
gate ( ZZ) on qubits (11 14)
layer 7---------------------------------
gate ( ZZ) on qubits (10 11)
metric-----------------------------------
depth 8
#swap 2
Total compilation time = 1:58:17.115473.
