start searching...
start adding constraints...
Trying maximal depth = 7...
Show UNSAT core
[time__18 + 1 <= 7]
Trying maximal depth = 9...
Bound of Trying min swap = 32...
Bound of Trying min swap = 16...
Bound of Trying min swap = 8...
Bound of Trying min swap = 4...
Bound of Trying min swap = 2...
[num_swap <= 2]
Bound of Trying min swap = 3...
[num_swap <= 3]
SWAP on physical edge (9,10) at time 6
SWAP on physical edge (14,15) at time 1
SWAP on physical edge (8,12) at time 3
SWAP on physical edge (5,9) at time 1
Gate 0: u4 0, 1 on qubits 5 and 4 at time 0
Gate 1: u4 2, 3 on qubits 8 and 12 at time 0
Gate 2: u4 4, 5 on qubits 13 and 14 at time 0
Gate 3: u4 6, 7 on qubits 15 and 11 at time 0
Gate 4: u4 8, 9 on qubits 10 and 9 at time 0
Gate 5: u4 10, 11 on qubits 6 and 7 at time 1
Gate 6: u4 1, 2 on qubits 4 and 8 at time 1
Gate 7: u4 3, 4 on qubits 12 and 13 at time 1
Gate 8: u4 5, 6 on qubits 15 and 14 at time 2
Gate 9: u4 7, 8 on qubits 11 and 10 at time 1
Gate 10: u4 9, 10 on qubits 5 and 6 at time 2
Gate 11: u4 0, 2 on qubits 9 and 8 at time 2
Gate 12: u4 4, 6 on qubits 13 and 14 at time 3
Gate 13: u4 8, 10 on qubits 10 and 6 at time 4
Gate 14: u4 2, 4 on qubits 12 and 13 at time 4
Gate 15: u4 6, 8 on qubits 14 and 10 at time 5
Gate 16: u4 0, 4 on qubits 9 and 13 at time 5
Gate 17: u4 4, 8 on qubits 13 and 9 at time 7
Gate 18: u4 0, 8 on qubits 10 and 9 at time 8
result- additional SWAP count = 4.
result- circuit depth = 9.
[(0, 1), (1, 2), (2, 3), (4, 5), (5, 6), (6, 7), (8, 9), (9, 10), (10, 11), (12, 13), (13, 14), (14, 15), (0, 4), (4, 8), (8, 12), (1, 5), (5, 9), (9, 13), (2, 6), (6, 10), (10, 14), (3, 7), (7, 11), (11, 15)]
layer 0---------------------------------
gate ( U4) on qubits (4 5)
gate ( U4) on qubits (8 12)
gate ( U4) on qubits (13 14)
gate ( U4) on qubits (9 10)
gate ( U4) on qubits (11 15)
gate ( U4) on qubits (6 7)
layer 1---------------------------------
gate ( swap) on qubits (5 9)
gate ( U4) on qubits (4 8)
gate ( U4) on qubits (12 13)
gate ( swap U4) on qubits (14 15)
gate ( U4) on qubits (10 11)
layer 2---------------------------------
gate ( U4) on qubits (8 9)
gate ( U4) on qubits (5 6)
gate ( U4) on qubits (13 14)
layer 3---------------------------------
gate ( swap) on qubits (8 12)
gate ( U4) on qubits (6 10)
layer 4---------------------------------
gate ( U4) on qubits (12 13)
gate ( U4) on qubits (10 14)
layer 5---------------------------------
gate ( U4) on qubits (9 13)
layer 6---------------------------------
gate ( swap) on qubits (9 10)
layer 7---------------------------------
gate ( U4) on qubits (9 13)
layer 8---------------------------------
gate ( U4) on qubits (9 10)
metric-----------------------------------
depth 9
#swap 3
Compilation time = 1:19:03.353321.
Trying maximal depth = 9...
Bound of Trying min swap = 2...
[num_swap <= 2]
Bound of Trying min swap = 3...
SWAP on physical edge (10,11) at time 2
SWAP on physical edge (5,9) at time 3
SWAP on physical edge (5,10) at time 5
Gate 0: u4 0, 1 on qubits 5 and 10 at time 0
Gate 1: u4 2, 3 on qubits 6 and 7 at time 0
Gate 2: u4 4, 5 on qubits 11 and 15 at time 0
Gate 3: u4 6, 7 on qubits 14 and 13 at time 0
Gate 4: u4 8, 9 on qubits 9 and 8 at time 0
Gate 5: u4 10, 11 on qubits 4 and 0 at time 2
Gate 6: u4 1, 2 on qubits 10 and 6 at time 1
Gate 7: u4 3, 4 on qubits 7 and 11 at time 1
Gate 8: u4 5, 6 on qubits 15 and 14 at time 1
Gate 9: u4 7, 8 on qubits 13 and 9 at time 1
Gate 10: u4 9, 10 on qubits 8 and 4 at time 3
Gate 11: u4 0, 2 on qubits 5 and 6 at time 2
Gate 12: u4 4, 6 on qubits 10 and 14 at time 3
Gate 13: u4 8, 10 on qubits 5 and 4 at time 4
Gate 14: u4 2, 4 on qubits 6 and 10 at time 4
Gate 15: u4 6, 8 on qubits 14 and 10 at time 6
Gate 16: u4 0, 4 on qubits 9 and 5 at time 6
Gate 17: u4 4, 8 on qubits 5 and 10 at time 7
Gate 18: u4 0, 8 on qubits 9 and 10 at time 8
result- additional SWAP count = 3.
result- circuit depth = 9.
[(5, 10), (0, 1), (1, 2), (2, 3), (4, 5), (5, 6), (6, 7), (8, 9), (9, 10), (10, 11), (12, 13), (13, 14), (14, 15), (0, 4), (4, 8), (8, 12), (1, 5), (5, 9), (9, 13), (2, 6), (6, 10), (10, 14), (3, 7), (7, 11), (11, 15)]
layer 0---------------------------------
gate ( U4) on qubits (6 7)
gate ( U4) on qubits (5 10)
gate ( U4) on qubits (11 15)
gate ( U4) on qubits (13 14)
gate ( U4) on qubits (8 9)
gate ( U4) on qubits (0 4)
layer 1---------------------------------
gate ( U4) on qubits (6 10)
gate ( U4) on qubits (7 11)
gate ( U4) on qubits (14 15)
gate ( U4) on qubits (9 13)
gate ( U4) on qubits (4 8)
layer 2---------------------------------
gate ( swap) on qubits (10 11)
gate ( U4) on qubits (5 6)
layer 3---------------------------------
gate ( swap) on qubits (5 9)
gate ( U4) on qubits (10 14)
layer 4---------------------------------
gate ( U4) on qubits (4 5)
gate ( U4) on qubits (6 10)
layer 5---------------------------------
gate ( swap) on qubits (5 10)
layer 6---------------------------------
gate ( U4) on qubits (5 9)
gate ( U4) on qubits (10 14)
layer 7---------------------------------
gate ( U4) on qubits (5 10)
layer 8---------------------------------
gate ( U4) on qubits (9 10)
metric-----------------------------------
depth 9
#swap 3
Compilation time = 16:56:40.081847.
Trying maximal depth = 9...
Bound of Trying min swap = 1...
[num_swap <= 1]
Bound of Trying min swap = 2...
SWAP on physical edge (8,9) at time 2
SWAP on physical edge (2,6) at time 1
Gate 0: u4 0, 1 on qubits 8 and 12 at time 1
Gate 1: u4 2, 3 on qubits 13 and 14 at time 1
Gate 2: u4 4, 5 on qubits 10 and 6 at time 0
Gate 3: u4 6, 7 on qubits 2 and 1 at time 0
Gate 4: u4 8, 9 on qubits 5 and 9 at time 1
Gate 5: u4 10, 11 on qubits 4 and 0 at time 0
Gate 6: u4 1, 2 on qubits 12 and 13 at time 2
Gate 7: u4 3, 4 on qubits 14 and 10 at time 2
Gate 8: u4 5, 6 on qubits 2 and 6 at time 2
Gate 9: u4 7, 8 on qubits 1 and 5 at time 3
Gate 10: u4 9, 10 on qubits 8 and 4 at time 3
Gate 11: u4 0, 2 on qubits 9 and 13 at time 3
Gate 12: u4 4, 6 on qubits 10 and 6 at time 3
Gate 13: u4 8, 10 on qubits 5 and 4 at time 4
Gate 14: u4 2, 4 on qubits 13 and 10 at time 4
Gate 15: u4 6, 8 on qubits 6 and 5 at time 5
Gate 16: u4 0, 4 on qubits 9 and 10 at time 5
Gate 17: u4 4, 8 on qubits 10 and 5 at time 6
Gate 18: u4 0, 8 on qubits 9 and 5 at time 7
result- additional SWAP count = 2.
result- circuit depth = 8.
[(10, 13), (5, 10), (0, 1), (1, 2), (2, 3), (4, 5), (5, 6), (6, 7), (8, 9), (9, 10), (10, 11), (12, 13), (13, 14), (14, 15), (0, 4), (4, 8), (8, 12), (1, 5), (5, 9), (9, 13), (2, 6), (6, 10), (10, 14), (3, 7), (7, 11), (11, 15)]
layer 0---------------------------------
gate ( U4) on qubits (1 2)
gate ( U4) on qubits (6 10)
gate ( U4) on qubits (8 12)
gate ( U4) on qubits (13 14)
gate ( U4) on qubits (5 9)
gate ( U4) on qubits (0 4)
layer 1---------------------------------
gate ( swap) on qubits (8 9)
gate ( U4) on qubits (12 13)
gate ( swap U4) on qubits (2 6)
gate ( U4) on qubits (10 14)
gate ( U4) on qubits (1 5)
layer 2---------------------------------
gate ( U4) on qubits (4 8)
gate ( U4) on qubits (6 10)
gate ( U4) on qubits (9 13)
layer 3---------------------------------
gate ( U4) on qubits (4 5)
gate ( U4) on qubits (10 13)
layer 4---------------------------------
gate ( U4) on qubits (5 6)
gate ( U4) on qubits (9 10)
layer 5---------------------------------
gate ( U4) on qubits (5 10)
layer 6---------------------------------
gate ( U4) on qubits (5 9)
metric-----------------------------------
depth 7
#swap 1
Compilation time = 1:30:53.191085.
Trying maximal depth = 9...
Bound of Trying min swap = 1...
SWAP on physical edge (10,11) at time 4
Gate 0: u4 0, 1 on qubits 9 and 5 at time 0
Gate 1: u4 2, 3 on qubits 8 and 12 at time 0
Gate 2: u4 4, 5 on qubits 13 and 10 at time 0
Gate 3: u4 6, 7 on qubits 14 and 15 at time 0
Gate 4: u4 8, 9 on qubits 11 and 7 at time 0
Gate 5: u4 10, 11 on qubits 6 and 2 at time 0
Gate 6: u4 1, 2 on qubits 5 and 8 at time 1
Gate 7: u4 3, 4 on qubits 12 and 13 at time 1
Gate 8: u4 5, 6 on qubits 10 and 14 at time 1
Gate 9: u4 7, 8 on qubits 15 and 11 at time 1
Gate 10: u4 9, 10 on qubits 7 and 6 at time 2
Gate 11: u4 0, 2 on qubits 9 and 8 at time 2
Gate 12: u4 4, 6 on qubits 13 and 14 at time 2
Gate 13: u4 8, 10 on qubits 10 and 6 at time 5
Gate 14: u4 2, 4 on qubits 8 and 13 at time 3
Gate 15: u4 6, 8 on qubits 14 and 10 at time 6
Gate 16: u4 0, 4 on qubits 9 and 13 at time 4
Gate 17: u4 4, 8 on qubits 13 and 10 at time 7
Gate 18: u4 0, 8 on qubits 9 and 10 at time 8
result- additional SWAP count = 1.
result- circuit depth = 9.
[(8, 13), (10, 13), (5, 8), (0, 1), (1, 2), (2, 3), (4, 5), (5, 6), (6, 7), (8, 9), (9, 10), (10, 11), (12, 13), (13, 14), (14, 15), (0, 4), (4, 8), (8, 12), (1, 5), (5, 9), (9, 13), (2, 6), (6, 10), (10, 14), (3, 7), (7, 11), (11, 15)]
layer 0---------------------------------
gate ( U4) on qubits (5 9)
gate ( U4) on qubits (8 12)
gate ( U4) on qubits (10 13)
gate ( U4) on qubits (14 15)
gate ( U4) on qubits (7 11)
gate ( U4) on qubits (2 6)
layer 1---------------------------------
gate ( U4) on qubits (5 8)
gate ( U4) on qubits (12 13)
gate ( U4) on qubits (10 14)
gate ( U4) on qubits (11 15)
gate ( U4) on qubits (6 7)
layer 2---------------------------------
gate ( U4) on qubits (8 9)
gate ( U4) on qubits (13 14)
gate ( swap) on qubits (10 11)
layer 3---------------------------------
gate ( U4) on qubits (8 13)
gate ( U4) on qubits (6 10)
layer 4---------------------------------
gate ( U4) on qubits (10 14)
gate ( U4) on qubits (9 13)
layer 5---------------------------------
gate ( U4) on qubits (10 13)
layer 6---------------------------------
gate ( U4) on qubits (9 10)
metric-----------------------------------
depth 7
#swap 1
Compilation time = 0:18:11.776466.
Trying maximal depth = 9...
Bound of Trying min swap = 0...
[num_swap <= 0]
SWAP on physical edge (4,5) at time 1
Gate 0: u4 0, 1 on qubits 8 and 12 at time 0
Gate 1: u4 2, 3 on qubits 13 and 14 at time 0
Gate 2: u4 4, 5 on qubits 9 and 10 at time 0
Gate 3: u4 6, 7 on qubits 6 and 5 at time 0
Gate 4: u4 8, 9 on qubits 4 and 0 at time 0
Gate 5: u4 10, 11 on qubits 1 and 2 at time 0
Gate 6: u4 1, 2 on qubits 12 and 13 at time 1
Gate 7: u4 3, 4 on qubits 14 and 9 at time 1
Gate 8: u4 5, 6 on qubits 10 and 6 at time 1
Gate 9: u4 7, 8 on qubits 4 and 5 at time 2
Gate 10: u4 9, 10 on qubits 0 and 1 at time 1
Gate 11: u4 0, 2 on qubits 8 and 13 at time 2
Gate 12: u4 4, 6 on qubits 9 and 6 at time 2
Gate 13: u4 8, 10 on qubits 5 and 1 at time 4
Gate 14: u4 2, 4 on qubits 13 and 9 at time 3
Gate 15: u4 6, 8 on qubits 6 and 5 at time 5
Gate 16: u4 0, 4 on qubits 8 and 9 at time 4
Gate 17: u4 4, 8 on qubits 9 and 5 at time 6
Gate 18: u4 0, 8 on qubits 8 and 5 at time 7
result- additional SWAP count = 1.
result- circuit depth = 8.
[(8, 13), (9, 14), (5, 8), (6, 9), (0, 1), (1, 2), (2, 3), (4, 5), (5, 6), (6, 7), (8, 9), (9, 10), (10, 11), (12, 13), (13, 14), (14, 15), (0, 4), (4, 8), (8, 12), (1, 5), (5, 9), (9, 13), (2, 6), (6, 10), (10, 14), (3, 7), (7, 11), (11, 15)]
layer 0---------------------------------
gate ( U4) on qubits (8 12)
gate ( U4) on qubits (13 14)
gate ( U4) on qubits (9 10)
gate ( U4) on qubits (5 6)
gate ( U4) on qubits (0 4)
gate ( U4) on qubits (1 2)
layer 1---------------------------------
gate ( U4) on qubits (12 13)
gate ( U4) on qubits (6 10)
gate ( U4) on qubits (9 14)
gate ( U4) on qubits (0 1)
gate ( swap U4) on qubits (4 5)
layer 2---------------------------------
gate ( U4) on qubits (6 9)
gate ( U4) on qubits (8 13)
gate ( U4) on qubits (1 5)
layer 3---------------------------------
gate ( U4) on qubits (9 13)
gate ( U4) on qubits (5 6)
layer 4---------------------------------
gate ( U4) on qubits (8 9)
layer 5---------------------------------
gate ( U4) on qubits (5 9)
layer 6---------------------------------
gate ( U4) on qubits (5 8)
metric-----------------------------------
depth 7
#swap 0
Compilation time = 0:08:31.707988.
Trying maximal depth = 9...
Bound of Trying min swap = 0...
[num_swap <= 0]
SWAP on physical edge (4,9) at time 4
Gate 0: u4 0, 1 on qubits 10 and 7 at time 2
Gate 1: u4 2, 3 on qubits 11 and 15 at time 0
Gate 2: u4 4, 5 on qubits 14 and 13 at time 0
Gate 3: u4 6, 7 on qubits 9 and 8 at time 0
Gate 4: u4 8, 9 on qubits 4 and 1 at time 0
Gate 5: u4 10, 11 on qubits 5 and 6 at time 0
Gate 6: u4 1, 2 on qubits 7 and 11 at time 3
Gate 7: u4 3, 4 on qubits 15 and 14 at time 1
Gate 8: u4 5, 6 on qubits 13 and 9 at time 1
Gate 9: u4 7, 8 on qubits 8 and 4 at time 1
Gate 10: u4 9, 10 on qubits 1 and 5 at time 1
Gate 11: u4 0, 2 on qubits 10 and 11 at time 4
Gate 12: u4 4, 6 on qubits 14 and 9 at time 2
Gate 13: u4 8, 10 on qubits 4 and 5 at time 2
Gate 14: u4 2, 4 on qubits 11 and 14 at time 5
Gate 15: u4 6, 8 on qubits 9 and 4 at time 3
Gate 16: u4 0, 4 on qubits 10 and 14 at time 6
Gate 17: u4 4, 8 on qubits 14 and 9 at time 7
Gate 18: u4 0, 8 on qubits 10 and 9 at time 8
result- additional SWAP count = 1.
result- circuit depth = 9.
[(1, 4), (11, 14), (9, 14), (4, 9), (7, 10), (0, 1), (1, 2), (2, 3), (4, 5), (5, 6), (6, 7), (8, 9), (9, 10), (10, 11), (12, 13), (13, 14), (14, 15), (0, 4), (4, 8), (8, 12), (1, 5), (5, 9), (9, 13), (2, 6), (6, 10), (10, 14), (3, 7), (7, 11), (11, 15)]
layer 0---------------------------------
gate ( U4) on qubits (13 14)
gate ( U4) on qubits (11 15)
gate ( U4) on qubits (8 9)
gate ( U4) on qubits (1 4)
gate ( U4) on qubits (5 6)
gate ( U4) on qubits (7 10)
layer 1---------------------------------
gate ( U4) on qubits (9 13)
gate ( U4) on qubits (14 15)
gate ( U4) on qubits (4 8)
gate ( U4) on qubits (1 5)
gate ( U4) on qubits (7 11)
layer 2---------------------------------
gate ( U4) on qubits (4 5)
gate ( U4) on qubits (9 14)
gate ( U4) on qubits (10 11)
layer 3---------------------------------
gate ( U4) on qubits (11 14)
gate ( U4 swap) on qubits (4 9)
layer 4---------------------------------
gate ( U4) on qubits (10 14)
layer 5---------------------------------
gate ( U4) on qubits (9 14)
layer 6---------------------------------
gate ( U4) on qubits (9 10)
metric-----------------------------------
depth 7
#swap 0
Compilation time = 0:12:50.024094.
Trying maximal depth = 9...
Bound of Trying min swap = 0...
Gate 0: u4 0, 1 on qubits 14 and 15 at time 0
Gate 1: u4 2, 3 on qubits 11 and 7 at time 0
Gate 2: u4 4, 5 on qubits 10 and 6 at time 0
Gate 3: u4 6, 7 on qubits 5 and 4 at time 0
Gate 4: u4 8, 9 on qubits 9 and 13 at time 0
Gate 5: u4 10, 11 on qubits 8 and 12 at time 0
Gate 6: u4 1, 2 on qubits 15 and 11 at time 1
Gate 7: u4 3, 4 on qubits 7 and 10 at time 1
Gate 8: u4 5, 6 on qubits 6 and 5 at time 1
Gate 9: u4 7, 8 on qubits 4 and 9 at time 1
Gate 10: u4 9, 10 on qubits 13 and 8 at time 1
Gate 11: u4 0, 2 on qubits 14 and 11 at time 2
Gate 12: u4 4, 6 on qubits 10 and 5 at time 2
Gate 13: u4 8, 10 on qubits 9 and 8 at time 2
Gate 14: u4 2, 4 on qubits 11 and 10 at time 3
Gate 15: u4 6, 8 on qubits 5 and 9 at time 3
Gate 16: u4 0, 4 on qubits 14 and 10 at time 4
Gate 17: u4 4, 8 on qubits 10 and 9 at time 5
Gate 18: u4 0, 8 on qubits 14 and 9 at time 7
result- additional SWAP count = 0.
result- circuit depth = 8.
[(8, 13), (11, 14), (9, 14), (4, 9), (7, 10), (5, 10), (0, 1), (1, 2), (2, 3), (4, 5), (5, 6), (6, 7), (8, 9), (9, 10), (10, 11), (12, 13), (13, 14), (14, 15), (0, 4), (4, 8), (8, 12), (1, 5), (5, 9), (9, 13), (2, 6), (6, 10), (10, 14), (3, 7), (7, 11), (11, 15)]
layer 0---------------------------------
gate ( U4) on qubits (7 11)
gate ( U4) on qubits (14 15)
gate ( U4) on qubits (6 10)
gate ( U4) on qubits (4 5)
gate ( U4) on qubits (9 13)
gate ( U4) on qubits (8 12)
layer 1---------------------------------
gate ( U4) on qubits (11 15)
gate ( U4) on qubits (5 6)
gate ( U4) on qubits (7 10)
gate ( U4) on qubits (8 13)
gate ( U4) on qubits (4 9)
layer 2---------------------------------
gate ( U4) on qubits (5 10)
gate ( U4) on qubits (11 14)
gate ( U4) on qubits (8 9)
layer 3---------------------------------
gate ( U4) on qubits (10 11)
gate ( U4) on qubits (5 9)
layer 4---------------------------------
gate ( U4) on qubits (10 14)
layer 5---------------------------------
gate ( U4) on qubits (9 10)
layer 6---------------------------------
gate ( U4) on qubits (9 14)
metric-----------------------------------
depth 7
#swap 0
Compilation time = 0:03:16.419263.
Trying maximal depth = 9...
Bound of Trying min swap = 0...
Gate 0: u4 0, 1 on qubits 9 and 8 at time 0
Gate 1: u4 2, 3 on qubits 4 and 0 at time 0
Gate 2: u4 4, 5 on qubits 5 and 2 at time 0
Gate 3: u4 6, 7 on qubits 6 and 11 at time 0
Gate 4: u4 8, 9 on qubits 10 and 15 at time 0
Gate 5: u4 10, 11 on qubits 14 and 13 at time 0
Gate 6: u4 1, 2 on qubits 8 and 4 at time 1
Gate 7: u4 3, 4 on qubits 0 and 5 at time 1
Gate 8: u4 5, 6 on qubits 2 and 6 at time 1
Gate 9: u4 7, 8 on qubits 11 and 10 at time 1
Gate 10: u4 9, 10 on qubits 15 and 14 at time 1
Gate 11: u4 0, 2 on qubits 9 and 4 at time 2
Gate 12: u4 4, 6 on qubits 5 and 6 at time 2
Gate 13: u4 8, 10 on qubits 10 and 14 at time 2
Gate 14: u4 2, 4 on qubits 4 and 5 at time 3
Gate 15: u4 6, 8 on qubits 6 and 10 at time 3
Gate 16: u4 0, 4 on qubits 9 and 5 at time 4
Gate 17: u4 4, 8 on qubits 5 and 10 at time 5
Gate 18: u4 0, 8 on qubits 9 and 10 at time 6
result- additional SWAP count = 0.
result- circuit depth = 7.
[(0, 5), (10, 15), (2, 5), (4, 9), (6, 11), (5, 10), (0, 1), (1, 2), (2, 3), (4, 5), (5, 6), (6, 7), (8, 9), (9, 10), (10, 11), (12, 13), (13, 14), (14, 15), (0, 4), (4, 8), (8, 12), (1, 5), (5, 9), (9, 13), (2, 6), (6, 10), (10, 14), (3, 7), (7, 11), (11, 15)]
layer 0---------------------------------
gate ( U4) on qubits (0 4)
gate ( U4) on qubits (8 9)
gate ( U4) on qubits (2 5)
gate ( U4) on qubits (6 11)
gate ( U4) on qubits (10 15)
gate ( U4) on qubits (13 14)
layer 1---------------------------------
gate ( U4) on qubits (4 8)
gate ( U4) on qubits (0 5)
gate ( U4) on qubits (2 6)
gate ( U4) on qubits (10 11)
gate ( U4) on qubits (14 15)
layer 2---------------------------------
gate ( U4) on qubits (4 9)
gate ( U4) on qubits (5 6)
gate ( U4) on qubits (10 14)
layer 3---------------------------------
gate ( U4) on qubits (4 5)
gate ( U4) on qubits (6 10)
layer 4---------------------------------
gate ( U4) on qubits (5 9)
layer 5---------------------------------
gate ( U4) on qubits (5 10)
layer 6---------------------------------
gate ( U4) on qubits (9 10)
metric-----------------------------------
depth 7
#swap 0
Compilation time = 0:01:55.248022.
Total compilation time = 20:33:54.939808.
