start searching...
Using transition based mode...
start adding constraints...
Trying maximal depth = 1...
Show UNSAT core
[time__21 + 1 <= 1,
 time__22 + 1 <= 1,
 time__20 + 1 <= 1,
 time__18 + 1 <= 1,
 time__19 + 1 <= 1,
 time__17 + 1 <= 1,
 time__15 + 1 <= 1,
 time__16 + 1 <= 1,
 time__14 + 1 <= 1,
 time__12 + 1 <= 1,
 time__13 + 1 <= 1,
 time__11 + 1 <= 1,
 time__9 + 1 <= 1,
 time__10 + 1 <= 1,
 time__8 + 1 <= 1,
 time__6 + 1 <= 1,
 time__7 + 1 <= 1,
 time__5 + 1 <= 1,
 time__3 + 1 <= 1,
 time__4 + 1 <= 1,
 time__2 + 1 <= 1,
 time__0 + 1 <= 1,
 time__1 + 1 <= 1]
Trying maximal depth = 2...
Show UNSAT core
[time__14 + 1 <= 2,
 time__17 + 1 <= 2,
 time__19 + 1 <= 2,
 time__22 + 1 <= 2,
 time__21 + 1 <= 2]
Trying maximal depth = 3...
Show UNSAT core
[time__22 + 1 <= 3,
 time__21 + 1 <= 3,
 time__20 + 1 <= 3,
 time__19 + 1 <= 3,
 time__17 + 1 <= 3]
Trying maximal depth = 4...
Show UNSAT core
[time__21 + 1 <= 4,
 time__22 + 1 <= 4,
 time__20 + 1 <= 4,
 time__18 + 1 <= 4,
 time__17 + 1 <= 4,
 time__19 + 1 <= 4,
 time__16 + 1 <= 4,
 time__15 + 1 <= 4,
 time__14 + 1 <= 4,
 time__13 + 1 <= 4]
Trying maximal depth = 5...
Show UNSAT core
[time__18 + 1 <= 5,
 time__21 + 1 <= 5,
 time__19 + 1 <= 5,
 time__20 + 1 <= 5,
 time__22 + 1 <= 5,
 time__4 + 1 <= 5,
 time__17 + 1 <= 5,
 time__15 + 1 <= 5,
 time__10 + 1 <= 5]
Trying maximal depth = 6...
Bound of Trying min swap = 14...
Bound of Trying min swap = 10...
[num_swap <= 10]
Bound of Trying min swap = 12...
Bound of Trying min swap = 11...
SWAP on physical edge (1,2) at time 0
SWAP on physical edge (2,3) at time 2
SWAP on physical edge (3,4) at time 1
SWAP on physical edge (3,4) at time 3
SWAP on physical edge (4,5) at time 0
SWAP on physical edge (5,6) at time 4
SWAP on physical edge (6,7) at time 1
SWAP on physical edge (6,9) at time 3
SWAP on physical edge (8,11) at time 1
SWAP on physical edge (11,12) at time 0
SWAP on physical edge (9,15) at time 2
Gate 0: u4 0, 1 on qubits 15 and 9 at time 2
Gate 1: u4 2, 3 on qubits 7 and 6 at time 1
Gate 2: u4 4, 5 on qubits 4 and 0 at time 0
Gate 3: u4 6, 7 on qubits 4 and 3 at time 1
Gate 4: u4 8, 9 on qubits 1 and 2 at time 0
Gate 5: u4 10, 11 on qubits 8 and 11 at time 0
Gate 6: u4 12, 13 on qubits 12 and 13 at time 0
Gate 7: u4 1, 2 on qubits 9 and 6 at time 2
Gate 8: u4 3, 4 on qubits 6 and 5 at time 1
Gate 9: u4 5, 6 on qubits 0 and 4 at time 1
Gate 10: u4 7, 8 on qubits 3 and 2 at time 1
Gate 11: u4 9, 10 on qubits 2 and 8 at time 0
Gate 12: u4 11, 12 on qubits 11 and 12 at time 0
Gate 13: u4 0, 2 on qubits 9 and 6 at time 3
Gate 14: u4 4, 6 on qubits 5 and 4 at time 1
Gate 15: u4 8, 10 on qubits 2 and 8 at time 1
Gate 16: u4 2, 4 on qubits 6 and 5 at time 3
Gate 17: u4 6, 8 on qubits 3 and 2 at time 2
Gate 18: u4 10, 12 on qubits 8 and 11 at time 1
Gate 19: u4 0, 4 on qubits 6 and 5 at time 4
Gate 20: u4 8, 12 on qubits 2 and 8 at time 2
Gate 21: u4 4, 8 on qubits 5 and 4 at time 4
Gate 22: u4 0, 8 on qubits 5 and 4 at time 5
result- additional SWAP count = 11.
result- circuit depth = 13.
[(0, 4), (1, 2), (2, 3), (3, 4), (4, 5), (5, 6), (6, 7), (2, 8), (6, 9), (10, 11), (8, 11), (11, 12), (12, 13), (13, 14), (14, 15), (15, 16), (9, 15), (13, 17)]
layer 0---------------------------------
gate ( U4) on qubits (1 2)
gate ( U4) on qubits (8 11)
gate ( U4) on qubits (12 13)
gate ( U4) on qubits (0 4)
gate ( U4) on qubits (6 7)
gate ( U4) on qubits (9 15)
layer 1---------------------------------
gate ( swap) on qubits (4 5)
gate ( U4) on qubits (2 8)
gate ( U4 swap) on qubits (11 12)
layer 2---------------------------------
gate ( U4) on qubits (3 4)
gate ( swap) on qubits (1 2)
gate ( U4) on qubits (5 6)
layer 3---------------------------------
gate ( swap) on qubits (6 7)
gate ( U4) on qubits (0 4)
gate ( U4) on qubits (2 3)
layer 4---------------------------------
gate ( U4) on qubits (2 8)
gate ( U4) on qubits (4 5)
gate ( U4) on qubits (6 9)
layer 5---------------------------------
gate ( swap) on qubits (9 15)
gate ( swap) on qubits (3 4)
gate ( U4 swap) on qubits (8 11)
layer 6---------------------------------
gate ( U4) on qubits (6 9)
gate ( U4) on qubits (2 3)
layer 7---------------------------------
gate ( U4) on qubits (2 8)
gate ( U4) on qubits (5 6)
layer 8---------------------------------
gate ( swap) on qubits (6 9)
gate ( swap) on qubits (2 3)
layer 9---------------------------------
gate ( swap) on qubits (3 4)
gate ( U4) on qubits (5 6)
layer 10---------------------------------
gate ( U4) on qubits (4 5)
layer 11---------------------------------
gate ( swap) on qubits (5 6)
layer 12---------------------------------
gate ( U4) on qubits (4 5)
metric-----------------------------------
depth 13
#swap 9
Compilation time = 1:27:09.806613.
optimizing circuit with swap range (0,11) 
Trying maximal depth = 1...
Show UNSAT core
[time__17 + 1 <= 1,
 time__9 + 1 <= 1,
 time__8 + 1 <= 1,
 time__20 + 1 <= 1,
 time__16 + 1 <= 1,
 time__19 + 1 <= 1,
 time__7 + 1 <= 1,
 time__14 + 1 <= 1,
 time__13 + 1 <= 1,
 time__0 + 1 <= 1,
 time__1 + 1 <= 1,
 time__2 + 1 <= 1,
 time__22 + 1 <= 1,
 time__21 + 1 <= 1]
Trying maximal depth = 2...
Show UNSAT core
[time__17 + 1 <= 2,
 time__14 + 1 <= 2,
 time__19 + 1 <= 2,
 time__16 + 1 <= 2,
 time__21 + 1 <= 2,
 time__22 + 1 <= 2,
 time__8 + 1 <= 2,
 time__13 + 1 <= 2]
Trying maximal depth = 3...
Show UNSAT core
[time__22 + 1 <= 3,
 time__16 + 1 <= 3,
 time__9 + 1 <= 3,
 time__8 + 1 <= 3,
 time__19 + 1 <= 3,
 time__13 + 1 <= 3,
 time__14 + 1 <= 3,
 time__20 + 1 <= 3,
 time__2 + 1 <= 3,
 time__1 + 1 <= 3,
 time__21 + 1 <= 3,
 time__0 + 1 <= 3,
 time__17 + 1 <= 3]
Trying maximal depth = 4...
Bound of Trying min swap = 7...
[num_swap <= 7]
Bound of Trying min swap = 9...
Bound of Trying min swap = 8...
[num_swap <= 8]
SWAP on physical edge (0,4) at time 0
SWAP on physical edge (1,2) at time 0
SWAP on physical edge (2,3) at time 1
SWAP on physical edge (4,5) at time 2
SWAP on physical edge (5,6) at time 1
SWAP on physical edge (6,7) at time 0
SWAP on physical edge (6,9) at time 2
SWAP on physical edge (14,15) at time 0
SWAP on physical edge (9,15) at time 1
Gate 0: u4 0, 1 on qubits 14 and 13 at time 0
Gate 1: u4 2, 3 on qubits 15 and 16 at time 0
Gate 2: u4 4, 5 on qubits 9 and 6 at time 0
Gate 3: u4 6, 7 on qubits 6 and 5 at time 1
Gate 4: u4 8, 9 on qubits 0 and 4 at time 0
Gate 5: u4 10, 11 on qubits 3 and 2 at time 0
Gate 6: u4 12, 13 on qubits 2 and 8 at time 1
Gate 7: u4 1, 2 on qubits 13 and 14 at time 1
Gate 8: u4 3, 4 on qubits 16 and 15 at time 2
Gate 9: u4 5, 6 on qubits 7 and 6 at time 1
Gate 10: u4 7, 8 on qubits 5 and 4 at time 1
Gate 11: u4 9, 10 on qubits 4 and 3 at time 0
Gate 12: u4 11, 12 on qubits 1 and 2 at time 1
Gate 13: u4 0, 2 on qubits 15 and 14 at time 1
Gate 14: u4 4, 6 on qubits 15 and 5 at time 2
Gate 15: u4 8, 10 on qubits 4 and 3 at time 1
Gate 16: u4 2, 4 on qubits 14 and 15 at time 2
Gate 17: u4 6, 8 on qubits 5 and 4 at time 2
Gate 18: u4 10, 12 on qubits 3 and 2 at time 1
Gate 19: u4 0, 4 on qubits 9 and 15 at time 2
Gate 20: u4 8, 12 on qubits 4 and 3 at time 2
Gate 21: u4 4, 8 on qubits 15 and 5 at time 3
Gate 22: u4 0, 8 on qubits 6 and 5 at time 3
result- additional SWAP count = 9.
result- circuit depth = 12.
[(5, 15), (0, 4), (1, 2), (2, 3), (3, 4), (4, 5), (5, 6), (6, 7), (2, 8), (6, 9), (10, 11), (8, 11), (11, 12), (12, 13), (13, 14), (14, 15), (15, 16), (9, 15), (13, 17)]
layer 0---------------------------------
gate ( U4) on qubits (2 3)
gate ( U4) on qubits (0 4)
gate ( U4) on qubits (6 9)
gate ( U4) on qubits (13 14)
gate ( U4) on qubits (15 16)
layer 1---------------------------------
gate ( swap) on qubits (6 7)
gate ( swap) on qubits (1 2)
gate ( swap) on qubits (14 15)
gate ( U4) on qubits (3 4)
layer 2---------------------------------
gate ( U4) on qubits (5 6)
gate ( swap) on qubits (0 4)
gate ( U4) on qubits (2 8)
gate ( U4) on qubits (13 14)
layer 3---------------------------------
gate ( U4) on qubits (4 5)
gate ( U4) on qubits (6 7)
gate ( U4) on qubits (14 15)
gate ( U4) on qubits (1 2)
layer 4---------------------------------
gate ( swap) on qubits (9 15)
gate ( U4) on qubits (3 4)
gate ( swap) on qubits (5 6)
layer 5---------------------------------
gate ( U4) on qubits (15 16)
gate ( U4 swap) on qubits (2 3)
layer 6---------------------------------
gate ( U4) on qubits (5 15)
layer 7---------------------------------
gate ( U4) on qubits (14 15)
gate ( U4) on qubits (4 5)
layer 8---------------------------------
gate ( U4) on qubits (3 4)
gate ( U4) on qubits (9 15)
layer 9---------------------------------
gate ( swap) on qubits (4 5)
gate ( swap) on qubits (6 9)
layer 10---------------------------------
gate ( U4) on qubits (5 15)
layer 11---------------------------------
gate ( U4) on qubits (5 6)
metric-----------------------------------
depth 12
#swap 8
Compilation time = 0:08:11.930687.
optimizing circuit with swap range (0,9) 
Trying maximal depth = 1...
Show UNSAT core
[time__20 + 1 <= 1,
 time__19 + 1 <= 1,
 time__21 + 1 <= 1,
 time__22 + 1 <= 1,
 time__16 + 1 <= 1,
 time__15 + 1 <= 1,
 time__13 + 1 <= 1,
 time__14 + 1 <= 1,
 time__9 + 1 <= 1,
 time__12 + 1 <= 1,
 time__4 + 1 <= 1,
 time__7 + 1 <= 1,
 time__5 + 1 <= 1,
 time__2 + 1 <= 1,
 time__0 + 1 <= 1,
 time__10 + 1 <= 1,
 time__11 + 1 <= 1,
 time__18 + 1 <= 1,
 time__17 + 1 <= 1,
 time__6 + 1 <= 1,
 time__3 + 1 <= 1]
Trying maximal depth = 2...
Show UNSAT core
[time__14 + 1 <= 2,
 time__8 + 1 <= 2,
 time__3 + 1 <= 2,
 time__16 + 1 <= 2,
 time__9 + 1 <= 2,
 time__21 + 1 <= 2,
 time__17 + 1 <= 2,
 time__2 + 1 <= 2,
 time__0 + 1 <= 2,
 time__20 + 1 <= 2,
 time__13 + 1 <= 2,
 time__19 + 1 <= 2,
 time__22 + 1 <= 2]
Trying maximal depth = 3...
Show UNSAT core
[time__22 + 1 <= 3,
 time__19 + 1 <= 3,
 time__18 + 1 <= 3,
 time__17 + 1 <= 3,
 time__16 + 1 <= 3,
 time__15 + 1 <= 3,
 time__14 + 1 <= 3,
 time__13 + 1 <= 3,
 time__3 + 1 <= 3,
 time__4 + 1 <= 3,
 time__11 + 1 <= 3,
 time__21 + 1 <= 3,
 time__10 + 1 <= 3,
 time__9 + 1 <= 3,
 time__20 + 1 <= 3,
 time__2 + 1 <= 3,
 time__0 + 1 <= 3]
Trying maximal depth = 4...
Bound of Trying min swap = 6...
