start searching...
start adding constraints...
Trying maximal depth = 1...
Show UNSAT core
[time__9 + 1 <= 1, time__5 + 1 <= 1, time__1 + 1 <= 1]
Trying maximal depth = 2...
Show UNSAT core
[time__10 + 1 <= 2, time__9 + 1 <= 2, time__7 + 1 <= 2]
Trying maximal depth = 3...
Bound of Trying min swap = 22...
Bound of Trying min swap = 11...
Bound of Trying min swap = 5...
Bound of Trying min swap = 2...
Bound of Trying min swap = 1...
[num_swap <= 1]
SWAP on physical edge (9,13) at time 0
SWAP on physical edge (9,13) at time 1
Gate 0: u4 0, 1 on qubits 12 and 8 at time 0
Gate 1: u4 2, 3 on qubits 9 and 5 at time 0
Gate 2: u4 4, 5 on qubits 13 and 14 at time 0
Gate 3: u4 6, 7 on qubits 10 and 6 at time 0
Gate 4: u4 1, 2 on qubits 8 and 9 at time 0
Gate 5: u4 3, 4 on qubits 5 and 9 at time 1
Gate 6: u4 5, 6 on qubits 14 and 10 at time 0
Gate 7: u4 0, 2 on qubits 12 and 13 at time 1
Gate 8: u4 4, 6 on qubits 9 and 10 at time 1
Gate 9: u4 2, 4 on qubits 9 and 13 at time 2
Gate 10: u4 0, 4 on qubits 12 and 13 at time 2
result- additional SWAP count = 1.
result- circuit depth = 6.
[(0, 1), (1, 2), (2, 3), (4, 5), (5, 6), (6, 7), (8, 9), (9, 10), (10, 11), (12, 13), (13, 14), (14, 15), (0, 4), (4, 8), (8, 12), (1, 5), (5, 9), (9, 13), (2, 6), (6, 10), (10, 14), (3, 7), (7, 11), (11, 15)]
layer 0---------------------------------
gate ( U4) on qubits (5 9)
gate ( U4) on qubits (13 14)
gate ( U4) on qubits (8 12)
gate ( U4) on qubits (6 10)
layer 1---------------------------------
gate ( U4) on qubits (9 13)
gate ( U4) on qubits (10 14)
layer 2---------------------------------
gate ( U4) on qubits (8 9)
gate ( U4) on qubits (12 13)
layer 3---------------------------------
gate ( swap) on qubits (9 13)
layer 4---------------------------------
gate ( U4) on qubits (5 9)
gate ( U4) on qubits (12 13)
layer 5---------------------------------
gate ( U4) on qubits (9 10)
metric-----------------------------------
depth 6
#swap 1
Compilation time = 0:00:11.495691.
Trying maximal depth = 3...
Bound of Trying min swap = 12...
Bound of Trying min swap = 7...
Bound of Trying min swap = 4...
Bound of Trying min swap = 3...
Bound of Trying min swap = 2...
SWAP on physical edge (4,5) at time 1
SWAP on physical edge (5,6) at time 0
Gate 0: u4 0, 1 on qubits 2 and 5 at time 0
Gate 1: u4 2, 3 on qubits 1 and 0 at time 0
Gate 2: u4 4, 5 on qubits 4 and 8 at time 0
Gate 3: u4 6, 7 on qubits 5 and 9 at time 1
Gate 4: u4 1, 2 on qubits 5 and 1 at time 0
Gate 5: u4 3, 4 on qubits 0 and 4 at time 0
Gate 6: u4 5, 6 on qubits 8 and 4 at time 2
Gate 7: u4 0, 2 on qubits 2 and 1 at time 2
Gate 8: u4 4, 6 on qubits 5 and 4 at time 2
Gate 9: u4 2, 4 on qubits 1 and 5 at time 2
Gate 10: u4 0, 4 on qubits 2 and 5 at time 2
result- additional SWAP count = 1.
result- circuit depth = 5.
[(2, 5), (0, 1), (1, 2), (2, 3), (4, 5), (5, 6), (6, 7), (8, 9), (9, 10), (10, 11), (12, 13), (13, 14), (14, 15), (0, 4), (4, 8), (8, 12), (1, 5), (5, 9), (9, 13), (2, 6), (6, 10), (10, 14), (3, 7), (7, 11), (11, 15)]
layer 0---------------------------------
gate ( U4) on qubits (0 1)
gate ( U4) on qubits (2 5)
gate ( U4 U4) on qubits (4 8)
layer 1---------------------------------
gate ( U4) on qubits (1 2)
gate ( U4) on qubits (4 5)
layer 2---------------------------------
gate ( U4) on qubits (1 5)
gate ( U4) on qubits (0 4)
layer 3---------------------------------
gate ( U4) on qubits (2 5)
layer 4---------------------------------
gate ( U4) on qubits (1 5)
layer 5---------------------------------
gate ( swap) on qubits (5 6)
layer 6---------------------------------
gate ( U4) on qubits (5 9)
metric-----------------------------------
depth 7
#swap 1
Compilation time = 0:00:10.140116.
Trying maximal depth = 3...
Bound of Trying min swap = 1...
SWAP on physical edge (1,5) at time 1
Gate 0: u4 0, 1 on qubits 8 and 4 at time 1
Gate 1: u4 2, 3 on qubits 9 and 5 at time 0
Gate 2: u4 4, 5 on qubits 1 and 2 at time 1
Gate 3: u4 6, 7 on qubits 6 and 10 at time 1
Gate 4: u4 1, 2 on qubits 4 and 9 at time 1
Gate 5: u4 3, 4 on qubits 1 and 5 at time 2
Gate 6: u4 5, 6 on qubits 2 and 6 at time 2
Gate 7: u4 0, 2 on qubits 8 and 9 at time 2
Gate 8: u4 4, 6 on qubits 5 and 6 at time 2
Gate 9: u4 2, 4 on qubits 9 and 5 at time 2
Gate 10: u4 0, 4 on qubits 8 and 5 at time 2
result- additional SWAP count = 0.
result- circuit depth = 3.
[(4, 9), (5, 8), (0, 1), (1, 2), (2, 3), (4, 5), (5, 6), (6, 7), (8, 9), (9, 10), (10, 11), (12, 13), (13, 14), (14, 15), (0, 4), (4, 8), (8, 12), (1, 5), (5, 9), (9, 13), (2, 6), (6, 10), (10, 14), (3, 7), (7, 11), (11, 15)]
layer 0---------------------------------
gate ( U4) on qubits (1 2)
gate ( U4) on qubits (5 9)
gate ( U4) on qubits (6 10)
gate ( U4) on qubits (4 8)
layer 1---------------------------------
gate ( U4) on qubits (1 5)
gate ( U4) on qubits (2 6)
gate ( U4) on qubits (8 9)
layer 2---------------------------------
gate ( U4) on qubits (5 6)
layer 3---------------------------------
gate ( U4) on qubits (5 9)
layer 4---------------------------------
gate ( U4) on qubits (4 9)
gate ( U4) on qubits (5 8)
metric-----------------------------------
depth 5
#swap 0
Compilation time = 0:00:04.957361.
Trying maximal depth = 3...
Bound of Trying min swap = 0...
Gate 0: u4 0, 1 on qubits 10 and 9 at time 0
Gate 1: u4 2, 3 on qubits 6 and 7 at time 0
Gate 2: u4 4, 5 on qubits 11 and 15 at time 0
Gate 3: u4 6, 7 on qubits 14 and 13 at time 1
Gate 4: u4 1, 2 on qubits 9 and 6 at time 0
Gate 5: u4 3, 4 on qubits 7 and 11 at time 2
Gate 6: u4 5, 6 on qubits 15 and 14 at time 1
Gate 7: u4 0, 2 on qubits 10 and 6 at time 0
Gate 8: u4 4, 6 on qubits 11 and 14 at time 2
Gate 9: u4 2, 4 on qubits 6 and 11 at time 2
Gate 10: u4 0, 4 on qubits 10 and 11 at time 2
result- additional SWAP count = 0.
result- circuit depth = 4.
[(11, 14), (6, 11), (6, 9), (0, 1), (1, 2), (2, 3), (4, 5), (5, 6), (6, 7), (8, 9), (9, 10), (10, 11), (12, 13), (13, 14), (14, 15), (0, 4), (4, 8), (8, 12), (1, 5), (5, 9), (9, 13), (2, 6), (6, 10), (10, 14), (3, 7), (7, 11), (11, 15)]
layer 0---------------------------------
gate ( U4) on qubits (6 7)
gate ( U4) on qubits (11 15)
gate ( U4) on qubits (13 14)
gate ( U4) on qubits (9 10)
layer 1---------------------------------
gate ( U4) on qubits (7 11)
layer 2---------------------------------
gate ( U4) on qubits (11 14)
layer 3---------------------------------
gate ( U4) on qubits (6 11)
gate ( U4) on qubits (14 15)
layer 4---------------------------------
gate ( U4) on qubits (6 9)
gate ( U4) on qubits (10 11)
layer 5---------------------------------
gate ( U4) on qubits (6 10)
metric-----------------------------------
depth 6
#swap 0
Compilation time = 0:00:02.300788.
Trying maximal depth = 3...
Bound of Trying min swap = 0...
Gate 0: u4 0, 1 on qubits 10 and 9 at time 0
Gate 1: u4 2, 3 on qubits 6 and 7 at time 0
Gate 2: u4 4, 5 on qubits 11 and 15 at time 0
Gate 3: u4 6, 7 on qubits 14 and 13 at time 1
Gate 4: u4 1, 2 on qubits 9 and 6 at time 0
Gate 5: u4 3, 4 on qubits 7 and 11 at time 2
Gate 6: u4 5, 6 on qubits 15 and 14 at time 1
Gate 7: u4 0, 2 on qubits 10 and 6 at time 0
Gate 8: u4 4, 6 on qubits 11 and 14 at time 2
Gate 9: u4 2, 4 on qubits 6 and 11 at time 2
Gate 10: u4 0, 4 on qubits 10 and 11 at time 2
result- additional SWAP count = 0.
result- circuit depth = 4.
[(11, 14), (6, 11), (6, 9), (0, 1), (1, 2), (2, 3), (4, 5), (5, 6), (6, 7), (8, 9), (9, 10), (10, 11), (12, 13), (13, 14), (14, 15), (0, 4), (4, 8), (8, 12), (1, 5), (5, 9), (9, 13), (2, 6), (6, 10), (10, 14), (3, 7), (7, 11), (11, 15)]
layer 0---------------------------------
gate ( U4) on qubits (6 7)
gate ( U4) on qubits (11 15)
gate ( U4) on qubits (13 14)
gate ( U4) on qubits (9 10)
layer 1---------------------------------
gate ( U4) on qubits (7 11)
layer 2---------------------------------
gate ( U4) on qubits (11 14)
layer 3---------------------------------
gate ( U4) on qubits (6 11)
gate ( U4) on qubits (14 15)
layer 4---------------------------------
gate ( U4) on qubits (6 9)
gate ( U4) on qubits (10 11)
layer 5---------------------------------
gate ( U4) on qubits (6 10)
metric-----------------------------------
depth 6
#swap 0
Compilation time = 0:00:00.087089.
Total compilation time = 0:00:38.333478.
